loading config from: /srv/hays-lab/scratch/sanisetty3/music_motion/ATCMG/checkpoints/vqvae/vqvae_left_hand_1024/vqvae_left_hand_1024.yaml
output_dir:  /srv/hays-lab/scratch/sanisetty3/music_motion/ATCMG/checkpoints/vqvae/vqvae_left_hand_1024
codebook_dim: 256
codebook_size: 1024
commit: 0.25
conv_kernel_size: 5
depth: 3
dim: 512
down_sampling_ratio: 4
dropout: 0.1
heads: 8
kmeans_iters: None
loss_motion: 2.0
loss_vel: 1.0
motion_dim: 180
nb_joints: 15
num_quantizers: 2
quantize_dropout_prob: 0.0
rearrange_output: False
recons_loss: l1_smooth
sample_codebook_temp: 0.0
shared_codebook: False
target: core.models.resnetVQ.vqvae.HumanVQVAE2
use_geodesic_loss: False
use_simple_loss: True
Sync is turned on False
Total training params: 18.40M
Total number of motions animation: 120
Total number of motions humanml: 16730
Total number of motions perform: 346
Total number of motions GRAB: 1268
Total number of motions idea400: 10946
Total number of motions humman: 314
Total number of motions beat: 1456
Total number of motions game_motion: 2780
Total number of motions music: 2865
Total number of motions aist: 1141
Total number of motions fitness: 10902
Total number of motions moyo: 161
Total number of motions choreomaster: 34
Total number of motions dance: 97
Total number of motions kungfu: 827
Total number of motions EgoBody: 916
Total number of motions animation: 2
Total number of motions humanml: 2944
Total number of motions perform: 16
Total number of motions GRAB: 67
Total number of motions idea400: 577
Total number of motions humman: 19
Total number of motions beat: 162
Total number of motions game_motion: 130
Total number of motions music: 148
Total number of motions aist: 61
Total number of motions fitness: 572
Total number of motions moyo: 9
Total number of motions choreomaster: 2
Total number of motions dance: 7
Total number of motions kungfu: 42
Total number of motions EgoBody: 49
Total number of motions animation: 1
Total number of motions humanml: 1
Total number of motions perform: 2
Total number of motions GRAB: 2
Total number of motions idea400: 2
Total number of motions humman: 1
Total number of motions beat: 1
Total number of motions game_motion: 2
Total number of motions music: 1
Total number of motions aist: 1
Total number of motions fitness: 2
Total number of motions moyo: 2
Total number of motions choreomaster: 2
Total number of motions dance: 1
Total number of motions kungfu: 2
Total number of motions EgoBody: 2
training with training 50903 and test dataset of  and  4807 samples and render of  25
/srv/hays-lab/scratch/sanisetty3/music_motion/ATCMG/checkpoints/vqvae/vqvae_left_hand_1024
resuming from  /srv/hays-lab/scratch/sanisetty3/music_motion/ATCMG/checkpoints/vqvae/vqvae_left_hand_1024/vqvae_motion.pt
loaded model with  0.1416013240814209 tensor([50000.], device='cuda:0') steps
50000: vqvae model total loss: 0.545 reconstruction loss: 0.214 commit_loss: 0.466 codebook usage: 678.7819213867188
0.544870138168335 tensor(0.1416, device='cuda:0')
50000: saving model to /srv/hays-lab/scratch/sanisetty3/music_motion/ATCMG/checkpoints/vqvae/vqvae_left_hand_1024/checkpoints
validation start
val/rec_loss tensor(0.0822)
val/total_loss  tensor(0.1643)
val/usage  tensor(434.1206, device='cuda:0')
render start
50200: vqvae model total loss: 0.313 reconstruction loss: 0.111 commit_loss: 0.362 codebook usage: 769.7366943359375
50400: vqvae model total loss: 0.302 reconstruction loss: 0.104 commit_loss: 0.377 codebook usage: 731.7594604492188
50600: vqvae model total loss: 0.319 reconstruction loss: 0.107 commit_loss: 0.419 codebook usage: 768.40625
50800: vqvae model total loss: 0.335 reconstruction loss: 0.115 commit_loss: 0.419 codebook usage: 755.8377075195312
51000: vqvae model total loss: 0.297 reconstruction loss: 0.1 commit_loss: 0.387 codebook usage: 761.7861328125
51200: vqvae model total loss: 0.292 reconstruction loss: 0.0965 commit_loss: 0.396 codebook usage: 740.970458984375
51400: vqvae model total loss: 0.264 reconstruction loss: 0.0873 commit_loss: 0.358 codebook usage: 739.9987182617188
51600: vqvae model total loss: 0.253 reconstruction loss: 0.0842 commit_loss: 0.34 codebook usage: 725.1732177734375
51800: vqvae model total loss: 0.269 reconstruction loss: 0.0882 commit_loss: 0.369 codebook usage: 726.9658813476562
52000: vqvae model total loss: 0.278 reconstruction loss: 0.091 commit_loss: 0.382 codebook usage: 751.7129516601562
52200: vqvae model total loss: 0.282 reconstruction loss: 0.0944 commit_loss: 0.371 codebook usage: 752.3462524414062
52400: vqvae model total loss: 0.271 reconstruction loss: 0.0895 commit_loss: 0.369 codebook usage: 745.7962036132812
52600: vqvae model total loss: 0.283 reconstruction loss: 0.0961 commit_loss: 0.365 codebook usage: 774.039794921875
52800: vqvae model total loss: 0.268 reconstruction loss: 0.0893 commit_loss: 0.359 codebook usage: 746.4889526367188
53000: vqvae model total loss: 0.3 reconstruction loss: 0.101 commit_loss: 0.395 codebook usage: 787.0791015625
53200: vqvae model total loss: 0.286 reconstruction loss: 0.0952 commit_loss: 0.383 codebook usage: 724.4349975585938
53400: vqvae model total loss: 0.262 reconstruction loss: 0.0882 commit_loss: 0.341 codebook usage: 735.841064453125
53600: vqvae model total loss: 0.28 reconstruction loss: 0.0934 commit_loss: 0.371 codebook usage: 769.6442260742188
53800: vqvae model total loss: 0.27 reconstruction loss: 0.0897 commit_loss: 0.361 codebook usage: 736.5014038085938
54000: vqvae model total loss: 0.27 reconstruction loss: 0.0915 commit_loss: 0.347 codebook usage: 762.3272094726562
54200: vqvae model total loss: 0.25 reconstruction loss: 0.0842 commit_loss: 0.326 codebook usage: 754.562255859375
54400: vqvae model total loss: 0.266 reconstruction loss: 0.0908 commit_loss: 0.336 codebook usage: 745.3446655273438
54600: vqvae model total loss: 0.256 reconstruction loss: 0.0871 commit_loss: 0.328 codebook usage: 772.7719116210938
54800: vqvae model total loss: 0.271 reconstruction loss: 0.0915 commit_loss: 0.351 codebook usage: 763.2070922851562
55000: vqvae model total loss: 0.27 reconstruction loss: 0.0909 commit_loss: 0.352 codebook usage: 769.4193115234375
55200: vqvae model total loss: 0.272 reconstruction loss: 0.094 commit_loss: 0.337 codebook usage: 771.4475708007812
55400: vqvae model total loss: 0.25 reconstruction loss: 0.0844 commit_loss: 0.326 codebook usage: 786.3517456054688
55600: vqvae model total loss: 0.254 reconstruction loss: 0.0858 commit_loss: 0.331 codebook usage: 762.7522583007812
55800: vqvae model total loss: 0.225 reconstruction loss: 0.0764 commit_loss: 0.287 codebook usage: 746.9674682617188
56000: vqvae model total loss: 0.246 reconstruction loss: 0.0848 commit_loss: 0.307 codebook usage: 783.9309692382812
56200: vqvae model total loss: 0.225 reconstruction loss: 0.0762 commit_loss: 0.291 codebook usage: 764.7443237304688
56400: vqvae model total loss: 0.242 reconstruction loss: 0.0822 commit_loss: 0.309 codebook usage: 731.3548583984375
56600: vqvae model total loss: 0.237 reconstruction loss: 0.0808 commit_loss: 0.303 codebook usage: 781.135009765625
56800: vqvae model total loss: 0.246 reconstruction loss: 0.0839 commit_loss: 0.311 codebook usage: 781.6331787109375
57000: vqvae model total loss: 0.251 reconstruction loss: 0.0842 commit_loss: 0.329 codebook usage: 775.7767944335938
57200: vqvae model total loss: 0.23 reconstruction loss: 0.079 commit_loss: 0.288 codebook usage: 775.929931640625
57400: vqvae model total loss: 0.237 reconstruction loss: 0.081 commit_loss: 0.302 codebook usage: 771.0628662109375
57600: vqvae model total loss: 0.224 reconstruction loss: 0.0763 commit_loss: 0.285 codebook usage: 766.2971801757812
57800: vqvae model total loss: 0.238 reconstruction loss: 0.0822 commit_loss: 0.294 codebook usage: 779.0039672851562
58000: vqvae model total loss: 0.226 reconstruction loss: 0.0772 commit_loss: 0.286 codebook usage: 774.3184814453125
58200: vqvae model total loss: 0.233 reconstruction loss: 0.0802 commit_loss: 0.292 codebook usage: 774.2778930664062
58400: vqvae model total loss: 0.213 reconstruction loss: 0.073 commit_loss: 0.268 codebook usage: 775.6436767578125
58600: vqvae model total loss: 0.238 reconstruction loss: 0.082 commit_loss: 0.295 codebook usage: 801.0562133789062
58800: vqvae model total loss: 0.204 reconstruction loss: 0.0704 commit_loss: 0.254 codebook usage: 786.0098876953125
59000: vqvae model total loss: 0.233 reconstruction loss: 0.0805 commit_loss: 0.289 codebook usage: 760.2562866210938
59200: vqvae model total loss: 0.211 reconstruction loss: 0.0715 commit_loss: 0.273 codebook usage: 765.0653686523438
59400: vqvae model total loss: 0.214 reconstruction loss: 0.0721 commit_loss: 0.278 codebook usage: 777.9141235351562
59600: vqvae model total loss: 0.224 reconstruction loss: 0.0756 commit_loss: 0.292 codebook usage: 740.3622436523438
59800: vqvae model total loss: 0.231 reconstruction loss: 0.0813 commit_loss: 0.273 codebook usage: 782.00927734375
60000: vqvae model total loss: 0.225 reconstruction loss: 0.0785 commit_loss: 0.273 codebook usage: 799.7196655273438
0.2251964807510376 tensor(0.1416, device='cuda:0')
60000: saving model to /srv/hays-lab/scratch/sanisetty3/music_motion/ATCMG/checkpoints/vqvae/vqvae_left_hand_1024/checkpoints
validation start
val/rec_loss tensor(0.0471)
val/total_loss  tensor(0.0942)
val/usage  tensor(407.5312, device='cuda:0')
render start
60200: vqvae model total loss: 0.203 reconstruction loss: 0.0686 commit_loss: 0.265 codebook usage: 789.5755004882812
60400: vqvae model total loss: 0.208 reconstruction loss: 0.0699 commit_loss: 0.271 codebook usage: 775.5819091796875
60600: vqvae model total loss: 0.203 reconstruction loss: 0.0683 commit_loss: 0.264 codebook usage: 762.09423828125
60800: vqvae model total loss: 0.205 reconstruction loss: 0.0713 commit_loss: 0.251 codebook usage: 782.352783203125
61000: vqvae model total loss: 0.216 reconstruction loss: 0.0741 commit_loss: 0.27 codebook usage: 788.883056640625
61200: vqvae model total loss: 0.202 reconstruction loss: 0.0693 commit_loss: 0.254 codebook usage: 785.0546875
61400: vqvae model total loss: 0.209 reconstruction loss: 0.0721 commit_loss: 0.257 codebook usage: 792.4329833984375
61600: vqvae model total loss: 0.2 reconstruction loss: 0.0681 commit_loss: 0.257 codebook usage: 782.5889892578125
61800: vqvae model total loss: 0.217 reconstruction loss: 0.0758 commit_loss: 0.262 codebook usage: 783.5333251953125
62000: vqvae model total loss: 0.216 reconstruction loss: 0.0749 commit_loss: 0.264 codebook usage: 793.0473022460938
62200: vqvae model total loss: 0.213 reconstruction loss: 0.0736 commit_loss: 0.261 codebook usage: 800.510986328125
62400: vqvae model total loss: 0.201 reconstruction loss: 0.0698 commit_loss: 0.246 codebook usage: 792.0990600585938
62600: vqvae model total loss: 0.195 reconstruction loss: 0.0664 commit_loss: 0.249 codebook usage: 788.8423461914062
62800: vqvae model total loss: 0.187 reconstruction loss: 0.0633 commit_loss: 0.241 codebook usage: 718.4995727539062
63000: vqvae model total loss: 0.186 reconstruction loss: 0.0636 commit_loss: 0.235 codebook usage: 762.0582885742188
63200: vqvae model total loss: 0.192 reconstruction loss: 0.0659 commit_loss: 0.239 codebook usage: 785.8161010742188
63400: vqvae model total loss: 0.19 reconstruction loss: 0.0646 commit_loss: 0.242 codebook usage: 790.5225830078125
63600: vqvae model total loss: 0.2 reconstruction loss: 0.0691 commit_loss: 0.246 codebook usage: 789.3939819335938
63800: vqvae model total loss: 0.208 reconstruction loss: 0.0715 commit_loss: 0.258 codebook usage: 786.07958984375
64000: vqvae model total loss: 0.2 reconstruction loss: 0.0689 commit_loss: 0.25 codebook usage: 780.199951171875
64200: vqvae model total loss: 0.204 reconstruction loss: 0.0707 commit_loss: 0.25 codebook usage: 810.9473266601562
64400: vqvae model total loss: 0.212 reconstruction loss: 0.0731 commit_loss: 0.265 codebook usage: 800.8943481445312
64600: vqvae model total loss: 0.185 reconstruction loss: 0.0635 commit_loss: 0.231 codebook usage: 786.9815673828125
64800: vqvae model total loss: 0.183 reconstruction loss: 0.0632 commit_loss: 0.225 codebook usage: 776.102783203125
65000: vqvae model total loss: 0.187 reconstruction loss: 0.0643 commit_loss: 0.232 codebook usage: 784.1358032226562
65200: vqvae model total loss: 0.191 reconstruction loss: 0.066 commit_loss: 0.234 codebook usage: 765.6839599609375
65400: vqvae model total loss: 0.185 reconstruction loss: 0.0643 commit_loss: 0.225 codebook usage: 787.4420776367188
65600: vqvae model total loss: 0.192 reconstruction loss: 0.0655 commit_loss: 0.242 codebook usage: 791.841064453125
65800: vqvae model total loss: 0.188 reconstruction loss: 0.0642 commit_loss: 0.239 codebook usage: 785.3037109375
66000: vqvae model total loss: 0.178 reconstruction loss: 0.0619 commit_loss: 0.218 codebook usage: 726.8633422851562
66200: vqvae model total loss: 0.187 reconstruction loss: 0.0643 commit_loss: 0.234 codebook usage: 776.2651977539062
66400: vqvae model total loss: 0.192 reconstruction loss: 0.067 commit_loss: 0.23 codebook usage: 800.7003173828125
66600: vqvae model total loss: 0.171 reconstruction loss: 0.0582 commit_loss: 0.218 codebook usage: 780.5132446289062
66800: vqvae model total loss: 0.18 reconstruction loss: 0.0625 commit_loss: 0.221 codebook usage: 807.71875
67000: vqvae model total loss: 0.178 reconstruction loss: 0.0622 commit_loss: 0.213 codebook usage: 785.365478515625
67200: vqvae model total loss: 0.186 reconstruction loss: 0.0649 commit_loss: 0.224 codebook usage: 764.7301635742188
67400: vqvae model total loss: 0.172 reconstruction loss: 0.0593 commit_loss: 0.214 codebook usage: 760.0148315429688
67600: vqvae model total loss: 0.183 reconstruction loss: 0.0634 commit_loss: 0.226 codebook usage: 802.8405151367188
67800: vqvae model total loss: 0.179 reconstruction loss: 0.0616 commit_loss: 0.223 codebook usage: 799.2767333984375
68000: vqvae model total loss: 0.175 reconstruction loss: 0.0593 commit_loss: 0.224 codebook usage: 807.0349731445312
68200: vqvae model total loss: 0.189 reconstruction loss: 0.0656 commit_loss: 0.23 codebook usage: 810.9434814453125
68400: vqvae model total loss: 0.184 reconstruction loss: 0.0647 commit_loss: 0.22 codebook usage: 809.6629638671875
68600: vqvae model total loss: 0.184 reconstruction loss: 0.0641 commit_loss: 0.224 codebook usage: 795.9845581054688
68800: vqvae model total loss: 0.184 reconstruction loss: 0.0639 commit_loss: 0.226 codebook usage: 807.6397705078125
69000: vqvae model total loss: 0.178 reconstruction loss: 0.0622 commit_loss: 0.216 codebook usage: 782.0089721679688
69200: vqvae model total loss: 0.178 reconstruction loss: 0.0618 commit_loss: 0.217 codebook usage: 765.041259765625
69400: vqvae model total loss: 0.172 reconstruction loss: 0.0599 commit_loss: 0.209 codebook usage: 792.9243774414062
69600: vqvae model total loss: 0.184 reconstruction loss: 0.0634 commit_loss: 0.228 codebook usage: 794.60302734375
69800: vqvae model total loss: 0.179 reconstruction loss: 0.0626 commit_loss: 0.217 codebook usage: 791.4462280273438
70000: vqvae model total loss: 0.181 reconstruction loss: 0.0627 commit_loss: 0.221 codebook usage: 806.9795532226562
0.1806478649377823 tensor(0.1416, device='cuda:0')
70000: saving model to /srv/hays-lab/scratch/sanisetty3/music_motion/ATCMG/checkpoints/vqvae/vqvae_left_hand_1024/checkpoints
validation start
val/rec_loss tensor(0.0432)
val/total_loss  tensor(0.0863)
val/usage  tensor(464.9853, device='cuda:0')
render start
70200: vqvae model total loss: 0.182 reconstruction loss: 0.0628 commit_loss: 0.225 codebook usage: 792.4749755859375
70400: vqvae model total loss: 0.164 reconstruction loss: 0.0571 commit_loss: 0.2 codebook usage: 783.4130249023438
70600: vqvae model total loss: 0.172 reconstruction loss: 0.0595 commit_loss: 0.212 codebook usage: 802.9447021484375
70800: vqvae model total loss: 0.158 reconstruction loss: 0.0545 commit_loss: 0.196 codebook usage: 804.4738159179688
71000: vqvae model total loss: 0.166 reconstruction loss: 0.0573 commit_loss: 0.204 codebook usage: 774.2733764648438
71200: vqvae model total loss: 0.181 reconstruction loss: 0.0623 commit_loss: 0.226 codebook usage: 819.9081420898438
71400: vqvae model total loss: 0.187 reconstruction loss: 0.0644 commit_loss: 0.231 codebook usage: 800.6617431640625
71600: vqvae model total loss: 0.167 reconstruction loss: 0.0572 commit_loss: 0.212 codebook usage: 791.7757568359375
71800: vqvae model total loss: 0.165 reconstruction loss: 0.0572 commit_loss: 0.204 codebook usage: 811.3488159179688
72000: vqvae model total loss: 0.168 reconstruction loss: 0.0575 commit_loss: 0.211 codebook usage: 798.7894287109375
72200: vqvae model total loss: 0.167 reconstruction loss: 0.058 commit_loss: 0.204 codebook usage: 799.87451171875
72400: vqvae model total loss: 0.17 reconstruction loss: 0.059 commit_loss: 0.208 codebook usage: 754.7191162109375
72600: vqvae model total loss: 0.181 reconstruction loss: 0.0628 commit_loss: 0.221 codebook usage: 800.15869140625
72800: vqvae model total loss: 0.189 reconstruction loss: 0.0648 commit_loss: 0.239 codebook usage: 797.5224609375
73000: vqvae model total loss: 0.164 reconstruction loss: 0.0571 commit_loss: 0.199 codebook usage: 786.63037109375
73200: vqvae model total loss: 0.157 reconstruction loss: 0.0548 commit_loss: 0.19 codebook usage: 795.3399047851562
73400: vqvae model total loss: 0.164 reconstruction loss: 0.0573 commit_loss: 0.196 codebook usage: 790.2689208984375
73600: vqvae model total loss: 0.184 reconstruction loss: 0.0645 commit_loss: 0.219 codebook usage: 812.4312133789062
73800: vqvae model total loss: 0.175 reconstruction loss: 0.061 commit_loss: 0.212 codebook usage: 796.6961059570312
74000: vqvae model total loss: 0.173 reconstruction loss: 0.0604 commit_loss: 0.207 codebook usage: 781.39501953125
74200: vqvae model total loss: 0.161 reconstruction loss: 0.0553 commit_loss: 0.201 codebook usage: 790.5101318359375
74400: vqvae model total loss: 0.176 reconstruction loss: 0.062 commit_loss: 0.208 codebook usage: 799.0652465820312
74600: vqvae model total loss: 0.165 reconstruction loss: 0.0573 commit_loss: 0.202 codebook usage: 796.7030029296875
74800: vqvae model total loss: 0.165 reconstruction loss: 0.0571 commit_loss: 0.203 codebook usage: 798.8545532226562
75000: vqvae model total loss: 0.157 reconstruction loss: 0.0546 commit_loss: 0.189 codebook usage: 797.5955200195312
75200: vqvae model total loss: 0.174 reconstruction loss: 0.0605 commit_loss: 0.213 codebook usage: 797.28369140625
75400: vqvae model total loss: 0.151 reconstruction loss: 0.0534 commit_loss: 0.177 codebook usage: 783.20458984375
75600: vqvae model total loss: 0.158 reconstruction loss: 0.0541 commit_loss: 0.198 codebook usage: 751.2818603515625
75800: vqvae model total loss: 0.159 reconstruction loss: 0.0555 commit_loss: 0.192 codebook usage: 791.54931640625
76000: vqvae model total loss: 0.152 reconstruction loss: 0.0537 commit_loss: 0.18 codebook usage: 809.2704467773438
76200: vqvae model total loss: 0.157 reconstruction loss: 0.0548 commit_loss: 0.191 codebook usage: 787.8484497070312
76400: vqvae model total loss: 0.17 reconstruction loss: 0.0606 commit_loss: 0.196 codebook usage: 784.39013671875
76600: vqvae model total loss: 0.173 reconstruction loss: 0.06 commit_loss: 0.213 codebook usage: 816.313720703125
76800: vqvae model total loss: 0.163 reconstruction loss: 0.0573 commit_loss: 0.194 codebook usage: 782.428955078125
77000: vqvae model total loss: 0.164 reconstruction loss: 0.057 commit_loss: 0.201 codebook usage: 817.3294677734375
77200: vqvae model total loss: 0.159 reconstruction loss: 0.0558 commit_loss: 0.189 codebook usage: 782.1163940429688
77400: vqvae model total loss: 0.161 reconstruction loss: 0.0549 commit_loss: 0.204 codebook usage: 791.8407592773438
77600: vqvae model total loss: 0.166 reconstruction loss: 0.0575 commit_loss: 0.204 codebook usage: 810.54296875
77800: vqvae model total loss: 0.168 reconstruction loss: 0.0595 commit_loss: 0.197 codebook usage: 817.02587890625
78000: vqvae model total loss: 0.161 reconstruction loss: 0.055 commit_loss: 0.206 codebook usage: 783.1456298828125
78200: vqvae model total loss: 0.161 reconstruction loss: 0.0557 commit_loss: 0.198 codebook usage: 785.164794921875
78400: vqvae model total loss: 0.157 reconstruction loss: 0.0545 commit_loss: 0.191 codebook usage: 805.928955078125
78600: vqvae model total loss: 0.151 reconstruction loss: 0.0527 commit_loss: 0.183 codebook usage: 791.1493530273438
78800: vqvae model total loss: 0.18 reconstruction loss: 0.0629 commit_loss: 0.215 codebook usage: 795.509521484375
79000: vqvae model total loss: 0.17 reconstruction loss: 0.0594 commit_loss: 0.205 codebook usage: 808.9544677734375
79200: vqvae model total loss: 0.173 reconstruction loss: 0.0603 commit_loss: 0.21 codebook usage: 776.8899536132812
79400: vqvae model total loss: 0.156 reconstruction loss: 0.0544 commit_loss: 0.188 codebook usage: 805.18994140625
79600: vqvae model total loss: 0.159 reconstruction loss: 0.0543 commit_loss: 0.201 codebook usage: 814.8630981445312
79800: vqvae model total loss: 0.153 reconstruction loss: 0.0522 commit_loss: 0.194 codebook usage: 775.4927368164062
80000: vqvae model total loss: 0.159 reconstruction loss: 0.0565 commit_loss: 0.183 codebook usage: 801.433349609375
0.15881021320819855 tensor(0.1416, device='cuda:0')
80000: saving model to /srv/hays-lab/scratch/sanisetty3/music_motion/ATCMG/checkpoints/vqvae/vqvae_left_hand_1024/checkpoints
validation start
val/rec_loss tensor(0.0426)
val/total_loss  tensor(0.0851)
val/usage  tensor(467.8724, device='cuda:0')
render start
80200: vqvae model total loss: 0.156 reconstruction loss: 0.054 commit_loss: 0.193 codebook usage: 823.6353759765625
80400: vqvae model total loss: 0.156 reconstruction loss: 0.0543 commit_loss: 0.191 codebook usage: 789.9117431640625
80600: vqvae model total loss: 0.17 reconstruction loss: 0.0584 commit_loss: 0.213 codebook usage: 831.6796264648438
80800: vqvae model total loss: 0.151 reconstruction loss: 0.0528 commit_loss: 0.181 codebook usage: 799.3297119140625
81000: vqvae model total loss: 0.157 reconstruction loss: 0.0549 commit_loss: 0.189 codebook usage: 799.1369018554688
81200: vqvae model total loss: 0.157 reconstruction loss: 0.0554 commit_loss: 0.186 codebook usage: 796.7800903320312
81400: vqvae model total loss: 0.149 reconstruction loss: 0.0514 commit_loss: 0.185 codebook usage: 804.2474975585938
81600: vqvae model total loss: 0.161 reconstruction loss: 0.056 commit_loss: 0.195 codebook usage: 806.7752685546875
81800: vqvae model total loss: 0.149 reconstruction loss: 0.0519 commit_loss: 0.182 codebook usage: 813.5884399414062
82000: vqvae model total loss: 0.155 reconstruction loss: 0.0534 commit_loss: 0.193 codebook usage: 776.4229736328125
82200: vqvae model total loss: 0.151 reconstruction loss: 0.0527 commit_loss: 0.181 codebook usage: 796.2301025390625
82400: vqvae model total loss: 0.166 reconstruction loss: 0.058 commit_loss: 0.2 codebook usage: 805.0317993164062
82600: vqvae model total loss: 0.159 reconstruction loss: 0.0566 commit_loss: 0.184 codebook usage: 794.828857421875
82800: vqvae model total loss: 0.16 reconstruction loss: 0.0549 commit_loss: 0.199 codebook usage: 807.84814453125
83000: vqvae model total loss: 0.157 reconstruction loss: 0.0539 commit_loss: 0.198 codebook usage: 788.8258056640625
83200: vqvae model total loss: 0.149 reconstruction loss: 0.0524 commit_loss: 0.178 codebook usage: 794.0685424804688
83400: vqvae model total loss: 0.161 reconstruction loss: 0.055 commit_loss: 0.202 codebook usage: 800.3873291015625
83600: vqvae model total loss: 0.151 reconstruction loss: 0.0527 commit_loss: 0.181 codebook usage: 819.3031005859375
83800: vqvae model total loss: 0.155 reconstruction loss: 0.0532 commit_loss: 0.195 codebook usage: 804.6705932617188
84000: vqvae model total loss: 0.156 reconstruction loss: 0.0552 commit_loss: 0.184 codebook usage: 791.3138427734375
84200: vqvae model total loss: 0.15 reconstruction loss: 0.052 commit_loss: 0.184 codebook usage: 804.2655029296875
84400: vqvae model total loss: 0.146 reconstruction loss: 0.0511 commit_loss: 0.174 codebook usage: 815.685302734375
84600: vqvae model total loss: 0.152 reconstruction loss: 0.053 commit_loss: 0.185 codebook usage: 783.368896484375
84800: vqvae model total loss: 0.151 reconstruction loss: 0.0523 commit_loss: 0.186 codebook usage: 789.7991943359375
85000: vqvae model total loss: 0.152 reconstruction loss: 0.0538 commit_loss: 0.179 codebook usage: 808.0755004882812
85200: vqvae model total loss: 0.148 reconstruction loss: 0.0515 commit_loss: 0.179 codebook usage: 779.4395141601562
85400: vqvae model total loss: 0.154 reconstruction loss: 0.053 commit_loss: 0.193 codebook usage: 827.266845703125
85600: vqvae model total loss: 0.151 reconstruction loss: 0.0521 commit_loss: 0.187 codebook usage: 800.5079345703125
85800: vqvae model total loss: 0.15 reconstruction loss: 0.0523 commit_loss: 0.181 codebook usage: 805.041748046875
86000: vqvae model total loss: 0.157 reconstruction loss: 0.0551 commit_loss: 0.187 codebook usage: 820.7005615234375
86200: vqvae model total loss: 0.147 reconstruction loss: 0.0512 commit_loss: 0.18 codebook usage: 776.8643798828125
86400: vqvae model total loss: 0.15 reconstruction loss: 0.0532 commit_loss: 0.175 codebook usage: 804.9680786132812
86600: vqvae model total loss: 0.152 reconstruction loss: 0.0529 commit_loss: 0.184 codebook usage: 815.6915283203125
86800: vqvae model total loss: 0.143 reconstruction loss: 0.0497 commit_loss: 0.175 codebook usage: 799.9126586914062
87000: vqvae model total loss: 0.147 reconstruction loss: 0.0507 commit_loss: 0.183 codebook usage: 790.968994140625
87200: vqvae model total loss: 0.148 reconstruction loss: 0.0517 commit_loss: 0.179 codebook usage: 797.9404907226562
87400: vqvae model total loss: 0.146 reconstruction loss: 0.0515 commit_loss: 0.172 codebook usage: 817.1268310546875
87600: vqvae model total loss: 0.141 reconstruction loss: 0.049 commit_loss: 0.172 codebook usage: 801.9933471679688
87800: vqvae model total loss: 0.151 reconstruction loss: 0.0522 commit_loss: 0.187 codebook usage: 819.894775390625
88000: vqvae model total loss: 0.14 reconstruction loss: 0.0489 commit_loss: 0.169 codebook usage: 802.000244140625
88200: vqvae model total loss: 0.149 reconstruction loss: 0.0519 commit_loss: 0.179 codebook usage: 804.4983520507812
88400: vqvae model total loss: 0.147 reconstruction loss: 0.05 commit_loss: 0.186 codebook usage: 768.1842651367188
88600: vqvae model total loss: 0.138 reconstruction loss: 0.0472 commit_loss: 0.175 codebook usage: 813.6175537109375
88800: vqvae model total loss: 0.136 reconstruction loss: 0.0468 commit_loss: 0.168 codebook usage: 800.6506958007812
89000: vqvae model total loss: 0.14 reconstruction loss: 0.0472 commit_loss: 0.184 codebook usage: 816.7330322265625
89200: vqvae model total loss: 0.148 reconstruction loss: 0.0524 commit_loss: 0.173 codebook usage: 807.9193725585938
89400: vqvae model total loss: 0.142 reconstruction loss: 0.0487 commit_loss: 0.178 codebook usage: 815.0123291015625
89600: vqvae model total loss: 0.143 reconstruction loss: 0.05 commit_loss: 0.174 codebook usage: 812.4920654296875
89800: vqvae model total loss: 0.144 reconstruction loss: 0.0495 commit_loss: 0.182 codebook usage: 802.8930053710938
90000: vqvae model total loss: 0.147 reconstruction loss: 0.0513 commit_loss: 0.177 codebook usage: 790.6371459960938
0.1468804031610489 tensor(0.1416, device='cuda:0')
90000: saving model to /srv/hays-lab/scratch/sanisetty3/music_motion/ATCMG/checkpoints/vqvae/vqvae_left_hand_1024/checkpoints
validation start
val/rec_loss tensor(0.0403)
val/total_loss  tensor(0.0806)
val/usage  tensor(475.4775, device='cuda:0')
render start
90200: vqvae model total loss: 0.137 reconstruction loss: 0.0475 commit_loss: 0.169 codebook usage: 804.2168579101562
90400: vqvae model total loss: 0.159 reconstruction loss: 0.0562 commit_loss: 0.187 codebook usage: 812.9303588867188
90600: vqvae model total loss: 0.154 reconstruction loss: 0.0538 commit_loss: 0.188 codebook usage: 818.125732421875
90800: vqvae model total loss: 0.15 reconstruction loss: 0.052 commit_loss: 0.184 codebook usage: 819.0054931640625
91000: vqvae model total loss: 0.139 reconstruction loss: 0.0491 commit_loss: 0.165 codebook usage: 803.8280639648438
91200: vqvae model total loss: 0.139 reconstruction loss: 0.0483 commit_loss: 0.169 codebook usage: 811.4656372070312
91400: vqvae model total loss: 0.14 reconstruction loss: 0.049 commit_loss: 0.17 codebook usage: 794.9285888671875
91600: vqvae model total loss: 0.132 reconstruction loss: 0.0453 commit_loss: 0.164 codebook usage: 729.5039672851562
91800: vqvae model total loss: 0.139 reconstruction loss: 0.0485 commit_loss: 0.167 codebook usage: 811.6018676757812
92000: vqvae model total loss: 0.145 reconstruction loss: 0.0499 commit_loss: 0.179 codebook usage: 816.6406860351562
92200: vqvae model total loss: 0.133 reconstruction loss: 0.0469 commit_loss: 0.157 codebook usage: 779.9830932617188
92400: vqvae model total loss: 0.139 reconstruction loss: 0.0496 commit_loss: 0.161 codebook usage: 812.49169921875
92600: vqvae model total loss: 0.134 reconstruction loss: 0.0461 commit_loss: 0.167 codebook usage: 795.0896606445312
92800: vqvae model total loss: 0.145 reconstruction loss: 0.0502 commit_loss: 0.178 codebook usage: 815.5557250976562
93000: vqvae model total loss: 0.143 reconstruction loss: 0.0504 commit_loss: 0.169 codebook usage: 808.817138671875
93200: vqvae model total loss: 0.136 reconstruction loss: 0.0467 commit_loss: 0.169 codebook usage: 806.710205078125
93400: vqvae model total loss: 0.151 reconstruction loss: 0.0522 commit_loss: 0.187 codebook usage: 813.7044677734375
93600: vqvae model total loss: 0.14 reconstruction loss: 0.0485 commit_loss: 0.172 codebook usage: 816.5655517578125
93800: vqvae model total loss: 0.149 reconstruction loss: 0.0522 commit_loss: 0.179 codebook usage: 830.33203125
94000: vqvae model total loss: 0.14 reconstruction loss: 0.0485 commit_loss: 0.172 codebook usage: 812.4746704101562
94200: vqvae model total loss: 0.139 reconstruction loss: 0.0476 commit_loss: 0.174 codebook usage: 810.8541259765625
94400: vqvae model total loss: 0.147 reconstruction loss: 0.052 commit_loss: 0.172 codebook usage: 812.500244140625
94600: vqvae model total loss: 0.142 reconstruction loss: 0.0497 commit_loss: 0.172 codebook usage: 806.91650390625
94800: vqvae model total loss: 0.153 reconstruction loss: 0.0533 commit_loss: 0.185 codebook usage: 774.72216796875
95000: vqvae model total loss: 0.144 reconstruction loss: 0.05 commit_loss: 0.176 codebook usage: 817.7418823242188
95200: vqvae model total loss: 0.148 reconstruction loss: 0.0512 commit_loss: 0.184 codebook usage: 811.9572143554688
95400: vqvae model total loss: 0.138 reconstruction loss: 0.048 commit_loss: 0.168 codebook usage: 800.1763305664062
95600: vqvae model total loss: 0.137 reconstruction loss: 0.0479 commit_loss: 0.163 codebook usage: 804.8582763671875
95800: vqvae model total loss: 0.137 reconstruction loss: 0.047 commit_loss: 0.171 codebook usage: 790.4170532226562
96000: vqvae model total loss: 0.13 reconstruction loss: 0.0443 commit_loss: 0.164 codebook usage: 800.840087890625
96200: vqvae model total loss: 0.136 reconstruction loss: 0.0479 commit_loss: 0.161 codebook usage: 804.0465698242188
96400: vqvae model total loss: 0.142 reconstruction loss: 0.0491 commit_loss: 0.176 codebook usage: 802.3984985351562
96600: vqvae model total loss: 0.147 reconstruction loss: 0.0512 commit_loss: 0.177 codebook usage: 792.2289428710938
96800: vqvae model total loss: 0.142 reconstruction loss: 0.0497 commit_loss: 0.169 codebook usage: 805.764892578125
97000: vqvae model total loss: 0.139 reconstruction loss: 0.0485 commit_loss: 0.17 codebook usage: 803.4314575195312
97200: vqvae model total loss: 0.134 reconstruction loss: 0.0464 commit_loss: 0.164 codebook usage: 793.687744140625
97400: vqvae model total loss: 0.137 reconstruction loss: 0.0476 commit_loss: 0.167 codebook usage: 802.8788452148438
97600: vqvae model total loss: 0.148 reconstruction loss: 0.051 commit_loss: 0.185 codebook usage: 827.0609130859375
97800: vqvae model total loss: 0.13 reconstruction loss: 0.0452 commit_loss: 0.158 codebook usage: 812.7667846679688
98000: vqvae model total loss: 0.142 reconstruction loss: 0.0492 commit_loss: 0.173 codebook usage: 767.7975463867188
98200: vqvae model total loss: 0.129 reconstruction loss: 0.0444 commit_loss: 0.162 codebook usage: 810.2500610351562
98400: vqvae model total loss: 0.136 reconstruction loss: 0.047 commit_loss: 0.168 codebook usage: 806.158447265625
98600: vqvae model total loss: 0.133 reconstruction loss: 0.0463 commit_loss: 0.163 codebook usage: 795.2481689453125
98800: vqvae model total loss: 0.14 reconstruction loss: 0.0487 commit_loss: 0.169 codebook usage: 797.0347290039062
99000: vqvae model total loss: 0.13 reconstruction loss: 0.0448 commit_loss: 0.162 codebook usage: 804.6610107421875
99200: vqvae model total loss: 0.134 reconstruction loss: 0.0466 commit_loss: 0.165 codebook usage: 800.2178955078125
99400: vqvae model total loss: 0.133 reconstruction loss: 0.0455 commit_loss: 0.169 codebook usage: 803.7200317382812
99600: vqvae model total loss: 0.142 reconstruction loss: 0.0493 commit_loss: 0.173 codebook usage: 812.1442260742188
99800: vqvae model total loss: 0.133 reconstruction loss: 0.0464 commit_loss: 0.161 codebook usage: 803.2257080078125
100000: vqvae model total loss: 0.128 reconstruction loss: 0.0444 commit_loss: 0.157 codebook usage: 787.7767333984375
0.1280589997768402 tensor(0.1416, device='cuda:0')
100000: saving model to /srv/hays-lab/scratch/sanisetty3/music_motion/ATCMG/checkpoints/vqvae/vqvae_left_hand_1024/checkpoints
validation start
val/rec_loss tensor(0.0403)
val/total_loss  tensor(0.0807)
val/usage  tensor(493.4764, device='cuda:0')
render start
100200: vqvae model total loss: 0.134 reconstruction loss: 0.047 commit_loss: 0.16 codebook usage: 807.6863403320312
100400: vqvae model total loss: 0.13 reconstruction loss: 0.0455 commit_loss: 0.154 codebook usage: 804.405517578125
100600: vqvae model total loss: 0.134 reconstruction loss: 0.0461 commit_loss: 0.169 codebook usage: 799.8883056640625
100800: vqvae model total loss: 0.134 reconstruction loss: 0.0465 commit_loss: 0.165 codebook usage: 790.7291870117188
101000: vqvae model total loss: 0.132 reconstruction loss: 0.0457 commit_loss: 0.164 codebook usage: 811.4920043945312
101200: vqvae model total loss: 0.138 reconstruction loss: 0.0479 commit_loss: 0.168 codebook usage: 773.6659545898438
101400: vqvae model total loss: 0.137 reconstruction loss: 0.0474 commit_loss: 0.17 codebook usage: 801.319091796875
101600: vqvae model total loss: 0.133 reconstruction loss: 0.0466 commit_loss: 0.16 codebook usage: 810.8402099609375
101800: vqvae model total loss: 0.139 reconstruction loss: 0.0474 commit_loss: 0.176 codebook usage: 806.7741088867188
102000: vqvae model total loss: 0.133 reconstruction loss: 0.0459 commit_loss: 0.164 codebook usage: 808.4423217773438
102200: vqvae model total loss: 0.133 reconstruction loss: 0.0458 commit_loss: 0.166 codebook usage: 798.6511840820312
102400: vqvae model total loss: 0.129 reconstruction loss: 0.0447 commit_loss: 0.158 codebook usage: 800.6094970703125
102600: vqvae model total loss: 0.138 reconstruction loss: 0.0478 commit_loss: 0.171 codebook usage: 809.1207275390625
102800: vqvae model total loss: 0.135 reconstruction loss: 0.0462 commit_loss: 0.17 codebook usage: 806.9603271484375
103000: vqvae model total loss: 0.145 reconstruction loss: 0.0512 commit_loss: 0.172 codebook usage: 800.5181884765625
103200: vqvae model total loss: 0.135 reconstruction loss: 0.0465 commit_loss: 0.168 codebook usage: 821.5369873046875
103400: vqvae model total loss: 0.137 reconstruction loss: 0.0477 commit_loss: 0.167 codebook usage: 809.484619140625
103600: vqvae model total loss: 0.129 reconstruction loss: 0.0446 commit_loss: 0.159 codebook usage: 791.3753051757812
103800: vqvae model total loss: 0.129 reconstruction loss: 0.0446 commit_loss: 0.158 codebook usage: 806.3137817382812
104000: vqvae model total loss: 0.144 reconstruction loss: 0.0504 commit_loss: 0.174 codebook usage: 811.5770874023438
104200: vqvae model total loss: 0.134 reconstruction loss: 0.0461 commit_loss: 0.169 codebook usage: 804.8283081054688
104400: vqvae model total loss: 0.141 reconstruction loss: 0.0487 commit_loss: 0.173 codebook usage: 776.849609375
104600: vqvae model total loss: 0.131 reconstruction loss: 0.0453 commit_loss: 0.162 codebook usage: 816.2412719726562
104800: vqvae model total loss: 0.13 reconstruction loss: 0.0448 commit_loss: 0.164 codebook usage: 825.9605102539062
105000: vqvae model total loss: 0.138 reconstruction loss: 0.0485 commit_loss: 0.164 codebook usage: 822.84912109375
105200: vqvae model total loss: 0.123 reconstruction loss: 0.042 commit_loss: 0.154 codebook usage: 816.3258056640625
105400: vqvae model total loss: 0.133 reconstruction loss: 0.0467 commit_loss: 0.157 codebook usage: 805.24755859375
105600: vqvae model total loss: 0.138 reconstruction loss: 0.0486 commit_loss: 0.161 codebook usage: 802.13720703125
105800: vqvae model total loss: 0.133 reconstruction loss: 0.0461 commit_loss: 0.164 codebook usage: 805.4057006835938
106000: vqvae model total loss: 0.123 reconstruction loss: 0.0426 commit_loss: 0.152 codebook usage: 806.1004028320312
106200: vqvae model total loss: 0.132 reconstruction loss: 0.0453 commit_loss: 0.166 codebook usage: 809.739013671875
106400: vqvae model total loss: 0.126 reconstruction loss: 0.0442 commit_loss: 0.152 codebook usage: 798.1923828125
106600: vqvae model total loss: 0.127 reconstruction loss: 0.0435 commit_loss: 0.159 codebook usage: 819.7564697265625
106800: vqvae model total loss: 0.134 reconstruction loss: 0.0465 commit_loss: 0.166 codebook usage: 804.144775390625
107000: vqvae model total loss: 0.122 reconstruction loss: 0.0427 commit_loss: 0.147 codebook usage: 805.04248046875
107200: vqvae model total loss: 0.127 reconstruction loss: 0.044 commit_loss: 0.156 codebook usage: 797.7521362304688
107400: vqvae model total loss: 0.124 reconstruction loss: 0.0425 commit_loss: 0.157 codebook usage: 807.2501220703125
107600: vqvae model total loss: 0.134 reconstruction loss: 0.0459 commit_loss: 0.167 codebook usage: 765.0448608398438
107800: vqvae model total loss: 0.132 reconstruction loss: 0.0466 commit_loss: 0.155 codebook usage: 802.194580078125
108000: vqvae model total loss: 0.133 reconstruction loss: 0.0457 commit_loss: 0.166 codebook usage: 790.6650390625
108200: vqvae model total loss: 0.133 reconstruction loss: 0.0459 commit_loss: 0.166 codebook usage: 810.9852294921875
108400: vqvae model total loss: 0.136 reconstruction loss: 0.0476 commit_loss: 0.162 codebook usage: 802.0037231445312
108600: vqvae model total loss: 0.128 reconstruction loss: 0.0443 commit_loss: 0.159 codebook usage: 808.2927856445312
108800: vqvae model total loss: 0.128 reconstruction loss: 0.0441 commit_loss: 0.159 codebook usage: 808.4592895507812
109000: vqvae model total loss: 0.125 reconstruction loss: 0.0434 commit_loss: 0.154 codebook usage: 792.3589477539062
109200: vqvae model total loss: 0.135 reconstruction loss: 0.0467 commit_loss: 0.165 codebook usage: 818.2482299804688
109400: vqvae model total loss: 0.131 reconstruction loss: 0.0447 commit_loss: 0.166 codebook usage: 800.2140502929688
109600: vqvae model total loss: 0.126 reconstruction loss: 0.0434 commit_loss: 0.156 codebook usage: 800.9126586914062
109800: vqvae model total loss: 0.14 reconstruction loss: 0.0492 commit_loss: 0.166 codebook usage: 805.1419677734375
110000: vqvae model total loss: 0.125 reconstruction loss: 0.0435 commit_loss: 0.153 codebook usage: 806.0411987304688
0.12541532516479492 tensor(0.1281)
110000: saving model to /srv/hays-lab/scratch/sanisetty3/music_motion/ATCMG/checkpoints/vqvae/vqvae_left_hand_1024/checkpoints
validation start
val/rec_loss tensor(0.0390)
val/total_loss  tensor(0.0779)
val/usage  tensor(505.2435, device='cuda:0')
render start
training complete
