loading config from: /srv/hays-lab/scratch/sanisetty3/music_motion/ATCMG/checkpoints/motion_muse_body_hands_gprvc/motion_muse_body_hands_gprvc.yaml
output_dir:  /srv/hays-lab/scratch/sanisetty3/music_motion/ATCMG/checkpoints/motion_muse_body_hands_gprvc
attn_dropout: 0.1
audio_input_dim: 128
causal: False
cond_dropout: 0.4
critic_loss_weight: 1.0
custom: True
depth: 8
dim: 768
emb_dropout: 0.1
ff_mult: 4
film: False
film_skip: 3
flash: True
flatten: False
heads: 8
n_q: 3
no_mask_token_prob: 0.3
num_tokens: 512
post_emb_norm: True
proj_input: False
quality_emb: False
rel_pos: False
spatial: True
text_input_dim: 1024
var_len: False
Non-A100 GPU detected, using math or mem efficient attention if input tensor is on cuda
Total training params: 100.56M
Sync is turned on False
loaded model with  1.1994400024414062 tensor([110000.], device='cuda:0') steps
Total number of motions animation: 120 and texts 120
Total number of motions humanml: 49974 and texts 49974
Total number of motions perform: 346 and texts 346
Total number of motions GRAB: 1268 and texts 1268
Total number of motions idea400: 10949 and texts 10949
Total number of motions humman: 314 and texts 314
Total number of motions beat: 1458 and texts 1458
Total number of motions game_motion: 2784 and texts 2784
Total number of motions music: 2865 and texts 2865
Total number of motions aist: 1141 and texts 1141
Total number of motions fitness: 10905 and texts 10905
Total number of motions moyo: 161 and texts 161
Total number of motions choreomaster: 34 and texts 34
Total number of motions dance: 97 and texts 97
Total number of motions kungfu: 827 and texts 827
Total number of motions EgoBody: 900 and texts 900
Total number of motions animation: 2 and texts 2
Total number of motions humanml: 8802 and texts 8802
Total number of motions perform: 16 and texts 16
Total number of motions GRAB: 67 and texts 67
Total number of motions idea400: 577 and texts 577
Total number of motions humman: 20 and texts 20
Total number of motions beat: 162 and texts 162
Total number of motions game_motion: 131 and texts 131
Total number of motions music: 148 and texts 148
Total number of motions aist: 61 and texts 61
Total number of motions fitness: 572 and texts 572
Total number of motions moyo: 9 and texts 9
Total number of motions choreomaster: 2 and texts 2
Total number of motions dance: 7 and texts 7
Total number of motions kungfu: 42 and texts 42
Total number of motions EgoBody: 49 and texts 49
Total number of motions animation: 1 and texts 1
Total number of motions humanml: 3 and texts 3
Total number of motions perform: 2 and texts 2
Total number of motions GRAB: 2 and texts 2
Total number of motions idea400: 2 and texts 2
Total number of motions humman: 1 and texts 1
Total number of motions beat: 1 and texts 1
Total number of motions game_motion: 2 and texts 2
Total number of motions music: 1 and texts 1
Total number of motions aist: 1 and texts 1
Total number of motions fitness: 2 and texts 2
Total number of motions moyo: 2 and texts 2
Total number of motions choreomaster: 2 and texts 2
Total number of motions dance: 1 and texts 1
Total number of motions kungfu: 2 and texts 2
Total number of motions EgoBody: 2 and texts 2
training with training 84143 and test dataset of 10667 and render 27 samples
/srv/hays-lab/scratch/sanisetty3/music_motion/ATCMG/checkpoints/motion_muse_body_hands_gprvc
resuming from  /srv/hays-lab/scratch/sanisetty3/music_motion/ATCMG/checkpoints/motion_muse_body_hands_gprvc/motion_muse.pt
60000: model cross entropy loss: 9.61 
9.610329627990723 tensor(10.3169, device='cuda:0')
60000: saving model to /srv/hays-lab/scratch/sanisetty3/music_motion/ATCMG/checkpoints/motion_muse_body_hands_gprvc/checkpoints
validation start
val/ce_loss tensor(23.2738)
render start
60200: model cross entropy loss: 10.3 
60400: model cross entropy loss: 9.54 
60600: model cross entropy loss: 9.5 
60800: model cross entropy loss: 9.93 
61000: model cross entropy loss: 9.4 
61200: model cross entropy loss: 9.6 
61400: model cross entropy loss: 9.61 
61600: model cross entropy loss: 8.7 
61800: model cross entropy loss: 9.05 
62000: model cross entropy loss: 10.1 
62200: model cross entropy loss: 10.1 
62400: model cross entropy loss: 10.0 
62600: model cross entropy loss: 9.09 
62800: model cross entropy loss: 8.38 
63000: model cross entropy loss: 9.28 
63200: model cross entropy loss: 9.32 
63400: model cross entropy loss: 10.4 
63600: model cross entropy loss: 9.68 
63800: model cross entropy loss: 10.0 
64000: model cross entropy loss: 9.88 
64200: model cross entropy loss: 9.77 
64400: model cross entropy loss: 9.61 
64600: model cross entropy loss: 8.88 
64800: model cross entropy loss: 10.6 
65000: model cross entropy loss: 10.3 
65200: model cross entropy loss: 9.76 
65400: model cross entropy loss: 9.7 
65600: model cross entropy loss: 10.3 
65800: model cross entropy loss: 10.1 
66000: model cross entropy loss: 9.61 
66200: model cross entropy loss: 10.2 
66400: model cross entropy loss: 9.03 
66600: model cross entropy loss: 9.93 
66800: model cross entropy loss: 10.3 
67000: model cross entropy loss: 10.8 
67200: model cross entropy loss: 11.1 
67400: model cross entropy loss: 10.9 
67600: model cross entropy loss: 10.1 
67800: model cross entropy loss: 10.4 
68000: model cross entropy loss: 10.4 
68200: model cross entropy loss: 10.2 
68400: model cross entropy loss: 10.7 
68600: model cross entropy loss: 10.3 
68800: model cross entropy loss: 10.0 
69000: model cross entropy loss: 10.6 
69200: model cross entropy loss: 11.0 
69400: model cross entropy loss: 10.7 
69600: model cross entropy loss: 10.2 
69800: model cross entropy loss: 11.0 
70000: model cross entropy loss: 10.9 
10.872764587402344 tensor(9.6103)
70000: saving model to /srv/hays-lab/scratch/sanisetty3/music_motion/ATCMG/checkpoints/motion_muse_body_hands_gprvc/checkpoints
validation start
val/ce_loss tensor(23.4595)
render start
70200: model cross entropy loss: 10.4 
70400: model cross entropy loss: 10.8 
70600: model cross entropy loss: 10.1 
70800: model cross entropy loss: 10.7 
71000: model cross entropy loss: 10.5 
71200: model cross entropy loss: 10.1 
71400: model cross entropy loss: 10.0 
71600: model cross entropy loss: 10.5 
71800: model cross entropy loss: 10.2 
72000: model cross entropy loss: 10.8 
72200: model cross entropy loss: 10.4 
72400: model cross entropy loss: 10.3 
72600: model cross entropy loss: 10.3 
72800: model cross entropy loss: 10.3 
73000: model cross entropy loss: 10.3 
73200: model cross entropy loss: 10.2 
73400: model cross entropy loss: 10.2 
73600: model cross entropy loss: 10.1 
73800: model cross entropy loss: 10.8 
74000: model cross entropy loss: 10.5 
74200: model cross entropy loss: 10.5 
74400: model cross entropy loss: 10.4 
74600: model cross entropy loss: 9.84 
74800: model cross entropy loss: 10.3 
75000: model cross entropy loss: 10.2 
75200: model cross entropy loss: 11.0 
75400: model cross entropy loss: 10.5 
75600: model cross entropy loss: 10.5 
75800: model cross entropy loss: 10.6 
76000: model cross entropy loss: 10.6 
76200: model cross entropy loss: 10.0 
76400: model cross entropy loss: 11.3 
76600: model cross entropy loss: 10.3 
76800: model cross entropy loss: 10.5 
77000: model cross entropy loss: 10.5 
77200: model cross entropy loss: 10.8 
77400: model cross entropy loss: 10.2 
77600: model cross entropy loss: 10.5 
77800: model cross entropy loss: 10.1 
78000: model cross entropy loss: 9.88 
78200: model cross entropy loss: 10.8 
78400: model cross entropy loss: 9.89 
78600: model cross entropy loss: 10.1 
78800: model cross entropy loss: 10.3 
79000: model cross entropy loss: 10.4 
79200: model cross entropy loss: 10.5 
79400: model cross entropy loss: 10.1 
79600: model cross entropy loss: 10.6 
79800: model cross entropy loss: 10.1 
80000: model cross entropy loss: 10.5 
10.510859489440918 tensor(9.6103)
80000: saving model to /srv/hays-lab/scratch/sanisetty3/music_motion/ATCMG/checkpoints/motion_muse_body_hands_gprvc/checkpoints
validation start
val/ce_loss tensor(25.1902)
render start
80200: model cross entropy loss: 10.4 
80400: model cross entropy loss: 10.5 
80600: model cross entropy loss: 10.1 
80800: model cross entropy loss: 10.2 
81000: model cross entropy loss: 11.4 
81200: model cross entropy loss: 9.22 
81400: model cross entropy loss: 10.5 
81600: model cross entropy loss: 10.1 
81800: model cross entropy loss: 10.6 
82000: model cross entropy loss: 10.2 
82200: model cross entropy loss: 9.92 
82400: model cross entropy loss: 10.1 
82600: model cross entropy loss: 10.5 
82800: model cross entropy loss: 10.1 
83000: model cross entropy loss: 10.8 
83200: model cross entropy loss: 11.0 
83400: model cross entropy loss: 11.1 
83600: model cross entropy loss: 9.68 
83800: model cross entropy loss: 11.0 
84000: model cross entropy loss: 10.6 
84200: model cross entropy loss: 10.1 
84400: model cross entropy loss: 9.84 
84600: model cross entropy loss: 9.61 
84800: model cross entropy loss: 10.6 
85000: model cross entropy loss: 9.94 
85200: model cross entropy loss: 9.64 
85400: model cross entropy loss: 9.94 
85600: model cross entropy loss: 10.5 
85800: model cross entropy loss: 10.9 
86000: model cross entropy loss: 10.9 
86200: model cross entropy loss: 10.3 
86400: model cross entropy loss: 10.9 
86600: model cross entropy loss: 9.78 
86800: model cross entropy loss: 10.4 
87000: model cross entropy loss: 10.5 
87200: model cross entropy loss: 10.3 
87400: model cross entropy loss: 10.6 
87600: model cross entropy loss: 10.6 
87800: model cross entropy loss: 9.91 
88000: model cross entropy loss: 9.49 
88200: model cross entropy loss: 10.8 
88400: model cross entropy loss: 9.89 
88600: model cross entropy loss: 10.5 
88800: model cross entropy loss: 10.3 
89000: model cross entropy loss: 10.4 
89200: model cross entropy loss: 10.2 
89400: model cross entropy loss: 10.2 
89600: model cross entropy loss: 10.5 
89800: model cross entropy loss: 10.5 
90000: model cross entropy loss: 10.0 
10.012683868408203 tensor(9.6103)
90000: saving model to /srv/hays-lab/scratch/sanisetty3/music_motion/ATCMG/checkpoints/motion_muse_body_hands_gprvc/checkpoints
validation start
val/ce_loss tensor(24.9453)
render start
90200: model cross entropy loss: 10.1 
90400: model cross entropy loss: 9.48 
90600: model cross entropy loss: 9.86 
90800: model cross entropy loss: 9.92 
91000: model cross entropy loss: 10.9 
91200: model cross entropy loss: 9.6 
91400: model cross entropy loss: 10.0 
91600: model cross entropy loss: 10.2 
91800: model cross entropy loss: 10.8 
92000: model cross entropy loss: 10.0 
92200: model cross entropy loss: 10.3 
92400: model cross entropy loss: 10.7 
92600: model cross entropy loss: 9.88 
92800: model cross entropy loss: 10.5 
93000: model cross entropy loss: 10.8 
93200: model cross entropy loss: 10.5 
93400: model cross entropy loss: 10.9 
93600: model cross entropy loss: 10.4 
93800: model cross entropy loss: 10.7 
94000: model cross entropy loss: 9.99 
94200: model cross entropy loss: 10.0 
94400: model cross entropy loss: 10.0 
94600: model cross entropy loss: 10.2 
94800: model cross entropy loss: 9.48 
95000: model cross entropy loss: 9.41 
95200: model cross entropy loss: 9.51 
95400: model cross entropy loss: 9.5 
95600: model cross entropy loss: 10.4 
95800: model cross entropy loss: 10.6 
96000: model cross entropy loss: 10.1 
96200: model cross entropy loss: 10.6 
96400: model cross entropy loss: 10.3 
96600: model cross entropy loss: 10.6 
96800: model cross entropy loss: 9.85 
97000: model cross entropy loss: 10.2 
97200: model cross entropy loss: 10.5 
97400: model cross entropy loss: 10.3 
97600: model cross entropy loss: 10.7 
97800: model cross entropy loss: 10.1 
98000: model cross entropy loss: 9.62 
98200: model cross entropy loss: 9.4 
98400: model cross entropy loss: 9.43 
98600: model cross entropy loss: 10.8 
98800: model cross entropy loss: 9.16 
99000: model cross entropy loss: 9.63 
99200: model cross entropy loss: 10.1 
99400: model cross entropy loss: 9.42 
99600: model cross entropy loss: 10.1 
99800: model cross entropy loss: 9.4 
100000: model cross entropy loss: 9.87 
9.870733261108398 tensor(9.6103)
100000: saving model to /srv/hays-lab/scratch/sanisetty3/music_motion/ATCMG/checkpoints/motion_muse_body_hands_gprvc/checkpoints
validation start
val/ce_loss tensor(25.3476)
render start
