loading config from: /srv/hays-lab/scratch/sanisetty3/music_motion/ATCMG/checkpoints/motion_muse_film/motion_muse_film.yaml
output_dir:  /srv/hays-lab/scratch/sanisetty3/music_motion/ATCMG/checkpoints/motion_muse_film
Non-A100 GPU detected, using math or mem efficient attention if input tensor is on cuda
Sync is turned on False
loaded model with  0.03015906736254692 tensor([110000.], device='cuda:0') steps
Total number of motions animation: 120 and texts 120
Total number of motions humanml: 49974 and texts 49974
Total number of motions perform: 346 and texts 346
Total number of motions GRAB: 1268 and texts 1268
Total number of motions idea400: 10949 and texts 10949
Total number of motions humman: 314 and texts 314
Total number of motions beat: 1458 and texts 1458
Total number of motions game_motion: 2784 and texts 2784
Total number of motions music: 2865 and texts 2865
Total number of motions aist: 1141 and texts 1141
Total number of motions fitness: 10905 and texts 10905
Total number of motions moyo: 161 and texts 161
Total number of motions choreomaster: 34 and texts 34
Total number of motions dance: 97 and texts 97
Total number of motions kungfu: 827 and texts 827
Total number of motions EgoBody: 900 and texts 900
Total number of motions animation: 2 and texts 2
Total number of motions humanml: 8802 and texts 8802
Total number of motions perform: 16 and texts 16
Total number of motions GRAB: 67 and texts 67
Total number of motions idea400: 577 and texts 577
Total number of motions humman: 20 and texts 20
Total number of motions beat: 162 and texts 162
Total number of motions game_motion: 131 and texts 131
Total number of motions music: 148 and texts 148
Total number of motions aist: 61 and texts 61
Total number of motions fitness: 572 and texts 572
Total number of motions moyo: 9 and texts 9
Total number of motions choreomaster: 2 and texts 2
Total number of motions dance: 7 and texts 7
Total number of motions kungfu: 42 and texts 42
Total number of motions EgoBody: 49 and texts 49
Total number of motions animation: 1 and texts 1
Total number of motions humanml: 3 and texts 3
Total number of motions perform: 2 and texts 2
Total number of motions GRAB: 2 and texts 2
Total number of motions idea400: 2 and texts 2
Total number of motions humman: 1 and texts 1
Total number of motions beat: 1 and texts 1
Total number of motions game_motion: 2 and texts 2
Total number of motions music: 1 and texts 1
Total number of motions aist: 1 and texts 1
Total number of motions fitness: 2 and texts 2
Total number of motions moyo: 2 and texts 2
Total number of motions choreomaster: 2 and texts 2
Total number of motions dance: 1 and texts 1
Total number of motions kungfu: 2 and texts 2
Total number of motions EgoBody: 2 and texts 2
training with training 84143 and test dataset of 10667 and render 27 samples
/srv/hays-lab/scratch/sanisetty3/music_motion/ATCMG/checkpoints/motion_muse_film
0: model cross entropy loss: 6.41 
6.410066604614258 inf
0: saving model to /srv/hays-lab/scratch/sanisetty3/music_motion/ATCMG/checkpoints/motion_muse_film/checkpoints
validation start
val/ce_loss tensor(6.4103)
render start
200: model cross entropy loss: 4.82 
400: model cross entropy loss: 3.61 
600: model cross entropy loss: 3.36 
800: model cross entropy loss: 3.14 
1000: model cross entropy loss: 2.9 
1200: model cross entropy loss: 2.79 
1400: model cross entropy loss: 2.7 
1600: model cross entropy loss: 2.56 
1800: model cross entropy loss: 2.74 
2000: model cross entropy loss: 2.6 
2200: model cross entropy loss: 2.63 
2400: model cross entropy loss: 2.65 
2600: model cross entropy loss: 2.58 
2800: model cross entropy loss: 2.6 
3000: model cross entropy loss: 2.49 
3200: model cross entropy loss: 2.55 
3400: model cross entropy loss: 2.46 
3600: model cross entropy loss: 2.47 
3800: model cross entropy loss: 2.54 
4000: model cross entropy loss: 2.47 
4200: model cross entropy loss: 2.64 
4400: model cross entropy loss: 2.49 
4600: model cross entropy loss: 2.48 
4800: model cross entropy loss: 2.46 
5000: model cross entropy loss: 2.46 
5200: model cross entropy loss: 2.41 
5400: model cross entropy loss: 2.44 
5600: model cross entropy loss: 2.47 
5800: model cross entropy loss: 2.41 
6000: model cross entropy loss: 2.34 
6200: model cross entropy loss: 2.32 
6400: model cross entropy loss: 2.46 
6600: model cross entropy loss: 2.45 
6800: model cross entropy loss: 2.35 
7000: model cross entropy loss: 2.41 
7200: model cross entropy loss: 2.47 
7400: model cross entropy loss: 2.34 
7600: model cross entropy loss: 2.2 
7800: model cross entropy loss: 2.2 
8000: model cross entropy loss: 2.21 
8200: model cross entropy loss: 2.15 
8400: model cross entropy loss: 2.18 
8600: model cross entropy loss: 2.16 
8800: model cross entropy loss: 2.04 
9000: model cross entropy loss: 2.1 
9200: model cross entropy loss: 2.15 
9400: model cross entropy loss: 2.03 
9600: model cross entropy loss: 2.09 
9800: model cross entropy loss: 2.06 
10000: model cross entropy loss: 2.08 
2.081583261489868 tensor(6.4101)
10000: saving model to /srv/hays-lab/scratch/sanisetty3/music_motion/ATCMG/checkpoints/motion_muse_film/checkpoints
validation start
val/ce_loss tensor(2.3796)
render start
10200: model cross entropy loss: 2.13 
10400: model cross entropy loss: 1.99 
10600: model cross entropy loss: 1.9 
10800: model cross entropy loss: 2.09 
11000: model cross entropy loss: 1.92 
11200: model cross entropy loss: 2.05 
11400: model cross entropy loss: 1.98 
11600: model cross entropy loss: 1.93 
11800: model cross entropy loss: 1.9 
12000: model cross entropy loss: 1.96 
12200: model cross entropy loss: 1.9 
12400: model cross entropy loss: 1.88 
12600: model cross entropy loss: 1.89 
12800: model cross entropy loss: 1.88 
13000: model cross entropy loss: 1.85 
13200: model cross entropy loss: 1.91 
13400: model cross entropy loss: 1.87 
13600: model cross entropy loss: 1.92 
13800: model cross entropy loss: 1.91 
14000: model cross entropy loss: 1.87 
14200: model cross entropy loss: 1.91 
14400: model cross entropy loss: 1.76 
14600: model cross entropy loss: 1.84 
14800: model cross entropy loss: 1.8 
15000: model cross entropy loss: 1.85 
15200: model cross entropy loss: 1.86 
15400: model cross entropy loss: 1.79 
15600: model cross entropy loss: 1.81 
15800: model cross entropy loss: 1.86 
16000: model cross entropy loss: 1.83 
16200: model cross entropy loss: 1.79 
16400: model cross entropy loss: 1.83 
16600: model cross entropy loss: 1.83 
16800: model cross entropy loss: 1.79 
17000: model cross entropy loss: 1.76 
17200: model cross entropy loss: 1.73 
17400: model cross entropy loss: 1.75 
17600: model cross entropy loss: 1.72 
17800: model cross entropy loss: 1.8 
18000: model cross entropy loss: 1.69 
18200: model cross entropy loss: 1.7 
18400: model cross entropy loss: 1.77 
18600: model cross entropy loss: 1.78 
18800: model cross entropy loss: 1.69 
19000: model cross entropy loss: 1.65 
19200: model cross entropy loss: 1.7 
19400: model cross entropy loss: 1.66 
19600: model cross entropy loss: 1.77 
19800: model cross entropy loss: 1.71 
20000: model cross entropy loss: 1.69 
1.693564772605896 tensor(2.0816)
20000: saving model to /srv/hays-lab/scratch/sanisetty3/music_motion/ATCMG/checkpoints/motion_muse_film/checkpoints
validation start
val/ce_loss tensor(2.2208)
render start
20200: model cross entropy loss: 1.72 
20400: model cross entropy loss: 1.66 
20600: model cross entropy loss: 1.67 
20800: model cross entropy loss: 1.74 
21000: model cross entropy loss: 1.63 
21200: model cross entropy loss: 1.62 
21400: model cross entropy loss: 1.72 
21600: model cross entropy loss: 1.66 
21800: model cross entropy loss: 1.75 
22000: model cross entropy loss: 1.59 
22200: model cross entropy loss: 1.71 
22400: model cross entropy loss: 1.65 
22600: model cross entropy loss: 1.76 
22800: model cross entropy loss: 1.64 
23000: model cross entropy loss: 1.69 
23200: model cross entropy loss: 1.63 
23400: model cross entropy loss: 1.75 
23600: model cross entropy loss: 1.72 
23800: model cross entropy loss: 1.67 
24000: model cross entropy loss: 1.61 
24200: model cross entropy loss: 1.58 
24400: model cross entropy loss: 1.67 
24600: model cross entropy loss: 1.66 
24800: model cross entropy loss: 1.64 
25000: model cross entropy loss: 1.63 
25200: model cross entropy loss: 1.63 
25400: model cross entropy loss: 1.64 
25600: model cross entropy loss: 1.65 
25800: model cross entropy loss: 1.6 
26000: model cross entropy loss: 1.62 
26200: model cross entropy loss: 1.65 
26400: model cross entropy loss: 1.54 
26600: model cross entropy loss: 1.62 
26800: model cross entropy loss: 1.7 
27000: model cross entropy loss: 1.63 
27200: model cross entropy loss: 1.48 
27400: model cross entropy loss: 1.65 
27600: model cross entropy loss: 1.53 
27800: model cross entropy loss: 1.6 
28000: model cross entropy loss: 1.62 
28200: model cross entropy loss: 1.63 
28400: model cross entropy loss: 1.46 
28600: model cross entropy loss: 1.51 
28800: model cross entropy loss: 1.58 
29000: model cross entropy loss: 1.62 
29200: model cross entropy loss: 1.62 
29400: model cross entropy loss: 1.61 
29600: model cross entropy loss: 1.62 
29800: model cross entropy loss: 1.57 
30000: model cross entropy loss: 1.55 
1.5549639463424683 tensor(1.6936)
30000: saving model to /srv/hays-lab/scratch/sanisetty3/music_motion/ATCMG/checkpoints/motion_muse_film/checkpoints
validation start
val/ce_loss tensor(2.1834)
render start
30200: model cross entropy loss: 1.48 
30400: model cross entropy loss: 1.51 
30600: model cross entropy loss: 1.58 
30800: model cross entropy loss: 1.36 
31000: model cross entropy loss: 1.56 
31200: model cross entropy loss: 1.57 
31400: model cross entropy loss: 1.46 
31600: model cross entropy loss: 1.5 
31800: model cross entropy loss: 1.53 
32000: model cross entropy loss: 1.48 
32200: model cross entropy loss: 1.49 
32400: model cross entropy loss: 1.64 
32600: model cross entropy loss: 1.64 
32800: model cross entropy loss: 1.54 
33000: model cross entropy loss: 1.47 
33200: model cross entropy loss: 1.56 
33400: model cross entropy loss: 1.46 
33600: model cross entropy loss: 1.43 
33800: model cross entropy loss: 1.52 
34000: model cross entropy loss: 1.55 
34200: model cross entropy loss: 1.53 
34400: model cross entropy loss: 1.44 
34600: model cross entropy loss: 1.47 
34800: model cross entropy loss: 1.55 
35000: model cross entropy loss: 1.51 
35200: model cross entropy loss: 1.47 
35400: model cross entropy loss: 1.46 
35600: model cross entropy loss: 1.41 
35800: model cross entropy loss: 1.46 
36000: model cross entropy loss: 1.55 
36200: model cross entropy loss: 1.6 
36400: model cross entropy loss: 1.56 
36600: model cross entropy loss: 1.49 
36800: model cross entropy loss: 1.55 
37000: model cross entropy loss: 1.55 
37200: model cross entropy loss: 1.51 
37400: model cross entropy loss: 1.44 
37600: model cross entropy loss: 1.51 
37800: model cross entropy loss: 1.49 
38000: model cross entropy loss: 1.49 
38200: model cross entropy loss: 1.46 
38400: model cross entropy loss: 1.48 
38600: model cross entropy loss: 1.52 
38800: model cross entropy loss: 1.51 
39000: model cross entropy loss: 1.41 
39200: model cross entropy loss: 1.45 
39400: model cross entropy loss: 1.43 
39600: model cross entropy loss: 1.45 
39800: model cross entropy loss: 1.48 
40000: model cross entropy loss: 1.5 
1.5004186630249023 tensor(1.5550)
40000: saving model to /srv/hays-lab/scratch/sanisetty3/music_motion/ATCMG/checkpoints/motion_muse_film/checkpoints
validation start
val/ce_loss tensor(2.1500)
render start
40200: model cross entropy loss: 1.52 
40400: model cross entropy loss: 1.4 
40600: model cross entropy loss: 1.47 
40800: model cross entropy loss: 1.47 
41000: model cross entropy loss: 1.4 
41200: model cross entropy loss: 1.45 
41400: model cross entropy loss: 1.35 
41600: model cross entropy loss: 1.33 
41800: model cross entropy loss: 1.48 
42000: model cross entropy loss: 1.51 
42200: model cross entropy loss: 1.37 
42400: model cross entropy loss: 1.41 
42600: model cross entropy loss: 1.46 
42800: model cross entropy loss: 1.44 
43000: model cross entropy loss: 1.49 
43200: model cross entropy loss: 1.44 
43400: model cross entropy loss: 1.47 
43600: model cross entropy loss: 1.4 
43800: model cross entropy loss: 1.54 
44000: model cross entropy loss: 1.43 
44200: model cross entropy loss: 1.45 
44400: model cross entropy loss: 1.42 
44600: model cross entropy loss: 1.4 
44800: model cross entropy loss: 1.41 
45000: model cross entropy loss: 1.49 
45200: model cross entropy loss: 1.53 
45400: model cross entropy loss: 1.41 
45600: model cross entropy loss: 1.47 
45800: model cross entropy loss: 1.48 
46000: model cross entropy loss: 1.42 
46200: model cross entropy loss: 1.5 
46400: model cross entropy loss: 1.48 
46600: model cross entropy loss: 1.42 
46800: model cross entropy loss: 1.45 
47000: model cross entropy loss: 1.41 
47200: model cross entropy loss: 1.43 
47400: model cross entropy loss: 1.42 
47600: model cross entropy loss: 1.42 
47800: model cross entropy loss: 1.52 
48000: model cross entropy loss: 1.52 
48200: model cross entropy loss: 1.38 
48400: model cross entropy loss: 1.45 
48600: model cross entropy loss: 1.51 
48800: model cross entropy loss: 1.38 
49000: model cross entropy loss: 1.55 
49200: model cross entropy loss: 1.36 
49400: model cross entropy loss: 1.45 
49600: model cross entropy loss: 1.48 
49800: model cross entropy loss: 1.34 
50000: model cross entropy loss: 1.43 
1.4322954416275024 tensor(1.5004)
50000: saving model to /srv/hays-lab/scratch/sanisetty3/music_motion/ATCMG/checkpoints/motion_muse_film/checkpoints
validation start
val/ce_loss tensor(2.1421)
render start
50200: model cross entropy loss: 1.43 
50400: model cross entropy loss: 1.41 
50600: model cross entropy loss: 1.42 
50800: model cross entropy loss: 1.32 
51000: model cross entropy loss: 1.38 
51200: model cross entropy loss: 1.35 
51400: model cross entropy loss: 1.21 
51600: model cross entropy loss: 1.42 
51800: model cross entropy loss: 1.27 
52000: model cross entropy loss: 1.38 
52200: model cross entropy loss: 1.36 
52400: model cross entropy loss: 1.33 
52600: model cross entropy loss: 1.47 
52800: model cross entropy loss: 1.35 
53000: model cross entropy loss: 1.31 
53200: model cross entropy loss: 1.36 
53400: model cross entropy loss: 1.47 
53600: model cross entropy loss: 1.53 
53800: model cross entropy loss: 1.34 
54000: model cross entropy loss: 1.39 
54200: model cross entropy loss: 1.45 
54400: model cross entropy loss: 1.5 
54600: model cross entropy loss: 1.37 
54800: model cross entropy loss: 1.41 
55000: model cross entropy loss: 1.37 
55200: model cross entropy loss: 1.34 
55400: model cross entropy loss: 1.38 
55600: model cross entropy loss: 1.35 
55800: model cross entropy loss: 1.36 
56000: model cross entropy loss: 1.34 
56200: model cross entropy loss: 1.41 
56400: model cross entropy loss: 1.35 
56600: model cross entropy loss: 1.38 
56800: model cross entropy loss: 1.32 
57000: model cross entropy loss: 1.33 
57200: model cross entropy loss: 1.25 
57400: model cross entropy loss: 1.41 
57600: model cross entropy loss: 1.35 
57800: model cross entropy loss: 1.36 
58000: model cross entropy loss: 1.29 
58200: model cross entropy loss: 1.34 
58400: model cross entropy loss: 1.38 
58600: model cross entropy loss: 1.45 
58800: model cross entropy loss: 1.4 
59000: model cross entropy loss: 1.34 
59200: model cross entropy loss: 1.3 
59400: model cross entropy loss: 1.41 
59600: model cross entropy loss: 1.39 
59800: model cross entropy loss: 1.43 
60000: model cross entropy loss: 1.34 
1.3368899822235107 tensor(1.4323)
60000: saving model to /srv/hays-lab/scratch/sanisetty3/music_motion/ATCMG/checkpoints/motion_muse_film/checkpoints
validation start
val/ce_loss tensor(2.1172)
render start
