loading config from: /srv/hays-lab/scratch/sanisetty3/music_motion/ATCMG/checkpoints/motion_muse_constant/motion_muse_constant.yaml
output_dir:  /srv/hays-lab/scratch/sanisetty3/music_motion/ATCMG/checkpoints/motion_muse_constant
Non-A100 GPU detected, using math or mem efficient attention if input tensor is on cuda
Sync is turned on False
loaded model with  0.03015906736254692 tensor([110000.], device='cuda:0') steps
Total number of motions animation: 120 and texts 120
Total number of motions humanml: 49974 and texts 49974
Total number of motions perform: 346 and texts 346
Total number of motions GRAB: 1268 and texts 1268
Total number of motions idea400: 10949 and texts 10949
Total number of motions humman: 314 and texts 314
Total number of motions beat: 1458 and texts 1458
Total number of motions game_motion: 2784 and texts 2784
Total number of motions music: 2865 and texts 2865
Total number of motions aist: 1142 and texts 1142
Total number of motions fitness: 10905 and texts 10905
Total number of motions moyo: 161 and texts 161
Total number of motions choreomaster: 34 and texts 34
Total number of motions dance: 97 and texts 97
Total number of motions kungfu: 827 and texts 827
Total number of motions EgoBody: 900 and texts 900
Total number of motions animation: 2 and texts 2
Total number of motions humanml: 8802 and texts 8802
Total number of motions perform: 16 and texts 16
Total number of motions GRAB: 67 and texts 67
Total number of motions idea400: 577 and texts 577
Total number of motions humman: 20 and texts 20
Total number of motions beat: 162 and texts 162
Total number of motions game_motion: 131 and texts 131
Total number of motions music: 148 and texts 148
Total number of motions aist: 61 and texts 61
Total number of motions fitness: 572 and texts 572
Total number of motions moyo: 9 and texts 9
Total number of motions choreomaster: 2 and texts 2
Total number of motions dance: 7 and texts 7
Total number of motions kungfu: 42 and texts 42
Total number of motions EgoBody: 49 and texts 49
Total number of motions animation: 1 and texts 1
Total number of motions humanml: 3 and texts 3
Total number of motions perform: 2 and texts 2
Total number of motions GRAB: 2 and texts 2
Total number of motions idea400: 2 and texts 2
Total number of motions humman: 1 and texts 1
Total number of motions beat: 1 and texts 1
Total number of motions game_motion: 2 and texts 2
Total number of motions music: 1 and texts 1
Total number of motions aist: 1 and texts 1
Total number of motions fitness: 2 and texts 2
Total number of motions moyo: 2 and texts 2
Total number of motions choreomaster: 2 and texts 2
Total number of motions dance: 1 and texts 1
Total number of motions kungfu: 2 and texts 2
Total number of motions EgoBody: 2 and texts 2
training with training 84144 and test dataset of 10667 and render 27 samples
/srv/hays-lab/scratch/sanisetty3/music_motion/ATCMG/checkpoints/motion_muse_constant
0: model cross entropy loss: 6.39 
6.391495227813721 inf
0: saving model to /srv/hays-lab/scratch/sanisetty3/music_motion/ATCMG/checkpoints/motion_muse_constant/checkpoints
validation start
val/ce_loss tensor(6.3883)
render start
200: model cross entropy loss: 4.74 
400: model cross entropy loss: 3.28 
600: model cross entropy loss: 2.91 
800: model cross entropy loss: 2.8 
1000: model cross entropy loss: 2.78 
1200: model cross entropy loss: 2.64 
1400: model cross entropy loss: 2.62 
1600: model cross entropy loss: 2.63 
1800: model cross entropy loss: 2.52 
2000: model cross entropy loss: 2.62 
2200: model cross entropy loss: 2.56 
2400: model cross entropy loss: 2.56 
2600: model cross entropy loss: 2.45 
2800: model cross entropy loss: 2.46 
3000: model cross entropy loss: 2.46 
3200: model cross entropy loss: 2.47 
3400: model cross entropy loss: 2.46 
3600: model cross entropy loss: 2.41 
3800: model cross entropy loss: 2.46 
4000: model cross entropy loss: 2.33 
4200: model cross entropy loss: 2.37 
4400: model cross entropy loss: 2.42 
4600: model cross entropy loss: 2.33 
4800: model cross entropy loss: 2.28 
5000: model cross entropy loss: 2.22 
5200: model cross entropy loss: 2.18 
5400: model cross entropy loss: 2.16 
5600: model cross entropy loss: 2.16 
5800: model cross entropy loss: 2.07 
6000: model cross entropy loss: 2.05 
6200: model cross entropy loss: 1.93 
6400: model cross entropy loss: 2.02 
6600: model cross entropy loss: 2.02 
6800: model cross entropy loss: 1.91 
7000: model cross entropy loss: 1.88 
7200: model cross entropy loss: 1.9 
7400: model cross entropy loss: 1.94 
7600: model cross entropy loss: 1.91 
7800: model cross entropy loss: 1.94 
8000: model cross entropy loss: 1.92 
8200: model cross entropy loss: 1.81 
8400: model cross entropy loss: 1.8 
8600: model cross entropy loss: 1.81 
8800: model cross entropy loss: 1.89 
9000: model cross entropy loss: 1.87 
9200: model cross entropy loss: 1.8 
9400: model cross entropy loss: 1.85 
9600: model cross entropy loss: 1.87 
9800: model cross entropy loss: 1.8 
10000: model cross entropy loss: 1.82 
1.8249765634536743 tensor(6.3915)
10000: saving model to /srv/hays-lab/scratch/sanisetty3/music_motion/ATCMG/checkpoints/motion_muse_constant/checkpoints
validation start
val/ce_loss tensor(2.3120)
render start
10200: model cross entropy loss: 1.86 
10400: model cross entropy loss: 1.76 
10600: model cross entropy loss: 1.77 
10800: model cross entropy loss: 1.78 
11000: model cross entropy loss: 1.8 
11200: model cross entropy loss: 1.76 
11400: model cross entropy loss: 1.65 
11600: model cross entropy loss: 1.7 
11800: model cross entropy loss: 1.79 
12000: model cross entropy loss: 1.74 
12200: model cross entropy loss: 1.67 
12400: model cross entropy loss: 1.74 
12600: model cross entropy loss: 1.71 
12800: model cross entropy loss: 1.67 
13000: model cross entropy loss: 1.67 
13200: model cross entropy loss: 1.67 
13400: model cross entropy loss: 1.69 
13600: model cross entropy loss: 1.73 
13800: model cross entropy loss: 1.69 
14000: model cross entropy loss: 1.72 
14200: model cross entropy loss: 1.71 
14400: model cross entropy loss: 1.61 
14600: model cross entropy loss: 1.56 
14800: model cross entropy loss: 1.65 
15000: model cross entropy loss: 1.66 
15200: model cross entropy loss: 1.68 
15400: model cross entropy loss: 1.61 
15600: model cross entropy loss: 1.52 
15800: model cross entropy loss: 1.73 
16000: model cross entropy loss: 1.68 
16200: model cross entropy loss: 1.69 
16400: model cross entropy loss: 1.54 
16600: model cross entropy loss: 1.6 
16800: model cross entropy loss: 1.7 
17000: model cross entropy loss: 1.52 
17200: model cross entropy loss: 1.56 
17400: model cross entropy loss: 1.47 
17600: model cross entropy loss: 1.65 
17800: model cross entropy loss: 1.53 
18000: model cross entropy loss: 1.7 
18200: model cross entropy loss: 1.63 
18400: model cross entropy loss: 1.58 
18600: model cross entropy loss: 1.6 
18800: model cross entropy loss: 1.68 
19000: model cross entropy loss: 1.51 
19200: model cross entropy loss: 1.59 
19400: model cross entropy loss: 1.54 
19600: model cross entropy loss: 1.52 
19800: model cross entropy loss: 1.54 
20000: model cross entropy loss: 1.55 
1.5473215579986572 tensor(1.8250)
20000: saving model to /srv/hays-lab/scratch/sanisetty3/music_motion/ATCMG/checkpoints/motion_muse_constant/checkpoints
validation start
val/ce_loss tensor(2.2097)
render start
20200: model cross entropy loss: 1.61 
20400: model cross entropy loss: 1.56 
20600: model cross entropy loss: 1.58 
20800: model cross entropy loss: 1.52 
21000: model cross entropy loss: 1.63 
21200: model cross entropy loss: 1.52 
21400: model cross entropy loss: 1.5 
21600: model cross entropy loss: 1.55 
21800: model cross entropy loss: 1.6 
22000: model cross entropy loss: 1.52 
22200: model cross entropy loss: 1.53 
22400: model cross entropy loss: 1.55 
22600: model cross entropy loss: 1.47 
22800: model cross entropy loss: 1.56 
23000: model cross entropy loss: 1.49 
23200: model cross entropy loss: 1.55 
23400: model cross entropy loss: 1.46 
23600: model cross entropy loss: 1.58 
23800: model cross entropy loss: 1.58 
24000: model cross entropy loss: 1.5 
24200: model cross entropy loss: 1.57 
24400: model cross entropy loss: 1.46 
24600: model cross entropy loss: 1.5 
24800: model cross entropy loss: 1.52 
25000: model cross entropy loss: 1.51 
25200: model cross entropy loss: 1.51 
25400: model cross entropy loss: 1.53 
25600: model cross entropy loss: 1.52 
25800: model cross entropy loss: 1.47 
26000: model cross entropy loss: 1.59 
26200: model cross entropy loss: 1.55 
26400: model cross entropy loss: 1.52 
26600: model cross entropy loss: 1.56 
26800: model cross entropy loss: 1.48 
27000: model cross entropy loss: 1.52 
27200: model cross entropy loss: 1.43 
27400: model cross entropy loss: 1.52 
27600: model cross entropy loss: 1.43 
27800: model cross entropy loss: 1.49 
28000: model cross entropy loss: 1.47 
28200: model cross entropy loss: 1.43 
28400: model cross entropy loss: 1.49 
28600: model cross entropy loss: 1.41 
28800: model cross entropy loss: 1.47 
29000: model cross entropy loss: 1.45 
29200: model cross entropy loss: 1.5 
29400: model cross entropy loss: 1.45 
29600: model cross entropy loss: 1.48 
29800: model cross entropy loss: 1.51 
30000: model cross entropy loss: 1.5 
1.4990527629852295 tensor(1.5473)
30000: saving model to /srv/hays-lab/scratch/sanisetty3/music_motion/ATCMG/checkpoints/motion_muse_constant/checkpoints
validation start
val/ce_loss tensor(2.1672)
render start
30200: model cross entropy loss: 1.44 
30400: model cross entropy loss: 1.43 
30600: model cross entropy loss: 1.48 
30800: model cross entropy loss: 1.4 
31000: model cross entropy loss: 1.44 
31200: model cross entropy loss: 1.33 
31400: model cross entropy loss: 1.46 
31600: model cross entropy loss: 1.44 
31800: model cross entropy loss: 1.4 
32000: model cross entropy loss: 1.45 
32200: model cross entropy loss: 1.39 
32400: model cross entropy loss: 1.47 
32600: model cross entropy loss: 1.39 
32800: model cross entropy loss: 1.51 
33000: model cross entropy loss: 1.41 
33200: model cross entropy loss: 1.43 
33400: model cross entropy loss: 1.41 
33600: model cross entropy loss: 1.34 
33800: model cross entropy loss: 1.51 
34000: model cross entropy loss: 1.38 
34200: model cross entropy loss: 1.34 
34400: model cross entropy loss: 1.36 
34600: model cross entropy loss: 1.42 
34800: model cross entropy loss: 1.43 
35000: model cross entropy loss: 1.41 
35200: model cross entropy loss: 1.52 
35400: model cross entropy loss: 1.43 
35600: model cross entropy loss: 1.32 
35800: model cross entropy loss: 1.47 
36000: model cross entropy loss: 1.38 
36200: model cross entropy loss: 1.37 
36400: model cross entropy loss: 1.44 
36600: model cross entropy loss: 1.45 
36800: model cross entropy loss: 1.5 
37000: model cross entropy loss: 1.31 
37200: model cross entropy loss: 1.36 
37400: model cross entropy loss: 1.4 
37600: model cross entropy loss: 1.45 
37800: model cross entropy loss: 1.36 
38000: model cross entropy loss: 1.45 
38200: model cross entropy loss: 1.31 
38400: model cross entropy loss: 1.37 
38600: model cross entropy loss: 1.38 
38800: model cross entropy loss: 1.29 
39000: model cross entropy loss: 1.44 
39200: model cross entropy loss: 1.28 
39400: model cross entropy loss: 1.4 
39600: model cross entropy loss: 1.27 
39800: model cross entropy loss: 1.45 
40000: model cross entropy loss: 1.33 
1.3309861421585083 tensor(1.4991)
40000: saving model to /srv/hays-lab/scratch/sanisetty3/music_motion/ATCMG/checkpoints/motion_muse_constant/checkpoints
validation start
val/ce_loss tensor(2.1456)
render start
40200: model cross entropy loss: 1.34 
40400: model cross entropy loss: 1.37 
40600: model cross entropy loss: 1.3 
40800: model cross entropy loss: 1.37 
41000: model cross entropy loss: 1.27 
41200: model cross entropy loss: 1.32 
41400: model cross entropy loss: 1.44 
41600: model cross entropy loss: 1.33 
41800: model cross entropy loss: 1.45 
42000: model cross entropy loss: 1.35 
42200: model cross entropy loss: 1.35 
42400: model cross entropy loss: 1.3 
42600: model cross entropy loss: 1.29 
42800: model cross entropy loss: 1.35 
43000: model cross entropy loss: 1.43 
43200: model cross entropy loss: 1.36 
43400: model cross entropy loss: 1.42 
43600: model cross entropy loss: 1.42 
43800: model cross entropy loss: 1.3 
44000: model cross entropy loss: 1.3 
44200: model cross entropy loss: 1.28 
44400: model cross entropy loss: 1.32 
44600: model cross entropy loss: 1.29 
44800: model cross entropy loss: 1.43 
45000: model cross entropy loss: 1.34 
45200: model cross entropy loss: 1.14 
45400: model cross entropy loss: 1.38 
45600: model cross entropy loss: 1.34 
45800: model cross entropy loss: 1.39 
46000: model cross entropy loss: 1.32 
46200: model cross entropy loss: 1.39 
46400: model cross entropy loss: 1.32 
46600: model cross entropy loss: 1.42 
46800: model cross entropy loss: 1.22 
47000: model cross entropy loss: 1.28 
47200: model cross entropy loss: 1.33 
47400: model cross entropy loss: 1.21 
47600: model cross entropy loss: 1.4 
47800: model cross entropy loss: 1.35 
48000: model cross entropy loss: 1.36 
48200: model cross entropy loss: 1.27 
48400: model cross entropy loss: 1.31 
48600: model cross entropy loss: 1.32 
48800: model cross entropy loss: 1.3 
49000: model cross entropy loss: 1.32 
49200: model cross entropy loss: 1.36 
49400: model cross entropy loss: 1.35 
49600: model cross entropy loss: 1.32 
49800: model cross entropy loss: 1.28 
50000: model cross entropy loss: 1.23 
1.226959228515625 tensor(1.3310)
50000: saving model to /srv/hays-lab/scratch/sanisetty3/music_motion/ATCMG/checkpoints/motion_muse_constant/checkpoints
validation start
val/ce_loss tensor(2.1390)
render start
50200: model cross entropy loss: 1.22 
50400: model cross entropy loss: 1.26 
50600: model cross entropy loss: 1.19 
50800: model cross entropy loss: 1.42 
51000: model cross entropy loss: 1.31 
51200: model cross entropy loss: 1.33 
51400: model cross entropy loss: 1.41 
51600: model cross entropy loss: 1.35 
51800: model cross entropy loss: 1.3 
52000: model cross entropy loss: 1.46 
52200: model cross entropy loss: 1.32 
52400: model cross entropy loss: 1.25 
52600: model cross entropy loss: 1.26 
52800: model cross entropy loss: 1.27 
53000: model cross entropy loss: 1.3 
53200: model cross entropy loss: 1.29 
53400: model cross entropy loss: 1.22 
53600: model cross entropy loss: 1.36 
53800: model cross entropy loss: 1.35 
54000: model cross entropy loss: 1.29 
54200: model cross entropy loss: 1.29 
54400: model cross entropy loss: 1.29 
54600: model cross entropy loss: 1.29 
54800: model cross entropy loss: 1.24 
55000: model cross entropy loss: 1.25 
55200: model cross entropy loss: 1.29 
55400: model cross entropy loss: 1.24 
55600: model cross entropy loss: 1.32 
55800: model cross entropy loss: 1.33 
56000: model cross entropy loss: 1.25 
56200: model cross entropy loss: 1.36 
56400: model cross entropy loss: 1.26 
56600: model cross entropy loss: 1.27 
56800: model cross entropy loss: 1.24 
57000: model cross entropy loss: 1.26 
57200: model cross entropy loss: 1.23 
57400: model cross entropy loss: 1.2 
57600: model cross entropy loss: 1.28 
57800: model cross entropy loss: 1.24 
58000: model cross entropy loss: 1.13 
58200: model cross entropy loss: 1.21 
58400: model cross entropy loss: 1.23 
58600: model cross entropy loss: 1.25 
58800: model cross entropy loss: 1.27 
59000: model cross entropy loss: 1.21 
59200: model cross entropy loss: 1.27 
59400: model cross entropy loss: 1.25 
59600: model cross entropy loss: 1.26 
59800: model cross entropy loss: 1.1 
60000: model cross entropy loss: 1.26 
1.2568031549453735 tensor(1.2270)
60000: saving model to /srv/hays-lab/scratch/sanisetty3/music_motion/ATCMG/checkpoints/motion_muse_constant/checkpoints
validation start
val/ce_loss tensor(2.1236)
render start
60200: model cross entropy loss: 1.29 
60400: model cross entropy loss: 1.23 
60600: model cross entropy loss: 1.23 
60800: model cross entropy loss: 1.24 
61000: model cross entropy loss: 1.29 
61200: model cross entropy loss: 1.31 
61400: model cross entropy loss: 1.28 
61600: model cross entropy loss: 1.2 
61800: model cross entropy loss: 1.21 
62000: model cross entropy loss: 1.28 
62200: model cross entropy loss: 1.26 
62400: model cross entropy loss: 1.23 
62600: model cross entropy loss: 1.25 
62800: model cross entropy loss: 1.2 
63000: model cross entropy loss: 1.32 
63200: model cross entropy loss: 1.21 
63400: model cross entropy loss: 1.3 
63600: model cross entropy loss: 1.16 
63800: model cross entropy loss: 1.25 
64000: model cross entropy loss: 1.19 
64200: model cross entropy loss: 1.1 
64400: model cross entropy loss: 1.23 
64600: model cross entropy loss: 1.16 
64800: model cross entropy loss: 1.15 
65000: model cross entropy loss: 1.2 
65200: model cross entropy loss: 1.28 
65400: model cross entropy loss: 1.23 
65600: model cross entropy loss: 1.26 
65800: model cross entropy loss: 1.22 
66000: model cross entropy loss: 1.18 
66200: model cross entropy loss: 1.22 
66400: model cross entropy loss: 1.33 
66600: model cross entropy loss: 1.35 
66800: model cross entropy loss: 1.28 
67000: model cross entropy loss: 1.24 
67200: model cross entropy loss: 1.17 
67400: model cross entropy loss: 1.13 
67600: model cross entropy loss: 1.23 
67800: model cross entropy loss: 1.22 
68000: model cross entropy loss: 1.17 
68200: model cross entropy loss: 1.19 
68400: model cross entropy loss: 1.25 
68600: model cross entropy loss: 1.24 
68800: model cross entropy loss: 1.15 
69000: model cross entropy loss: 1.32 
69200: model cross entropy loss: 1.24 
69400: model cross entropy loss: 1.21 
69600: model cross entropy loss: 1.23 
69800: model cross entropy loss: 1.25 
70000: model cross entropy loss: 1.23 
1.2326622009277344 tensor(1.2270)
70000: saving model to /srv/hays-lab/scratch/sanisetty3/music_motion/ATCMG/checkpoints/motion_muse_constant/checkpoints
validation start
val/ce_loss tensor(2.1157)
render start
