loading config from: /srv/hays-lab/scratch/sanisetty3/music_motion/ATCMG/checkpoints/motion_muse_full/motion_muse_full.yaml
output_dir:  /srv/hays-lab/scratch/sanisetty3/music_motion/ATCMG/checkpoints/motion_muse_full
Sync is turned on False
loaded model with  0.03844764456152916 tensor([140000.], device='cuda:0') steps
align_loss_weight: 0.0
attn_dropout: 0.1
audio_input_dim: 128
causal: False
cond_dropout: 0.2
critic_loss_weight: 1.0
custom: True
depth: 8
dim: 768
emb_dropout: 0.1
ff_mult: 4
film: False
film_skip: 3
flash: True
flatten: False
heads: 8
n_q: 3
no_mask_token_prob: 0.2
num_tokens: 512
post_emb_norm: True
proj_input: False
quality_emb: False
rel_pos: False
spatial: True
text_input_dim: 1024
var_len: False
Non-A100 GPU detected, using math or mem efficient attention if input tensor is on cuda
Total training params: 100.56M
Total number of motions animation: 120 and texts 120
Total number of motions humanml: 49974 and texts 49974
Total number of motions perform: 346 and texts 346
Total number of motions GRAB: 1268 and texts 1268
Total number of motions idea400: 10949 and texts 10949
Total number of motions humman: 314 and texts 314
Total number of motions beat: 1456 and texts 1456
Total number of motions game_motion: 2784 and texts 2784
Total number of motions music: 2865 and texts 2865
Total number of motions aist: 1141 and texts 1141
Total number of motions fitness: 10905 and texts 10905
Total number of motions moyo: 161 and texts 161
Total number of motions choreomaster: 34 and texts 34
Total number of motions dance: 97 and texts 97
Total number of motions kungfu: 827 and texts 827
Total number of motions EgoBody: 900 and texts 900
Total number of motions animation: 2 and texts 2
Total number of motions humanml: 8802 and texts 8802
Total number of motions perform: 16 and texts 16
Total number of motions GRAB: 67 and texts 67
Total number of motions idea400: 577 and texts 577
Total number of motions humman: 20 and texts 20
Total number of motions beat: 162 and texts 162
Total number of motions game_motion: 131 and texts 131
Total number of motions music: 148 and texts 148
Total number of motions aist: 61 and texts 61
Total number of motions fitness: 572 and texts 572
Total number of motions moyo: 9 and texts 9
Total number of motions choreomaster: 2 and texts 2
Total number of motions dance: 7 and texts 7
Total number of motions kungfu: 42 and texts 42
Total number of motions EgoBody: 49 and texts 49
Total number of motions animation: 1 and texts 1
Total number of motions humanml: 3 and texts 3
Total number of motions perform: 2 and texts 2
Total number of motions GRAB: 2 and texts 2
Total number of motions idea400: 2 and texts 2
Total number of motions humman: 1 and texts 1
Total number of motions beat: 1 and texts 1
Total number of motions game_motion: 2 and texts 2
Total number of motions music: 1 and texts 1
Total number of motions aist: 1 and texts 1
Total number of motions fitness: 2 and texts 2
Total number of motions moyo: 2 and texts 2
Total number of motions choreomaster: 2 and texts 2
Total number of motions dance: 1 and texts 1
Total number of motions kungfu: 2 and texts 2
Total number of motions EgoBody: 2 and texts 2
training with training 84141 and test dataset of 10667 and render 27 samples
/srv/hays-lab/scratch/sanisetty3/music_motion/ATCMG/checkpoints/motion_muse_full
0: model cross entropy loss: 39.1 
39.116695404052734 inf
0: saving model to /srv/hays-lab/scratch/sanisetty3/music_motion/ATCMG/checkpoints/motion_muse_full/checkpoints
validation start
val/loss tensor(39.1515)
render start
200: model cross entropy loss: 36.2 
400: model cross entropy loss: 31.0 
600: model cross entropy loss: 26.8 
800: model cross entropy loss: 25.7 
1000: model cross entropy loss: 24.8 
1200: model cross entropy loss: 24.9 
1400: model cross entropy loss: 24.4 
1600: model cross entropy loss: 24.0 
1800: model cross entropy loss: 24.2 
2000: model cross entropy loss: 25.1 
2200: model cross entropy loss: 23.9 
2400: model cross entropy loss: 24.6 
2600: model cross entropy loss: 23.8 
2800: model cross entropy loss: 22.9 
3000: model cross entropy loss: 23.1 
3200: model cross entropy loss: 23.0 
3400: model cross entropy loss: 23.5 
3600: model cross entropy loss: 23.4 
3800: model cross entropy loss: 22.5 
4000: model cross entropy loss: 22.5 
4200: model cross entropy loss: 23.2 
4400: model cross entropy loss: 23.3 
4600: model cross entropy loss: 23.0 
4800: model cross entropy loss: 21.2 
5000: model cross entropy loss: 21.9 
5200: model cross entropy loss: 21.5 
5400: model cross entropy loss: 20.8 
5600: model cross entropy loss: 21.2 
5800: model cross entropy loss: 20.1 
6000: model cross entropy loss: 21.0 
6200: model cross entropy loss: 20.3 
6400: model cross entropy loss: 20.2 
6600: model cross entropy loss: 19.9 
6800: model cross entropy loss: 21.1 
7000: model cross entropy loss: 20.1 
7200: model cross entropy loss: 20.9 
7400: model cross entropy loss: 20.2 
7600: model cross entropy loss: 19.6 
7800: model cross entropy loss: 19.5 
8000: model cross entropy loss: 19.8 
8200: model cross entropy loss: 19.5 
8400: model cross entropy loss: 19.6 
8600: model cross entropy loss: 19.0 
8800: model cross entropy loss: 19.1 
9000: model cross entropy loss: 19.4 
9200: model cross entropy loss: 19.8 
9400: model cross entropy loss: 18.8 
9600: model cross entropy loss: 19.3 
9800: model cross entropy loss: 19.0 
10000: model cross entropy loss: 18.9 
18.855224609375 tensor(39.1167)
10000: saving model to /srv/hays-lab/scratch/sanisetty3/music_motion/ATCMG/checkpoints/motion_muse_full/checkpoints
validation start
val/loss tensor(25.1638)
render start
10200: model cross entropy loss: 19.2 
10400: model cross entropy loss: 19.0 
10600: model cross entropy loss: 18.7 
10800: model cross entropy loss: 18.6 
11000: model cross entropy loss: 18.1 
11200: model cross entropy loss: 19.0 
11400: model cross entropy loss: 18.9 
11600: model cross entropy loss: 18.0 
11800: model cross entropy loss: 18.3 
12000: model cross entropy loss: 18.6 
12200: model cross entropy loss: 17.9 
12400: model cross entropy loss: 18.2 
12600: model cross entropy loss: 17.9 
12800: model cross entropy loss: 18.3 
13000: model cross entropy loss: 18.4 
13200: model cross entropy loss: 17.8 
13400: model cross entropy loss: 17.9 
13600: model cross entropy loss: 17.9 
13800: model cross entropy loss: 17.8 
14000: model cross entropy loss: 17.8 
14200: model cross entropy loss: 18.9 
14400: model cross entropy loss: 17.2 
14600: model cross entropy loss: 18.0 
14800: model cross entropy loss: 17.9 
15000: model cross entropy loss: 17.3 
15200: model cross entropy loss: 17.4 
15400: model cross entropy loss: 18.0 
15600: model cross entropy loss: 17.6 
15800: model cross entropy loss: 17.7 
16000: model cross entropy loss: 17.2 
16200: model cross entropy loss: 18.0 
16400: model cross entropy loss: 18.1 
16600: model cross entropy loss: 17.3 
16800: model cross entropy loss: 16.7 
17000: model cross entropy loss: 16.9 
17200: model cross entropy loss: 16.4 
17400: model cross entropy loss: 17.6 
17600: model cross entropy loss: 17.3 
17800: model cross entropy loss: 16.6 
18000: model cross entropy loss: 16.9 
18200: model cross entropy loss: 17.4 
18400: model cross entropy loss: 16.8 
18600: model cross entropy loss: 17.3 
18800: model cross entropy loss: 17.0 
19000: model cross entropy loss: 16.7 
19200: model cross entropy loss: 17.0 
19400: model cross entropy loss: 16.6 
19600: model cross entropy loss: 16.9 
19800: model cross entropy loss: 16.5 
20000: model cross entropy loss: 17.5 
17.505531311035156 tensor(18.8552)
20000: saving model to /srv/hays-lab/scratch/sanisetty3/music_motion/ATCMG/checkpoints/motion_muse_full/checkpoints
validation start
val/loss tensor(25.2121)
render start
20200: model cross entropy loss: 16.8 
20400: model cross entropy loss: 16.9 
20600: model cross entropy loss: 16.8 
20800: model cross entropy loss: 16.9 
21000: model cross entropy loss: 16.5 
21200: model cross entropy loss: 16.2 
21400: model cross entropy loss: 16.9 
21600: model cross entropy loss: 16.6 
21800: model cross entropy loss: 16.6 
22000: model cross entropy loss: 15.9 
22200: model cross entropy loss: 16.7 
22400: model cross entropy loss: 16.9 
22600: model cross entropy loss: 16.6 
22800: model cross entropy loss: 16.2 
23000: model cross entropy loss: 16.3 
23200: model cross entropy loss: 16.4 
23400: model cross entropy loss: 16.4 
23600: model cross entropy loss: 16.6 
23800: model cross entropy loss: 15.5 
24000: model cross entropy loss: 15.4 
24200: model cross entropy loss: 16.6 
24400: model cross entropy loss: 15.9 
24600: model cross entropy loss: 16.4 
24800: model cross entropy loss: 15.8 
25000: model cross entropy loss: 16.0 
25200: model cross entropy loss: 16.7 
25400: model cross entropy loss: 15.2 
25600: model cross entropy loss: 17.1 
25800: model cross entropy loss: 15.8 
26000: model cross entropy loss: 15.6 
26200: model cross entropy loss: 15.6 
26400: model cross entropy loss: 15.6 
26600: model cross entropy loss: 16.1 
26800: model cross entropy loss: 15.9 
27000: model cross entropy loss: 15.6 
27200: model cross entropy loss: 15.9 
27400: model cross entropy loss: 15.4 
27600: model cross entropy loss: 15.7 
27800: model cross entropy loss: 15.5 
28000: model cross entropy loss: 16.1 
28200: model cross entropy loss: 15.9 
28400: model cross entropy loss: 15.8 
28600: model cross entropy loss: 15.3 
28800: model cross entropy loss: 15.8 
29000: model cross entropy loss: 15.9 
29200: model cross entropy loss: 15.3 
29400: model cross entropy loss: 15.3 
29600: model cross entropy loss: 15.3 
29800: model cross entropy loss: 16.1 
30000: model cross entropy loss: 15.6 
15.575008392333984 tensor(17.5055)
30000: saving model to /srv/hays-lab/scratch/sanisetty3/music_motion/ATCMG/checkpoints/motion_muse_full/checkpoints
validation start
val/loss tensor(25.2651)
render start
30200: model cross entropy loss: 15.9 
30400: model cross entropy loss: 16.0 
30600: model cross entropy loss: 15.5 
30800: model cross entropy loss: 15.5 
31000: model cross entropy loss: 15.1 
31200: model cross entropy loss: 16.2 
31400: model cross entropy loss: 15.9 
31600: model cross entropy loss: 15.8 
31800: model cross entropy loss: 15.1 
32000: model cross entropy loss: 16.4 
32200: model cross entropy loss: 15.0 
32400: model cross entropy loss: 15.2 
32600: model cross entropy loss: 14.5 
32800: model cross entropy loss: 15.6 
33000: model cross entropy loss: 16.1 
33200: model cross entropy loss: 14.7 
33400: model cross entropy loss: 15.8 
33600: model cross entropy loss: 15.4 
33800: model cross entropy loss: 15.2 
34000: model cross entropy loss: 15.3 
34200: model cross entropy loss: 14.5 
34400: model cross entropy loss: 15.1 
34600: model cross entropy loss: 15.6 
34800: model cross entropy loss: 15.7 
35000: model cross entropy loss: 14.9 
35200: model cross entropy loss: 16.2 
35400: model cross entropy loss: 15.5 
35600: model cross entropy loss: 14.4 
35800: model cross entropy loss: 15.1 
36000: model cross entropy loss: 15.3 
36200: model cross entropy loss: 14.5 
36400: model cross entropy loss: 14.8 
36600: model cross entropy loss: 15.0 
36800: model cross entropy loss: 14.9 
37000: model cross entropy loss: 13.8 
37200: model cross entropy loss: 15.4 
37400: model cross entropy loss: 14.6 
37600: model cross entropy loss: 14.1 
37800: model cross entropy loss: 15.0 
38000: model cross entropy loss: 14.8 
38200: model cross entropy loss: 15.2 
38400: model cross entropy loss: 15.1 
38600: model cross entropy loss: 15.8 
38800: model cross entropy loss: 15.7 
39000: model cross entropy loss: 13.8 
39200: model cross entropy loss: 15.4 
39400: model cross entropy loss: 16.3 
39600: model cross entropy loss: 14.3 
39800: model cross entropy loss: 14.9 
40000: model cross entropy loss: 14.1 
14.083061218261719 tensor(15.5750)
40000: saving model to /srv/hays-lab/scratch/sanisetty3/music_motion/ATCMG/checkpoints/motion_muse_full/checkpoints
validation start
val/loss tensor(25.0496)
render start
40200: model cross entropy loss: 14.9 
40400: model cross entropy loss: 14.8 
40600: model cross entropy loss: 13.7 
40800: model cross entropy loss: 15.5 
41000: model cross entropy loss: 15.2 
41200: model cross entropy loss: 13.8 
41400: model cross entropy loss: 14.1 
41600: model cross entropy loss: 14.7 
41800: model cross entropy loss: 15.8 
42000: model cross entropy loss: 14.2 
42200: model cross entropy loss: 14.3 
42400: model cross entropy loss: 14.7 
42600: model cross entropy loss: 14.0 
42800: model cross entropy loss: 13.7 
43000: model cross entropy loss: 14.8 
43200: model cross entropy loss: 15.1 
43400: model cross entropy loss: 14.2 
43600: model cross entropy loss: 14.2 
43800: model cross entropy loss: 14.0 
44000: model cross entropy loss: 15.1 
44200: model cross entropy loss: 14.8 
44400: model cross entropy loss: 14.3 
44600: model cross entropy loss: 15.3 
44800: model cross entropy loss: 14.2 
45000: model cross entropy loss: 14.7 
45200: model cross entropy loss: 14.8 
45400: model cross entropy loss: 14.8 
45600: model cross entropy loss: 14.5 
45800: model cross entropy loss: 14.8 
46000: model cross entropy loss: 14.1 
46200: model cross entropy loss: 12.9 
46400: model cross entropy loss: 14.4 
46600: model cross entropy loss: 13.7 
46800: model cross entropy loss: 14.9 
47000: model cross entropy loss: 14.0 
47200: model cross entropy loss: 14.9 
47400: model cross entropy loss: 13.7 
47600: model cross entropy loss: 14.5 
47800: model cross entropy loss: 13.7 
48000: model cross entropy loss: 15.4 
48200: model cross entropy loss: 14.9 
48400: model cross entropy loss: 14.0 
48600: model cross entropy loss: 14.1 
48800: model cross entropy loss: 14.8 
49000: model cross entropy loss: 14.2 
49200: model cross entropy loss: 13.8 
49400: model cross entropy loss: 13.7 
49600: model cross entropy loss: 14.5 
49800: model cross entropy loss: 14.2 
50000: model cross entropy loss: 13.4 
13.408245086669922 tensor(14.0831)
50000: saving model to /srv/hays-lab/scratch/sanisetty3/music_motion/ATCMG/checkpoints/motion_muse_full/checkpoints
validation start
val/loss tensor(25.4541)
render start
50200: model cross entropy loss: 14.1 
50400: model cross entropy loss: 14.4 
50600: model cross entropy loss: 14.0 
50800: model cross entropy loss: 14.1 
51000: model cross entropy loss: 13.7 
51200: model cross entropy loss: 13.5 
51400: model cross entropy loss: 13.7 
51600: model cross entropy loss: 14.5 
51800: model cross entropy loss: 13.8 
52000: model cross entropy loss: 14.2 
52200: model cross entropy loss: 14.4 
52400: model cross entropy loss: 14.1 
52600: model cross entropy loss: 14.9 
52800: model cross entropy loss: 14.3 
53000: model cross entropy loss: 13.8 
53200: model cross entropy loss: 13.3 
53400: model cross entropy loss: 15.3 
53600: model cross entropy loss: 15.2 
53800: model cross entropy loss: 15.1 
54000: model cross entropy loss: 13.3 
54200: model cross entropy loss: 14.4 
54400: model cross entropy loss: 14.4 
54600: model cross entropy loss: 13.8 
54800: model cross entropy loss: 13.8 
55000: model cross entropy loss: 13.7 
55200: model cross entropy loss: 13.4 
55400: model cross entropy loss: 14.1 
55600: model cross entropy loss: 13.8 
55800: model cross entropy loss: 13.4 
56000: model cross entropy loss: 13.1 
56200: model cross entropy loss: 13.3 
56400: model cross entropy loss: 13.5 
56600: model cross entropy loss: 14.4 
56800: model cross entropy loss: 13.4 
57000: model cross entropy loss: 13.4 
57200: model cross entropy loss: 12.8 
57400: model cross entropy loss: 14.6 
57600: model cross entropy loss: 13.4 
57800: model cross entropy loss: 13.1 
58000: model cross entropy loss: 13.7 
58200: model cross entropy loss: 13.8 
58400: model cross entropy loss: 13.6 
58600: model cross entropy loss: 14.5 
58800: model cross entropy loss: 13.7 
59000: model cross entropy loss: 14.5 
59200: model cross entropy loss: 13.7 
59400: model cross entropy loss: 14.6 
59600: model cross entropy loss: 13.8 
59800: model cross entropy loss: 13.2 
60000: model cross entropy loss: 14.6 
14.590792655944824 tensor(13.4082)
60000: saving model to /srv/hays-lab/scratch/sanisetty3/music_motion/ATCMG/checkpoints/motion_muse_full/checkpoints
validation start
val/loss tensor(24.7505)
render start
60200: model cross entropy loss: 12.7 
60400: model cross entropy loss: 13.0 
60600: model cross entropy loss: 13.1 
60800: model cross entropy loss: 13.5 
61000: model cross entropy loss: 14.3 
61200: model cross entropy loss: 14.4 
61400: model cross entropy loss: 13.4 
61600: model cross entropy loss: 12.2 
61800: model cross entropy loss: 14.2 
62000: model cross entropy loss: 13.4 
62200: model cross entropy loss: 13.7 
62400: model cross entropy loss: 13.7 
62600: model cross entropy loss: 13.5 
62800: model cross entropy loss: 14.1 
63000: model cross entropy loss: 13.7 
63200: model cross entropy loss: 13.3 
63400: model cross entropy loss: 12.8 
63600: model cross entropy loss: 13.1 
63800: model cross entropy loss: 13.3 
64000: model cross entropy loss: 13.0 
64200: model cross entropy loss: 13.7 
64400: model cross entropy loss: 13.9 
64600: model cross entropy loss: 12.4 
64800: model cross entropy loss: 13.1 
65000: model cross entropy loss: 14.3 
65200: model cross entropy loss: 14.1 
65400: model cross entropy loss: 14.2 
65600: model cross entropy loss: 13.4 
65800: model cross entropy loss: 13.4 
66000: model cross entropy loss: 12.6 
66200: model cross entropy loss: 13.2 
66400: model cross entropy loss: 14.1 
66600: model cross entropy loss: 14.2 
66800: model cross entropy loss: 14.2 
67000: model cross entropy loss: 13.7 
67200: model cross entropy loss: 13.0 
67400: model cross entropy loss: 12.9 
67600: model cross entropy loss: 12.6 
67800: model cross entropy loss: 12.9 
68000: model cross entropy loss: 12.9 
68200: model cross entropy loss: 13.4 
68400: model cross entropy loss: 12.9 
68600: model cross entropy loss: 13.4 
68800: model cross entropy loss: 12.8 
69000: model cross entropy loss: 13.1 
69200: model cross entropy loss: 13.2 
69400: model cross entropy loss: 12.2 
69600: model cross entropy loss: 14.2 
69800: model cross entropy loss: 13.5 
70000: model cross entropy loss: 14.1 
14.114177703857422 tensor(13.4082)
70000: saving model to /srv/hays-lab/scratch/sanisetty3/music_motion/ATCMG/checkpoints/motion_muse_full/checkpoints
validation start
val/loss tensor(25.7063)
render start
70200: model cross entropy loss: 12.9 
70400: model cross entropy loss: 14.0 
70600: model cross entropy loss: 13.9 
70800: model cross entropy loss: 12.4 
71000: model cross entropy loss: 13.8 
71200: model cross entropy loss: 13.3 
71400: model cross entropy loss: 12.5 
71600: model cross entropy loss: 13.2 
71800: model cross entropy loss: 13.7 
72000: model cross entropy loss: 14.4 
72200: model cross entropy loss: 13.0 
72400: model cross entropy loss: 13.3 
72600: model cross entropy loss: 13.7 
72800: model cross entropy loss: 13.4 
73000: model cross entropy loss: 13.0 
73200: model cross entropy loss: 14.3 
73400: model cross entropy loss: 13.5 
73600: model cross entropy loss: 12.4 
73800: model cross entropy loss: 13.3 
74000: model cross entropy loss: 12.9 
74200: model cross entropy loss: 13.4 
74400: model cross entropy loss: 13.8 
74600: model cross entropy loss: 12.6 
74800: model cross entropy loss: 12.6 
75000: model cross entropy loss: 12.8 
75200: model cross entropy loss: 13.8 
75400: model cross entropy loss: 13.6 
75600: model cross entropy loss: 12.2 
75800: model cross entropy loss: 13.0 
76000: model cross entropy loss: 12.4 
76200: model cross entropy loss: 13.4 
76400: model cross entropy loss: 13.6 
76600: model cross entropy loss: 13.9 
76800: model cross entropy loss: 12.4 
77000: model cross entropy loss: 13.5 
77200: model cross entropy loss: 12.5 
77400: model cross entropy loss: 12.4 
77600: model cross entropy loss: 13.3 
77800: model cross entropy loss: 12.9 
78000: model cross entropy loss: 12.9 
78200: model cross entropy loss: 12.2 
78400: model cross entropy loss: 13.0 
78600: model cross entropy loss: 12.4 
78800: model cross entropy loss: 12.3 
79000: model cross entropy loss: 12.6 
79200: model cross entropy loss: 13.3 
79400: model cross entropy loss: 14.1 
79600: model cross entropy loss: 13.5 
79800: model cross entropy loss: 13.2 
80000: model cross entropy loss: 14.7 
14.71656322479248 tensor(13.4082)
80000: saving model to /srv/hays-lab/scratch/sanisetty3/music_motion/ATCMG/checkpoints/motion_muse_full/checkpoints
validation start
val/loss tensor(25.7501)
render start
80200: model cross entropy loss: 12.3 
80400: model cross entropy loss: 12.2 
80600: model cross entropy loss: 13.1 
80800: model cross entropy loss: 13.4 
81000: model cross entropy loss: 12.5 
81200: model cross entropy loss: 13.1 
81400: model cross entropy loss: 13.3 
81600: model cross entropy loss: 13.0 
81800: model cross entropy loss: 12.2 
82000: model cross entropy loss: 12.7 
82200: model cross entropy loss: 13.2 
82400: model cross entropy loss: 12.9 
82600: model cross entropy loss: 12.2 
82800: model cross entropy loss: 13.2 
83000: model cross entropy loss: 12.1 
83200: model cross entropy loss: 12.6 
83400: model cross entropy loss: 12.9 
83600: model cross entropy loss: 12.6 
83800: model cross entropy loss: 11.5 
84000: model cross entropy loss: 13.9 
84200: model cross entropy loss: 11.8 
84400: model cross entropy loss: 11.4 
84600: model cross entropy loss: 13.2 
84800: model cross entropy loss: 12.4 
85000: model cross entropy loss: 13.5 
85200: model cross entropy loss: 12.7 
85400: model cross entropy loss: 13.7 
85600: model cross entropy loss: 12.2 
85800: model cross entropy loss: 13.4 
86000: model cross entropy loss: 12.4 
86200: model cross entropy loss: 13.4 
86400: model cross entropy loss: 12.9 
86600: model cross entropy loss: 12.8 
86800: model cross entropy loss: 13.1 
87000: model cross entropy loss: 12.5 
87200: model cross entropy loss: 13.0 
87400: model cross entropy loss: 11.8 
87600: model cross entropy loss: 12.0 
87800: model cross entropy loss: 13.5 
88000: model cross entropy loss: 12.7 
88200: model cross entropy loss: 12.2 
88400: model cross entropy loss: 13.9 
88600: model cross entropy loss: 12.4 
88800: model cross entropy loss: 12.7 
89000: model cross entropy loss: 13.1 
89200: model cross entropy loss: 13.6 
89400: model cross entropy loss: 12.3 
89600: model cross entropy loss: 12.9 
89800: model cross entropy loss: 13.4 
90000: model cross entropy loss: 12.6 
12.64371109008789 tensor(13.4082)
90000: saving model to /srv/hays-lab/scratch/sanisetty3/music_motion/ATCMG/checkpoints/motion_muse_full/checkpoints
validation start
val/loss tensor(26.2162)
render start
90200: model cross entropy loss: 12.7 
90400: model cross entropy loss: 12.8 
90600: model cross entropy loss: 12.4 
90800: model cross entropy loss: 13.0 
91000: model cross entropy loss: 12.2 
91200: model cross entropy loss: 12.5 
91400: model cross entropy loss: 11.6 
91600: model cross entropy loss: 11.2 
91800: model cross entropy loss: 12.3 
92000: model cross entropy loss: 12.0 
92200: model cross entropy loss: 13.2 
92400: model cross entropy loss: 12.2 
92600: model cross entropy loss: 13.0 
92800: model cross entropy loss: 12.0 
93000: model cross entropy loss: 11.5 
93200: model cross entropy loss: 13.3 
93400: model cross entropy loss: 11.7 
93600: model cross entropy loss: 12.6 
93800: model cross entropy loss: 12.3 
94000: model cross entropy loss: 12.3 
94200: model cross entropy loss: 12.6 
94400: model cross entropy loss: 12.7 
94600: model cross entropy loss: 12.7 
94800: model cross entropy loss: 12.3 
95000: model cross entropy loss: 11.5 
95200: model cross entropy loss: 11.2 
95400: model cross entropy loss: 13.3 
95600: model cross entropy loss: 12.6 
95800: model cross entropy loss: 11.7 
96000: model cross entropy loss: 11.8 
96200: model cross entropy loss: 12.2 
96400: model cross entropy loss: 12.6 
96600: model cross entropy loss: 12.6 
96800: model cross entropy loss: 13.2 
97000: model cross entropy loss: 11.2 
97200: model cross entropy loss: 11.3 
97400: model cross entropy loss: 12.9 
97600: model cross entropy loss: 13.1 
97800: model cross entropy loss: 12.6 
98000: model cross entropy loss: 12.0 
98200: model cross entropy loss: 12.1 
98400: model cross entropy loss: 11.5 
98600: model cross entropy loss: 12.0 
98800: model cross entropy loss: 12.4 
99000: model cross entropy loss: 12.3 
99200: model cross entropy loss: 11.8 
99400: model cross entropy loss: 11.6 
99600: model cross entropy loss: 12.0 
99800: model cross entropy loss: 11.8 
100000: model cross entropy loss: 11.4 
11.436868667602539 tensor(12.6437)
100000: saving model to /srv/hays-lab/scratch/sanisetty3/music_motion/ATCMG/checkpoints/motion_muse_full/checkpoints
validation start
val/loss tensor(27.0317)
render start
