loading config from: /srv/hays-lab/scratch/sanisetty3/music_motion/ATCMG/checkpoints/motion_muse_body_hands_1024/motion_muse_body_hands_1024.yaml
output_dir:  /srv/hays-lab/scratch/sanisetty3/music_motion/ATCMG/checkpoints/motion_muse_body_hands_1024
attn_dropout: 0.1
audio_input_dim: 128
causal: False
cond_dropout: 0.4
critic_loss_weight: 1.0
custom: True
depth: 10
dim: 512
emb_dropout: 0.1
ff_mult: 4
film: False
film_skip: 3
flash: True
flatten: False
heads: 8
n_q: 3
no_mask_token_prob: 0.3
num_tokens: 1024
post_emb_norm: True
proj_input: False
quality_emb: False
rel_pos: False
spatial: True
text_input_dim: 1024
var_len: False
Non-A100 GPU detected, using math or mem efficient attention if input tensor is on cuda
Total training params: 56.87M
Sync is turned on False
loaded model with  0.036310043185949326 tensor([100000.], device='cuda:0') steps
Sync is turned on False
loaded model with  0.1280589997768402 tensor([110000.], device='cuda:0') steps
Sync is turned on False
loaded model with  0.11951535940170288 tensor([130000.], device='cuda:0') steps
Total number of motions animation: 120 and texts 120
Total number of motions humanml: 49974 and texts 49974
Total number of motions perform: 346 and texts 346
Total number of motions GRAB: 1268 and texts 1268
Total number of motions idea400: 10949 and texts 10949
Total number of motions humman: 314 and texts 314
Total number of motions beat: 1456 and texts 1456
Total number of motions game_motion: 2784 and texts 2784
Total number of motions music: 2865 and texts 2865
Total number of motions aist: 1141 and texts 1141
Total number of motions fitness: 10905 and texts 10905
Total number of motions moyo: 161 and texts 161
Total number of motions choreomaster: 34 and texts 34
Total number of motions dance: 97 and texts 97
Total number of motions kungfu: 827 and texts 827
Total number of motions EgoBody: 900 and texts 900
Total number of motions animation: 2 and texts 2
Total number of motions humanml: 8802 and texts 8802
Total number of motions perform: 16 and texts 16
Total number of motions GRAB: 67 and texts 67
Total number of motions idea400: 577 and texts 577
Total number of motions humman: 20 and texts 20
Total number of motions beat: 162 and texts 162
Total number of motions game_motion: 131 and texts 131
Total number of motions music: 148 and texts 148
Total number of motions aist: 61 and texts 61
Total number of motions fitness: 572 and texts 572
Total number of motions moyo: 9 and texts 9
Total number of motions choreomaster: 2 and texts 2
Total number of motions dance: 7 and texts 7
Total number of motions kungfu: 42 and texts 42
Total number of motions EgoBody: 49 and texts 49
Total number of motions animation: 1 and texts 1
Total number of motions humanml: 3 and texts 3
Total number of motions perform: 2 and texts 2
Total number of motions GRAB: 2 and texts 2
Total number of motions idea400: 2 and texts 2
Total number of motions humman: 1 and texts 1
Total number of motions beat: 1 and texts 1
Total number of motions game_motion: 2 and texts 2
Total number of motions music: 1 and texts 1
Total number of motions aist: 1 and texts 1
Total number of motions fitness: 2 and texts 2
Total number of motions moyo: 2 and texts 2
Total number of motions choreomaster: 2 and texts 2
Total number of motions dance: 1 and texts 1
Total number of motions kungfu: 2 and texts 2
Total number of motions EgoBody: 2 and texts 2
training with training 84141 and test dataset of 10667 and render 27 samples
/srv/hays-lab/scratch/sanisetty3/music_motion/ATCMG/checkpoints/motion_muse_body_hands_1024
0: model cross entropy loss: 39.2 
39.19107437133789 inf
0: saving model to /srv/hays-lab/scratch/sanisetty3/music_motion/ATCMG/checkpoints/motion_muse_body_hands_1024/checkpoints
validation start
val/ce_loss tensor(39.3381)
render start
200: model cross entropy loss: 36.6 
400: model cross entropy loss: 34.6 
600: model cross entropy loss: 31.1 
800: model cross entropy loss: 28.4 
1000: model cross entropy loss: 26.1 
1200: model cross entropy loss: 24.1 
1400: model cross entropy loss: 23.7 
1600: model cross entropy loss: 23.2 
1800: model cross entropy loss: 22.8 
2000: model cross entropy loss: 22.2 
2200: model cross entropy loss: 21.6 
2400: model cross entropy loss: 22.0 
2600: model cross entropy loss: 21.5 
2800: model cross entropy loss: 22.1 
3000: model cross entropy loss: 21.9 
3200: model cross entropy loss: 20.6 
3400: model cross entropy loss: 21.1 
3600: model cross entropy loss: 22.0 
3800: model cross entropy loss: 20.1 
4000: model cross entropy loss: 20.6 
4200: model cross entropy loss: 20.1 
4400: model cross entropy loss: 19.2 
4600: model cross entropy loss: 19.9 
4800: model cross entropy loss: 19.0 
5000: model cross entropy loss: 19.8 
5200: model cross entropy loss: 19.7 
5400: model cross entropy loss: 19.8 
5600: model cross entropy loss: 19.9 
5800: model cross entropy loss: 20.2 
6000: model cross entropy loss: 19.2 
6200: model cross entropy loss: 20.3 
6400: model cross entropy loss: 19.6 
6600: model cross entropy loss: 19.3 
6800: model cross entropy loss: 19.2 
7000: model cross entropy loss: 19.7 
7200: model cross entropy loss: 19.1 
7400: model cross entropy loss: 18.7 
7600: model cross entropy loss: 19.0 
7800: model cross entropy loss: 19.1 
8000: model cross entropy loss: 19.9 
8200: model cross entropy loss: 18.7 
8400: model cross entropy loss: 18.7 
8600: model cross entropy loss: 18.4 
8800: model cross entropy loss: 17.3 
9000: model cross entropy loss: 18.1 
9200: model cross entropy loss: 17.8 
9400: model cross entropy loss: 18.2 
9600: model cross entropy loss: 17.4 
9800: model cross entropy loss: 17.4 
10000: model cross entropy loss: 17.9 
17.937257766723633 tensor(39.1911)
10000: saving model to /srv/hays-lab/scratch/sanisetty3/music_motion/ATCMG/checkpoints/motion_muse_body_hands_1024/checkpoints
validation start
val/ce_loss tensor(28.1482)
render start
10200: model cross entropy loss: 17.6 
10400: model cross entropy loss: 17.3 
10600: model cross entropy loss: 16.7 
10800: model cross entropy loss: 16.5 
11000: model cross entropy loss: 17.3 
11200: model cross entropy loss: 17.9 
11400: model cross entropy loss: 17.3 
11600: model cross entropy loss: 16.2 
11800: model cross entropy loss: 17.0 
12000: model cross entropy loss: 16.3 
12200: model cross entropy loss: 17.2 
12400: model cross entropy loss: 16.5 
12600: model cross entropy loss: 16.7 
12800: model cross entropy loss: 16.3 
13000: model cross entropy loss: 16.1 
13200: model cross entropy loss: 16.8 
13400: model cross entropy loss: 16.4 
13600: model cross entropy loss: 16.3 
13800: model cross entropy loss: 16.1 
14000: model cross entropy loss: 16.5 
14200: model cross entropy loss: 16.4 
14400: model cross entropy loss: 15.3 
14600: model cross entropy loss: 16.8 
14800: model cross entropy loss: 15.7 
15000: model cross entropy loss: 16.2 
15200: model cross entropy loss: 15.6 
15400: model cross entropy loss: 16.3 
15600: model cross entropy loss: 15.7 
15800: model cross entropy loss: 15.7 
16000: model cross entropy loss: 15.2 
16200: model cross entropy loss: 14.8 
16400: model cross entropy loss: 15.1 
16600: model cross entropy loss: 16.5 
16800: model cross entropy loss: 14.9 
17000: model cross entropy loss: 16.0 
17200: model cross entropy loss: 16.7 
17400: model cross entropy loss: 15.2 
17600: model cross entropy loss: 15.9 
17800: model cross entropy loss: 15.1 
18000: model cross entropy loss: 15.4 
18200: model cross entropy loss: 14.4 
18400: model cross entropy loss: 15.7 
18600: model cross entropy loss: 15.8 
18800: model cross entropy loss: 16.4 
19000: model cross entropy loss: 15.4 
19200: model cross entropy loss: 15.6 
19400: model cross entropy loss: 15.2 
19600: model cross entropy loss: 15.1 
19800: model cross entropy loss: 14.4 
20000: model cross entropy loss: 15.2 
15.238273620605469 tensor(17.9373)
20000: saving model to /srv/hays-lab/scratch/sanisetty3/music_motion/ATCMG/checkpoints/motion_muse_body_hands_1024/checkpoints
validation start
val/ce_loss tensor(28.3025)
render start
20200: model cross entropy loss: 15.9 
20400: model cross entropy loss: 14.8 
20600: model cross entropy loss: 15.4 
20800: model cross entropy loss: 14.7 
21000: model cross entropy loss: 15.1 
21200: model cross entropy loss: 14.8 
21400: model cross entropy loss: 15.8 
21600: model cross entropy loss: 14.6 
21800: model cross entropy loss: 14.7 
22000: model cross entropy loss: 15.0 
22200: model cross entropy loss: 15.1 
22400: model cross entropy loss: 14.7 
22600: model cross entropy loss: 14.2 
22800: model cross entropy loss: 14.5 
23000: model cross entropy loss: 14.6 
23200: model cross entropy loss: 14.9 
23400: model cross entropy loss: 14.6 
23600: model cross entropy loss: 14.7 
23800: model cross entropy loss: 14.3 
24000: model cross entropy loss: 15.2 
24200: model cross entropy loss: 15.2 
24400: model cross entropy loss: 15.0 
24600: model cross entropy loss: 14.5 
24800: model cross entropy loss: 15.0 
25000: model cross entropy loss: 14.4 
25200: model cross entropy loss: 15.0 
25400: model cross entropy loss: 14.1 
25600: model cross entropy loss: 14.1 
25800: model cross entropy loss: 14.1 
26000: model cross entropy loss: 15.1 
26200: model cross entropy loss: 13.9 
26400: model cross entropy loss: 14.7 
26600: model cross entropy loss: 14.1 
26800: model cross entropy loss: 14.5 
27000: model cross entropy loss: 14.4 
27200: model cross entropy loss: 14.4 
27400: model cross entropy loss: 14.1 
27600: model cross entropy loss: 14.2 
27800: model cross entropy loss: 14.2 
28000: model cross entropy loss: 14.7 
28200: model cross entropy loss: 14.1 
28400: model cross entropy loss: 14.7 
28600: model cross entropy loss: 13.6 
28800: model cross entropy loss: 15.0 
29000: model cross entropy loss: 14.5 
29200: model cross entropy loss: 14.3 
29400: model cross entropy loss: 14.4 
29600: model cross entropy loss: 13.8 
29800: model cross entropy loss: 14.3 
30000: model cross entropy loss: 12.9 
12.868915557861328 tensor(15.2383)
30000: saving model to /srv/hays-lab/scratch/sanisetty3/music_motion/ATCMG/checkpoints/motion_muse_body_hands_1024/checkpoints
validation start
val/ce_loss tensor(28.7007)
render start
