loading config from: /srv/hays-lab/scratch/sanisetty3/music_motion/ATCMG/checkpoints/motion_muse_body_hands/motion_muse_body_hands.yaml
output_dir:  /srv/hays-lab/scratch/sanisetty3/music_motion/ATCMG/checkpoints/motion_muse_body_hands
Non-A100 GPU detected, using math or mem efficient attention if input tensor is on cuda
Sync is turned on False
loaded model with  0.03015906736254692 tensor([110000.], device='cuda:0') steps
Total number of motions animation: 120 and texts 120
Total number of motions humanml: 49974 and texts 49974
Total number of motions perform: 346 and texts 346
Total number of motions GRAB: 1268 and texts 1268
Total number of motions idea400: 10949 and texts 10949
Total number of motions humman: 314 and texts 314
Total number of motions beat: 1458 and texts 1458
Total number of motions game_motion: 2784 and texts 2784
Total number of motions music: 2865 and texts 2865
Total number of motions aist: 1141 and texts 1141
Total number of motions fitness: 10905 and texts 10905
Total number of motions moyo: 161 and texts 161
Total number of motions choreomaster: 34 and texts 34
Total number of motions dance: 97 and texts 97
Total number of motions kungfu: 827 and texts 827
Total number of motions EgoBody: 900 and texts 900
Total number of motions animation: 2 and texts 2
Total number of motions humanml: 8802 and texts 8802
Total number of motions perform: 16 and texts 16
Total number of motions GRAB: 67 and texts 67
Total number of motions idea400: 577 and texts 577
Total number of motions humman: 20 and texts 20
Total number of motions beat: 162 and texts 162
Total number of motions game_motion: 131 and texts 131
Total number of motions music: 148 and texts 148
Total number of motions aist: 61 and texts 61
Total number of motions fitness: 572 and texts 572
Total number of motions moyo: 9 and texts 9
Total number of motions choreomaster: 2 and texts 2
Total number of motions dance: 7 and texts 7
Total number of motions kungfu: 42 and texts 42
Total number of motions EgoBody: 49 and texts 49
Total number of motions animation: 1 and texts 1
Total number of motions humanml: 3 and texts 3
Total number of motions perform: 2 and texts 2
Total number of motions GRAB: 2 and texts 2
Total number of motions idea400: 2 and texts 2
Total number of motions humman: 1 and texts 1
Total number of motions beat: 1 and texts 1
Total number of motions game_motion: 2 and texts 2
Total number of motions music: 1 and texts 1
Total number of motions aist: 1 and texts 1
Total number of motions fitness: 2 and texts 2
Total number of motions moyo: 2 and texts 2
Total number of motions choreomaster: 2 and texts 2
Total number of motions dance: 1 and texts 1
Total number of motions kungfu: 2 and texts 2
Total number of motions EgoBody: 2 and texts 2
training with training 84143 and test dataset of 10667 and render 27 samples
/srv/hays-lab/scratch/sanisetty3/music_motion/ATCMG/checkpoints/motion_muse_body_hands
0: model cross entropy loss: 6.4 
6.4032487869262695 inf
0: saving model to /srv/hays-lab/scratch/sanisetty3/music_motion/ATCMG/checkpoints/motion_muse_body_hands/checkpoints
validation start
val/ce_loss tensor(6.4067)
render start
200: model cross entropy loss: 5.8 
400: model cross entropy loss: 4.96 
600: model cross entropy loss: 4.26 
800: model cross entropy loss: 3.73 
1000: model cross entropy loss: 3.34 
1200: model cross entropy loss: 3.03 
1400: model cross entropy loss: 2.86 
1600: model cross entropy loss: 2.83 
1800: model cross entropy loss: 2.72 
2000: model cross entropy loss: 2.61 
2200: model cross entropy loss: 2.6 
2400: model cross entropy loss: 2.49 
2600: model cross entropy loss: 2.53 
2800: model cross entropy loss: 2.41 
3000: model cross entropy loss: 2.33 
3200: model cross entropy loss: 2.31 
3400: model cross entropy loss: 2.28 
3600: model cross entropy loss: 2.23 
3800: model cross entropy loss: 2.16 
4000: model cross entropy loss: 2.17 
4200: model cross entropy loss: 2.17 
4400: model cross entropy loss: 2.14 
4600: model cross entropy loss: 2.12 
4800: model cross entropy loss: 2.07 
5000: model cross entropy loss: 2.08 
5200: model cross entropy loss: 1.94 
5400: model cross entropy loss: 2.07 
5600: model cross entropy loss: 2.05 
5800: model cross entropy loss: 1.93 
6000: model cross entropy loss: 1.88 
6200: model cross entropy loss: 1.98 
6400: model cross entropy loss: 1.9 
6600: model cross entropy loss: 1.93 
6800: model cross entropy loss: 2.0 
7000: model cross entropy loss: 1.93 
7200: model cross entropy loss: 1.92 
7400: model cross entropy loss: 1.92 
7600: model cross entropy loss: 1.9 
7800: model cross entropy loss: 1.95 
8000: model cross entropy loss: 1.91 
8200: model cross entropy loss: 1.86 
8400: model cross entropy loss: 1.88 
8600: model cross entropy loss: 1.91 
8800: model cross entropy loss: 1.94 
9000: model cross entropy loss: 1.91 
9200: model cross entropy loss: 1.85 
9400: model cross entropy loss: 1.85 
9600: model cross entropy loss: 1.88 
9800: model cross entropy loss: 1.85 
10000: model cross entropy loss: 1.72 
1.7173017263412476 tensor(6.4032)
10000: saving model to /srv/hays-lab/scratch/sanisetty3/music_motion/ATCMG/checkpoints/motion_muse_body_hands/checkpoints
validation start
val/ce_loss tensor(2.2693)
render start
10200: model cross entropy loss: 1.82 
10400: model cross entropy loss: 1.63 
10600: model cross entropy loss: 1.82 
10800: model cross entropy loss: 1.72 
11000: model cross entropy loss: 1.73 
11200: model cross entropy loss: 1.67 
11400: model cross entropy loss: 1.76 
11600: model cross entropy loss: 1.63 
11800: model cross entropy loss: 1.77 
12000: model cross entropy loss: 1.68 
12200: model cross entropy loss: 1.62 
12400: model cross entropy loss: 1.68 
12600: model cross entropy loss: 1.7 
12800: model cross entropy loss: 1.67 
13000: model cross entropy loss: 1.62 
13200: model cross entropy loss: 1.65 
13400: model cross entropy loss: 1.64 
13600: model cross entropy loss: 1.48 
13800: model cross entropy loss: 1.67 
14000: model cross entropy loss: 1.53 
14200: model cross entropy loss: 1.59 
14400: model cross entropy loss: 1.59 
14600: model cross entropy loss: 1.51 
14800: model cross entropy loss: 1.63 
15000: model cross entropy loss: 1.64 
15200: model cross entropy loss: 1.6 
15400: model cross entropy loss: 1.47 
15600: model cross entropy loss: 1.56 
15800: model cross entropy loss: 1.61 
16000: model cross entropy loss: 1.57 
16200: model cross entropy loss: 1.48 
16400: model cross entropy loss: 1.58 
16600: model cross entropy loss: 1.44 
16800: model cross entropy loss: 1.49 
17000: model cross entropy loss: 1.51 
17200: model cross entropy loss: 1.52 
17400: model cross entropy loss: 1.47 
17600: model cross entropy loss: 1.47 
17800: model cross entropy loss: 1.54 
18000: model cross entropy loss: 1.54 
18200: model cross entropy loss: 1.49 
18400: model cross entropy loss: 1.53 
18600: model cross entropy loss: 1.46 
18800: model cross entropy loss: 1.36 
19000: model cross entropy loss: 1.42 
19200: model cross entropy loss: 1.52 
19400: model cross entropy loss: 1.5 
19600: model cross entropy loss: 1.48 
19800: model cross entropy loss: 1.49 
20000: model cross entropy loss: 1.41 
1.4087861776351929 tensor(1.7173)
20000: saving model to /srv/hays-lab/scratch/sanisetty3/music_motion/ATCMG/checkpoints/motion_muse_body_hands/checkpoints
validation start
val/ce_loss tensor(1.9721)
render start
