/coc/flash5/sanisetty3/miniconda3/envs/tgm3d/lib/python3.9/site-packages/torch/nn/utils/weight_norm.py:28: UserWarning: torch.nn.utils.weight_norm is deprecated in favor of torch.nn.utils.parametrizations.weight_norm.
  warnings.warn("torch.nn.utils.weight_norm is deprecated in favor of torch.nn.utils.parametrizations.weight_norm.")
Could not find image processor class in the image processor config or the model config. Loading based on pattern matching with the model's feature extractor configuration. Please open a PR/issue to update `preprocessor_config.json` to use `image_processor_type` instead of `feature_extractor_type`. This warning will be removed in v4.40.
wandb: Currently logged in as: sohananisetty (ai-choreo). Use `wandb login --relogin` to force relogin
wandb: wandb version 0.16.6 is available!  To upgrade, please run:
wandb:  $ pip install wandb --upgrade
wandb: Tracking run with wandb version 0.16.2
wandb: Run data is saved locally in /coc/scratch/sanisetty3/music_motion/ATCMG/wandb/run-20240404_111638-pv9rm51u
wandb: Run `wandb offline` to turn off syncing.
wandb: Syncing run volcanic-butterfly-4
wandb:  View project at https://wandb.ai/ai-choreo/motion_muse_hands
wandb:  View run at https://wandb.ai/ai-choreo/motion_muse_hands/runs/pv9rm51u
Traceback (most recent call last):
  File "/srv/hays-lab/scratch/sanisetty3/music_motion/ATCMG/train_hands.py", line 22, in <module>
    trainer.train(cfg.train.resume)
  File "/coc/scratch/sanisetty3/music_motion/ATCMG/ctl/trainer_muse.py", line 621, in train
    gt_motion,
  File "/coc/scratch/sanisetty3/music_motion/ATCMG/ctl/trainer_muse.py", line 355, in train_step
    out = self.motion_muse(
  File "/coc/flash5/sanisetty3/miniconda3/envs/tgm3d/lib/python3.9/site-packages/torch/nn/modules/module.py", line 1511, in _wrapped_call_impl
    return self._call_impl(*args, **kwargs)
  File "/coc/flash5/sanisetty3/miniconda3/envs/tgm3d/lib/python3.9/site-packages/torch/nn/modules/module.py", line 1520, in _call_impl
    return forward_call(*args, **kwargs)
  File "/coc/scratch/sanisetty3/music_motion/ATCMG/core/models/generation/muse.py", line 1490, in forward
    out: LMOutput = self.model(
  File "/coc/flash5/sanisetty3/miniconda3/envs/tgm3d/lib/python3.9/site-packages/torch/nn/modules/module.py", line 1511, in _wrapped_call_impl
    return self._call_impl(*args, **kwargs)
  File "/coc/flash5/sanisetty3/miniconda3/envs/tgm3d/lib/python3.9/site-packages/torch/nn/modules/module.py", line 1520, in _call_impl
    return forward_call(*args, **kwargs)
  File "/coc/scratch/sanisetty3/music_motion/ATCMG/core/models/generation/muse.py", line 781, in forward
    input_ = self.project_input(input_)
  File "/coc/flash5/sanisetty3/miniconda3/envs/tgm3d/lib/python3.9/site-packages/torch/nn/modules/module.py", line 1511, in _wrapped_call_impl
    return self._call_impl(*args, **kwargs)
  File "/coc/flash5/sanisetty3/miniconda3/envs/tgm3d/lib/python3.9/site-packages/torch/nn/modules/module.py", line 1520, in _call_impl
    return forward_call(*args, **kwargs)
  File "/coc/flash5/sanisetty3/miniconda3/envs/tgm3d/lib/python3.9/site-packages/torch/nn/modules/linear.py", line 116, in forward
    return F.linear(input, self.weight, self.bias)
RuntimeError: mat1 and mat2 shapes cannot be multiplied (6000x512 and 1024x512)
wandb: WARNING No program path found, not creating job artifact. See https://docs.wandb.ai/guides/launch/create-job
wandb: - 0.014 MB of 0.014 MB uploadedwandb:  View run volcanic-butterfly-4 at: https://wandb.ai/ai-choreo/motion_muse_hands/runs/pv9rm51u
wandb: Synced 5 W&B file(s), 0 media file(s), 0 artifact file(s) and 0 other file(s)
wandb: Find logs at: ./wandb/run-20240404_111638-pv9rm51u/logs
srun: error: crushinator: task 0: Exited with exit code 1
srun: Terminating StepId=848236.0
