loading config from: /srv/hays-lab/scratch/sanisetty3/music_motion/ACMG/checkpoints/motion_bert/motion_bert.yaml
output_dir:  /srv/hays-lab/scratch/sanisetty3/music_motion/ACMG/checkpoints/motion_bert
cls_token_id: 1025
conv_kernel_size: 5
depth: 6
dim: 512
dropout: 0.1
heads: 8
hidden_size: 768
mask_span: 8
mask_token_id: 1026
max_motion_seconds: 12
mlm_probability: 0.2
pad_token_id: 1024
target: core.models.motionBERT.motion_bert.BERTFORMER
vocab_size: 1027
vqvae_downsample: 4
Total training params: 42.35M
Total number of motions animation: 291
Total number of motions humanml: 19834
Total number of motions perform: 416
Total number of motions GRAB: 1268
Total number of motions idea400: 11412
Total number of motions humman: 634
Total number of motions beat: 2151
Total number of motions game_motion: 8203
Total number of motions music: 3175
Total number of motions aist: 1286
Total number of motions fitness: 15396
Total number of motions moyo: 161
Total number of motions choreomaster: 34
Total number of motions dance: 126
Total number of motions kungfu: 906
Total number of motions EgoBody: 931
Total number of motions HAA500: 3189
Total number of motions animation: 14
Total number of motions humanml: 3510
Total number of motions perform: 21
Total number of motions GRAB: 67
Total number of motions idea400: 594
Total number of motions humman: 36
Total number of motions beat: 114
Total number of motions game_motion: 419
Total number of motions music: 170
Total number of motions aist: 68
Total number of motions fitness: 805
Total number of motions moyo: 9
Total number of motions choreomaster: 2
Total number of motions dance: 8
Total number of motions kungfu: 47
Total number of motions EgoBody: 49
Total number of motions HAA500: 155
Total number of motions animation: 2
Total number of motions humanml: 2
Total number of motions perform: 2
Total number of motions GRAB: 2
Total number of motions idea400: 2
Total number of motions humman: 2
Total number of motions beat: 2
Total number of motions game_motion: 2
Total number of motions music: 2
Total number of motions aist: 2
Total number of motions fitness: 2
Total number of motions moyo: 2
Total number of motions choreomaster: 2
Total number of motions dance: 1
Total number of motions kungfu: 2
Total number of motions EgoBody: 2
Total number of motions HAA500: 0
training with training 69413 and test dataset of  and  6088 samples and render of  31
/srv/hays-lab/scratch/sanisetty3/music_motion/ACMG/checkpoints/motion_bert
0: bert model total loss: 7.1 correct_percent: 0.0009722222457639873
validation start
val/correct_percent tensor(0.0008)
val/total_loss  tensor(7.0845)
7.09878396987915 inf
0: saving model to /srv/hays-lab/scratch/sanisetty3/music_motion/ACMG/checkpoints/motion_bert/checkpoints
100: bert model total loss: 6.96 correct_percent: 0.0015833333600312471
200: bert model total loss: 6.71 correct_percent: 0.021861111745238304
300: bert model total loss: 6.34 correct_percent: 0.07397222518920898
400: bert model total loss: 5.98 correct_percent: 0.11911111325025558
500: bert model total loss: 5.7 correct_percent: 0.16344444453716278
600: bert model total loss: 5.03 correct_percent: 0.21525000035762787
700: bert model total loss: 4.93 correct_percent: 0.2522222101688385
800: bert model total loss: 4.55 correct_percent: 0.24994444847106934
900: bert model total loss: 4.13 correct_percent: 0.2965555489063263
1000: bert model total loss: 3.99 correct_percent: 0.316055566072464
1100: bert model total loss: 3.71 correct_percent: 0.34244444966316223
1200: bert model total loss: 3.32 correct_percent: 0.36727777123451233
1300: bert model total loss: 3.77 correct_percent: 0.33827778697013855
1400: bert model total loss: 3.36 correct_percent: 0.36580556631088257
1500: bert model total loss: 3.0 correct_percent: 0.3928055465221405
1600: bert model total loss: 3.0 correct_percent: 0.3798888921737671
1700: bert model total loss: 3.31 correct_percent: 0.36605554819107056
1800: bert model total loss: 3.43 correct_percent: 0.3716111183166504
1900: bert model total loss: 3.16 correct_percent: 0.3843333423137665
2000: bert model total loss: 2.95 correct_percent: 0.43022221326828003
2100: bert model total loss: 3.07 correct_percent: 0.42669445276260376
2200: bert model total loss: 2.94 correct_percent: 0.4334166646003723
2300: bert model total loss: 3.31 correct_percent: 0.40622222423553467
2400: bert model total loss: 2.77 correct_percent: 0.4311666786670685
2500: bert model total loss: 2.78 correct_percent: 0.4180000126361847
2600: bert model total loss: 2.72 correct_percent: 0.42149999737739563
2700: bert model total loss: 2.59 correct_percent: 0.453166663646698
2800: bert model total loss: 2.72 correct_percent: 0.4227222204208374
2900: bert model total loss: 2.53 correct_percent: 0.4425555467605591
3000: bert model total loss: 2.79 correct_percent: 0.4034166634082794
3100: bert model total loss: 2.6 correct_percent: 0.47216665744781494
3200: bert model total loss: 2.43 correct_percent: 0.4573333263397217
3300: bert model total loss: 2.3 correct_percent: 0.4635833203792572
3400: bert model total loss: 2.37 correct_percent: 0.4516388773918152
3500: bert model total loss: 2.49 correct_percent: 0.4336666762828827
3600: bert model total loss: 2.63 correct_percent: 0.4214722216129303
3700: bert model total loss: 2.65 correct_percent: 0.4104166626930237
3800: bert model total loss: 2.23 correct_percent: 0.4903055429458618
3900: bert model total loss: 2.54 correct_percent: 0.41716668009757996
4000: bert model total loss: 2.37 correct_percent: 0.4303611218929291
4100: bert model total loss: 2.24 correct_percent: 0.4776666760444641
4200: bert model total loss: 2.31 correct_percent: 0.4499444365501404
4300: bert model total loss: 2.24 correct_percent: 0.46266666054725647
4400: bert model total loss: 2.34 correct_percent: 0.45641666650772095
4500: bert model total loss: 1.99 correct_percent: 0.4534166753292084
4600: bert model total loss: 2.4 correct_percent: 0.4399999976158142
4700: bert model total loss: 2.03 correct_percent: 0.4893333315849304
4800: bert model total loss: 2.44 correct_percent: 0.4099999964237213
4900: bert model total loss: 2.2 correct_percent: 0.4192500114440918
5000: bert model total loss: 1.93 correct_percent: 0.4632222354412079
5100: bert model total loss: 2.24 correct_percent: 0.4304722249507904
5200: bert model total loss: 2.17 correct_percent: 0.45063889026641846
5300: bert model total loss: 1.87 correct_percent: 0.456722229719162
5400: bert model total loss: 2.22 correct_percent: 0.40450000762939453
5500: bert model total loss: 2.37 correct_percent: 0.4026666581630707
5600: bert model total loss: 2.06 correct_percent: 0.4382222294807434
5700: bert model total loss: 2.12 correct_percent: 0.437416672706604
5800: bert model total loss: 2.02 correct_percent: 0.42250001430511475
5900: bert model total loss: 1.85 correct_percent: 0.4358888864517212
6000: bert model total loss: 1.98 correct_percent: 0.47386109828948975
6100: bert model total loss: 2.34 correct_percent: 0.3758888840675354
6200: bert model total loss: 1.88 correct_percent: 0.4343055486679077
6300: bert model total loss: 1.93 correct_percent: 0.4602222144603729
6400: bert model total loss: 2.15 correct_percent: 0.3876388967037201
6500: bert model total loss: 1.89 correct_percent: 0.4454444348812103
6600: bert model total loss: 1.89 correct_percent: 0.4168333411216736
6700: bert model total loss: 2.01 correct_percent: 0.4129999876022339
6800: bert model total loss: 1.95 correct_percent: 0.4442499876022339
6900: bert model total loss: 1.79 correct_percent: 0.4418888986110687
7000: bert model total loss: 1.98 correct_percent: 0.4203055500984192
7100: bert model total loss: 1.58 correct_percent: 0.4528055489063263
7200: bert model total loss: 1.61 correct_percent: 0.47172221541404724
7300: bert model total loss: 1.75 correct_percent: 0.4534444510936737
7400: bert model total loss: 1.75 correct_percent: 0.44325000047683716
7500: bert model total loss: 1.58 correct_percent: 0.5007222294807434
7600: bert model total loss: 1.63 correct_percent: 0.45350000262260437
7700: bert model total loss: 1.78 correct_percent: 0.44991666078567505
7800: bert model total loss: 1.73 correct_percent: 0.4233333468437195
7900: bert model total loss: 1.58 correct_percent: 0.45063889026641846
8000: bert model total loss: 1.67 correct_percent: 0.46799999475479126
8100: bert model total loss: 1.62 correct_percent: 0.4537777900695801
8200: bert model total loss: 1.43 correct_percent: 0.457361102104187
8300: bert model total loss: 1.51 correct_percent: 0.4732777774333954
8400: bert model total loss: 1.8 correct_percent: 0.429583340883255
8500: bert model total loss: 1.58 correct_percent: 0.44688889384269714
8600: bert model total loss: 1.6 correct_percent: 0.45811110734939575
8700: bert model total loss: 1.66 correct_percent: 0.4581388831138611
8800: bert model total loss: 1.39 correct_percent: 0.4897777736186981
8900: bert model total loss: 1.45 correct_percent: 0.4494999945163727
9000: bert model total loss: 1.38 correct_percent: 0.47769445180892944
9100: bert model total loss: 1.37 correct_percent: 0.48252779245376587
9200: bert model total loss: 1.62 correct_percent: 0.43566668033599854
9300: bert model total loss: 1.59 correct_percent: 0.441527783870697
9400: bert model total loss: 1.7 correct_percent: 0.41608333587646484
9500: bert model total loss: 1.66 correct_percent: 0.4400833249092102
9600: bert model total loss: 1.59 correct_percent: 0.45152777433395386
9700: bert model total loss: 1.4 correct_percent: 0.4702777862548828
9800: bert model total loss: 1.39 correct_percent: 0.4462222158908844
9900: bert model total loss: 1.34 correct_percent: 0.4359999895095825
10000: bert model total loss: 1.14 correct_percent: 0.5027777552604675
validation start
val/correct_percent tensor(0.3692)
val/total_loss  tensor(3.5911)
1.142792820930481 tensor(7.0988)
10000: saving model to /srv/hays-lab/scratch/sanisetty3/music_motion/ACMG/checkpoints/motion_bert/checkpoints
10100: bert model total loss: 1.42 correct_percent: 0.4675000011920929
10200: bert model total loss: 1.6 correct_percent: 0.42302778363227844
10300: bert model total loss: 1.38 correct_percent: 0.4491666555404663
10400: bert model total loss: 1.49 correct_percent: 0.43736112117767334
10500: bert model total loss: 1.32 correct_percent: 0.46202778816223145
10600: bert model total loss: 1.51 correct_percent: 0.43638888001441956
10700: bert model total loss: 1.47 correct_percent: 0.45274999737739563
10800: bert model total loss: 1.28 correct_percent: 0.4589722156524658
10900: bert model total loss: 1.47 correct_percent: 0.43594443798065186
11000: bert model total loss: 1.28 correct_percent: 0.4555833339691162
11100: bert model total loss: 1.3 correct_percent: 0.4642222225666046
11200: bert model total loss: 1.27 correct_percent: 0.45136111974716187
11300: bert model total loss: 1.5 correct_percent: 0.41858333349227905
11400: bert model total loss: 1.55 correct_percent: 0.4598610997200012
11500: bert model total loss: 1.17 correct_percent: 0.48161110281944275
11600: bert model total loss: 1.41 correct_percent: 0.44511112570762634
11700: bert model total loss: 1.47 correct_percent: 0.4419444501399994
11800: bert model total loss: 1.1 correct_percent: 0.4624166786670685
11900: bert model total loss: 1.2 correct_percent: 0.4732777774333954
12000: bert model total loss: 1.27 correct_percent: 0.4409444332122803
12100: bert model total loss: 1.38 correct_percent: 0.4428333342075348
12200: bert model total loss: 1.4 correct_percent: 0.4351666569709778
12300: bert model total loss: 1.23 correct_percent: 0.46094444394111633
12400: bert model total loss: 1.32 correct_percent: 0.4707777798175812
12500: bert model total loss: 1.21 correct_percent: 0.41499999165534973
12600: bert model total loss: 1.26 correct_percent: 0.441305547952652
12700: bert model total loss: 1.2 correct_percent: 0.4845277667045593
12800: bert model total loss: 1.19 correct_percent: 0.45169445872306824
12900: bert model total loss: 1.17 correct_percent: 0.464722216129303
13000: bert model total loss: 1.26 correct_percent: 0.42091667652130127
13100: bert model total loss: 1.22 correct_percent: 0.4490833282470703
13200: bert model total loss: 1.32 correct_percent: 0.4193611145019531
13300: bert model total loss: 1.29 correct_percent: 0.4381944537162781
13400: bert model total loss: 1.28 correct_percent: 0.42363888025283813
13500: bert model total loss: 1.18 correct_percent: 0.47450000047683716
13600: bert model total loss: 1.37 correct_percent: 0.4628888964653015
13700: bert model total loss: 1.39 correct_percent: 0.414000004529953
13800: bert model total loss: 1.1 correct_percent: 0.47794443368911743
13900: bert model total loss: 1.41 correct_percent: 0.42277777194976807
14000: bert model total loss: 1.2 correct_percent: 0.4658888876438141
14100: bert model total loss: 0.875 correct_percent: 0.48355555534362793
14200: bert model total loss: 1.31 correct_percent: 0.43166667222976685
14300: bert model total loss: 1.06 correct_percent: 0.44716668128967285
14400: bert model total loss: 1.25 correct_percent: 0.4391111135482788
14500: bert model total loss: 0.894 correct_percent: 0.4779166579246521
14600: bert model total loss: 1.34 correct_percent: 0.4247500002384186
14700: bert model total loss: 1.24 correct_percent: 0.43113890290260315
14800: bert model total loss: 1.25 correct_percent: 0.4661666750907898
14900: bert model total loss: 1.08 correct_percent: 0.45491665601730347
15000: bert model total loss: 0.898 correct_percent: 0.48358333110809326
15100: bert model total loss: 1.03 correct_percent: 0.47566667199134827
15200: bert model total loss: 1.05 correct_percent: 0.4850277900695801
15300: bert model total loss: 0.943 correct_percent: 0.47886112332344055
15400: bert model total loss: 1.18 correct_percent: 0.4467499852180481
15500: bert model total loss: 0.869 correct_percent: 0.4786388874053955
15600: bert model total loss: 0.833 correct_percent: 0.5013055801391602
15700: bert model total loss: 0.925 correct_percent: 0.47477778792381287
15800: bert model total loss: 0.852 correct_percent: 0.48786109685897827
15900: bert model total loss: 1.25 correct_percent: 0.42747223377227783
16000: bert model total loss: 0.869 correct_percent: 0.4456111192703247
16100: bert model total loss: 1.14 correct_percent: 0.46050000190734863
16200: bert model total loss: 1.18 correct_percent: 0.4502499997615814
16300: bert model total loss: 1.0 correct_percent: 0.4652499854564667
16400: bert model total loss: 0.992 correct_percent: 0.4789166748523712
16500: bert model total loss: 0.959 correct_percent: 0.45427778363227844
16600: bert model total loss: 0.977 correct_percent: 0.4740833342075348
16700: bert model total loss: 1.22 correct_percent: 0.4506666660308838
16800: bert model total loss: 0.994 correct_percent: 0.4593333303928375
16900: bert model total loss: 0.959 correct_percent: 0.4519444406032562
17000: bert model total loss: 1.2 correct_percent: 0.4620555639266968
17100: bert model total loss: 1.12 correct_percent: 0.4601111114025116
17200: bert model total loss: 1.24 correct_percent: 0.42838889360427856
17300: bert model total loss: 1.15 correct_percent: 0.4133055508136749
17400: bert model total loss: 0.839 correct_percent: 0.4717499911785126
17500: bert model total loss: 1.01 correct_percent: 0.45500001311302185
17600: bert model total loss: 1.14 correct_percent: 0.42791667580604553
17700: bert model total loss: 1.38 correct_percent: 0.42233332991600037
17800: bert model total loss: 1.15 correct_percent: 0.45100000500679016
17900: bert model total loss: 1.15 correct_percent: 0.4243888854980469
18000: bert model total loss: 0.966 correct_percent: 0.46727776527404785
18100: bert model total loss: 0.955 correct_percent: 0.45919445157051086
18200: bert model total loss: 0.781 correct_percent: 0.46088889241218567
18300: bert model total loss: 0.81 correct_percent: 0.491611123085022
18400: bert model total loss: 1.05 correct_percent: 0.46674999594688416
18500: bert model total loss: 1.01 correct_percent: 0.46922221779823303
18600: bert model total loss: 0.83 correct_percent: 0.4780277907848358
18700: bert model total loss: 1.13 correct_percent: 0.45936110615730286
18800: bert model total loss: 0.972 correct_percent: 0.4809444546699524
18900: bert model total loss: 1.21 correct_percent: 0.41644445061683655
19000: bert model total loss: 0.772 correct_percent: 0.4838055670261383
19100: bert model total loss: 1.01 correct_percent: 0.4890555441379547
19200: bert model total loss: 1.17 correct_percent: 0.4101666808128357
19300: bert model total loss: 0.829 correct_percent: 0.4823611080646515
19400: bert model total loss: 0.851 correct_percent: 0.4569166600704193
19500: bert model total loss: 0.729 correct_percent: 0.45497220754623413
19600: bert model total loss: 0.888 correct_percent: 0.4588888883590698
19700: bert model total loss: 0.885 correct_percent: 0.4748055636882782
19800: bert model total loss: 1.08 correct_percent: 0.40469443798065186
19900: bert model total loss: 1.03 correct_percent: 0.45794445276260376
20000: bert model total loss: 1.14 correct_percent: 0.44225001335144043
validation start
val/correct_percent tensor(0.3648)
val/total_loss  tensor(4.0457)
1.1376687288284302 tensor(1.1428)
20000: saving model to /srv/hays-lab/scratch/sanisetty3/music_motion/ACMG/checkpoints/motion_bert/checkpoints
20100: bert model total loss: 0.911 correct_percent: 0.4516388773918152
20200: bert model total loss: 1.04 correct_percent: 0.4364166557788849
20300: bert model total loss: 0.825 correct_percent: 0.4551944434642792
20400: bert model total loss: 0.972 correct_percent: 0.46024999022483826
20500: bert model total loss: 0.883 correct_percent: 0.48330554366111755
20600: bert model total loss: 0.895 correct_percent: 0.4668610990047455
20700: bert model total loss: 0.94 correct_percent: 0.4394722282886505
20800: bert model total loss: 0.903 correct_percent: 0.46202778816223145
20900: bert model total loss: 1.07 correct_percent: 0.4351944327354431
21000: bert model total loss: 0.85 correct_percent: 0.4673333466053009
21100: bert model total loss: 1.18 correct_percent: 0.4336666762828827
21200: bert model total loss: 1.1 correct_percent: 0.4334999918937683
21300: bert model total loss: 0.589 correct_percent: 0.5008055567741394
21400: bert model total loss: 0.869 correct_percent: 0.4887777864933014
21500: bert model total loss: 0.887 correct_percent: 0.46202778816223145
21600: bert model total loss: 0.991 correct_percent: 0.4226111173629761
21700: bert model total loss: 0.83 correct_percent: 0.4546111226081848
21800: bert model total loss: 0.987 correct_percent: 0.44983333349227905
21900: bert model total loss: 0.912 correct_percent: 0.47099998593330383
22000: bert model total loss: 0.872 correct_percent: 0.46994444727897644
22100: bert model total loss: 1.04 correct_percent: 0.433222234249115
22200: bert model total loss: 0.763 correct_percent: 0.48091667890548706
22300: bert model total loss: 0.943 correct_percent: 0.45152777433395386
22400: bert model total loss: 0.814 correct_percent: 0.48661109805107117
22500: bert model total loss: 0.953 correct_percent: 0.42750000953674316
22600: bert model total loss: 0.772 correct_percent: 0.4708888828754425
22700: bert model total loss: 0.811 correct_percent: 0.46577778458595276
22800: bert model total loss: 1.05 correct_percent: 0.41144445538520813
22900: bert model total loss: 0.898 correct_percent: 0.43886110186576843
23000: bert model total loss: 1.01 correct_percent: 0.43772223591804504
23100: bert model total loss: 0.872 correct_percent: 0.4721944332122803
23200: bert model total loss: 0.858 correct_percent: 0.46441665291786194
23300: bert model total loss: 0.864 correct_percent: 0.4579166769981384
23400: bert model total loss: 1.0 correct_percent: 0.4621666669845581
23500: bert model total loss: 0.734 correct_percent: 0.4615555703639984
23600: bert model total loss: 0.902 correct_percent: 0.4484444558620453
23700: bert model total loss: 0.741 correct_percent: 0.5087777972221375
23800: bert model total loss: 0.997 correct_percent: 0.43763887882232666
23900: bert model total loss: 0.904 correct_percent: 0.44297221302986145
24000: bert model total loss: 0.845 correct_percent: 0.4620555639266968
24100: bert model total loss: 0.943 correct_percent: 0.4455833435058594
24200: bert model total loss: 0.75 correct_percent: 0.4797777831554413
24300: bert model total loss: 0.602 correct_percent: 0.49141666293144226
24400: bert model total loss: 0.961 correct_percent: 0.4379444420337677
24500: bert model total loss: 0.934 correct_percent: 0.4272777736186981
24600: bert model total loss: 0.85 correct_percent: 0.4685555696487427
24700: bert model total loss: 0.631 correct_percent: 0.4976666569709778
24800: bert model total loss: 0.905 correct_percent: 0.4174722135066986
24900: bert model total loss: 0.711 correct_percent: 0.4856666624546051
25000: bert model total loss: 0.68 correct_percent: 0.48641666769981384
25100: bert model total loss: 0.568 correct_percent: 0.5004166960716248
25200: bert model total loss: 1.02 correct_percent: 0.41672220826148987
25300: bert model total loss: 0.764 correct_percent: 0.48786109685897827
25400: bert model total loss: 0.726 correct_percent: 0.4409722089767456
25500: bert model total loss: 0.483 correct_percent: 0.5022777915000916
25600: bert model total loss: 0.892 correct_percent: 0.44316667318344116
25700: bert model total loss: 0.548 correct_percent: 0.4795833230018616
25800: bert model total loss: 0.802 correct_percent: 0.4385555684566498
25900: bert model total loss: 0.677 correct_percent: 0.4713055491447449
26000: bert model total loss: 0.62 correct_percent: 0.47744444012641907
26100: bert model total loss: 0.981 correct_percent: 0.4167500138282776
26200: bert model total loss: 0.826 correct_percent: 0.4501666724681854
26300: bert model total loss: 0.935 correct_percent: 0.43974998593330383
26400: bert model total loss: 0.539 correct_percent: 0.47458332777023315
26500: bert model total loss: 0.701 correct_percent: 0.4489166736602783
26600: bert model total loss: 0.912 correct_percent: 0.4265555441379547
26700: bert model total loss: 0.611 correct_percent: 0.4866389036178589
26800: bert model total loss: 0.855 correct_percent: 0.4640277922153473
26900: bert model total loss: 0.891 correct_percent: 0.441305547952652
27000: bert model total loss: 0.981 correct_percent: 0.4325833320617676
27100: bert model total loss: 0.843 correct_percent: 0.45491665601730347
27200: bert model total loss: 0.841 correct_percent: 0.42925000190734863
27300: bert model total loss: 0.58 correct_percent: 0.4788888990879059
27400: bert model total loss: 0.642 correct_percent: 0.46272221207618713
27500: bert model total loss: 0.704 correct_percent: 0.4333333373069763
27600: bert model total loss: 0.79 correct_percent: 0.47350001335144043
27700: bert model total loss: 0.576 correct_percent: 0.5049999952316284
27800: bert model total loss: 0.866 correct_percent: 0.4528055489063263
27900: bert model total loss: 0.812 correct_percent: 0.42933332920074463
28000: bert model total loss: 0.756 correct_percent: 0.4718888998031616
28100: bert model total loss: 0.657 correct_percent: 0.4887777864933014
28200: bert model total loss: 0.672 correct_percent: 0.476749986410141
28300: bert model total loss: 0.886 correct_percent: 0.4184722304344177
28400: bert model total loss: 0.755 correct_percent: 0.46566668152809143
28500: bert model total loss: 0.691 correct_percent: 0.44119444489479065
28600: bert model total loss: 0.857 correct_percent: 0.44316667318344116
28700: bert model total loss: 0.714 correct_percent: 0.4952777922153473
28800: bert model total loss: 0.899 correct_percent: 0.4404166638851166
28900: bert model total loss: 0.757 correct_percent: 0.4667777717113495
29000: bert model total loss: 0.846 correct_percent: 0.4313611090183258
29100: bert model total loss: 0.851 correct_percent: 0.44252777099609375
29200: bert model total loss: 0.848 correct_percent: 0.4780833423137665
29300: bert model total loss: 0.787 correct_percent: 0.47102779150009155
29400: bert model total loss: 0.593 correct_percent: 0.5014444589614868
29500: bert model total loss: 0.66 correct_percent: 0.46122223138809204
29600: bert model total loss: 0.777 correct_percent: 0.4557499885559082
29700: bert model total loss: 0.757 correct_percent: 0.44975000619888306
29800: bert model total loss: 0.829 correct_percent: 0.4630277752876282
29900: bert model total loss: 0.755 correct_percent: 0.44475001096725464
30000: bert model total loss: 0.641 correct_percent: 0.47147223353385925
validation start
val/correct_percent tensor(0.3838)
val/total_loss  tensor(3.6821)
0.6405153870582581 tensor(1.1377)
30000: saving model to /srv/hays-lab/scratch/sanisetty3/music_motion/ACMG/checkpoints/motion_bert/checkpoints
30100: bert model total loss: 0.656 correct_percent: 0.4945000112056732
30200: bert model total loss: 0.729 correct_percent: 0.4728333353996277
30300: bert model total loss: 0.711 correct_percent: 0.4923610985279083
30400: bert model total loss: 0.666 correct_percent: 0.4385555684566498
30500: bert model total loss: 0.731 correct_percent: 0.43969443440437317
30600: bert model total loss: 0.608 correct_percent: 0.4742499887943268
30700: bert model total loss: 0.594 correct_percent: 0.504194438457489
30800: bert model total loss: 0.767 correct_percent: 0.43816667795181274
30900: bert model total loss: 0.667 correct_percent: 0.4667222201824188
31000: bert model total loss: 0.62 correct_percent: 0.4654722213745117
31100: bert model total loss: 0.793 correct_percent: 0.42536109685897827
31200: bert model total loss: 0.637 correct_percent: 0.4658888876438141
31300: bert model total loss: 0.705 correct_percent: 0.4503333270549774
31400: bert model total loss: 0.727 correct_percent: 0.4682222306728363
31500: bert model total loss: 0.672 correct_percent: 0.4769444465637207
31600: bert model total loss: 0.661 correct_percent: 0.47038888931274414
31700: bert model total loss: 0.663 correct_percent: 0.4888888895511627
31800: bert model total loss: 0.868 correct_percent: 0.42508333921432495
31900: bert model total loss: 0.773 correct_percent: 0.4562777876853943
32000: bert model total loss: 0.541 correct_percent: 0.4914444386959076
32100: bert model total loss: 0.705 correct_percent: 0.4568333327770233
32200: bert model total loss: 0.775 correct_percent: 0.41216665506362915
32300: bert model total loss: 0.684 correct_percent: 0.4702777862548828
32400: bert model total loss: 0.817 correct_percent: 0.421916663646698
32500: bert model total loss: 0.823 correct_percent: 0.42936110496520996
32600: bert model total loss: 0.71 correct_percent: 0.4470277726650238
32700: bert model total loss: 0.67 correct_percent: 0.46194443106651306
32800: bert model total loss: 0.699 correct_percent: 0.4561111032962799
32900: bert model total loss: 0.691 correct_percent: 0.4555833339691162
33000: bert model total loss: 0.973 correct_percent: 0.43497222661972046
33100: bert model total loss: 0.681 correct_percent: 0.4591389000415802
33200: bert model total loss: 0.808 correct_percent: 0.4363611042499542
33300: bert model total loss: 0.936 correct_percent: 0.4485277831554413
33400: bert model total loss: 0.597 correct_percent: 0.5027222037315369
33500: bert model total loss: 0.806 correct_percent: 0.4269166588783264
33600: bert model total loss: 0.662 correct_percent: 0.47361111640930176
33700: bert model total loss: 0.504 correct_percent: 0.4961666762828827
33800: bert model total loss: 0.584 correct_percent: 0.4628888964653015
33900: bert model total loss: 0.61 correct_percent: 0.48258334398269653
34000: bert model total loss: 0.523 correct_percent: 0.472638875246048
34100: bert model total loss: 0.546 correct_percent: 0.48500001430511475
34200: bert model total loss: 0.831 correct_percent: 0.4339999854564667
34300: bert model total loss: 0.532 correct_percent: 0.4594166576862335
34400: bert model total loss: 0.672 correct_percent: 0.4785555601119995
34500: bert model total loss: 0.658 correct_percent: 0.46094444394111633
34600: bert model total loss: 0.877 correct_percent: 0.4330555498600006
34700: bert model total loss: 0.587 correct_percent: 0.47011110186576843
34800: bert model total loss: 0.611 correct_percent: 0.44563889503479004
34900: bert model total loss: 0.533 correct_percent: 0.48386111855506897
35000: bert model total loss: 0.791 correct_percent: 0.42855554819107056
35100: bert model total loss: 0.689 correct_percent: 0.4425833225250244
35200: bert model total loss: 0.659 correct_percent: 0.4805833399295807
35300: bert model total loss: 0.619 correct_percent: 0.4724999964237213
35400: bert model total loss: 0.632 correct_percent: 0.4693610966205597
35500: bert model total loss: 0.598 correct_percent: 0.44822221994400024
35600: bert model total loss: 0.568 correct_percent: 0.464555561542511
35700: bert model total loss: 0.75 correct_percent: 0.43291667103767395
35800: bert model total loss: 0.647 correct_percent: 0.4789166748523712
35900: bert model total loss: 0.822 correct_percent: 0.45875000953674316
36000: bert model total loss: 0.621 correct_percent: 0.4820833206176758
36100: bert model total loss: 0.757 correct_percent: 0.4221944510936737
36200: bert model total loss: 0.61 correct_percent: 0.4548611044883728
36300: bert model total loss: 0.766 correct_percent: 0.45616665482521057
36400: bert model total loss: 0.632 correct_percent: 0.46747222542762756
36500: bert model total loss: 0.641 correct_percent: 0.44111111760139465
36600: bert model total loss: 0.666 correct_percent: 0.4711666703224182
36700: bert model total loss: 0.454 correct_percent: 0.46763888001441956
36800: bert model total loss: 0.82 correct_percent: 0.42180556058883667
36900: bert model total loss: 0.803 correct_percent: 0.4294166564941406
37000: bert model total loss: 0.475 correct_percent: 0.4828333258628845
37100: bert model total loss: 0.699 correct_percent: 0.43227776885032654
37200: bert model total loss: 0.683 correct_percent: 0.43122223019599915
37300: bert model total loss: 0.599 correct_percent: 0.48055556416511536
37400: bert model total loss: 0.481 correct_percent: 0.4965555667877197
37500: bert model total loss: 0.395 correct_percent: 0.5142499804496765
37600: bert model total loss: 0.634 correct_percent: 0.4580833315849304
37700: bert model total loss: 0.435 correct_percent: 0.4798055589199066
37800: bert model total loss: 0.702 correct_percent: 0.45730555057525635
37900: bert model total loss: 0.557 correct_percent: 0.4656388759613037
38000: bert model total loss: 0.509 correct_percent: 0.5103055834770203
38100: bert model total loss: 0.664 correct_percent: 0.48616665601730347
38200: bert model total loss: 0.519 correct_percent: 0.49086111783981323
38300: bert model total loss: 0.719 correct_percent: 0.457361102104187
38400: bert model total loss: 0.526 correct_percent: 0.48225000500679016
38500: bert model total loss: 0.366 correct_percent: 0.5058611035346985
38600: bert model total loss: 0.522 correct_percent: 0.4829166531562805
38700: bert model total loss: 0.625 correct_percent: 0.42750000953674316
38800: bert model total loss: 0.54 correct_percent: 0.47200000286102295
38900: bert model total loss: 0.761 correct_percent: 0.41002777218818665
39000: bert model total loss: 0.601 correct_percent: 0.4566666781902313
39100: bert model total loss: 0.717 correct_percent: 0.44805556535720825
39200: bert model total loss: 0.626 correct_percent: 0.460750013589859
39300: bert model total loss: 0.637 correct_percent: 0.47511109709739685
39400: bert model total loss: 0.648 correct_percent: 0.46263888478279114
39500: bert model total loss: 0.688 correct_percent: 0.44261109828948975
39600: bert model total loss: 0.688 correct_percent: 0.4471944570541382
39700: bert model total loss: 0.797 correct_percent: 0.41491666436195374
39800: bert model total loss: 0.694 correct_percent: 0.46711111068725586
39900: bert model total loss: 0.684 correct_percent: 0.42100000381469727
40000: bert model total loss: 0.685 correct_percent: 0.441777765750885
validation start
val/correct_percent tensor(0.4028)
val/total_loss  tensor(3.8662)
0.6850083470344543 tensor(0.6405)
40000: saving model to /srv/hays-lab/scratch/sanisetty3/music_motion/ACMG/checkpoints/motion_bert/checkpoints
40100: bert model total loss: 0.603 correct_percent: 0.4714166522026062
40200: bert model total loss: 0.55 correct_percent: 0.484250009059906
40300: bert model total loss: 0.581 correct_percent: 0.4750833213329315
40400: bert model total loss: 0.403 correct_percent: 0.5234166383743286
40500: bert model total loss: 0.558 correct_percent: 0.4615555703639984
40600: bert model total loss: 0.682 correct_percent: 0.43272221088409424
40700: bert model total loss: 0.67 correct_percent: 0.47841668128967285
40800: bert model total loss: 0.681 correct_percent: 0.43016666173934937
40900: bert model total loss: 0.617 correct_percent: 0.45391666889190674
41000: bert model total loss: 0.681 correct_percent: 0.46222221851348877
41100: bert model total loss: 0.505 correct_percent: 0.4657500088214874
41200: bert model total loss: 0.608 correct_percent: 0.48286110162734985
41300: bert model total loss: 0.601 correct_percent: 0.4466666579246521
41400: bert model total loss: 0.587 correct_percent: 0.4273611009120941
41500: bert model total loss: 0.507 correct_percent: 0.4751666784286499
41600: bert model total loss: 0.521 correct_percent: 0.49194443225860596
41700: bert model total loss: 0.737 correct_percent: 0.445416659116745
41800: bert model total loss: 0.748 correct_percent: 0.45311111211776733
41900: bert model total loss: 0.582 correct_percent: 0.445499986410141
42000: bert model total loss: 0.554 correct_percent: 0.464472234249115
42100: bert model total loss: 0.571 correct_percent: 0.47616666555404663
42200: bert model total loss: 0.529 correct_percent: 0.49969443678855896
42300: bert model total loss: 0.595 correct_percent: 0.4310833215713501
42400: bert model total loss: 0.444 correct_percent: 0.49958333373069763
42500: bert model total loss: 0.568 correct_percent: 0.4781944453716278
42600: bert model total loss: 0.594 correct_percent: 0.47547221183776855
42700: bert model total loss: 0.622 correct_percent: 0.4546111226081848
42800: bert model total loss: 0.386 correct_percent: 0.49944445490837097
42900: bert model total loss: 0.476 correct_percent: 0.5022777915000916
43000: bert model total loss: 0.689 correct_percent: 0.4544999897480011
43100: bert model total loss: 0.672 correct_percent: 0.42925000190734863
43200: bert model total loss: 0.477 correct_percent: 0.4974444508552551
43300: bert model total loss: 0.658 correct_percent: 0.4508333206176758
43400: bert model total loss: 0.676 correct_percent: 0.4467499852180481
43500: bert model total loss: 0.637 correct_percent: 0.43372222781181335
43600: bert model total loss: 0.423 correct_percent: 0.4855000078678131
43700: bert model total loss: 0.524 correct_percent: 0.46994444727897644
43800: bert model total loss: 0.59 correct_percent: 0.464805543422699
43900: bert model total loss: 0.478 correct_percent: 0.4942777752876282
44000: bert model total loss: 0.611 correct_percent: 0.4662777781486511
44100: bert model total loss: 0.661 correct_percent: 0.4493333399295807
44200: bert model total loss: 0.509 correct_percent: 0.47922220826148987
44300: bert model total loss: 0.588 correct_percent: 0.4628611207008362
44400: bert model total loss: 0.473 correct_percent: 0.4811944365501404
44500: bert model total loss: 0.47 correct_percent: 0.4901388883590698
44600: bert model total loss: 0.433 correct_percent: 0.4932500123977661
44700: bert model total loss: 0.563 correct_percent: 0.4355277717113495
44800: bert model total loss: 0.5 correct_percent: 0.49436110258102417
44900: bert model total loss: 0.508 correct_percent: 0.48516666889190674
45000: bert model total loss: 0.561 correct_percent: 0.46013888716697693
45100: bert model total loss: 0.639 correct_percent: 0.4481666684150696
45200: bert model total loss: 0.406 correct_percent: 0.49274998903274536
45300: bert model total loss: 0.429 correct_percent: 0.4934166669845581
45400: bert model total loss: 0.446 correct_percent: 0.46344444155693054
45500: bert model total loss: 0.565 correct_percent: 0.4673333466053009
45600: bert model total loss: 0.527 correct_percent: 0.47886112332344055
45700: bert model total loss: 0.476 correct_percent: 0.4941944479942322
45800: bert model total loss: 0.453 correct_percent: 0.5036944150924683
45900: bert model total loss: 0.549 correct_percent: 0.45305556058883667
46000: bert model total loss: 0.611 correct_percent: 0.4500277638435364
46100: bert model total loss: 0.643 correct_percent: 0.4516666531562805
46200: bert model total loss: 0.543 correct_percent: 0.49183332920074463
46300: bert model total loss: 0.429 correct_percent: 0.49436110258102417
46400: bert model total loss: 0.579 correct_percent: 0.4440000057220459
46500: bert model total loss: 0.701 correct_percent: 0.4426388740539551
46600: bert model total loss: 0.571 correct_percent: 0.43291667103767395
46700: bert model total loss: 0.621 correct_percent: 0.4353611171245575
46800: bert model total loss: 0.44 correct_percent: 0.49202778935432434
46900: bert model total loss: 0.62 correct_percent: 0.4618888795375824
47000: bert model total loss: 0.673 correct_percent: 0.4342777729034424
47100: bert model total loss: 0.561 correct_percent: 0.4641388952732086
47200: bert model total loss: 0.663 correct_percent: 0.4549444317817688
47300: bert model total loss: 0.474 correct_percent: 0.46336111426353455
47400: bert model total loss: 0.534 correct_percent: 0.4715000092983246
47500: bert model total loss: 0.511 correct_percent: 0.488055557012558
47600: bert model total loss: 0.491 correct_percent: 0.4656111001968384
47700: bert model total loss: 0.416 correct_percent: 0.4878055453300476
47800: bert model total loss: 0.457 correct_percent: 0.47111111879348755
47900: bert model total loss: 0.498 correct_percent: 0.4894999861717224
48000: bert model total loss: 0.594 correct_percent: 0.45472222566604614
48100: bert model total loss: 0.609 correct_percent: 0.4335833191871643
48200: bert model total loss: 0.664 correct_percent: 0.4740833342075348
48300: bert model total loss: 0.6 correct_percent: 0.46966665983200073
48400: bert model total loss: 0.364 correct_percent: 0.49549999833106995
48500: bert model total loss: 0.548 correct_percent: 0.4732777774333954
48600: bert model total loss: 0.5 correct_percent: 0.47163888812065125
48700: bert model total loss: 0.463 correct_percent: 0.5032222270965576
48800: bert model total loss: 0.524 correct_percent: 0.48463889956474304
48900: bert model total loss: 0.474 correct_percent: 0.4681110978126526
49000: bert model total loss: 0.594 correct_percent: 0.45205554366111755
49100: bert model total loss: 0.554 correct_percent: 0.441694438457489
49200: bert model total loss: 0.517 correct_percent: 0.4800555408000946
49300: bert model total loss: 0.492 correct_percent: 0.4824444353580475
49400: bert model total loss: 0.667 correct_percent: 0.4467777907848358
49500: bert model total loss: 0.417 correct_percent: 0.5134999752044678
49600: bert model total loss: 0.549 correct_percent: 0.43005555868148804
49700: bert model total loss: 0.555 correct_percent: 0.48108333349227905
49800: bert model total loss: 0.484 correct_percent: 0.47636112570762634
49900: bert model total loss: 0.445 correct_percent: 0.4968611001968384
50000: bert model total loss: 0.515 correct_percent: 0.4737222194671631
validation start
val/correct_percent tensor(0.3999)
val/total_loss  tensor(3.8599)
0.5154315233230591 tensor(0.6405)
50000: saving model to /srv/hays-lab/scratch/sanisetty3/music_motion/ACMG/checkpoints/motion_bert/checkpoints
50100: bert model total loss: 0.569 correct_percent: 0.42783331871032715
50200: bert model total loss: 0.339 correct_percent: 0.5055833458900452
50300: bert model total loss: 0.531 correct_percent: 0.4662777781486511
50400: bert model total loss: 0.617 correct_percent: 0.49044445157051086
50500: bert model total loss: 0.517 correct_percent: 0.5007500052452087
50600: bert model total loss: 0.551 correct_percent: 0.44527778029441833
50700: bert model total loss: 0.398 correct_percent: 0.4934999942779541
50800: bert model total loss: 0.552 correct_percent: 0.4699166715145111
50900: bert model total loss: 0.521 correct_percent: 0.4542222321033478
51000: bert model total loss: 0.436 correct_percent: 0.46872222423553467
51100: bert model total loss: 0.643 correct_percent: 0.46452778577804565
51200: bert model total loss: 0.506 correct_percent: 0.46844443678855896
51300: bert model total loss: 0.528 correct_percent: 0.49549999833106995
51400: bert model total loss: 0.588 correct_percent: 0.44580554962158203
51500: bert model total loss: 0.633 correct_percent: 0.4360833466053009
51600: bert model total loss: 0.697 correct_percent: 0.4000833332538605
51700: bert model total loss: 0.515 correct_percent: 0.4494166672229767
51800: bert model total loss: 0.592 correct_percent: 0.4355555474758148
51900: bert model total loss: 0.575 correct_percent: 0.4719722270965576
52000: bert model total loss: 0.525 correct_percent: 0.4611110985279083
52100: bert model total loss: 0.521 correct_percent: 0.4389166533946991
52200: bert model total loss: 0.592 correct_percent: 0.44600000977516174
52300: bert model total loss: 0.444 correct_percent: 0.46966665983200073
52400: bert model total loss: 0.589 correct_percent: 0.43575000762939453
52500: bert model total loss: 0.667 correct_percent: 0.4129166603088379
52600: bert model total loss: 0.596 correct_percent: 0.46097221970558167
52700: bert model total loss: 0.496 correct_percent: 0.461083322763443
52800: bert model total loss: 0.524 correct_percent: 0.476500004529953
52900: bert model total loss: 0.608 correct_percent: 0.4480000138282776
53000: bert model total loss: 0.351 correct_percent: 0.48705556988716125
53100: bert model total loss: 0.624 correct_percent: 0.46549999713897705
53200: bert model total loss: 0.422 correct_percent: 0.4647499918937683
53300: bert model total loss: 0.611 correct_percent: 0.4295555651187897
53400: bert model total loss: 0.532 correct_percent: 0.47741666436195374
53500: bert model total loss: 0.668 correct_percent: 0.44624999165534973
53600: bert model total loss: 0.503 correct_percent: 0.45488888025283813
53700: bert model total loss: 0.5 correct_percent: 0.4576944410800934
53800: bert model total loss: 0.632 correct_percent: 0.4356110990047455
53900: bert model total loss: 0.536 correct_percent: 0.4768333435058594
54000: bert model total loss: 0.454 correct_percent: 0.4660833477973938
54100: bert model total loss: 0.466 correct_percent: 0.4945000112056732
54200: bert model total loss: 0.399 correct_percent: 0.5015555620193481
54300: bert model total loss: 0.542 correct_percent: 0.4937500059604645
54400: bert model total loss: 0.518 correct_percent: 0.45916667580604553
54500: bert model total loss: 0.418 correct_percent: 0.47966668009757996
54600: bert model total loss: 0.448 correct_percent: 0.48472222685813904
54700: bert model total loss: 0.44 correct_percent: 0.48802778124809265
54800: bert model total loss: 0.357 correct_percent: 0.4830833375453949
54900: bert model total loss: 0.556 correct_percent: 0.44563889503479004
55000: bert model total loss: 0.363 correct_percent: 0.47200000286102295
55100: bert model total loss: 0.347 correct_percent: 0.5066666603088379
55200: bert model total loss: 0.522 correct_percent: 0.42238888144493103
55300: bert model total loss: 0.578 correct_percent: 0.4816666543483734
55400: bert model total loss: 0.622 correct_percent: 0.46844443678855896
55500: bert model total loss: 0.536 correct_percent: 0.47913888096809387
55600: bert model total loss: 0.433 correct_percent: 0.4507777690887451
55700: bert model total loss: 0.556 correct_percent: 0.43691667914390564
55800: bert model total loss: 0.49 correct_percent: 0.44155555963516235
55900: bert model total loss: 0.411 correct_percent: 0.4779166579246521
56000: bert model total loss: 0.532 correct_percent: 0.44208332896232605
56100: bert model total loss: 0.504 correct_percent: 0.4745555520057678
56200: bert model total loss: 0.468 correct_percent: 0.4792777895927429
56300: bert model total loss: 0.464 correct_percent: 0.4640555679798126
56400: bert model total loss: 0.448 correct_percent: 0.4627777636051178
56500: bert model total loss: 0.499 correct_percent: 0.4418611228466034
56600: bert model total loss: 0.46 correct_percent: 0.4971388876438141
56700: bert model total loss: 0.437 correct_percent: 0.504111111164093
56800: bert model total loss: 0.52 correct_percent: 0.44477778673171997
56900: bert model total loss: 0.425 correct_percent: 0.5027222037315369
57000: bert model total loss: 0.413 correct_percent: 0.445166677236557
57100: bert model total loss: 0.585 correct_percent: 0.4323333203792572
57200: bert model total loss: 0.696 correct_percent: 0.4312500059604645
57300: bert model total loss: 0.536 correct_percent: 0.4649166762828827
57400: bert model total loss: 0.624 correct_percent: 0.45419445633888245
57500: bert model total loss: 0.518 correct_percent: 0.4860277771949768
57600: bert model total loss: 0.468 correct_percent: 0.48758333921432495
57700: bert model total loss: 0.6 correct_percent: 0.4681110978126526
57800: bert model total loss: 0.56 correct_percent: 0.45008334517478943
57900: bert model total loss: 0.306 correct_percent: 0.5118333101272583
58000: bert model total loss: 0.377 correct_percent: 0.5091666579246521
58100: bert model total loss: 0.512 correct_percent: 0.4294166564941406
58200: bert model total loss: 0.504 correct_percent: 0.48258334398269653
58300: bert model total loss: 0.546 correct_percent: 0.44886112213134766
58400: bert model total loss: 0.482 correct_percent: 0.4827499985694885
58500: bert model total loss: 0.519 correct_percent: 0.46005555987358093
58600: bert model total loss: 0.414 correct_percent: 0.4859166741371155
58700: bert model total loss: 0.431 correct_percent: 0.48580554127693176
58800: bert model total loss: 0.573 correct_percent: 0.43700000643730164
58900: bert model total loss: 0.494 correct_percent: 0.4515555500984192
59000: bert model total loss: 0.413 correct_percent: 0.512499988079071
59100: bert model total loss: 0.303 correct_percent: 0.5017222166061401
59200: bert model total loss: 0.615 correct_percent: 0.4414166808128357
59300: bert model total loss: 0.445 correct_percent: 0.4862777888774872
59400: bert model total loss: 0.544 correct_percent: 0.4790833294391632
59500: bert model total loss: 0.483 correct_percent: 0.4945833384990692
59600: bert model total loss: 0.418 correct_percent: 0.48961111903190613
59700: bert model total loss: 0.504 correct_percent: 0.468833327293396
59800: bert model total loss: 0.6 correct_percent: 0.4248611032962799
59900: bert model total loss: 0.625 correct_percent: 0.4248333275318146
60000: bert model total loss: 0.321 correct_percent: 0.5223610997200012
validation start
val/correct_percent tensor(0.4217)
val/total_loss  tensor(4.1874)
0.32133740186691284 tensor(0.5154)
60000: saving model to /srv/hays-lab/scratch/sanisetty3/music_motion/ACMG/checkpoints/motion_bert/checkpoints
training complete
