loading config from: /srv/hays-lab/scratch/sanisetty3/music_motion/ATCMG/checkpoints/vqvae/vqvae_right_hand_1024/vqvae_right_hand_1024.yaml
output_dir:  /srv/hays-lab/scratch/sanisetty3/music_motion/ATCMG/checkpoints/vqvae/vqvae_right_hand_1024
codebook_dim: 256
codebook_size: 1024
commit: 0.25
conv_kernel_size: 5
depth: 3
dim: 512
down_sampling_ratio: 4
dropout: 0.1
heads: 8
kmeans_iters: None
loss_motion: 2.0
loss_vel: 1.0
motion_dim: 180
nb_joints: 15
num_quantizers: 2
quantize_dropout_prob: 0.0
rearrange_output: False
recons_loss: l1_smooth
sample_codebook_temp: 0.1
shared_codebook: False
target: core.models.resnetVQ.vqvae.HumanVQVAE2
use_geodesic_loss: False
use_simple_loss: True
Sync is turned on False
Total training params: 18.40M
Total number of motions animation: 120
Total number of motions humanml: 16730
Total number of motions perform: 346
Total number of motions GRAB: 1268
Total number of motions idea400: 10946
Total number of motions humman: 314
Total number of motions beat: 1458
Total number of motions game_motion: 2780
Total number of motions music: 2865
Total number of motions aist: 1141
Total number of motions fitness: 10902
Total number of motions moyo: 161
Total number of motions choreomaster: 34
Total number of motions dance: 97
Total number of motions kungfu: 827
Total number of motions EgoBody: 916
Total number of motions animation: 2
Total number of motions humanml: 2944
Total number of motions perform: 16
Total number of motions GRAB: 67
Total number of motions idea400: 577
Total number of motions humman: 19
Total number of motions beat: 162
Total number of motions game_motion: 130
Total number of motions music: 148
Total number of motions aist: 61
Total number of motions fitness: 572
Total number of motions moyo: 9
Total number of motions choreomaster: 2
Total number of motions dance: 7
Total number of motions kungfu: 42
Total number of motions EgoBody: 49
Total number of motions animation: 1
Total number of motions humanml: 1
Total number of motions perform: 2
Total number of motions GRAB: 2
Total number of motions idea400: 2
Total number of motions humman: 1
Total number of motions beat: 1
Total number of motions game_motion: 2
Total number of motions music: 1
Total number of motions aist: 1
Total number of motions fitness: 2
Total number of motions moyo: 2
Total number of motions choreomaster: 2
Total number of motions dance: 1
Total number of motions kungfu: 2
Total number of motions EgoBody: 2
training with training 50905 and test dataset of  and  4807 samples and render of  25
/srv/hays-lab/scratch/sanisetty3/music_motion/ATCMG/checkpoints/vqvae/vqvae_right_hand_1024
resuming from  /srv/hays-lab/scratch/sanisetty3/music_motion/ATCMG/checkpoints/vqvae/vqvae_right_hand_1024/vqvae_motion.pt
loaded model with  0.11951535940170288 tensor([130000.], device='cuda:0') steps
130000: vqvae model total loss: 0.137 reconstruction loss: 0.0488 commit_loss: 0.158 codebook usage: 812.0737915039062
0.13701649010181427 tensor(0.1195, device='cuda:0')
130000: saving model to /srv/hays-lab/scratch/sanisetty3/music_motion/ATCMG/checkpoints/vqvae/vqvae_right_hand_1024/checkpoints
130200: vqvae model total loss: 0.133 reconstruction loss: 0.0466 commit_loss: 0.159 codebook usage: 793.9863891601562
130400: vqvae model total loss: 0.126 reconstruction loss: 0.0434 commit_loss: 0.158 codebook usage: 786.1403198242188
130600: vqvae model total loss: 0.125 reconstruction loss: 0.0436 commit_loss: 0.152 codebook usage: 784.3912963867188
130800: vqvae model total loss: 0.13 reconstruction loss: 0.0456 commit_loss: 0.156 codebook usage: 778.8621215820312
131000: vqvae model total loss: 0.128 reconstruction loss: 0.0448 commit_loss: 0.156 codebook usage: 797.2927856445312
131200: vqvae model total loss: 0.138 reconstruction loss: 0.0478 commit_loss: 0.168 codebook usage: 801.8801879882812
131400: vqvae model total loss: 0.12 reconstruction loss: 0.0418 commit_loss: 0.147 codebook usage: 781.9041748046875
131600: vqvae model total loss: 0.128 reconstruction loss: 0.0448 commit_loss: 0.154 codebook usage: 792.4873657226562
131800: vqvae model total loss: 0.123 reconstruction loss: 0.0424 commit_loss: 0.154 codebook usage: 775.5948486328125
132000: vqvae model total loss: 0.129 reconstruction loss: 0.0448 commit_loss: 0.159 codebook usage: 777.489990234375
132200: vqvae model total loss: 0.133 reconstruction loss: 0.0468 commit_loss: 0.158 codebook usage: 790.5938110351562
132400: vqvae model total loss: 0.126 reconstruction loss: 0.0438 commit_loss: 0.155 codebook usage: 762.1742553710938
132600: vqvae model total loss: 0.136 reconstruction loss: 0.0475 commit_loss: 0.165 codebook usage: 806.2838134765625
132800: vqvae model total loss: 0.133 reconstruction loss: 0.0461 commit_loss: 0.165 codebook usage: 784.1025390625
133000: vqvae model total loss: 0.149 reconstruction loss: 0.0521 commit_loss: 0.177 codebook usage: 795.2022705078125
133200: vqvae model total loss: 0.149 reconstruction loss: 0.0522 commit_loss: 0.176 codebook usage: 748.7197875976562
133400: vqvae model total loss: 0.131 reconstruction loss: 0.0463 commit_loss: 0.155 codebook usage: 780.90673828125
133600: vqvae model total loss: 0.151 reconstruction loss: 0.053 commit_loss: 0.178 codebook usage: 795.3789672851562
133800: vqvae model total loss: 0.142 reconstruction loss: 0.0499 commit_loss: 0.17 codebook usage: 776.8310546875
134000: vqvae model total loss: 0.151 reconstruction loss: 0.0537 commit_loss: 0.175 codebook usage: 795.9010009765625
134200: vqvae model total loss: 0.14 reconstruction loss: 0.0497 commit_loss: 0.161 codebook usage: 797.9180297851562
134400: vqvae model total loss: 0.149 reconstruction loss: 0.052 commit_loss: 0.18 codebook usage: 789.8782958984375
134600: vqvae model total loss: 0.138 reconstruction loss: 0.0487 commit_loss: 0.161 codebook usage: 770.25
134800: vqvae model total loss: 0.14 reconstruction loss: 0.0496 commit_loss: 0.164 codebook usage: 774.088134765625
135000: vqvae model total loss: 0.142 reconstruction loss: 0.0502 commit_loss: 0.167 codebook usage: 779.5792846679688
135200: vqvae model total loss: 0.142 reconstruction loss: 0.0492 commit_loss: 0.173 codebook usage: 776.9674072265625
135400: vqvae model total loss: 0.133 reconstruction loss: 0.046 commit_loss: 0.163 codebook usage: 795.3724975585938
135600: vqvae model total loss: 0.146 reconstruction loss: 0.0515 commit_loss: 0.172 codebook usage: 792.7228393554688
135800: vqvae model total loss: 0.135 reconstruction loss: 0.0473 commit_loss: 0.16 codebook usage: 798.6184692382812
136000: vqvae model total loss: 0.152 reconstruction loss: 0.053 commit_loss: 0.183 codebook usage: 808.2237548828125
136200: vqvae model total loss: 0.129 reconstruction loss: 0.0453 commit_loss: 0.155 codebook usage: 763.57177734375
136400: vqvae model total loss: 0.147 reconstruction loss: 0.052 commit_loss: 0.172 codebook usage: 755.6525268554688
136600: vqvae model total loss: 0.145 reconstruction loss: 0.0516 commit_loss: 0.168 codebook usage: 792.5724487304688
136800: vqvae model total loss: 0.136 reconstruction loss: 0.0483 commit_loss: 0.16 codebook usage: 782.1588745117188
137000: vqvae model total loss: 0.138 reconstruction loss: 0.0484 commit_loss: 0.163 codebook usage: 781.3253784179688
137200: vqvae model total loss: 0.146 reconstruction loss: 0.0524 commit_loss: 0.166 codebook usage: 774.9781494140625
137400: vqvae model total loss: 0.147 reconstruction loss: 0.0518 commit_loss: 0.172 codebook usage: 778.5557861328125
137600: vqvae model total loss: 0.131 reconstruction loss: 0.0464 commit_loss: 0.155 codebook usage: 780.742919921875
137800: vqvae model total loss: 0.136 reconstruction loss: 0.0478 commit_loss: 0.163 codebook usage: 779.469970703125
138000: vqvae model total loss: 0.137 reconstruction loss: 0.0477 commit_loss: 0.165 codebook usage: 799.1688232421875
138200: vqvae model total loss: 0.14 reconstruction loss: 0.0495 commit_loss: 0.163 codebook usage: 789.3804931640625
138400: vqvae model total loss: 0.143 reconstruction loss: 0.0502 commit_loss: 0.169 codebook usage: 803.9656982421875
138600: vqvae model total loss: 0.141 reconstruction loss: 0.0502 commit_loss: 0.162 codebook usage: 793.16259765625
138800: vqvae model total loss: 0.133 reconstruction loss: 0.0465 commit_loss: 0.161 codebook usage: 787.1185302734375
139000: vqvae model total loss: 0.138 reconstruction loss: 0.0489 commit_loss: 0.162 codebook usage: 799.1646728515625
139200: vqvae model total loss: 0.143 reconstruction loss: 0.0504 commit_loss: 0.168 codebook usage: 777.7865600585938
139400: vqvae model total loss: 0.143 reconstruction loss: 0.0512 commit_loss: 0.164 codebook usage: 783.1710205078125
139600: vqvae model total loss: 0.148 reconstruction loss: 0.0525 commit_loss: 0.172 codebook usage: 761.3601684570312
139800: vqvae model total loss: 0.14 reconstruction loss: 0.0502 commit_loss: 0.158 codebook usage: 781.7047729492188
140000: vqvae model total loss: 0.143 reconstruction loss: 0.0511 commit_loss: 0.164 codebook usage: 799.3156127929688
0.14338712394237518 tensor(0.1195, device='cuda:0')
140000: saving model to /srv/hays-lab/scratch/sanisetty3/music_motion/ATCMG/checkpoints/vqvae/vqvae_right_hand_1024/checkpoints
training complete
