loading config from: /srv/hays-lab/scratch/sanisetty3/music_motion/ATCMG/checkpoints/simple_motion_translation/simple_motion_translation.yaml
output_dir:  /srv/hays-lab/scratch/sanisetty3/music_motion/ATCMG/checkpoints/simple_motion_translation
Sync is turned on False
Total number of motions humanml: 16730
Total number of motions perform: 346
Total number of motions GRAB: 1268
Total number of motions idea400: 10946
Total number of motions beat: 1458
Total number of motions game_motion: 2780
Total number of motions aist: 1141
Total number of motions fitness: 10902
Total number of motions moyo: 161
Total number of motions choreomaster: 34
Total number of motions dance: 97
Total number of motions humanml: 2944
Total number of motions perform: 16
Total number of motions GRAB: 67
Total number of motions idea400: 577
Total number of motions beat: 162
Total number of motions game_motion: 130
Total number of motions aist: 61
Total number of motions fitness: 572
Total number of motions moyo: 9
Total number of motions choreomaster: 2
Total number of motions dance: 7
Total number of motions humanml: 1
Total number of motions perform: 2
Total number of motions GRAB: 2
Total number of motions idea400: 2
Total number of motions beat: 1
Total number of motions game_motion: 2
Total number of motions aist: 1
Total number of motions fitness: 2
Total number of motions moyo: 2
Total number of motions choreomaster: 2
Total number of motions dance: 1
training with training 45863 and test dataset of and 4547 samples
/srv/hays-lab/scratch/sanisetty3/music_motion/ATCMG/checkpoints/simple_motion_translation
0: vqvae model total loss: 1.22 reconstruction loss: 0.611 commit_loss: 0.00595 codebook usage: 429.905029296875
1.2230279445648193 inf
0: saving model to /srv/hays-lab/scratch/sanisetty3/music_motion/ATCMG/checkpoints/simple_motion_translation/checkpoints
validation start
val_loss/total_loss tensor(0.3296)
val_loss/loss_motion tensor(0.1648)
val_loss/commit_loss tensor(0.)
val_loss/perplexity tensor(45.2859, device='cuda:0')
200: vqvae model total loss: 0.151 reconstruction loss: 0.057 commit_loss: 0.148 codebook usage: 230.36123657226562
400: vqvae model total loss: 0.131 reconstruction loss: 0.0449 commit_loss: 0.165 codebook usage: 303.697021484375
600: vqvae model total loss: 0.145 reconstruction loss: 0.0476 commit_loss: 0.201 codebook usage: 402.0599060058594
800: vqvae model total loss: 0.124 reconstruction loss: 0.0419 commit_loss: 0.162 codebook usage: 411.9200134277344
1000: vqvae model total loss: 0.121 reconstruction loss: 0.04 commit_loss: 0.165 codebook usage: 407.9822998046875
1200: vqvae model total loss: 0.0924 reconstruction loss: 0.03 commit_loss: 0.13 codebook usage: 408.15081787109375
1400: vqvae model total loss: 0.0919 reconstruction loss: 0.0297 commit_loss: 0.13 codebook usage: 407.51409912109375
1600: vqvae model total loss: 0.112 reconstruction loss: 0.0359 commit_loss: 0.159 codebook usage: 419.5699768066406
1800: vqvae model total loss: 0.101 reconstruction loss: 0.032 commit_loss: 0.149 codebook usage: 410.9620361328125
2000: vqvae model total loss: 0.0967 reconstruction loss: 0.0298 commit_loss: 0.149 codebook usage: 413.22076416015625
2200: vqvae model total loss: 0.104 reconstruction loss: 0.032 commit_loss: 0.158 codebook usage: 418.22528076171875
2400: vqvae model total loss: 0.105 reconstruction loss: 0.0338 commit_loss: 0.15 codebook usage: 420.0035705566406
2600: vqvae model total loss: 0.104 reconstruction loss: 0.0329 commit_loss: 0.154 codebook usage: 424.0943298339844
2800: vqvae model total loss: 0.117 reconstruction loss: 0.0387 commit_loss: 0.16 codebook usage: 421.1462707519531
3000: vqvae model total loss: 0.0899 reconstruction loss: 0.0281 commit_loss: 0.135 codebook usage: 420.2559814453125
3200: vqvae model total loss: 0.0851 reconstruction loss: 0.0265 commit_loss: 0.128 codebook usage: 429.8857421875
3400: vqvae model total loss: 0.0965 reconstruction loss: 0.0306 commit_loss: 0.141 codebook usage: 426.87078857421875
3600: vqvae model total loss: 0.0879 reconstruction loss: 0.0271 commit_loss: 0.135 codebook usage: 419.5487976074219
3800: vqvae model total loss: 0.111 reconstruction loss: 0.0347 commit_loss: 0.167 codebook usage: 430.45721435546875
4000: vqvae model total loss: 0.0976 reconstruction loss: 0.0304 commit_loss: 0.147 codebook usage: 415.6574401855469
4200: vqvae model total loss: 0.0848 reconstruction loss: 0.0268 commit_loss: 0.125 codebook usage: 414.7052001953125
4400: vqvae model total loss: 0.0973 reconstruction loss: 0.0296 commit_loss: 0.152 codebook usage: 415.91876220703125
4600: vqvae model total loss: 0.0951 reconstruction loss: 0.0301 commit_loss: 0.14 codebook usage: 416.8731994628906
4800: vqvae model total loss: 0.101 reconstruction loss: 0.0317 commit_loss: 0.149 codebook usage: 420.4101257324219
5000: vqvae model total loss: 0.0853 reconstruction loss: 0.0256 commit_loss: 0.136 codebook usage: 419.9310607910156
5200: vqvae model total loss: 0.091 reconstruction loss: 0.0278 commit_loss: 0.142 codebook usage: 413.2125244140625
5400: vqvae model total loss: 0.0987 reconstruction loss: 0.0294 commit_loss: 0.159 codebook usage: 414.986083984375
5600: vqvae model total loss: 0.119 reconstruction loss: 0.0342 commit_loss: 0.202 codebook usage: 421.2446594238281
5800: vqvae model total loss: 0.0915 reconstruction loss: 0.0267 commit_loss: 0.152 codebook usage: 417.1690673828125
6000: vqvae model total loss: 0.11 reconstruction loss: 0.0323 commit_loss: 0.183 codebook usage: 402.72052001953125
6200: vqvae model total loss: 0.0839 reconstruction loss: 0.0249 commit_loss: 0.136 codebook usage: 405.4924011230469
6400: vqvae model total loss: 0.089 reconstruction loss: 0.0272 commit_loss: 0.139 codebook usage: 397.89227294921875
6600: vqvae model total loss: 0.0765 reconstruction loss: 0.0223 commit_loss: 0.128 codebook usage: 386.9219055175781
6800: vqvae model total loss: 0.0861 reconstruction loss: 0.0251 commit_loss: 0.143 codebook usage: 417.7684631347656
7000: vqvae model total loss: 0.0915 reconstruction loss: 0.0268 commit_loss: 0.151 codebook usage: 406.7104187011719
7200: vqvae model total loss: 0.0955 reconstruction loss: 0.0277 commit_loss: 0.16 codebook usage: 404.9952392578125
7400: vqvae model total loss: 0.0863 reconstruction loss: 0.0257 commit_loss: 0.139 codebook usage: 409.98321533203125
7600: vqvae model total loss: 0.114 reconstruction loss: 0.0336 commit_loss: 0.189 codebook usage: 419.5309753417969
7800: vqvae model total loss: 0.0923 reconstruction loss: 0.0275 commit_loss: 0.149 codebook usage: 417.3575134277344
8000: vqvae model total loss: 0.102 reconstruction loss: 0.0296 commit_loss: 0.172 codebook usage: 416.9439697265625
8200: vqvae model total loss: 0.0937 reconstruction loss: 0.0268 commit_loss: 0.161 codebook usage: 422.71514892578125
8400: vqvae model total loss: 0.0947 reconstruction loss: 0.0282 commit_loss: 0.153 codebook usage: 409.212890625
8600: vqvae model total loss: 0.0895 reconstruction loss: 0.0261 commit_loss: 0.149 codebook usage: 418.60040283203125
8800: vqvae model total loss: 0.0913 reconstruction loss: 0.027 commit_loss: 0.149 codebook usage: 418.894287109375
9000: vqvae model total loss: 0.0903 reconstruction loss: 0.0255 commit_loss: 0.157 codebook usage: 413.4667663574219
9200: vqvae model total loss: 0.093 reconstruction loss: 0.0272 commit_loss: 0.154 codebook usage: 415.1725158691406
9400: vqvae model total loss: 0.0945 reconstruction loss: 0.0264 commit_loss: 0.166 codebook usage: 422.828857421875
9600: vqvae model total loss: 0.0879 reconstruction loss: 0.0253 commit_loss: 0.149 codebook usage: 425.2394104003906
9800: vqvae model total loss: 0.0877 reconstruction loss: 0.0249 commit_loss: 0.152 codebook usage: 413.54998779296875
10000: vqvae model total loss: 0.0878 reconstruction loss: 0.0258 commit_loss: 0.145 codebook usage: 428.79498291015625
0.08782157301902771 tensor(1.2230)
10000: saving model to /srv/hays-lab/scratch/sanisetty3/music_motion/ATCMG/checkpoints/simple_motion_translation/checkpoints
validation start
val_loss/total_loss tensor(0.0101)
val_loss/loss_motion tensor(0.0051)
val_loss/commit_loss tensor(0.)
val_loss/perplexity tensor(85.5855, device='cuda:0')
10200: vqvae model total loss: 0.0844 reconstruction loss: 0.0244 commit_loss: 0.143 codebook usage: 422.6611633300781
10400: vqvae model total loss: 0.0953 reconstruction loss: 0.0272 commit_loss: 0.163 codebook usage: 437.0812683105469
10600: vqvae model total loss: 0.111 reconstruction loss: 0.0326 commit_loss: 0.184 codebook usage: 419.7206726074219
10800: vqvae model total loss: 0.0803 reconstruction loss: 0.024 commit_loss: 0.129 codebook usage: 421.89337158203125
11000: vqvae model total loss: 0.079 reconstruction loss: 0.0232 commit_loss: 0.13 codebook usage: 407.7951965332031
11200: vqvae model total loss: 0.0744 reconstruction loss: 0.0218 commit_loss: 0.123 codebook usage: 427.005126953125
11400: vqvae model total loss: 0.0892 reconstruction loss: 0.0278 commit_loss: 0.134 codebook usage: 421.43011474609375
11600: vqvae model total loss: 0.0759 reconstruction loss: 0.0228 commit_loss: 0.121 codebook usage: 425.97772216796875
11800: vqvae model total loss: 0.0846 reconstruction loss: 0.0252 commit_loss: 0.137 codebook usage: 429.47186279296875
12000: vqvae model total loss: 0.0885 reconstruction loss: 0.0258 commit_loss: 0.147 codebook usage: 439.4482116699219
12200: vqvae model total loss: 0.0839 reconstruction loss: 0.0248 commit_loss: 0.137 codebook usage: 428.3278503417969
12400: vqvae model total loss: 0.102 reconstruction loss: 0.0285 commit_loss: 0.181 codebook usage: 430.839599609375
12600: vqvae model total loss: 0.0923 reconstruction loss: 0.027 commit_loss: 0.153 codebook usage: 422.9232482910156
12800: vqvae model total loss: 0.0766 reconstruction loss: 0.0243 commit_loss: 0.112 codebook usage: 444.87890625
13000: vqvae model total loss: 0.0837 reconstruction loss: 0.0247 commit_loss: 0.138 codebook usage: 439.5127258300781
13200: vqvae model total loss: 0.0727 reconstruction loss: 0.0221 commit_loss: 0.114 codebook usage: 431.3234558105469
13400: vqvae model total loss: 0.0869 reconstruction loss: 0.0256 commit_loss: 0.142 codebook usage: 434.5927734375
13600: vqvae model total loss: 0.0982 reconstruction loss: 0.0282 commit_loss: 0.167 codebook usage: 431.3045349121094
13800: vqvae model total loss: 0.1 reconstruction loss: 0.0285 commit_loss: 0.173 codebook usage: 434.7915954589844
14000: vqvae model total loss: 0.0818 reconstruction loss: 0.0247 commit_loss: 0.129 codebook usage: 449.7353515625
14200: vqvae model total loss: 0.0969 reconstruction loss: 0.0289 commit_loss: 0.156 codebook usage: 428.2085876464844
14400: vqvae model total loss: 0.0753 reconstruction loss: 0.023 commit_loss: 0.117 codebook usage: 440.6715087890625
14600: vqvae model total loss: 0.0935 reconstruction loss: 0.0266 commit_loss: 0.161 codebook usage: 446.3399658203125
14800: vqvae model total loss: 0.0934 reconstruction loss: 0.0255 commit_loss: 0.169 codebook usage: 442.5013122558594
15000: vqvae model total loss: 0.0751 reconstruction loss: 0.0211 commit_loss: 0.131 codebook usage: 425.8390197753906
15200: vqvae model total loss: 0.0807 reconstruction loss: 0.0227 commit_loss: 0.141 codebook usage: 424.0787353515625
15400: vqvae model total loss: 0.0681 reconstruction loss: 0.0204 commit_loss: 0.11 codebook usage: 425.50982666015625
15600: vqvae model total loss: 0.0916 reconstruction loss: 0.0265 commit_loss: 0.154 codebook usage: 435.2574768066406
15800: vqvae model total loss: 0.0776 reconstruction loss: 0.0236 commit_loss: 0.122 codebook usage: 421.6695251464844
16000: vqvae model total loss: 0.0726 reconstruction loss: 0.0217 commit_loss: 0.117 codebook usage: 431.25848388671875
16200: vqvae model total loss: 0.0913 reconstruction loss: 0.0269 commit_loss: 0.15 codebook usage: 427.6982116699219
16400: vqvae model total loss: 0.0837 reconstruction loss: 0.0243 commit_loss: 0.14 codebook usage: 425.4278259277344
16600: vqvae model total loss: 0.0641 reconstruction loss: 0.0195 commit_loss: 0.1 codebook usage: 419.5751647949219
16800: vqvae model total loss: 0.0773 reconstruction loss: 0.0241 commit_loss: 0.116 codebook usage: 422.4445495605469
17000: vqvae model total loss: 0.0876 reconstruction loss: 0.0255 commit_loss: 0.147 codebook usage: 424.3914794921875
17200: vqvae model total loss: 0.09 reconstruction loss: 0.0246 commit_loss: 0.163 codebook usage: 418.97900390625
17400: vqvae model total loss: 0.0903 reconstruction loss: 0.0278 commit_loss: 0.139 codebook usage: 438.1341857910156
17600: vqvae model total loss: 0.0916 reconstruction loss: 0.0261 commit_loss: 0.158 codebook usage: 431.7679138183594
17800: vqvae model total loss: 0.0772 reconstruction loss: 0.022 commit_loss: 0.132 codebook usage: 420.5037536621094
18000: vqvae model total loss: 0.0766 reconstruction loss: 0.023 commit_loss: 0.122 codebook usage: 427.7077941894531
18200: vqvae model total loss: 0.0693 reconstruction loss: 0.021 commit_loss: 0.11 codebook usage: 407.1130676269531
18400: vqvae model total loss: 0.0913 reconstruction loss: 0.0279 commit_loss: 0.142 codebook usage: 427.20513916015625
18600: vqvae model total loss: 0.0943 reconstruction loss: 0.0272 commit_loss: 0.159 codebook usage: 415.1852111816406
18800: vqvae model total loss: 0.0702 reconstruction loss: 0.0213 commit_loss: 0.11 codebook usage: 415.1355285644531
19000: vqvae model total loss: 0.0741 reconstruction loss: 0.0224 commit_loss: 0.117 codebook usage: 418.06536865234375
19200: vqvae model total loss: 0.0689 reconstruction loss: 0.0206 commit_loss: 0.111 codebook usage: 427.71185302734375
19400: vqvae model total loss: 0.0854 reconstruction loss: 0.025 commit_loss: 0.142 codebook usage: 426.7425537109375
19600: vqvae model total loss: 0.0838 reconstruction loss: 0.0246 commit_loss: 0.138 codebook usage: 433.6966247558594
19800: vqvae model total loss: 0.0763 reconstruction loss: 0.0226 commit_loss: 0.124 codebook usage: 416.4603271484375
20000: vqvae model total loss: 0.072 reconstruction loss: 0.0212 commit_loss: 0.118 codebook usage: 419.23223876953125
0.07203035056591034 tensor(0.0878)
20000: saving model to /srv/hays-lab/scratch/sanisetty3/music_motion/ATCMG/checkpoints/simple_motion_translation/checkpoints
validation start
val_loss/total_loss tensor(0.0098)
val_loss/loss_motion tensor(0.0049)
val_loss/commit_loss tensor(0.)
val_loss/perplexity tensor(81.5605, device='cuda:0')
20200: vqvae model total loss: 0.0697 reconstruction loss: 0.0209 commit_loss: 0.111 codebook usage: 437.6216125488281
20400: vqvae model total loss: 0.0851 reconstruction loss: 0.0248 commit_loss: 0.142 codebook usage: 417.267578125
20600: vqvae model total loss: 0.1 reconstruction loss: 0.0288 commit_loss: 0.171 codebook usage: 430.1927185058594
20800: vqvae model total loss: 0.0903 reconstruction loss: 0.0272 commit_loss: 0.144 codebook usage: 426.55865478515625
21000: vqvae model total loss: 0.0841 reconstruction loss: 0.0246 commit_loss: 0.139 codebook usage: 423.4801940917969
21200: vqvae model total loss: 0.0777 reconstruction loss: 0.0229 commit_loss: 0.128 codebook usage: 426.2130126953125
21400: vqvae model total loss: 0.0773 reconstruction loss: 0.0236 commit_loss: 0.12 codebook usage: 423.50927734375
21600: vqvae model total loss: 0.061 reconstruction loss: 0.0184 commit_loss: 0.0963 codebook usage: 401.9088439941406
21800: vqvae model total loss: 0.0889 reconstruction loss: 0.027 commit_loss: 0.14 codebook usage: 435.16015625
22000: vqvae model total loss: 0.0748 reconstruction loss: 0.0217 commit_loss: 0.126 codebook usage: 434.1346435546875
22200: vqvae model total loss: 0.0803 reconstruction loss: 0.0239 commit_loss: 0.13 codebook usage: 426.48583984375
22400: vqvae model total loss: 0.0758 reconstruction loss: 0.0227 commit_loss: 0.122 codebook usage: 428.3319091796875
22600: vqvae model total loss: 0.0654 reconstruction loss: 0.021 commit_loss: 0.094 codebook usage: 430.1006164550781
22800: vqvae model total loss: 0.0809 reconstruction loss: 0.0249 commit_loss: 0.125 codebook usage: 429.5253601074219
23000: vqvae model total loss: 0.0766 reconstruction loss: 0.0245 commit_loss: 0.11 codebook usage: 429.5904846191406
23200: vqvae model total loss: 0.0685 reconstruction loss: 0.0208 commit_loss: 0.108 codebook usage: 428.3168029785156
23400: vqvae model total loss: 0.0759 reconstruction loss: 0.0231 commit_loss: 0.119 codebook usage: 437.522705078125
23600: vqvae model total loss: 0.075 reconstruction loss: 0.0228 commit_loss: 0.118 codebook usage: 442.7085876464844
23800: vqvae model total loss: 0.0762 reconstruction loss: 0.0236 commit_loss: 0.116 codebook usage: 444.87384033203125
24000: vqvae model total loss: 0.076 reconstruction loss: 0.0236 commit_loss: 0.115 codebook usage: 438.422607421875
24200: vqvae model total loss: 0.0743 reconstruction loss: 0.0229 commit_loss: 0.114 codebook usage: 439.1580505371094
24400: vqvae model total loss: 0.0703 reconstruction loss: 0.0226 commit_loss: 0.101 codebook usage: 439.67266845703125
24600: vqvae model total loss: 0.0646 reconstruction loss: 0.0201 commit_loss: 0.0972 codebook usage: 433.4681701660156
24800: vqvae model total loss: 0.0789 reconstruction loss: 0.0248 commit_loss: 0.117 codebook usage: 436.8566589355469
25000: vqvae model total loss: 0.0696 reconstruction loss: 0.021 commit_loss: 0.11 codebook usage: 449.8706970214844
25200: vqvae model total loss: 0.0714 reconstruction loss: 0.0219 commit_loss: 0.11 codebook usage: 444.41204833984375
25400: vqvae model total loss: 0.0784 reconstruction loss: 0.0245 commit_loss: 0.117 codebook usage: 443.8106384277344
25600: vqvae model total loss: 0.0726 reconstruction loss: 0.0226 commit_loss: 0.109 codebook usage: 442.6469421386719
25800: vqvae model total loss: 0.077 reconstruction loss: 0.024 commit_loss: 0.116 codebook usage: 446.0799560546875
26000: vqvae model total loss: 0.078 reconstruction loss: 0.024 commit_loss: 0.12 codebook usage: 438.4073486328125
26200: vqvae model total loss: 0.0771 reconstruction loss: 0.0246 commit_loss: 0.111 codebook usage: 436.0395812988281
26400: vqvae model total loss: 0.0525 reconstruction loss: 0.0168 commit_loss: 0.0751 codebook usage: 424.8740234375
26600: vqvae model total loss: 0.0668 reconstruction loss: 0.0209 commit_loss: 0.0999 codebook usage: 425.0225524902344
26800: vqvae model total loss: 0.0634 reconstruction loss: 0.0197 commit_loss: 0.0962 codebook usage: 426.8709716796875
27000: vqvae model total loss: 0.0797 reconstruction loss: 0.0242 commit_loss: 0.125 codebook usage: 436.09613037109375
27200: vqvae model total loss: 0.0725 reconstruction loss: 0.0225 commit_loss: 0.11 codebook usage: 421.6618957519531
27400: vqvae model total loss: 0.0651 reconstruction loss: 0.0211 commit_loss: 0.0915 codebook usage: 427.2269592285156
27600: vqvae model total loss: 0.0684 reconstruction loss: 0.0211 commit_loss: 0.105 codebook usage: 419.5751647949219
27800: vqvae model total loss: 0.0745 reconstruction loss: 0.0233 commit_loss: 0.111 codebook usage: 405.26666259765625
28000: vqvae model total loss: 0.0787 reconstruction loss: 0.0231 commit_loss: 0.13 codebook usage: 414.39031982421875
28200: vqvae model total loss: 0.063 reconstruction loss: 0.0198 commit_loss: 0.0934 codebook usage: 430.8991394042969
28400: vqvae model total loss: 0.078 reconstruction loss: 0.0246 commit_loss: 0.115 codebook usage: 431.04095458984375
28600: vqvae model total loss: 0.0785 reconstruction loss: 0.0251 commit_loss: 0.114 codebook usage: 430.9998474121094
28800: vqvae model total loss: 0.0698 reconstruction loss: 0.0222 commit_loss: 0.101 codebook usage: 423.8177490234375
29000: vqvae model total loss: 0.0695 reconstruction loss: 0.0221 commit_loss: 0.101 codebook usage: 421.6944274902344
29200: vqvae model total loss: 0.0753 reconstruction loss: 0.0226 commit_loss: 0.12 codebook usage: 410.1396179199219
29400: vqvae model total loss: 0.0857 reconstruction loss: 0.0254 commit_loss: 0.14 codebook usage: 408.0097351074219
29600: vqvae model total loss: 0.0858 reconstruction loss: 0.0271 commit_loss: 0.126 codebook usage: 432.4724426269531
29800: vqvae model total loss: 0.0711 reconstruction loss: 0.0222 commit_loss: 0.107 codebook usage: 430.08154296875
30000: vqvae model total loss: 0.0682 reconstruction loss: 0.0216 commit_loss: 0.1 codebook usage: 413.38336181640625
0.06821402907371521 tensor(0.0720)
30000: saving model to /srv/hays-lab/scratch/sanisetty3/music_motion/ATCMG/checkpoints/simple_motion_translation/checkpoints
validation start
