wandb: Currently logged in as: sohananisetty (ai-choreo). Use `wandb login --relogin` to force relogin
wandb: wandb version 0.16.6 is available!  To upgrade, please run:
wandb:  $ pip install wandb --upgrade
wandb: Tracking run with wandb version 0.16.2
wandb: Run data is saved locally in /coc/scratch/sanisetty3/music_motion/ATCMG/wandb/run-20240404_020208-baum1m23
wandb: Run `wandb offline` to turn off syncing.
wandb: Syncing run chocolate-haze-22
wandb:  View project at https://wandb.ai/ai-choreo/simple_motion_translation
wandb:  View run at https://wandb.ai/ai-choreo/simple_motion_translation/runs/baum1m23
Traceback (most recent call last):
  File "/srv/hays-lab/scratch/sanisetty3/music_motion/ATCMG/train_translation.py", line 22, in <module>
    trainer.train(cfg.train.resume)
  File "/coc/scratch/sanisetty3/music_motion/ATCMG/ctl/trainer_translation.py", line 460, in train
    self.load(save_path)
  File "/coc/scratch/sanisetty3/music_motion/ATCMG/ctl/trainer_translation.py", line 208, in load
    self.tcn_model.load_state_dict(pkg["model"])
  File "/coc/flash5/sanisetty3/miniconda3/envs/tgm3d/lib/python3.9/site-packages/torch/nn/modules/module.py", line 2153, in load_state_dict
    raise RuntimeError('Error(s) in loading state_dict for {}:\n\t{}'.format(
RuntimeError: Error(s) in loading state_dict for TranslationVQVAE:
	Unexpected key(s) in state_dict: "vqvae.quantizer._codebook.batch_mean", "vqvae.quantizer._codebook.batch_variance". 
wandb: WARNING No program path found, not creating job artifact. See https://docs.wandb.ai/guides/launch/create-job
wandb: - 0.014 MB of 0.014 MB uploadedwandb: \ 0.020 MB of 0.020 MB uploadedwandb:  View run chocolate-haze-22 at: https://wandb.ai/ai-choreo/simple_motion_translation/runs/baum1m23
wandb: Synced 5 W&B file(s), 0 media file(s), 0 artifact file(s) and 0 other file(s)
wandb: Find logs at: ./wandb/run-20240404_020208-baum1m23/logs
srun: error: major: task 0: Exited with exit code 1
srun: Terminating StepId=848197.0
