loading config from: /srv/hays-lab/scratch/sanisetty3/music_motion/ACMG/checkpoints/smplx_resnet_right/smplx_resnet_right.yaml
output_dir:  /srv/hays-lab/scratch/sanisetty3/music_motion/ACMG/checkpoints/smplx_resnet_right
codebook_dim: 256
codebook_dim_body: 768
codebook_dim_hands: 768
codebook_size: 512
codebook_size_body: 1024
codebook_size_hands: 1024
commit: 0.02
conv_kernel_size: 5
depth: 3
depth_body: 3
depth_hand: 3
dim: 768
dim_body: 512
dim_hands: 512
down_sampling_ratio: 4
dropout: 0.1
freeze_model: False
heads: 8
loss_motion: 1.0
loss_vel: 0.5
max_length_seconds: 30
min_length_seconds: 3
motion_dim: 180
motion_dim_body: 263
motion_dim_hand: 360
nb_joints: 15
nb_joints_body: 22
nb_joints_hands: 30
rearrange_output: False
recons_loss: l1_smooth
target: core.models.resnetVQ.vqvae.HumanVQVAE
window_size: 120
Total training params: 40.37M
Total number of motions animation: 120
Total number of motions humanml: 16730
Total number of motions perform: 346
Total number of motions GRAB: 1268
Total number of motions idea400: 10946
Total number of motions humman: 314
Total number of motions beat: 2151
Total number of motions game_motion: 2780
Total number of motions music: 2865
Total number of motions aist: 1141
Total number of motions fitness: 10902
Total number of motions moyo: 161
Total number of motions choreomaster: 34
Total number of motions dance: 97
Total number of motions kungfu: 827
Total number of motions EgoBody: 916
Total number of motions HAA500: 313
Total number of motions animation: 2
Total number of motions humanml: 2944
Total number of motions perform: 16
Total number of motions GRAB: 67
Total number of motions idea400: 577
Total number of motions humman: 19
Total number of motions beat: 114
Total number of motions game_motion: 130
Total number of motions music: 148
Total number of motions aist: 61
Total number of motions fitness: 572
Total number of motions moyo: 9
Total number of motions choreomaster: 2
Total number of motions dance: 7
Total number of motions kungfu: 42
Total number of motions EgoBody: 49
Total number of motions HAA500: 17
Total number of motions animation: 1
Total number of motions humanml: 1
Total number of motions perform: 2
Total number of motions GRAB: 2
Total number of motions idea400: 2
Total number of motions humman: 1
Total number of motions beat: 2
Total number of motions game_motion: 2
Total number of motions music: 1
Total number of motions aist: 1
Total number of motions fitness: 2
Total number of motions moyo: 2
Total number of motions choreomaster: 2
Total number of motions dance: 1
Total number of motions kungfu: 2
Total number of motions EgoBody: 2
Total number of motions HAA500: 0
training with training 51911 and test dataset of  and  4776 samples and render of  26
/srv/hays-lab/scratch/sanisetty3/music_motion/ACMG/checkpoints/smplx_resnet_right
0: vqvae model total loss: 1.05 reconstruction loss: 0.804 loss_vel: 0.489  commit_loss: 0.00575 codebook usage: 1.0
validation start
val/rec_loss tensor(0.8563)
val/total_loss  tensor(1.0738)
render start
1.048007845878601 inf
0: saving model to /srv/hays-lab/scratch/sanisetty3/music_motion/ACMG/checkpoints/smplx_resnet_right/checkpoints
200: vqvae model total loss: 0.634 reconstruction loss: 0.391 loss_vel: 0.485  commit_loss: 0.0145 codebook usage: 0.072265625
400: vqvae model total loss: 0.437 reconstruction loss: 0.281 loss_vel: 0.27  commit_loss: 1.03 codebook usage: 0.533203125
600: vqvae model total loss: 0.365 reconstruction loss: 0.218 loss_vel: 0.184  commit_loss: 2.72 codebook usage: 0.68359375
800: vqvae model total loss: 0.372 reconstruction loss: 0.209 loss_vel: 0.193  commit_loss: 3.33 codebook usage: 0.859375
1000: vqvae model total loss: 0.354 reconstruction loss: 0.205 loss_vel: 0.182  commit_loss: 2.91 codebook usage: 0.984375
1200: vqvae model total loss: 0.325 reconstruction loss: 0.177 loss_vel: 0.167  commit_loss: 3.24 codebook usage: 0.986328125
1400: vqvae model total loss: 0.279 reconstruction loss: 0.153 loss_vel: 0.134  commit_loss: 2.99 codebook usage: 0.99609375
1600: vqvae model total loss: 0.283 reconstruction loss: 0.144 loss_vel: 0.145  commit_loss: 3.35 codebook usage: 0.99609375
1800: vqvae model total loss: 0.309 reconstruction loss: 0.154 loss_vel: 0.157  commit_loss: 3.83 codebook usage: 0.990234375
2000: vqvae model total loss: 0.328 reconstruction loss: 0.159 loss_vel: 0.175  commit_loss: 4.07 codebook usage: 1.0
2200: vqvae model total loss: 0.31 reconstruction loss: 0.141 loss_vel: 0.17  commit_loss: 4.22 codebook usage: 0.9921875
2400: vqvae model total loss: 0.291 reconstruction loss: 0.133 loss_vel: 0.148  commit_loss: 4.19 codebook usage: 0.98828125
2600: vqvae model total loss: 0.321 reconstruction loss: 0.141 loss_vel: 0.169  commit_loss: 4.78 codebook usage: 0.986328125
2800: vqvae model total loss: 0.287 reconstruction loss: 0.126 loss_vel: 0.144  commit_loss: 4.43 codebook usage: 0.990234375
3000: vqvae model total loss: 0.312 reconstruction loss: 0.135 loss_vel: 0.153  commit_loss: 5.01 codebook usage: 0.986328125
3200: vqvae model total loss: 0.282 reconstruction loss: 0.122 loss_vel: 0.125  commit_loss: 4.88 codebook usage: 0.9921875
3400: vqvae model total loss: 0.272 reconstruction loss: 0.118 loss_vel: 0.122  commit_loss: 4.63 codebook usage: 0.984375
3600: vqvae model total loss: 0.274 reconstruction loss: 0.109 loss_vel: 0.126  commit_loss: 5.11 codebook usage: 0.9765625
3800: vqvae model total loss: 0.288 reconstruction loss: 0.116 loss_vel: 0.139  commit_loss: 5.13 codebook usage: 0.9765625
4000: vqvae model total loss: 0.336 reconstruction loss: 0.131 loss_vel: 0.167  commit_loss: 6.05 codebook usage: 0.9921875
4200: vqvae model total loss: 0.284 reconstruction loss: 0.111 loss_vel: 0.139  commit_loss: 5.15 codebook usage: 0.98828125
4400: vqvae model total loss: 0.28 reconstruction loss: 0.114 loss_vel: 0.118  commit_loss: 5.35 codebook usage: 0.97265625
4600: vqvae model total loss: 0.32 reconstruction loss: 0.129 loss_vel: 0.151  commit_loss: 5.73 codebook usage: 0.986328125
4800: vqvae model total loss: 0.286 reconstruction loss: 0.113 loss_vel: 0.132  commit_loss: 5.38 codebook usage: 0.9765625
5000: vqvae model total loss: 0.288 reconstruction loss: 0.111 loss_vel: 0.136  commit_loss: 5.41 codebook usage: 0.984375
5200: vqvae model total loss: 0.281 reconstruction loss: 0.11 loss_vel: 0.125  commit_loss: 5.42 codebook usage: 0.984375
5400: vqvae model total loss: 0.245 reconstruction loss: 0.0983 loss_vel: 0.107  commit_loss: 4.67 codebook usage: 0.96484375
5600: vqvae model total loss: 0.252 reconstruction loss: 0.101 loss_vel: 0.103  commit_loss: 4.99 codebook usage: 0.974609375
5800: vqvae model total loss: 0.299 reconstruction loss: 0.111 loss_vel: 0.135  commit_loss: 6.01 codebook usage: 0.98828125
6000: vqvae model total loss: 0.311 reconstruction loss: 0.117 loss_vel: 0.149  commit_loss: 6.0 codebook usage: 0.986328125
6200: vqvae model total loss: 0.237 reconstruction loss: 0.0949 loss_vel: 0.104  commit_loss: 4.52 codebook usage: 0.94140625
6400: vqvae model total loss: 0.296 reconstruction loss: 0.107 loss_vel: 0.136  commit_loss: 6.04 codebook usage: 0.990234375
6600: vqvae model total loss: 0.228 reconstruction loss: 0.0888 loss_vel: 0.0869  commit_loss: 4.81 codebook usage: 0.958984375
6800: vqvae model total loss: 0.246 reconstruction loss: 0.093 loss_vel: 0.107  commit_loss: 4.95 codebook usage: 0.958984375
7000: vqvae model total loss: 0.296 reconstruction loss: 0.112 loss_vel: 0.132  commit_loss: 5.95 codebook usage: 0.98828125
7200: vqvae model total loss: 0.208 reconstruction loss: 0.0792 loss_vel: 0.0856  commit_loss: 4.3 codebook usage: 0.9453125
7400: vqvae model total loss: 0.261 reconstruction loss: 0.101 loss_vel: 0.118  commit_loss: 5.03 codebook usage: 0.970703125
7600: vqvae model total loss: 0.249 reconstruction loss: 0.0927 loss_vel: 0.108  commit_loss: 5.1 codebook usage: 0.9765625
7800: vqvae model total loss: 0.278 reconstruction loss: 0.1 loss_vel: 0.124  commit_loss: 5.77 codebook usage: 0.978515625
8000: vqvae model total loss: 0.242 reconstruction loss: 0.089 loss_vel: 0.111  commit_loss: 4.85 codebook usage: 0.96484375
8200: vqvae model total loss: 0.259 reconstruction loss: 0.0963 loss_vel: 0.122  commit_loss: 5.09 codebook usage: 0.9765625
8400: vqvae model total loss: 0.256 reconstruction loss: 0.0932 loss_vel: 0.122  commit_loss: 5.1 codebook usage: 0.966796875
8600: vqvae model total loss: 0.238 reconstruction loss: 0.0905 loss_vel: 0.101  commit_loss: 4.85 codebook usage: 0.97265625
8800: vqvae model total loss: 0.258 reconstruction loss: 0.0953 loss_vel: 0.124  commit_loss: 5.01 codebook usage: 0.978515625
9000: vqvae model total loss: 0.227 reconstruction loss: 0.0828 loss_vel: 0.105  commit_loss: 4.6 codebook usage: 0.96484375
9200: vqvae model total loss: 0.275 reconstruction loss: 0.099 loss_vel: 0.138  commit_loss: 5.35 codebook usage: 0.9921875
9400: vqvae model total loss: 0.212 reconstruction loss: 0.0782 loss_vel: 0.0954  commit_loss: 4.28 codebook usage: 0.974609375
9600: vqvae model total loss: 0.223 reconstruction loss: 0.0837 loss_vel: 0.0951  commit_loss: 4.61 codebook usage: 0.96484375
9800: vqvae model total loss: 0.212 reconstruction loss: 0.0763 loss_vel: 0.0919  commit_loss: 4.49 codebook usage: 0.970703125
10000: vqvae model total loss: 0.233 reconstruction loss: 0.0847 loss_vel: 0.109  commit_loss: 4.68 codebook usage: 0.98046875
validation start
val/rec_loss tensor(0.0939)
val/total_loss  tensor(0.2303)
render start
0.23291753232479095 tensor(1.0480)
10000: saving model to /srv/hays-lab/scratch/sanisetty3/music_motion/ACMG/checkpoints/smplx_resnet_right/checkpoints
10200: vqvae model total loss: 0.233 reconstruction loss: 0.0845 loss_vel: 0.11  commit_loss: 4.67 codebook usage: 0.97265625
10400: vqvae model total loss: 0.22 reconstruction loss: 0.081 loss_vel: 0.1  commit_loss: 4.42 codebook usage: 0.9765625
10600: vqvae model total loss: 0.239 reconstruction loss: 0.0871 loss_vel: 0.113  commit_loss: 4.74 codebook usage: 0.970703125
10800: vqvae model total loss: 0.227 reconstruction loss: 0.0838 loss_vel: 0.11  commit_loss: 4.41 codebook usage: 0.96875
11000: vqvae model total loss: 0.227 reconstruction loss: 0.0841 loss_vel: 0.101  commit_loss: 4.61 codebook usage: 0.98828125
11200: vqvae model total loss: 0.204 reconstruction loss: 0.0794 loss_vel: 0.0925  commit_loss: 3.93 codebook usage: 0.95703125
11400: vqvae model total loss: 0.227 reconstruction loss: 0.0832 loss_vel: 0.106  commit_loss: 4.54 codebook usage: 0.986328125
11600: vqvae model total loss: 0.198 reconstruction loss: 0.0731 loss_vel: 0.0889  commit_loss: 4.03 codebook usage: 0.96484375
11800: vqvae model total loss: 0.238 reconstruction loss: 0.0908 loss_vel: 0.111  commit_loss: 4.58 codebook usage: 0.990234375
12000: vqvae model total loss: 0.221 reconstruction loss: 0.0815 loss_vel: 0.106  commit_loss: 4.31 codebook usage: 0.98828125
12200: vqvae model total loss: 0.239 reconstruction loss: 0.0869 loss_vel: 0.123  commit_loss: 4.53 codebook usage: 0.9921875
12400: vqvae model total loss: 0.238 reconstruction loss: 0.0855 loss_vel: 0.107  commit_loss: 4.96 codebook usage: 0.982421875
12600: vqvae model total loss: 0.204 reconstruction loss: 0.0731 loss_vel: 0.0995  commit_loss: 4.05 codebook usage: 0.970703125
12800: vqvae model total loss: 0.197 reconstruction loss: 0.0736 loss_vel: 0.0896  commit_loss: 3.95 codebook usage: 0.966796875
13000: vqvae model total loss: 0.216 reconstruction loss: 0.0802 loss_vel: 0.0998  commit_loss: 4.3 codebook usage: 0.98828125
13200: vqvae model total loss: 0.236 reconstruction loss: 0.0858 loss_vel: 0.119  commit_loss: 4.52 codebook usage: 0.982421875
13400: vqvae model total loss: 0.201 reconstruction loss: 0.0699 loss_vel: 0.106  commit_loss: 3.91 codebook usage: 0.98046875
13600: vqvae model total loss: 0.211 reconstruction loss: 0.0786 loss_vel: 0.099  commit_loss: 4.13 codebook usage: 0.990234375
13800: vqvae model total loss: 0.191 reconstruction loss: 0.0701 loss_vel: 0.0924  commit_loss: 3.73 codebook usage: 0.96875
14000: vqvae model total loss: 0.175 reconstruction loss: 0.0698 loss_vel: 0.0709  commit_loss: 3.48 codebook usage: 0.951171875
14200: vqvae model total loss: 0.168 reconstruction loss: 0.0624 loss_vel: 0.0752  commit_loss: 3.41 codebook usage: 0.953125
14400: vqvae model total loss: 0.163 reconstruction loss: 0.0644 loss_vel: 0.0699  commit_loss: 3.17 codebook usage: 0.97265625
14600: vqvae model total loss: 0.193 reconstruction loss: 0.071 loss_vel: 0.0948  commit_loss: 3.73 codebook usage: 0.974609375
14800: vqvae model total loss: 0.174 reconstruction loss: 0.0647 loss_vel: 0.0756  commit_loss: 3.59 codebook usage: 0.970703125
15000: vqvae model total loss: 0.186 reconstruction loss: 0.0682 loss_vel: 0.087  commit_loss: 3.7 codebook usage: 0.9765625
15200: vqvae model total loss: 0.172 reconstruction loss: 0.0677 loss_vel: 0.0712  commit_loss: 3.41 codebook usage: 0.947265625
15400: vqvae model total loss: 0.196 reconstruction loss: 0.0701 loss_vel: 0.093  commit_loss: 3.95 codebook usage: 0.978515625
15600: vqvae model total loss: 0.193 reconstruction loss: 0.0688 loss_vel: 0.0931  commit_loss: 3.9 codebook usage: 0.98046875
15800: vqvae model total loss: 0.2 reconstruction loss: 0.0719 loss_vel: 0.0893  commit_loss: 4.15 codebook usage: 0.986328125
16000: vqvae model total loss: 0.165 reconstruction loss: 0.0621 loss_vel: 0.0715  commit_loss: 3.35 codebook usage: 0.978515625
16200: vqvae model total loss: 0.207 reconstruction loss: 0.0765 loss_vel: 0.107  commit_loss: 3.85 codebook usage: 0.990234375
16400: vqvae model total loss: 0.164 reconstruction loss: 0.0607 loss_vel: 0.0782  commit_loss: 3.2 codebook usage: 0.966796875
16600: vqvae model total loss: 0.197 reconstruction loss: 0.0714 loss_vel: 0.0994  commit_loss: 3.8 codebook usage: 0.984375
16800: vqvae model total loss: 0.191 reconstruction loss: 0.0736 loss_vel: 0.0926  commit_loss: 3.57 codebook usage: 0.978515625
17000: vqvae model total loss: 0.186 reconstruction loss: 0.0686 loss_vel: 0.0883  commit_loss: 3.66 codebook usage: 0.96875
17200: vqvae model total loss: 0.178 reconstruction loss: 0.0658 loss_vel: 0.08  commit_loss: 3.62 codebook usage: 0.9609375
17400: vqvae model total loss: 0.182 reconstruction loss: 0.0664 loss_vel: 0.091  commit_loss: 3.52 codebook usage: 0.98046875
17600: vqvae model total loss: 0.16 reconstruction loss: 0.0602 loss_vel: 0.0712  commit_loss: 3.21 codebook usage: 0.974609375
17800: vqvae model total loss: 0.195 reconstruction loss: 0.0738 loss_vel: 0.0852  commit_loss: 3.91 codebook usage: 0.9765625
18000: vqvae model total loss: 0.199 reconstruction loss: 0.0707 loss_vel: 0.0944  commit_loss: 4.07 codebook usage: 0.978515625
18200: vqvae model total loss: 0.174 reconstruction loss: 0.0637 loss_vel: 0.0773  commit_loss: 3.57 codebook usage: 0.97265625
18400: vqvae model total loss: 0.165 reconstruction loss: 0.0602 loss_vel: 0.0749  commit_loss: 3.37 codebook usage: 0.9765625
18600: vqvae model total loss: 0.165 reconstruction loss: 0.0604 loss_vel: 0.0754  commit_loss: 3.36 codebook usage: 0.966796875
18800: vqvae model total loss: 0.163 reconstruction loss: 0.0613 loss_vel: 0.0729  commit_loss: 3.26 codebook usage: 0.9765625
19000: vqvae model total loss: 0.168 reconstruction loss: 0.0604 loss_vel: 0.0816  commit_loss: 3.32 codebook usage: 0.982421875
19200: vqvae model total loss: 0.176 reconstruction loss: 0.0631 loss_vel: 0.0858  commit_loss: 3.48 codebook usage: 0.970703125
19400: vqvae model total loss: 0.163 reconstruction loss: 0.061 loss_vel: 0.0756  commit_loss: 3.22 codebook usage: 0.978515625
19600: vqvae model total loss: 0.184 reconstruction loss: 0.0704 loss_vel: 0.1  commit_loss: 3.19 codebook usage: 0.984375
19800: vqvae model total loss: 0.182 reconstruction loss: 0.0687 loss_vel: 0.0949  commit_loss: 3.3 codebook usage: 0.986328125
20000: vqvae model total loss: 0.189 reconstruction loss: 0.0657 loss_vel: 0.0938  commit_loss: 3.81 codebook usage: 0.978515625
validation start
val/rec_loss tensor(0.0788)
val/total_loss  tensor(0.1954)
render start
0.188782200217247 tensor(0.2329)
20000: saving model to /srv/hays-lab/scratch/sanisetty3/music_motion/ACMG/checkpoints/smplx_resnet_right/checkpoints
20200: vqvae model total loss: 0.179 reconstruction loss: 0.0651 loss_vel: 0.0893  commit_loss: 3.48 codebook usage: 0.978515625
20400: vqvae model total loss: 0.185 reconstruction loss: 0.0689 loss_vel: 0.0966  commit_loss: 3.4 codebook usage: 0.9921875
20600: vqvae model total loss: 0.157 reconstruction loss: 0.0584 loss_vel: 0.0768  commit_loss: 2.99 codebook usage: 0.978515625
20800: vqvae model total loss: 0.161 reconstruction loss: 0.0594 loss_vel: 0.0744  commit_loss: 3.22 codebook usage: 0.986328125
21000: vqvae model total loss: 0.149 reconstruction loss: 0.056 loss_vel: 0.07  commit_loss: 2.9 codebook usage: 0.982421875
21200: vqvae model total loss: 0.165 reconstruction loss: 0.0613 loss_vel: 0.0787  commit_loss: 3.2 codebook usage: 0.978515625
21400: vqvae model total loss: 0.169 reconstruction loss: 0.063 loss_vel: 0.0856  commit_loss: 3.18 codebook usage: 0.984375
21600: vqvae model total loss: 0.181 reconstruction loss: 0.0683 loss_vel: 0.0841  commit_loss: 3.52 codebook usage: 0.994140625
21800: vqvae model total loss: 0.153 reconstruction loss: 0.0596 loss_vel: 0.0674  commit_loss: 2.96 codebook usage: 0.96875
22000: vqvae model total loss: 0.133 reconstruction loss: 0.0515 loss_vel: 0.0605  commit_loss: 2.55 codebook usage: 0.96875
22200: vqvae model total loss: 0.158 reconstruction loss: 0.0592 loss_vel: 0.0725  commit_loss: 3.12 codebook usage: 0.9765625
22400: vqvae model total loss: 0.149 reconstruction loss: 0.0567 loss_vel: 0.0649  commit_loss: 3.01 codebook usage: 0.982421875
22600: vqvae model total loss: 0.162 reconstruction loss: 0.0578 loss_vel: 0.0781  commit_loss: 3.25 codebook usage: 0.97265625
22800: vqvae model total loss: 0.139 reconstruction loss: 0.0545 loss_vel: 0.0618  commit_loss: 2.68 codebook usage: 0.953125
23000: vqvae model total loss: 0.148 reconstruction loss: 0.0588 loss_vel: 0.072  commit_loss: 2.66 codebook usage: 0.96484375
23200: vqvae model total loss: 0.178 reconstruction loss: 0.0634 loss_vel: 0.0866  commit_loss: 3.56 codebook usage: 0.98828125
23400: vqvae model total loss: 0.158 reconstruction loss: 0.0607 loss_vel: 0.0689  commit_loss: 3.15 codebook usage: 0.974609375
23600: vqvae model total loss: 0.162 reconstruction loss: 0.0598 loss_vel: 0.0817  commit_loss: 3.07 codebook usage: 0.966796875
23800: vqvae model total loss: 0.156 reconstruction loss: 0.0553 loss_vel: 0.0822  commit_loss: 2.97 codebook usage: 0.990234375
24000: vqvae model total loss: 0.143 reconstruction loss: 0.0564 loss_vel: 0.0623  commit_loss: 2.78 codebook usage: 0.970703125
24200: vqvae model total loss: 0.161 reconstruction loss: 0.0588 loss_vel: 0.0809  commit_loss: 3.11 codebook usage: 0.98828125
24400: vqvae model total loss: 0.142 reconstruction loss: 0.0542 loss_vel: 0.0632  commit_loss: 2.83 codebook usage: 0.98046875
24600: vqvae model total loss: 0.158 reconstruction loss: 0.0589 loss_vel: 0.0754  commit_loss: 3.05 codebook usage: 0.98046875
24800: vqvae model total loss: 0.173 reconstruction loss: 0.0625 loss_vel: 0.0858  commit_loss: 3.37 codebook usage: 0.986328125
25000: vqvae model total loss: 0.136 reconstruction loss: 0.0507 loss_vel: 0.0599  commit_loss: 2.75 codebook usage: 0.974609375
25200: vqvae model total loss: 0.161 reconstruction loss: 0.0605 loss_vel: 0.0849  commit_loss: 2.91 codebook usage: 0.9765625
25400: vqvae model total loss: 0.157 reconstruction loss: 0.0612 loss_vel: 0.0739  commit_loss: 2.96 codebook usage: 0.978515625
25600: vqvae model total loss: 0.14 reconstruction loss: 0.0553 loss_vel: 0.0661  commit_loss: 2.58 codebook usage: 0.9765625
25800: vqvae model total loss: 0.15 reconstruction loss: 0.0563 loss_vel: 0.0683  commit_loss: 2.97 codebook usage: 0.974609375
26000: vqvae model total loss: 0.145 reconstruction loss: 0.0553 loss_vel: 0.0678  commit_loss: 2.79 codebook usage: 0.970703125
26200: vqvae model total loss: 0.135 reconstruction loss: 0.0522 loss_vel: 0.0662  commit_loss: 2.51 codebook usage: 0.966796875
26400: vqvae model total loss: 0.16 reconstruction loss: 0.0602 loss_vel: 0.0787  commit_loss: 3.02 codebook usage: 0.98828125
26600: vqvae model total loss: 0.148 reconstruction loss: 0.0566 loss_vel: 0.0692  commit_loss: 2.82 codebook usage: 0.974609375
26800: vqvae model total loss: 0.123 reconstruction loss: 0.0467 loss_vel: 0.0599  commit_loss: 2.32 codebook usage: 0.966796875
27000: vqvae model total loss: 0.146 reconstruction loss: 0.0544 loss_vel: 0.0685  commit_loss: 2.85 codebook usage: 0.974609375
27200: vqvae model total loss: 0.141 reconstruction loss: 0.0535 loss_vel: 0.067  commit_loss: 2.7 codebook usage: 0.962890625
27400: vqvae model total loss: 0.153 reconstruction loss: 0.0575 loss_vel: 0.0878  commit_loss: 2.59 codebook usage: 0.990234375
27600: vqvae model total loss: 0.14 reconstruction loss: 0.0518 loss_vel: 0.0614  commit_loss: 2.87 codebook usage: 0.970703125
27800: vqvae model total loss: 0.145 reconstruction loss: 0.0534 loss_vel: 0.0712  commit_loss: 2.81 codebook usage: 0.990234375
28000: vqvae model total loss: 0.138 reconstruction loss: 0.0513 loss_vel: 0.0672  commit_loss: 2.64 codebook usage: 0.98828125
28200: vqvae model total loss: 0.144 reconstruction loss: 0.0545 loss_vel: 0.0733  commit_loss: 2.65 codebook usage: 0.982421875
28400: vqvae model total loss: 0.138 reconstruction loss: 0.0506 loss_vel: 0.0667  commit_loss: 2.7 codebook usage: 0.97265625
28600: vqvae model total loss: 0.145 reconstruction loss: 0.0535 loss_vel: 0.0801  commit_loss: 2.59 codebook usage: 0.978515625
28800: vqvae model total loss: 0.144 reconstruction loss: 0.0534 loss_vel: 0.0691  commit_loss: 2.8 codebook usage: 0.984375
29000: vqvae model total loss: 0.139 reconstruction loss: 0.0535 loss_vel: 0.0665  commit_loss: 2.6 codebook usage: 0.978515625
29200: vqvae model total loss: 0.122 reconstruction loss: 0.0487 loss_vel: 0.0515  commit_loss: 2.36 codebook usage: 0.94921875
29400: vqvae model total loss: 0.139 reconstruction loss: 0.0541 loss_vel: 0.07  commit_loss: 2.47 codebook usage: 0.96875
29600: vqvae model total loss: 0.148 reconstruction loss: 0.0554 loss_vel: 0.0765  commit_loss: 2.74 codebook usage: 0.984375
29800: vqvae model total loss: 0.15 reconstruction loss: 0.0542 loss_vel: 0.0754  commit_loss: 2.9 codebook usage: 0.98046875
30000: vqvae model total loss: 0.161 reconstruction loss: 0.0606 loss_vel: 0.0838  commit_loss: 2.91 codebook usage: 1.0
validation start
val/rec_loss tensor(0.0737)
val/total_loss  tensor(0.1786)
render start
0.16072726249694824 tensor(0.1888)
30000: saving model to /srv/hays-lab/scratch/sanisetty3/music_motion/ACMG/checkpoints/smplx_resnet_right/checkpoints
30200: vqvae model total loss: 0.131 reconstruction loss: 0.0508 loss_vel: 0.0647  commit_loss: 2.38 codebook usage: 0.97265625
30400: vqvae model total loss: 0.145 reconstruction loss: 0.0557 loss_vel: 0.0679  commit_loss: 2.76 codebook usage: 0.982421875
30600: vqvae model total loss: 0.131 reconstruction loss: 0.0489 loss_vel: 0.0657  commit_loss: 2.49 codebook usage: 0.97265625
30800: vqvae model total loss: 0.129 reconstruction loss: 0.0519 loss_vel: 0.0611  commit_loss: 2.31 codebook usage: 0.96484375
31000: vqvae model total loss: 0.134 reconstruction loss: 0.051 loss_vel: 0.0637  commit_loss: 2.56 codebook usage: 0.984375
31200: vqvae model total loss: 0.138 reconstruction loss: 0.0516 loss_vel: 0.0627  commit_loss: 2.75 codebook usage: 0.990234375
31400: vqvae model total loss: 0.133 reconstruction loss: 0.0508 loss_vel: 0.0627  commit_loss: 2.53 codebook usage: 0.978515625
31600: vqvae model total loss: 0.125 reconstruction loss: 0.05 loss_vel: 0.0527  commit_loss: 2.42 codebook usage: 0.966796875
31800: vqvae model total loss: 0.118 reconstruction loss: 0.0436 loss_vel: 0.056  commit_loss: 2.33 codebook usage: 0.953125
32000: vqvae model total loss: 0.146 reconstruction loss: 0.0532 loss_vel: 0.0734  commit_loss: 2.79 codebook usage: 0.990234375
32200: vqvae model total loss: 0.126 reconstruction loss: 0.0483 loss_vel: 0.0581  commit_loss: 2.43 codebook usage: 0.96484375
32400: vqvae model total loss: 0.127 reconstruction loss: 0.0493 loss_vel: 0.0618  commit_loss: 2.36 codebook usage: 0.978515625
32600: vqvae model total loss: 0.134 reconstruction loss: 0.0502 loss_vel: 0.0673  commit_loss: 2.53 codebook usage: 0.98046875
32800: vqvae model total loss: 0.14 reconstruction loss: 0.0538 loss_vel: 0.07  commit_loss: 2.57 codebook usage: 0.984375
33000: vqvae model total loss: 0.112 reconstruction loss: 0.0435 loss_vel: 0.051  commit_loss: 2.15 codebook usage: 0.96875
33200: vqvae model total loss: 0.13 reconstruction loss: 0.0499 loss_vel: 0.0634  commit_loss: 2.43 codebook usage: 0.96875
33400: vqvae model total loss: 0.136 reconstruction loss: 0.05 loss_vel: 0.0673  commit_loss: 2.63 codebook usage: 0.978515625
33600: vqvae model total loss: 0.134 reconstruction loss: 0.0519 loss_vel: 0.0714  commit_loss: 2.3 codebook usage: 0.986328125
33800: vqvae model total loss: 0.127 reconstruction loss: 0.0497 loss_vel: 0.059  commit_loss: 2.4 codebook usage: 0.978515625
34000: vqvae model total loss: 0.124 reconstruction loss: 0.0446 loss_vel: 0.0561  commit_loss: 2.58 codebook usage: 0.96875
34200: vqvae model total loss: 0.132 reconstruction loss: 0.051 loss_vel: 0.0645  commit_loss: 2.42 codebook usage: 0.98046875
34400: vqvae model total loss: 0.148 reconstruction loss: 0.0542 loss_vel: 0.0732  commit_loss: 2.84 codebook usage: 0.984375
34600: vqvae model total loss: 0.13 reconstruction loss: 0.0507 loss_vel: 0.0653  commit_loss: 2.34 codebook usage: 0.978515625
34800: vqvae model total loss: 0.126 reconstruction loss: 0.0479 loss_vel: 0.0603  commit_loss: 2.41 codebook usage: 0.97265625
35000: vqvae model total loss: 0.132 reconstruction loss: 0.0498 loss_vel: 0.0628  commit_loss: 2.52 codebook usage: 0.984375
35200: vqvae model total loss: 0.123 reconstruction loss: 0.0471 loss_vel: 0.0569  commit_loss: 2.39 codebook usage: 0.970703125
35400: vqvae model total loss: 0.13 reconstruction loss: 0.0501 loss_vel: 0.0639  commit_loss: 2.39 codebook usage: 0.96875
35600: vqvae model total loss: 0.138 reconstruction loss: 0.0514 loss_vel: 0.0679  commit_loss: 2.61 codebook usage: 0.984375
35800: vqvae model total loss: 0.131 reconstruction loss: 0.0508 loss_vel: 0.0673  commit_loss: 2.31 codebook usage: 0.96484375
36000: vqvae model total loss: 0.127 reconstruction loss: 0.0497 loss_vel: 0.0582  commit_loss: 2.39 codebook usage: 0.978515625
36200: vqvae model total loss: 0.135 reconstruction loss: 0.0513 loss_vel: 0.0621  commit_loss: 2.63 codebook usage: 0.982421875
36400: vqvae model total loss: 0.14 reconstruction loss: 0.0526 loss_vel: 0.0667  commit_loss: 2.72 codebook usage: 0.978515625
36600: vqvae model total loss: 0.13 reconstruction loss: 0.0483 loss_vel: 0.0615  commit_loss: 2.53 codebook usage: 0.99609375
36800: vqvae model total loss: 0.116 reconstruction loss: 0.0444 loss_vel: 0.0529  commit_loss: 2.25 codebook usage: 0.94921875
37000: vqvae model total loss: 0.128 reconstruction loss: 0.0479 loss_vel: 0.0618  commit_loss: 2.48 codebook usage: 0.984375
37200: vqvae model total loss: 0.124 reconstruction loss: 0.0466 loss_vel: 0.0593  commit_loss: 2.39 codebook usage: 0.978515625
37400: vqvae model total loss: 0.118 reconstruction loss: 0.0462 loss_vel: 0.0558  commit_loss: 2.21 codebook usage: 0.962890625
37600: vqvae model total loss: 0.137 reconstruction loss: 0.0506 loss_vel: 0.0717  commit_loss: 2.52 codebook usage: 0.984375
37800: vqvae model total loss: 0.13 reconstruction loss: 0.0494 loss_vel: 0.0656  commit_loss: 2.39 codebook usage: 0.986328125
38000: vqvae model total loss: 0.129 reconstruction loss: 0.0494 loss_vel: 0.0636  commit_loss: 2.42 codebook usage: 0.978515625
38200: vqvae model total loss: 0.117 reconstruction loss: 0.0451 loss_vel: 0.0582  commit_loss: 2.16 codebook usage: 0.96484375
38400: vqvae model total loss: 0.115 reconstruction loss: 0.0421 loss_vel: 0.0582  commit_loss: 2.19 codebook usage: 0.97265625
38600: vqvae model total loss: 0.124 reconstruction loss: 0.0465 loss_vel: 0.0624  commit_loss: 2.33 codebook usage: 0.990234375
38800: vqvae model total loss: 0.138 reconstruction loss: 0.0516 loss_vel: 0.0722  commit_loss: 2.51 codebook usage: 0.9921875
39000: vqvae model total loss: 0.128 reconstruction loss: 0.0481 loss_vel: 0.0621  commit_loss: 2.46 codebook usage: 0.986328125
39200: vqvae model total loss: 0.113 reconstruction loss: 0.0439 loss_vel: 0.0526  commit_loss: 2.15 codebook usage: 0.96875
39400: vqvae model total loss: 0.114 reconstruction loss: 0.0419 loss_vel: 0.0542  commit_loss: 2.27 codebook usage: 0.95703125
39600: vqvae model total loss: 0.143 reconstruction loss: 0.0551 loss_vel: 0.0717  commit_loss: 2.59 codebook usage: 0.986328125
39800: vqvae model total loss: 0.114 reconstruction loss: 0.0438 loss_vel: 0.0533  commit_loss: 2.18 codebook usage: 0.97265625
40000: vqvae model total loss: 0.124 reconstruction loss: 0.0459 loss_vel: 0.0631  commit_loss: 2.31 codebook usage: 0.98046875
validation start
val/rec_loss tensor(0.0680)
val/total_loss  tensor(0.1634)
render start
0.1235426664352417 tensor(0.1607)
40000: saving model to /srv/hays-lab/scratch/sanisetty3/music_motion/ACMG/checkpoints/smplx_resnet_right/checkpoints
40200: vqvae model total loss: 0.115 reconstruction loss: 0.0446 loss_vel: 0.0537  commit_loss: 2.19 codebook usage: 0.9609375
40400: vqvae model total loss: 0.108 reconstruction loss: 0.041 loss_vel: 0.0491  commit_loss: 2.11 codebook usage: 0.974609375
40600: vqvae model total loss: 0.129 reconstruction loss: 0.0486 loss_vel: 0.062  commit_loss: 2.49 codebook usage: 0.986328125
40800: vqvae model total loss: 0.125 reconstruction loss: 0.0474 loss_vel: 0.0599  commit_loss: 2.37 codebook usage: 0.994140625
41000: vqvae model total loss: 0.114 reconstruction loss: 0.0438 loss_vel: 0.0527  commit_loss: 2.2 codebook usage: 0.97265625
41200: vqvae model total loss: 0.138 reconstruction loss: 0.0522 loss_vel: 0.0714  commit_loss: 2.53 codebook usage: 0.982421875
41400: vqvae model total loss: 0.126 reconstruction loss: 0.0476 loss_vel: 0.0632  commit_loss: 2.33 codebook usage: 0.9765625
41600: vqvae model total loss: 0.135 reconstruction loss: 0.05 loss_vel: 0.0715  commit_loss: 2.47 codebook usage: 0.98046875
41800: vqvae model total loss: 0.143 reconstruction loss: 0.0536 loss_vel: 0.0705  commit_loss: 2.69 codebook usage: 0.98828125
42000: vqvae model total loss: 0.128 reconstruction loss: 0.0485 loss_vel: 0.0704  commit_loss: 2.23 codebook usage: 0.97265625
42200: vqvae model total loss: 0.116 reconstruction loss: 0.0451 loss_vel: 0.0546  commit_loss: 2.19 codebook usage: 0.982421875
42400: vqvae model total loss: 0.119 reconstruction loss: 0.0442 loss_vel: 0.0581  commit_loss: 2.28 codebook usage: 0.986328125
42600: vqvae model total loss: 0.112 reconstruction loss: 0.0422 loss_vel: 0.0566  commit_loss: 2.09 codebook usage: 0.974609375
42800: vqvae model total loss: 0.126 reconstruction loss: 0.0469 loss_vel: 0.07  commit_loss: 2.19 codebook usage: 0.984375
43000: vqvae model total loss: 0.135 reconstruction loss: 0.0494 loss_vel: 0.0667  commit_loss: 2.6 codebook usage: 0.994140625
43200: vqvae model total loss: 0.113 reconstruction loss: 0.0429 loss_vel: 0.055  commit_loss: 2.12 codebook usage: 0.990234375
43400: vqvae model total loss: 0.125 reconstruction loss: 0.0468 loss_vel: 0.0583  commit_loss: 2.45 codebook usage: 0.98046875
43600: vqvae model total loss: 0.104 reconstruction loss: 0.0406 loss_vel: 0.0423  commit_loss: 2.13 codebook usage: 0.953125
43800: vqvae model total loss: 0.11 reconstruction loss: 0.0421 loss_vel: 0.0531  commit_loss: 2.08 codebook usage: 0.9765625
44000: vqvae model total loss: 0.121 reconstruction loss: 0.0466 loss_vel: 0.0555  commit_loss: 2.31 codebook usage: 0.986328125
44200: vqvae model total loss: 0.116 reconstruction loss: 0.0429 loss_vel: 0.058  commit_loss: 2.2 codebook usage: 0.982421875
44400: vqvae model total loss: 0.117 reconstruction loss: 0.0433 loss_vel: 0.0608  commit_loss: 2.19 codebook usage: 0.982421875
44600: vqvae model total loss: 0.123 reconstruction loss: 0.046 loss_vel: 0.0612  commit_loss: 2.34 codebook usage: 0.978515625
44800: vqvae model total loss: 0.125 reconstruction loss: 0.0477 loss_vel: 0.0626  commit_loss: 2.31 codebook usage: 0.984375
45000: vqvae model total loss: 0.122 reconstruction loss: 0.046 loss_vel: 0.0647  commit_loss: 2.2 codebook usage: 0.970703125
45200: vqvae model total loss: 0.113 reconstruction loss: 0.0421 loss_vel: 0.0565  commit_loss: 2.11 codebook usage: 0.982421875
45400: vqvae model total loss: 0.119 reconstruction loss: 0.0454 loss_vel: 0.0531  commit_loss: 2.34 codebook usage: 0.966796875
45600: vqvae model total loss: 0.119 reconstruction loss: 0.0441 loss_vel: 0.0604  commit_loss: 2.26 codebook usage: 0.98828125
45800: vqvae model total loss: 0.117 reconstruction loss: 0.0449 loss_vel: 0.0566  commit_loss: 2.2 codebook usage: 0.982421875
46000: vqvae model total loss: 0.103 reconstruction loss: 0.039 loss_vel: 0.0514  commit_loss: 1.92 codebook usage: 0.958984375
46200: vqvae model total loss: 0.124 reconstruction loss: 0.0485 loss_vel: 0.0572  commit_loss: 2.33 codebook usage: 0.98828125
46400: vqvae model total loss: 0.109 reconstruction loss: 0.0399 loss_vel: 0.0495  commit_loss: 2.23 codebook usage: 0.978515625
46600: vqvae model total loss: 0.127 reconstruction loss: 0.0476 loss_vel: 0.0653  commit_loss: 2.35 codebook usage: 0.98828125
46800: vqvae model total loss: 0.124 reconstruction loss: 0.0462 loss_vel: 0.0601  commit_loss: 2.4 codebook usage: 0.990234375
47000: vqvae model total loss: 0.117 reconstruction loss: 0.0447 loss_vel: 0.0562  commit_loss: 2.22 codebook usage: 0.98046875
47200: vqvae model total loss: 0.124 reconstruction loss: 0.046 loss_vel: 0.0625  commit_loss: 2.34 codebook usage: 0.9765625
47400: vqvae model total loss: 0.112 reconstruction loss: 0.0416 loss_vel: 0.0544  commit_loss: 2.14 codebook usage: 0.990234375
47600: vqvae model total loss: 0.12 reconstruction loss: 0.0437 loss_vel: 0.0596  commit_loss: 2.31 codebook usage: 0.97265625
47800: vqvae model total loss: 0.0999 reconstruction loss: 0.0379 loss_vel: 0.0496  commit_loss: 1.86 codebook usage: 0.970703125
48000: vqvae model total loss: 0.126 reconstruction loss: 0.0477 loss_vel: 0.0653  commit_loss: 2.28 codebook usage: 0.98828125
48200: vqvae model total loss: 0.112 reconstruction loss: 0.0415 loss_vel: 0.0576  commit_loss: 2.11 codebook usage: 0.98828125
48400: vqvae model total loss: 0.104 reconstruction loss: 0.0388 loss_vel: 0.052  commit_loss: 1.97 codebook usage: 0.9765625
48600: vqvae model total loss: 0.0971 reconstruction loss: 0.0368 loss_vel: 0.0429  commit_loss: 1.94 codebook usage: 0.95703125
48800: vqvae model total loss: 0.111 reconstruction loss: 0.0416 loss_vel: 0.0565  commit_loss: 2.08 codebook usage: 0.982421875
49000: vqvae model total loss: 0.105 reconstruction loss: 0.0398 loss_vel: 0.0518  commit_loss: 1.97 codebook usage: 0.98046875
49200: vqvae model total loss: 0.0974 reconstruction loss: 0.038 loss_vel: 0.0468  commit_loss: 1.8 codebook usage: 0.978515625
49400: vqvae model total loss: 0.11 reconstruction loss: 0.0435 loss_vel: 0.0505  commit_loss: 2.05 codebook usage: 0.97265625
49600: vqvae model total loss: 0.104 reconstruction loss: 0.0407 loss_vel: 0.0488  commit_loss: 1.94 codebook usage: 0.970703125
49800: vqvae model total loss: 0.11 reconstruction loss: 0.0424 loss_vel: 0.0502  commit_loss: 2.13 codebook usage: 0.974609375
50000: vqvae model total loss: 0.105 reconstruction loss: 0.0392 loss_vel: 0.0541  commit_loss: 1.91 codebook usage: 0.984375
validation start
val/rec_loss tensor(0.0671)
val/total_loss  tensor(0.1632)
render start
0.10452785342931747 tensor(0.1235)
50000: saving model to /srv/hays-lab/scratch/sanisetty3/music_motion/ACMG/checkpoints/smplx_resnet_right/checkpoints
50200: vqvae model total loss: 0.0964 reconstruction loss: 0.0378 loss_vel: 0.0396  commit_loss: 1.94 codebook usage: 0.958984375
50400: vqvae model total loss: 0.109 reconstruction loss: 0.0414 loss_vel: 0.0545  commit_loss: 2.0 codebook usage: 0.974609375
50600: vqvae model total loss: 0.108 reconstruction loss: 0.0413 loss_vel: 0.0528  commit_loss: 2.01 codebook usage: 0.970703125
50800: vqvae model total loss: 0.128 reconstruction loss: 0.0487 loss_vel: 0.0662  commit_loss: 2.33 codebook usage: 0.98046875
51000: vqvae model total loss: 0.103 reconstruction loss: 0.04 loss_vel: 0.0504  commit_loss: 1.91 codebook usage: 0.96875
51200: vqvae model total loss: 0.105 reconstruction loss: 0.041 loss_vel: 0.0467  commit_loss: 2.03 codebook usage: 0.9765625
51400: vqvae model total loss: 0.12 reconstruction loss: 0.0448 loss_vel: 0.0587  commit_loss: 2.28 codebook usage: 0.990234375
51600: vqvae model total loss: 0.114 reconstruction loss: 0.0437 loss_vel: 0.0553  commit_loss: 2.15 codebook usage: 0.978515625
51800: vqvae model total loss: 0.109 reconstruction loss: 0.0408 loss_vel: 0.0522  commit_loss: 2.11 codebook usage: 0.986328125
52000: vqvae model total loss: 0.109 reconstruction loss: 0.0412 loss_vel: 0.0521  commit_loss: 2.09 codebook usage: 0.986328125
52200: vqvae model total loss: 0.129 reconstruction loss: 0.0471 loss_vel: 0.0645  commit_loss: 2.47 codebook usage: 0.98828125
52400: vqvae model total loss: 0.108 reconstruction loss: 0.0411 loss_vel: 0.0535  commit_loss: 2.01 codebook usage: 0.966796875
52600: vqvae model total loss: 0.109 reconstruction loss: 0.0421 loss_vel: 0.0517  commit_loss: 2.05 codebook usage: 0.990234375
52800: vqvae model total loss: 0.107 reconstruction loss: 0.0397 loss_vel: 0.052  commit_loss: 2.08 codebook usage: 0.986328125
53000: vqvae model total loss: 0.109 reconstruction loss: 0.0411 loss_vel: 0.052  commit_loss: 2.11 codebook usage: 0.98046875
53200: vqvae model total loss: 0.138 reconstruction loss: 0.0523 loss_vel: 0.083  commit_loss: 2.22 codebook usage: 0.9921875
53400: vqvae model total loss: 0.108 reconstruction loss: 0.0407 loss_vel: 0.0484  commit_loss: 2.14 codebook usage: 0.982421875
53600: vqvae model total loss: 0.106 reconstruction loss: 0.0404 loss_vel: 0.0463  commit_loss: 2.13 codebook usage: 0.9609375
53800: vqvae model total loss: 0.109 reconstruction loss: 0.0389 loss_vel: 0.0513  commit_loss: 2.21 codebook usage: 0.97265625
54000: vqvae model total loss: 0.101 reconstruction loss: 0.0374 loss_vel: 0.045  commit_loss: 2.08 codebook usage: 0.966796875
54200: vqvae model total loss: 0.119 reconstruction loss: 0.0457 loss_vel: 0.0541  commit_loss: 2.31 codebook usage: 0.98828125
54400: vqvae model total loss: 0.11 reconstruction loss: 0.0432 loss_vel: 0.0503  commit_loss: 2.08 codebook usage: 0.984375
54600: vqvae model total loss: 0.0944 reconstruction loss: 0.0357 loss_vel: 0.0451  commit_loss: 1.8 codebook usage: 0.962890625
54800: vqvae model total loss: 0.11 reconstruction loss: 0.041 loss_vel: 0.0503  commit_loss: 2.18 codebook usage: 0.982421875
55000: vqvae model total loss: 0.111 reconstruction loss: 0.0423 loss_vel: 0.0504  commit_loss: 2.17 codebook usage: 0.9765625
55200: vqvae model total loss: 0.0978 reconstruction loss: 0.0365 loss_vel: 0.0474  commit_loss: 1.88 codebook usage: 0.970703125
55400: vqvae model total loss: 0.0982 reconstruction loss: 0.0378 loss_vel: 0.0493  commit_loss: 1.79 codebook usage: 0.990234375
55600: vqvae model total loss: 0.104 reconstruction loss: 0.0398 loss_vel: 0.0515  commit_loss: 1.9 codebook usage: 0.97265625
55800: vqvae model total loss: 0.104 reconstruction loss: 0.0399 loss_vel: 0.0465  commit_loss: 2.02 codebook usage: 0.970703125
56000: vqvae model total loss: 0.0969 reconstruction loss: 0.0377 loss_vel: 0.0426  commit_loss: 1.9 codebook usage: 0.96484375
56200: vqvae model total loss: 0.0992 reconstruction loss: 0.0376 loss_vel: 0.0465  commit_loss: 1.92 codebook usage: 0.9765625
56400: vqvae model total loss: 0.0956 reconstruction loss: 0.0354 loss_vel: 0.0453  commit_loss: 1.88 codebook usage: 0.970703125
56600: vqvae model total loss: 0.0894 reconstruction loss: 0.0327 loss_vel: 0.0408  commit_loss: 1.81 codebook usage: 0.98046875
56800: vqvae model total loss: 0.0968 reconstruction loss: 0.0377 loss_vel: 0.0456  commit_loss: 1.82 codebook usage: 0.96484375
57000: vqvae model total loss: 0.099 reconstruction loss: 0.0387 loss_vel: 0.0478  commit_loss: 1.82 codebook usage: 0.97265625
57200: vqvae model total loss: 0.107 reconstruction loss: 0.0396 loss_vel: 0.0507  commit_loss: 2.1 codebook usage: 0.98828125
57400: vqvae model total loss: 0.111 reconstruction loss: 0.0432 loss_vel: 0.0544  commit_loss: 2.04 codebook usage: 0.9765625
57600: vqvae model total loss: 0.103 reconstruction loss: 0.04 loss_vel: 0.05  commit_loss: 1.9 codebook usage: 0.978515625
57800: vqvae model total loss: 0.113 reconstruction loss: 0.0442 loss_vel: 0.0543  commit_loss: 2.1 codebook usage: 0.984375
58000: vqvae model total loss: 0.102 reconstruction loss: 0.0382 loss_vel: 0.0498  commit_loss: 1.96 codebook usage: 0.984375
58200: vqvae model total loss: 0.11 reconstruction loss: 0.0411 loss_vel: 0.0543  commit_loss: 2.08 codebook usage: 0.9609375
58400: vqvae model total loss: 0.115 reconstruction loss: 0.0428 loss_vel: 0.053  commit_loss: 2.3 codebook usage: 0.978515625
58600: vqvae model total loss: 0.13 reconstruction loss: 0.0461 loss_vel: 0.0706  commit_loss: 2.41 codebook usage: 0.98828125
58800: vqvae model total loss: 0.125 reconstruction loss: 0.0463 loss_vel: 0.064  commit_loss: 2.34 codebook usage: 0.9921875
59000: vqvae model total loss: 0.108 reconstruction loss: 0.0405 loss_vel: 0.0585  commit_loss: 1.91 codebook usage: 0.978515625
59200: vqvae model total loss: 0.103 reconstruction loss: 0.0376 loss_vel: 0.0481  commit_loss: 2.08 codebook usage: 0.98046875
59400: vqvae model total loss: 0.0962 reconstruction loss: 0.036 loss_vel: 0.0455  commit_loss: 1.87 codebook usage: 0.978515625
59600: vqvae model total loss: 0.101 reconstruction loss: 0.0365 loss_vel: 0.0493  commit_loss: 2.0 codebook usage: 0.96484375
59800: vqvae model total loss: 0.108 reconstruction loss: 0.0408 loss_vel: 0.0545  commit_loss: 2.01 codebook usage: 0.984375
60000: vqvae model total loss: 0.105 reconstruction loss: 0.0398 loss_vel: 0.0489  commit_loss: 2.02 codebook usage: 0.9921875
validation start
val/rec_loss tensor(0.0647)
val/total_loss  tensor(0.1593)
render start
0.1046636775135994 tensor(0.1045)
60000: saving model to /srv/hays-lab/scratch/sanisetty3/music_motion/ACMG/checkpoints/smplx_resnet_right/checkpoints
60200: vqvae model total loss: 0.107 reconstruction loss: 0.0399 loss_vel: 0.0522  commit_loss: 2.03 codebook usage: 0.9765625
60400: vqvae model total loss: 0.102 reconstruction loss: 0.0388 loss_vel: 0.0425  commit_loss: 2.09 codebook usage: 0.96484375
60600: vqvae model total loss: 0.109 reconstruction loss: 0.0403 loss_vel: 0.0531  commit_loss: 2.12 codebook usage: 0.978515625
60800: vqvae model total loss: 0.117 reconstruction loss: 0.0427 loss_vel: 0.0632  commit_loss: 2.14 codebook usage: 0.984375
61000: vqvae model total loss: 0.102 reconstruction loss: 0.0375 loss_vel: 0.0462  commit_loss: 2.09 codebook usage: 0.974609375
61200: vqvae model total loss: 0.103 reconstruction loss: 0.0363 loss_vel: 0.052  commit_loss: 2.04 codebook usage: 0.986328125
61400: vqvae model total loss: 0.104 reconstruction loss: 0.0388 loss_vel: 0.0482  commit_loss: 2.06 codebook usage: 0.96484375
61600: vqvae model total loss: 0.1 reconstruction loss: 0.037 loss_vel: 0.0479  commit_loss: 1.97 codebook usage: 0.990234375
61800: vqvae model total loss: 0.097 reconstruction loss: 0.0358 loss_vel: 0.0416  commit_loss: 2.02 codebook usage: 0.970703125
62000: vqvae model total loss: 0.111 reconstruction loss: 0.0424 loss_vel: 0.0516  commit_loss: 2.13 codebook usage: 0.9765625
62200: vqvae model total loss: 0.125 reconstruction loss: 0.0446 loss_vel: 0.0644  commit_loss: 2.43 codebook usage: 0.990234375
62400: vqvae model total loss: 0.113 reconstruction loss: 0.0428 loss_vel: 0.0561  commit_loss: 2.11 codebook usage: 0.98828125
62600: vqvae model total loss: 0.0966 reconstruction loss: 0.0368 loss_vel: 0.0463  commit_loss: 1.83 codebook usage: 0.986328125
62800: vqvae model total loss: 0.0928 reconstruction loss: 0.0349 loss_vel: 0.0447  commit_loss: 1.78 codebook usage: 0.9609375
63000: vqvae model total loss: 0.099 reconstruction loss: 0.0369 loss_vel: 0.0446  commit_loss: 1.99 codebook usage: 0.986328125
63200: vqvae model total loss: 0.0871 reconstruction loss: 0.0313 loss_vel: 0.0423  commit_loss: 1.74 codebook usage: 0.962890625
63400: vqvae model total loss: 0.0976 reconstruction loss: 0.0363 loss_vel: 0.0485  commit_loss: 1.85 codebook usage: 0.9765625
63600: vqvae model total loss: 0.111 reconstruction loss: 0.0407 loss_vel: 0.0504  commit_loss: 2.24 codebook usage: 0.982421875
63800: vqvae model total loss: 0.0937 reconstruction loss: 0.0347 loss_vel: 0.0446  commit_loss: 1.83 codebook usage: 0.970703125
64000: vqvae model total loss: 0.0984 reconstruction loss: 0.036 loss_vel: 0.0444  commit_loss: 2.01 codebook usage: 0.984375
64200: vqvae model total loss: 0.101 reconstruction loss: 0.037 loss_vel: 0.0496  commit_loss: 1.94 codebook usage: 0.974609375
64400: vqvae model total loss: 0.0953 reconstruction loss: 0.0356 loss_vel: 0.0421  commit_loss: 1.93 codebook usage: 0.982421875
64600: vqvae model total loss: 0.0901 reconstruction loss: 0.0332 loss_vel: 0.0447  commit_loss: 1.73 codebook usage: 0.97265625
64800: vqvae model total loss: 0.101 reconstruction loss: 0.0359 loss_vel: 0.0499  commit_loss: 2.0 codebook usage: 0.978515625
65000: vqvae model total loss: 0.11 reconstruction loss: 0.0408 loss_vel: 0.0596  commit_loss: 1.96 codebook usage: 0.98046875
65200: vqvae model total loss: 0.103 reconstruction loss: 0.0382 loss_vel: 0.0511  commit_loss: 1.98 codebook usage: 0.982421875
65400: vqvae model total loss: 0.0988 reconstruction loss: 0.037 loss_vel: 0.0458  commit_loss: 1.95 codebook usage: 0.974609375
65600: vqvae model total loss: 0.0997 reconstruction loss: 0.0385 loss_vel: 0.0434  commit_loss: 1.98 codebook usage: 0.9765625
65800: vqvae model total loss: 0.0951 reconstruction loss: 0.0344 loss_vel: 0.046  commit_loss: 1.89 codebook usage: 0.96484375
66000: vqvae model total loss: 0.0985 reconstruction loss: 0.0369 loss_vel: 0.0473  commit_loss: 1.9 codebook usage: 0.986328125
66200: vqvae model total loss: 0.107 reconstruction loss: 0.0392 loss_vel: 0.0524  commit_loss: 2.08 codebook usage: 0.982421875
66400: vqvae model total loss: 0.0993 reconstruction loss: 0.036 loss_vel: 0.0498  commit_loss: 1.92 codebook usage: 0.978515625
66600: vqvae model total loss: 0.111 reconstruction loss: 0.0397 loss_vel: 0.0524  commit_loss: 2.23 codebook usage: 0.978515625
66800: vqvae model total loss: 0.101 reconstruction loss: 0.0379 loss_vel: 0.0509  commit_loss: 1.88 codebook usage: 0.9765625
67000: vqvae model total loss: 0.0941 reconstruction loss: 0.0332 loss_vel: 0.0495  commit_loss: 1.81 codebook usage: 0.978515625
67200: vqvae model total loss: 0.0941 reconstruction loss: 0.035 loss_vel: 0.0476  commit_loss: 1.76 codebook usage: 0.98046875
67400: vqvae model total loss: 0.095 reconstruction loss: 0.0355 loss_vel: 0.0429  commit_loss: 1.9 codebook usage: 0.982421875
67600: vqvae model total loss: 0.105 reconstruction loss: 0.0371 loss_vel: 0.0507  commit_loss: 2.12 codebook usage: 0.986328125
67800: vqvae model total loss: 0.105 reconstruction loss: 0.0403 loss_vel: 0.0509  commit_loss: 1.97 codebook usage: 0.9921875
68000: vqvae model total loss: 0.107 reconstruction loss: 0.0381 loss_vel: 0.0513  commit_loss: 2.15 codebook usage: 0.98046875
68200: vqvae model total loss: 0.0917 reconstruction loss: 0.0344 loss_vel: 0.0439  commit_loss: 1.77 codebook usage: 0.9765625
68400: vqvae model total loss: 0.104 reconstruction loss: 0.0381 loss_vel: 0.0484  commit_loss: 2.1 codebook usage: 0.990234375
68600: vqvae model total loss: 0.0995 reconstruction loss: 0.036 loss_vel: 0.049  commit_loss: 1.95 codebook usage: 0.97265625
68800: vqvae model total loss: 0.0985 reconstruction loss: 0.0362 loss_vel: 0.0459  commit_loss: 1.97 codebook usage: 0.97265625
69000: vqvae model total loss: 0.0861 reconstruction loss: 0.0332 loss_vel: 0.0399  commit_loss: 1.64 codebook usage: 0.9765625
69200: vqvae model total loss: 0.0987 reconstruction loss: 0.0369 loss_vel: 0.0473  commit_loss: 1.9 codebook usage: 0.98828125
69400: vqvae model total loss: 0.0971 reconstruction loss: 0.0364 loss_vel: 0.0485  commit_loss: 1.82 codebook usage: 0.984375
69600: vqvae model total loss: 0.0968 reconstruction loss: 0.0352 loss_vel: 0.0472  commit_loss: 1.9 codebook usage: 0.966796875
69800: vqvae model total loss: 0.0945 reconstruction loss: 0.0349 loss_vel: 0.0432  commit_loss: 1.9 codebook usage: 0.974609375
70000: vqvae model total loss: 0.0939 reconstruction loss: 0.0354 loss_vel: 0.0481  commit_loss: 1.72 codebook usage: 0.984375
validation start
val/rec_loss tensor(0.0616)
val/total_loss  tensor(0.1506)
render start
0.09391924738883972 tensor(0.1045)
70000: saving model to /srv/hays-lab/scratch/sanisetty3/music_motion/ACMG/checkpoints/smplx_resnet_right/checkpoints
70200: vqvae model total loss: 0.0938 reconstruction loss: 0.0356 loss_vel: 0.0441  commit_loss: 1.81 codebook usage: 0.98046875
70400: vqvae model total loss: 0.0875 reconstruction loss: 0.0331 loss_vel: 0.0394  commit_loss: 1.74 codebook usage: 0.947265625
70600: vqvae model total loss: 0.0901 reconstruction loss: 0.0336 loss_vel: 0.0432  commit_loss: 1.75 codebook usage: 0.974609375
70800: vqvae model total loss: 0.0821 reconstruction loss: 0.0307 loss_vel: 0.0362  commit_loss: 1.66 codebook usage: 0.990234375
71000: vqvae model total loss: 0.0902 reconstruction loss: 0.0333 loss_vel: 0.0449  commit_loss: 1.72 codebook usage: 0.974609375
71200: vqvae model total loss: 0.102 reconstruction loss: 0.0378 loss_vel: 0.0481  commit_loss: 2.03 codebook usage: 0.986328125
71400: vqvae model total loss: 0.0984 reconstruction loss: 0.0383 loss_vel: 0.0407  commit_loss: 1.99 codebook usage: 0.96875
71600: vqvae model total loss: 0.0915 reconstruction loss: 0.0345 loss_vel: 0.0448  commit_loss: 1.73 codebook usage: 0.98046875
71800: vqvae model total loss: 0.104 reconstruction loss: 0.0391 loss_vel: 0.0515  commit_loss: 1.94 codebook usage: 0.984375
72000: vqvae model total loss: 0.0902 reconstruction loss: 0.0347 loss_vel: 0.0411  commit_loss: 1.75 codebook usage: 0.978515625
72200: vqvae model total loss: 0.0949 reconstruction loss: 0.0338 loss_vel: 0.0432  commit_loss: 1.98 codebook usage: 0.97265625
72400: vqvae model total loss: 0.103 reconstruction loss: 0.0374 loss_vel: 0.0467  commit_loss: 2.1 codebook usage: 0.990234375
72600: vqvae model total loss: 0.0926 reconstruction loss: 0.0336 loss_vel: 0.0422  commit_loss: 1.89 codebook usage: 0.982421875
72800: vqvae model total loss: 0.102 reconstruction loss: 0.0369 loss_vel: 0.0504  commit_loss: 2.0 codebook usage: 0.984375
73000: vqvae model total loss: 0.0919 reconstruction loss: 0.0342 loss_vel: 0.0427  commit_loss: 1.82 codebook usage: 0.986328125
73200: vqvae model total loss: 0.0921 reconstruction loss: 0.0333 loss_vel: 0.043  commit_loss: 1.86 codebook usage: 0.982421875
73400: vqvae model total loss: 0.122 reconstruction loss: 0.0452 loss_vel: 0.0626  commit_loss: 2.28 codebook usage: 0.998046875
73600: vqvae model total loss: 0.102 reconstruction loss: 0.0375 loss_vel: 0.0515  commit_loss: 1.92 codebook usage: 0.990234375
73800: vqvae model total loss: 0.0977 reconstruction loss: 0.0367 loss_vel: 0.0466  commit_loss: 1.89 codebook usage: 0.982421875
74000: vqvae model total loss: 0.0914 reconstruction loss: 0.0335 loss_vel: 0.0426  commit_loss: 1.83 codebook usage: 0.9765625
74200: vqvae model total loss: 0.0845 reconstruction loss: 0.0315 loss_vel: 0.0373  commit_loss: 1.72 codebook usage: 0.9609375
74400: vqvae model total loss: 0.0925 reconstruction loss: 0.0341 loss_vel: 0.0451  commit_loss: 1.79 codebook usage: 0.9765625
74600: vqvae model total loss: 0.101 reconstruction loss: 0.038 loss_vel: 0.0508  commit_loss: 1.86 codebook usage: 0.990234375
74800: vqvae model total loss: 0.107 reconstruction loss: 0.0397 loss_vel: 0.0525  commit_loss: 2.07 codebook usage: 0.990234375
75000: vqvae model total loss: 0.102 reconstruction loss: 0.0364 loss_vel: 0.0476  commit_loss: 2.11 codebook usage: 0.98046875
75200: vqvae model total loss: 0.109 reconstruction loss: 0.0394 loss_vel: 0.0525  commit_loss: 2.16 codebook usage: 0.984375
75400: vqvae model total loss: 0.0975 reconstruction loss: 0.036 loss_vel: 0.0457  commit_loss: 1.93 codebook usage: 0.986328125
75600: vqvae model total loss: 0.0961 reconstruction loss: 0.0357 loss_vel: 0.0507  commit_loss: 1.75 codebook usage: 0.978515625
75800: vqvae model total loss: 0.0949 reconstruction loss: 0.0348 loss_vel: 0.0462  commit_loss: 1.85 codebook usage: 0.9921875
76000: vqvae model total loss: 0.101 reconstruction loss: 0.0377 loss_vel: 0.0502  commit_loss: 1.93 codebook usage: 0.974609375
76200: vqvae model total loss: 0.101 reconstruction loss: 0.0374 loss_vel: 0.0486  commit_loss: 1.98 codebook usage: 0.986328125
76400: vqvae model total loss: 0.0951 reconstruction loss: 0.035 loss_vel: 0.0457  commit_loss: 1.86 codebook usage: 0.9921875
76600: vqvae model total loss: 0.0825 reconstruction loss: 0.0296 loss_vel: 0.0365  commit_loss: 1.73 codebook usage: 0.974609375
76800: vqvae model total loss: 0.1 reconstruction loss: 0.0378 loss_vel: 0.046  commit_loss: 1.97 codebook usage: 0.984375
77000: vqvae model total loss: 0.0947 reconstruction loss: 0.0334 loss_vel: 0.0451  commit_loss: 1.94 codebook usage: 0.994140625
77200: vqvae model total loss: 0.0932 reconstruction loss: 0.0349 loss_vel: 0.046  commit_loss: 1.77 codebook usage: 0.9765625
77400: vqvae model total loss: 0.0934 reconstruction loss: 0.0337 loss_vel: 0.0474  commit_loss: 1.8 codebook usage: 0.982421875
77600: vqvae model total loss: 0.0966 reconstruction loss: 0.0343 loss_vel: 0.0449  commit_loss: 1.99 codebook usage: 0.9921875
77800: vqvae model total loss: 0.0905 reconstruction loss: 0.0333 loss_vel: 0.0431  commit_loss: 1.78 codebook usage: 0.974609375
78000: vqvae model total loss: 0.0927 reconstruction loss: 0.0339 loss_vel: 0.0446  commit_loss: 1.83 codebook usage: 0.97265625
78200: vqvae model total loss: 0.0871 reconstruction loss: 0.0339 loss_vel: 0.0395  commit_loss: 1.67 codebook usage: 0.984375
78400: vqvae model total loss: 0.0783 reconstruction loss: 0.0286 loss_vel: 0.0341  commit_loss: 1.63 codebook usage: 0.955078125
78600: vqvae model total loss: 0.0948 reconstruction loss: 0.0337 loss_vel: 0.0422  commit_loss: 2.0 codebook usage: 0.984375
78800: vqvae model total loss: 0.0821 reconstruction loss: 0.0304 loss_vel: 0.0382  commit_loss: 1.63 codebook usage: 0.974609375
79000: vqvae model total loss: 0.0915 reconstruction loss: 0.0324 loss_vel: 0.0454  commit_loss: 1.82 codebook usage: 0.98046875
79200: vqvae model total loss: 0.089 reconstruction loss: 0.0332 loss_vel: 0.0379  commit_loss: 1.84 codebook usage: 0.962890625
79400: vqvae model total loss: 0.0895 reconstruction loss: 0.0328 loss_vel: 0.0395  commit_loss: 1.85 codebook usage: 0.9765625
79600: vqvae model total loss: 0.0813 reconstruction loss: 0.0302 loss_vel: 0.0393  commit_loss: 1.58 codebook usage: 0.970703125
79800: vqvae model total loss: 0.0814 reconstruction loss: 0.0301 loss_vel: 0.0343  commit_loss: 1.71 codebook usage: 0.962890625
80000: vqvae model total loss: 0.0832 reconstruction loss: 0.0312 loss_vel: 0.037  commit_loss: 1.68 codebook usage: 0.978515625
validation start
val/rec_loss tensor(0.0622)
val/total_loss  tensor(0.1530)
render start
0.0832238420844078 tensor(0.0939)
80000: saving model to /srv/hays-lab/scratch/sanisetty3/music_motion/ACMG/checkpoints/smplx_resnet_right/checkpoints
80200: vqvae model total loss: 0.0949 reconstruction loss: 0.0353 loss_vel: 0.0442  commit_loss: 1.87 codebook usage: 0.984375
80400: vqvae model total loss: 0.0975 reconstruction loss: 0.0358 loss_vel: 0.043  commit_loss: 2.01 codebook usage: 0.9921875
80600: vqvae model total loss: 0.0957 reconstruction loss: 0.0335 loss_vel: 0.0469  commit_loss: 1.94 codebook usage: 0.974609375
80800: vqvae model total loss: 0.0773 reconstruction loss: 0.0292 loss_vel: 0.0334  commit_loss: 1.57 codebook usage: 0.966796875
81000: vqvae model total loss: 0.0911 reconstruction loss: 0.0326 loss_vel: 0.042  commit_loss: 1.88 codebook usage: 0.990234375
81200: vqvae model total loss: 0.0864 reconstruction loss: 0.0329 loss_vel: 0.0425  commit_loss: 1.61 codebook usage: 0.98046875
81400: vqvae model total loss: 0.0795 reconstruction loss: 0.0306 loss_vel: 0.0326  commit_loss: 1.63 codebook usage: 0.966796875
81600: vqvae model total loss: 0.0915 reconstruction loss: 0.034 loss_vel: 0.0403  commit_loss: 1.87 codebook usage: 0.966796875
81800: vqvae model total loss: 0.0878 reconstruction loss: 0.0313 loss_vel: 0.0396  commit_loss: 1.83 codebook usage: 0.974609375
82000: vqvae model total loss: 0.121 reconstruction loss: 0.0412 loss_vel: 0.0569  commit_loss: 2.56 codebook usage: 0.984375
82200: vqvae model total loss: 0.0823 reconstruction loss: 0.0298 loss_vel: 0.0386  commit_loss: 1.66 codebook usage: 0.984375
82400: vqvae model total loss: 0.0915 reconstruction loss: 0.0334 loss_vel: 0.0447  commit_loss: 1.79 codebook usage: 0.96484375
82600: vqvae model total loss: 0.0966 reconstruction loss: 0.0364 loss_vel: 0.0439  commit_loss: 1.91 codebook usage: 0.982421875
82800: vqvae model total loss: 0.0816 reconstruction loss: 0.0303 loss_vel: 0.035  commit_loss: 1.69 codebook usage: 0.9609375
83000: vqvae model total loss: 0.108 reconstruction loss: 0.0379 loss_vel: 0.0521  commit_loss: 2.22 codebook usage: 0.990234375
83200: vqvae model total loss: 0.0815 reconstruction loss: 0.0303 loss_vel: 0.0373  commit_loss: 1.62 codebook usage: 0.978515625
83400: vqvae model total loss: 0.0891 reconstruction loss: 0.0322 loss_vel: 0.04  commit_loss: 1.84 codebook usage: 0.958984375
83600: vqvae model total loss: 0.0813 reconstruction loss: 0.0316 loss_vel: 0.0324  commit_loss: 1.68 codebook usage: 0.98046875
83800: vqvae model total loss: 0.089 reconstruction loss: 0.0322 loss_vel: 0.0408  commit_loss: 1.82 codebook usage: 0.98046875
84000: vqvae model total loss: 0.0885 reconstruction loss: 0.0331 loss_vel: 0.0374  commit_loss: 1.83 codebook usage: 0.98046875
84200: vqvae model total loss: 0.0902 reconstruction loss: 0.0322 loss_vel: 0.045  commit_loss: 1.78 codebook usage: 0.97265625
84400: vqvae model total loss: 0.0975 reconstruction loss: 0.0358 loss_vel: 0.0478  commit_loss: 1.89 codebook usage: 0.984375
84600: vqvae model total loss: 0.0921 reconstruction loss: 0.0333 loss_vel: 0.0444  commit_loss: 1.83 codebook usage: 0.98046875
84800: vqvae model total loss: 0.0786 reconstruction loss: 0.0295 loss_vel: 0.0347  commit_loss: 1.59 codebook usage: 0.966796875
85000: vqvae model total loss: 0.0938 reconstruction loss: 0.0338 loss_vel: 0.0434  commit_loss: 1.91 codebook usage: 0.986328125
85200: vqvae model total loss: 0.0907 reconstruction loss: 0.0347 loss_vel: 0.0442  commit_loss: 1.7 codebook usage: 0.97265625
85400: vqvae model total loss: 0.0923 reconstruction loss: 0.0353 loss_vel: 0.0401  commit_loss: 1.85 codebook usage: 0.978515625
85600: vqvae model total loss: 0.0815 reconstruction loss: 0.029 loss_vel: 0.0381  commit_loss: 1.67 codebook usage: 0.97265625
85800: vqvae model total loss: 0.0992 reconstruction loss: 0.0366 loss_vel: 0.0458  commit_loss: 1.98 codebook usage: 0.990234375
86000: vqvae model total loss: 0.0948 reconstruction loss: 0.0356 loss_vel: 0.048  commit_loss: 1.76 codebook usage: 0.974609375
86200: vqvae model total loss: 0.0857 reconstruction loss: 0.0317 loss_vel: 0.0378  commit_loss: 1.76 codebook usage: 0.974609375
86400: vqvae model total loss: 0.0889 reconstruction loss: 0.0321 loss_vel: 0.0456  commit_loss: 1.7 codebook usage: 0.990234375
86600: vqvae model total loss: 0.103 reconstruction loss: 0.0375 loss_vel: 0.054  commit_loss: 1.95 codebook usage: 0.986328125
86800: vqvae model total loss: 0.0903 reconstruction loss: 0.0329 loss_vel: 0.0412  commit_loss: 1.84 codebook usage: 0.990234375
87000: vqvae model total loss: 0.0875 reconstruction loss: 0.0325 loss_vel: 0.0412  commit_loss: 1.72 codebook usage: 0.982421875
87200: vqvae model total loss: 0.091 reconstruction loss: 0.0337 loss_vel: 0.0424  commit_loss: 1.8 codebook usage: 0.974609375
87400: vqvae model total loss: 0.0825 reconstruction loss: 0.0309 loss_vel: 0.0371  commit_loss: 1.66 codebook usage: 0.974609375
87600: vqvae model total loss: 0.0858 reconstruction loss: 0.033 loss_vel: 0.034  commit_loss: 1.79 codebook usage: 0.974609375
87800: vqvae model total loss: 0.108 reconstruction loss: 0.0395 loss_vel: 0.0532  commit_loss: 2.08 codebook usage: 0.982421875
88000: vqvae model total loss: 0.0736 reconstruction loss: 0.027 loss_vel: 0.0321  commit_loss: 1.52 codebook usage: 0.962890625
88200: vqvae model total loss: 0.0893 reconstruction loss: 0.0317 loss_vel: 0.0413  commit_loss: 1.85 codebook usage: 0.9765625
88400: vqvae model total loss: 0.0816 reconstruction loss: 0.0306 loss_vel: 0.0344  commit_loss: 1.69 codebook usage: 0.96875
88600: vqvae model total loss: 0.0945 reconstruction loss: 0.0337 loss_vel: 0.0443  commit_loss: 1.93 codebook usage: 0.984375
88800: vqvae model total loss: 0.0748 reconstruction loss: 0.0274 loss_vel: 0.0334  commit_loss: 1.53 codebook usage: 0.95703125
89000: vqvae model total loss: 0.0837 reconstruction loss: 0.0309 loss_vel: 0.0381  commit_loss: 1.69 codebook usage: 0.966796875
89200: vqvae model total loss: 0.081 reconstruction loss: 0.0292 loss_vel: 0.0375  commit_loss: 1.65 codebook usage: 0.98046875
89400: vqvae model total loss: 0.0865 reconstruction loss: 0.032 loss_vel: 0.0378  commit_loss: 1.78 codebook usage: 0.978515625
89600: vqvae model total loss: 0.084 reconstruction loss: 0.0315 loss_vel: 0.0371  commit_loss: 1.69 codebook usage: 0.97265625
89800: vqvae model total loss: 0.0985 reconstruction loss: 0.0364 loss_vel: 0.0472  commit_loss: 1.92 codebook usage: 0.98828125
90000: vqvae model total loss: 0.0975 reconstruction loss: 0.0347 loss_vel: 0.0456  commit_loss: 2.0 codebook usage: 0.982421875
validation start
val/rec_loss tensor(0.0593)
val/total_loss  tensor(0.1475)
render start
0.09753668308258057 tensor(0.0832)
90000: saving model to /srv/hays-lab/scratch/sanisetty3/music_motion/ACMG/checkpoints/smplx_resnet_right/checkpoints
90200: vqvae model total loss: 0.0778 reconstruction loss: 0.0287 loss_vel: 0.0366  commit_loss: 1.54 codebook usage: 0.978515625
90400: vqvae model total loss: 0.0928 reconstruction loss: 0.0346 loss_vel: 0.0451  commit_loss: 1.78 codebook usage: 0.978515625
90600: vqvae model total loss: 0.0785 reconstruction loss: 0.0283 loss_vel: 0.0375  commit_loss: 1.57 codebook usage: 0.97265625
90800: vqvae model total loss: 0.0782 reconstruction loss: 0.0286 loss_vel: 0.0377  commit_loss: 1.54 codebook usage: 0.982421875
91000: vqvae model total loss: 0.0946 reconstruction loss: 0.0359 loss_vel: 0.0429  commit_loss: 1.86 codebook usage: 0.990234375
91200: vqvae model total loss: 0.0819 reconstruction loss: 0.03 loss_vel: 0.0363  commit_loss: 1.69 codebook usage: 0.96484375
91400: vqvae model total loss: 0.0826 reconstruction loss: 0.0318 loss_vel: 0.0342  commit_loss: 1.68 codebook usage: 0.9921875
91600: vqvae model total loss: 0.101 reconstruction loss: 0.0367 loss_vel: 0.0476  commit_loss: 2.02 codebook usage: 0.990234375
91800: vqvae model total loss: 0.0782 reconstruction loss: 0.0286 loss_vel: 0.035  commit_loss: 1.6 codebook usage: 0.96875
92000: vqvae model total loss: 0.0847 reconstruction loss: 0.0314 loss_vel: 0.0378  commit_loss: 1.72 codebook usage: 0.982421875
92200: vqvae model total loss: 0.0783 reconstruction loss: 0.0278 loss_vel: 0.0373  commit_loss: 1.59 codebook usage: 0.974609375
92400: vqvae model total loss: 0.0971 reconstruction loss: 0.0353 loss_vel: 0.0436  commit_loss: 2.0 codebook usage: 0.978515625
92600: vqvae model total loss: 0.0865 reconstruction loss: 0.0315 loss_vel: 0.0432  commit_loss: 1.67 codebook usage: 0.978515625
92800: vqvae model total loss: 0.0848 reconstruction loss: 0.0318 loss_vel: 0.0376  commit_loss: 1.71 codebook usage: 0.97265625
93000: vqvae model total loss: 0.0804 reconstruction loss: 0.0297 loss_vel: 0.0359  commit_loss: 1.64 codebook usage: 0.98046875
93200: vqvae model total loss: 0.0949 reconstruction loss: 0.0329 loss_vel: 0.0439  commit_loss: 2.0 codebook usage: 0.96875
93400: vqvae model total loss: 0.0913 reconstruction loss: 0.0333 loss_vel: 0.0416  commit_loss: 1.86 codebook usage: 0.978515625
93600: vqvae model total loss: 0.0848 reconstruction loss: 0.0313 loss_vel: 0.0393  commit_loss: 1.7 codebook usage: 0.9765625
93800: vqvae model total loss: 0.093 reconstruction loss: 0.0321 loss_vel: 0.0462  commit_loss: 1.89 codebook usage: 0.98828125
94000: vqvae model total loss: 0.112 reconstruction loss: 0.0401 loss_vel: 0.0515  commit_loss: 2.28 codebook usage: 0.998046875
94200: vqvae model total loss: 0.0877 reconstruction loss: 0.0314 loss_vel: 0.0433  commit_loss: 1.73 codebook usage: 0.982421875
94400: vqvae model total loss: 0.0866 reconstruction loss: 0.0303 loss_vel: 0.0403  commit_loss: 1.8 codebook usage: 0.9765625
94600: vqvae model total loss: 0.0854 reconstruction loss: 0.0311 loss_vel: 0.0349  commit_loss: 1.84 codebook usage: 0.974609375
94800: vqvae model total loss: 0.0822 reconstruction loss: 0.03 loss_vel: 0.0362  commit_loss: 1.7 codebook usage: 0.982421875
95000: vqvae model total loss: 0.0853 reconstruction loss: 0.0301 loss_vel: 0.043  commit_loss: 1.68 codebook usage: 0.970703125
95200: vqvae model total loss: 0.0852 reconstruction loss: 0.0311 loss_vel: 0.0378  commit_loss: 1.76 codebook usage: 0.978515625
95400: vqvae model total loss: 0.0913 reconstruction loss: 0.0325 loss_vel: 0.0442  commit_loss: 1.84 codebook usage: 0.982421875
95600: vqvae model total loss: 0.077 reconstruction loss: 0.0279 loss_vel: 0.0329  commit_loss: 1.63 codebook usage: 0.962890625
95800: vqvae model total loss: 0.0851 reconstruction loss: 0.0311 loss_vel: 0.0394  commit_loss: 1.72 codebook usage: 0.986328125
96000: vqvae model total loss: 0.0818 reconstruction loss: 0.0301 loss_vel: 0.0383  commit_loss: 1.63 codebook usage: 0.97265625
96200: vqvae model total loss: 0.0795 reconstruction loss: 0.0284 loss_vel: 0.0377  commit_loss: 1.61 codebook usage: 0.970703125
96400: vqvae model total loss: 0.0785 reconstruction loss: 0.0296 loss_vel: 0.0335  commit_loss: 1.61 codebook usage: 0.97265625
96600: vqvae model total loss: 0.0767 reconstruction loss: 0.0274 loss_vel: 0.0341  commit_loss: 1.61 codebook usage: 0.978515625
96800: vqvae model total loss: 0.0862 reconstruction loss: 0.0304 loss_vel: 0.0439  commit_loss: 1.69 codebook usage: 0.98046875
97000: vqvae model total loss: 0.0848 reconstruction loss: 0.031 loss_vel: 0.0378  commit_loss: 1.74 codebook usage: 0.974609375
97200: vqvae model total loss: 0.078 reconstruction loss: 0.0282 loss_vel: 0.0356  commit_loss: 1.6 codebook usage: 0.98046875
97400: vqvae model total loss: 0.0826 reconstruction loss: 0.0316 loss_vel: 0.0373  commit_loss: 1.62 codebook usage: 0.98828125
97600: vqvae model total loss: 0.0825 reconstruction loss: 0.029 loss_vel: 0.038  commit_loss: 1.73 codebook usage: 0.974609375
97800: vqvae model total loss: 0.0815 reconstruction loss: 0.0306 loss_vel: 0.0367  commit_loss: 1.63 codebook usage: 0.978515625
98000: vqvae model total loss: 0.0875 reconstruction loss: 0.0319 loss_vel: 0.0409  commit_loss: 1.76 codebook usage: 0.98046875
98200: vqvae model total loss: 0.0892 reconstruction loss: 0.0325 loss_vel: 0.0401  commit_loss: 1.83 codebook usage: 0.978515625
98400: vqvae model total loss: 0.0838 reconstruction loss: 0.0296 loss_vel: 0.0368  commit_loss: 1.79 codebook usage: 0.982421875
98600: vqvae model total loss: 0.0847 reconstruction loss: 0.0305 loss_vel: 0.041  commit_loss: 1.69 codebook usage: 0.978515625
98800: vqvae model total loss: 0.0846 reconstruction loss: 0.0302 loss_vel: 0.0411  commit_loss: 1.69 codebook usage: 0.98828125
99000: vqvae model total loss: 0.083 reconstruction loss: 0.0295 loss_vel: 0.0389  commit_loss: 1.71 codebook usage: 0.982421875
99200: vqvae model total loss: 0.0886 reconstruction loss: 0.0329 loss_vel: 0.0404  commit_loss: 1.77 codebook usage: 0.98046875
99400: vqvae model total loss: 0.0995 reconstruction loss: 0.0353 loss_vel: 0.0581  commit_loss: 1.76 codebook usage: 0.98046875
99600: vqvae model total loss: 0.087 reconstruction loss: 0.0313 loss_vel: 0.0413  commit_loss: 1.75 codebook usage: 0.994140625
99800: vqvae model total loss: 0.0842 reconstruction loss: 0.0311 loss_vel: 0.0389  commit_loss: 1.68 codebook usage: 0.982421875
100000: vqvae model total loss: 0.0833 reconstruction loss: 0.0302 loss_vel: 0.0371  commit_loss: 1.73 codebook usage: 0.98828125
validation start
val/rec_loss tensor(0.0600)
val/total_loss  tensor(0.1497)
render start
0.08327566832304001 tensor(0.0832)
100000: saving model to /srv/hays-lab/scratch/sanisetty3/music_motion/ACMG/checkpoints/smplx_resnet_right/checkpoints
100200: vqvae model total loss: 0.087 reconstruction loss: 0.0319 loss_vel: 0.0377  commit_loss: 1.82 codebook usage: 0.982421875
100400: vqvae model total loss: 0.0806 reconstruction loss: 0.0291 loss_vel: 0.035  commit_loss: 1.7 codebook usage: 0.978515625
100600: vqvae model total loss: 0.0949 reconstruction loss: 0.0347 loss_vel: 0.0484  commit_loss: 1.8 codebook usage: 0.990234375
100800: vqvae model total loss: 0.0781 reconstruction loss: 0.0272 loss_vel: 0.0344  commit_loss: 1.68 codebook usage: 0.974609375
101000: vqvae model total loss: 0.0789 reconstruction loss: 0.0284 loss_vel: 0.0372  commit_loss: 1.59 codebook usage: 0.947265625
101200: vqvae model total loss: 0.0961 reconstruction loss: 0.0331 loss_vel: 0.0413  commit_loss: 2.12 codebook usage: 0.962890625
101400: vqvae model total loss: 0.082 reconstruction loss: 0.0302 loss_vel: 0.0385  commit_loss: 1.63 codebook usage: 0.9765625
101600: vqvae model total loss: 0.085 reconstruction loss: 0.031 loss_vel: 0.0389  commit_loss: 1.73 codebook usage: 0.984375
101800: vqvae model total loss: 0.0811 reconstruction loss: 0.0276 loss_vel: 0.0426  commit_loss: 1.61 codebook usage: 0.97265625
102000: vqvae model total loss: 0.0833 reconstruction loss: 0.0301 loss_vel: 0.0404  commit_loss: 1.65 codebook usage: 0.98828125
102200: vqvae model total loss: 0.0822 reconstruction loss: 0.0302 loss_vel: 0.0372  commit_loss: 1.67 codebook usage: 0.9765625
102400: vqvae model total loss: 0.0896 reconstruction loss: 0.0323 loss_vel: 0.0445  commit_loss: 1.75 codebook usage: 0.9921875
102600: vqvae model total loss: 0.0829 reconstruction loss: 0.0303 loss_vel: 0.0384  commit_loss: 1.67 codebook usage: 0.984375
102800: vqvae model total loss: 0.09 reconstruction loss: 0.0312 loss_vel: 0.0399  commit_loss: 1.94 codebook usage: 0.974609375
103000: vqvae model total loss: 0.0799 reconstruction loss: 0.0297 loss_vel: 0.0365  commit_loss: 1.6 codebook usage: 0.966796875
103200: vqvae model total loss: 0.0874 reconstruction loss: 0.0311 loss_vel: 0.0453  commit_loss: 1.68 codebook usage: 0.9765625
103400: vqvae model total loss: 0.0863 reconstruction loss: 0.0311 loss_vel: 0.0373  commit_loss: 1.83 codebook usage: 0.98828125
103600: vqvae model total loss: 0.0834 reconstruction loss: 0.0299 loss_vel: 0.0405  commit_loss: 1.66 codebook usage: 0.98046875
103800: vqvae model total loss: 0.0884 reconstruction loss: 0.0319 loss_vel: 0.0393  commit_loss: 1.84 codebook usage: 0.982421875
104000: vqvae model total loss: 0.0761 reconstruction loss: 0.0273 loss_vel: 0.0343  commit_loss: 1.58 codebook usage: 0.9765625
104200: vqvae model total loss: 0.0838 reconstruction loss: 0.0306 loss_vel: 0.0375  commit_loss: 1.72 codebook usage: 0.98046875
104400: vqvae model total loss: 0.098 reconstruction loss: 0.0351 loss_vel: 0.0472  commit_loss: 1.96 codebook usage: 0.982421875
104600: vqvae model total loss: 0.0894 reconstruction loss: 0.0327 loss_vel: 0.0416  commit_loss: 1.79 codebook usage: 0.986328125
104800: vqvae model total loss: 0.0964 reconstruction loss: 0.0351 loss_vel: 0.0456  commit_loss: 1.93 codebook usage: 0.984375
105000: vqvae model total loss: 0.0937 reconstruction loss: 0.0334 loss_vel: 0.0471  commit_loss: 1.84 codebook usage: 0.98046875
105200: vqvae model total loss: 0.081 reconstruction loss: 0.0298 loss_vel: 0.0365  commit_loss: 1.65 codebook usage: 0.982421875
105400: vqvae model total loss: 0.0837 reconstruction loss: 0.0293 loss_vel: 0.0445  commit_loss: 1.6 codebook usage: 0.986328125
105600: vqvae model total loss: 0.0739 reconstruction loss: 0.0263 loss_vel: 0.0342  commit_loss: 1.53 codebook usage: 0.98046875
105800: vqvae model total loss: 0.0819 reconstruction loss: 0.0304 loss_vel: 0.0393  commit_loss: 1.59 codebook usage: 0.9921875
106000: vqvae model total loss: 0.0887 reconstruction loss: 0.0308 loss_vel: 0.0387  commit_loss: 1.93 codebook usage: 0.984375
106200: vqvae model total loss: 0.0889 reconstruction loss: 0.0323 loss_vel: 0.0417  commit_loss: 1.79 codebook usage: 0.984375
106400: vqvae model total loss: 0.0804 reconstruction loss: 0.0309 loss_vel: 0.0351  commit_loss: 1.6 codebook usage: 0.97265625
106600: vqvae model total loss: 0.0833 reconstruction loss: 0.0294 loss_vel: 0.0395  commit_loss: 1.71 codebook usage: 0.974609375
106800: vqvae model total loss: 0.0946 reconstruction loss: 0.0339 loss_vel: 0.0486  commit_loss: 1.82 codebook usage: 0.986328125
107000: vqvae model total loss: 0.0846 reconstruction loss: 0.03 loss_vel: 0.0422  commit_loss: 1.67 codebook usage: 0.984375
107200: vqvae model total loss: 0.093 reconstruction loss: 0.0341 loss_vel: 0.0423  commit_loss: 1.89 codebook usage: 0.978515625
107400: vqvae model total loss: 0.0907 reconstruction loss: 0.0325 loss_vel: 0.0409  commit_loss: 1.89 codebook usage: 0.982421875
107600: vqvae model total loss: 0.0856 reconstruction loss: 0.0302 loss_vel: 0.0406  commit_loss: 1.76 codebook usage: 0.982421875
107800: vqvae model total loss: 0.0936 reconstruction loss: 0.0327 loss_vel: 0.0388  commit_loss: 2.07 codebook usage: 0.984375
108000: vqvae model total loss: 0.0938 reconstruction loss: 0.0345 loss_vel: 0.0463  commit_loss: 1.81 codebook usage: 0.978515625
108200: vqvae model total loss: 0.0957 reconstruction loss: 0.0345 loss_vel: 0.0408  commit_loss: 2.04 codebook usage: 0.98046875
108400: vqvae model total loss: 0.0825 reconstruction loss: 0.0301 loss_vel: 0.0392  commit_loss: 1.64 codebook usage: 0.970703125
108600: vqvae model total loss: 0.0775 reconstruction loss: 0.0279 loss_vel: 0.0335  commit_loss: 1.64 codebook usage: 0.982421875
108800: vqvae model total loss: 0.0921 reconstruction loss: 0.0331 loss_vel: 0.0422  commit_loss: 1.9 codebook usage: 0.98828125
109000: vqvae model total loss: 0.0798 reconstruction loss: 0.0277 loss_vel: 0.0351  commit_loss: 1.73 codebook usage: 0.97265625
109200: vqvae model total loss: 0.0766 reconstruction loss: 0.0283 loss_vel: 0.0316  commit_loss: 1.63 codebook usage: 0.974609375
109400: vqvae model total loss: 0.0851 reconstruction loss: 0.0303 loss_vel: 0.0417  commit_loss: 1.69 codebook usage: 0.9921875
109600: vqvae model total loss: 0.101 reconstruction loss: 0.0335 loss_vel: 0.0463  commit_loss: 2.22 codebook usage: 0.986328125
109800: vqvae model total loss: 0.077 reconstruction loss: 0.0285 loss_vel: 0.035  commit_loss: 1.55 codebook usage: 0.970703125
training complete
