loading config from: /srv/hays-lab/scratch/sanisetty3/music_motion/ATCMG/checkpoints/vqvae/vqvae_body_gprvc/vqvae_body_gprvc.yaml
output_dir:  /srv/hays-lab/scratch/sanisetty3/music_motion/ATCMG/checkpoints/vqvae/vqvae_body_gprvc
codebook_dim: 512
codebook_size: 512
commit: 0.25
conv_kernel_size: 5
depth: 8
dim: 768
down_sampling_ratio: 4
dropout: 0.1
heads: 8
kmeans_iters: None
loss_motion: 2.0
loss_vel: 1.0
motion_dim: 263
nb_joints: 22
num_quantizers: 2
quantize_dropout_prob: 0.0
rearrange_output: False
recons_loss: l1_smooth
sample_codebook_temp: 0.0
shared_codebook: False
target: core.models.resnetVQ.vqvae.HumanVQVAE2
use_geodesic_loss: False
use_simple_loss: True
Sync is turned on False
Total training params: 89.15M
Total number of motions animation: 120
Total number of motions humanml: 16730
Total number of motions perform: 346
Total number of motions GRAB: 1268
Total number of motions idea400: 10946
Total number of motions beat: 1456
Total number of motions game_motion: 2780
Total number of motions music: 2865
Total number of motions aist: 1141
Total number of motions fitness: 10902
Total number of motions moyo: 161
Total number of motions choreomaster: 34
Total number of motions dance: 97
Total number of motions kungfu: 827
Total number of motions animation: 2
Total number of motions humanml: 2944
Total number of motions perform: 16
Total number of motions GRAB: 67
Total number of motions idea400: 577
Total number of motions beat: 162
Total number of motions game_motion: 130
Total number of motions music: 148
Total number of motions aist: 61
Total number of motions fitness: 572
Total number of motions moyo: 9
Total number of motions choreomaster: 2
Total number of motions dance: 7
Total number of motions kungfu: 42
Total number of motions animation: 1
Total number of motions humanml: 1
Total number of motions perform: 2
Total number of motions GRAB: 2
Total number of motions idea400: 2
Total number of motions beat: 1
Total number of motions game_motion: 2
Total number of motions music: 1
Total number of motions aist: 1
Total number of motions fitness: 2
Total number of motions moyo: 2
Total number of motions choreomaster: 2
Total number of motions dance: 1
Total number of motions kungfu: 2
training with training 49673 and test dataset of  and  4739 samples and render of  22
/srv/hays-lab/scratch/sanisetty3/music_motion/ATCMG/checkpoints/vqvae/vqvae_body_gprvc
resuming from  /srv/hays-lab/scratch/sanisetty3/music_motion/ATCMG/checkpoints/vqvae/vqvae_body_gprvc/vqvae_motion.pt
loaded model with  1.1994400024414062 tensor([110000.], device='cuda:0') steps
110000: vqvae model total loss: 0.154 reconstruction loss: 0.0342 commit_loss: 0.344 codebook usage: 361.1855773925781
0.154313862323761 tensor(1.1994, device='cuda:0')
110000: saving model to /srv/hays-lab/scratch/sanisetty3/music_motion/ATCMG/checkpoints/vqvae/vqvae_body_gprvc/checkpoints
validation start
val/rec_loss tensor(0.0494)
val/total_loss  tensor(0.0987)
val/usage  tensor(283.5231, device='cuda:0')
110200: vqvae model total loss: 0.104 reconstruction loss: 0.0344 commit_loss: 0.139 codebook usage: 349.2630920410156
110400: vqvae model total loss: 0.084 reconstruction loss: 0.0291 commit_loss: 0.103 codebook usage: 362.22698974609375
110600: vqvae model total loss: 0.0775 reconstruction loss: 0.0282 commit_loss: 0.0843 codebook usage: 375.0552978515625
110800: vqvae model total loss: 0.0715 reconstruction loss: 0.0266 commit_loss: 0.0734 codebook usage: 380.17889404296875
111000: vqvae model total loss: 0.0694 reconstruction loss: 0.0261 commit_loss: 0.0689 codebook usage: 382.31549072265625
111200: vqvae model total loss: 0.0707 reconstruction loss: 0.0272 commit_loss: 0.065 codebook usage: 384.2857666015625
111400: vqvae model total loss: 0.0709 reconstruction loss: 0.0273 commit_loss: 0.065 codebook usage: 393.2388916015625
111600: vqvae model total loss: 0.0742 reconstruction loss: 0.0292 commit_loss: 0.063 codebook usage: 387.35772705078125
111800: vqvae model total loss: 0.073 reconstruction loss: 0.0281 commit_loss: 0.067 codebook usage: 394.5833435058594
112000: vqvae model total loss: 0.0707 reconstruction loss: 0.0274 commit_loss: 0.0634 codebook usage: 384.2004089355469
112200: vqvae model total loss: 0.0667 reconstruction loss: 0.0258 commit_loss: 0.0609 codebook usage: 386.0920104980469
112400: vqvae model total loss: 0.072 reconstruction loss: 0.0279 commit_loss: 0.065 codebook usage: 390.5729064941406
112600: vqvae model total loss: 0.0759 reconstruction loss: 0.0305 commit_loss: 0.0595 codebook usage: 396.07672119140625
112800: vqvae model total loss: 0.0677 reconstruction loss: 0.0267 commit_loss: 0.0574 codebook usage: 400.21942138671875
113000: vqvae model total loss: 0.0626 reconstruction loss: 0.024 commit_loss: 0.0584 codebook usage: 383.4869384765625
113200: vqvae model total loss: 0.0765 reconstruction loss: 0.0302 commit_loss: 0.0646 codebook usage: 393.1685791015625
113400: vqvae model total loss: 0.0656 reconstruction loss: 0.0253 commit_loss: 0.0596 codebook usage: 379.10467529296875
113600: vqvae model total loss: 0.072 reconstruction loss: 0.0278 commit_loss: 0.0659 codebook usage: 399.5604248046875
113800: vqvae model total loss: 0.0699 reconstruction loss: 0.0272 commit_loss: 0.062 codebook usage: 383.815673828125
114000: vqvae model total loss: 0.076 reconstruction loss: 0.0297 commit_loss: 0.0663 codebook usage: 388.95281982421875
114200: vqvae model total loss: 0.07 reconstruction loss: 0.0276 commit_loss: 0.0589 codebook usage: 397.5422058105469
114400: vqvae model total loss: 0.079 reconstruction loss: 0.0315 commit_loss: 0.0638 codebook usage: 397.9670104980469
114600: vqvae model total loss: 0.0688 reconstruction loss: 0.0264 commit_loss: 0.0638 codebook usage: 387.23162841796875
114800: vqvae model total loss: 0.0705 reconstruction loss: 0.0275 commit_loss: 0.0621 codebook usage: 393.06060791015625
115000: vqvae model total loss: 0.0739 reconstruction loss: 0.0293 commit_loss: 0.0609 codebook usage: 384.5565185546875
115200: vqvae model total loss: 0.0704 reconstruction loss: 0.0278 commit_loss: 0.0591 codebook usage: 383.93994140625
115400: vqvae model total loss: 0.0699 reconstruction loss: 0.0268 commit_loss: 0.0649 codebook usage: 388.27978515625
115600: vqvae model total loss: 0.0675 reconstruction loss: 0.0262 commit_loss: 0.0605 codebook usage: 395.5906677246094
115800: vqvae model total loss: 0.0751 reconstruction loss: 0.0292 commit_loss: 0.0669 codebook usage: 400.2472839355469
116000: vqvae model total loss: 0.072 reconstruction loss: 0.0286 commit_loss: 0.0596 codebook usage: 392.4781188964844
116200: vqvae model total loss: 0.0683 reconstruction loss: 0.027 commit_loss: 0.0574 codebook usage: 390.872314453125
116400: vqvae model total loss: 0.0677 reconstruction loss: 0.0259 commit_loss: 0.0635 codebook usage: 384.35577392578125
116600: vqvae model total loss: 0.0666 reconstruction loss: 0.0262 commit_loss: 0.0568 codebook usage: 391.9471740722656
116800: vqvae model total loss: 0.0725 reconstruction loss: 0.0281 commit_loss: 0.0655 codebook usage: 402.41168212890625
117000: vqvae model total loss: 0.0633 reconstruction loss: 0.0244 commit_loss: 0.058 codebook usage: 390.1781005859375
117200: vqvae model total loss: 0.065 reconstruction loss: 0.0248 commit_loss: 0.0616 codebook usage: 387.1512756347656
117400: vqvae model total loss: 0.073 reconstruction loss: 0.028 commit_loss: 0.0676 codebook usage: 397.39849853515625
117600: vqvae model total loss: 0.071 reconstruction loss: 0.0272 commit_loss: 0.066 codebook usage: 392.3780212402344
117800: vqvae model total loss: 0.0665 reconstruction loss: 0.026 commit_loss: 0.0581 codebook usage: 399.04290771484375
118000: vqvae model total loss: 0.0731 reconstruction loss: 0.0284 commit_loss: 0.0653 codebook usage: 384.1267395019531
118200: vqvae model total loss: 0.071 reconstruction loss: 0.0273 commit_loss: 0.0655 codebook usage: 391.9664306640625
118400: vqvae model total loss: 0.0744 reconstruction loss: 0.0292 commit_loss: 0.0636 codebook usage: 400.16217041015625
118600: vqvae model total loss: 0.0671 reconstruction loss: 0.0252 commit_loss: 0.0671 codebook usage: 398.3536071777344
118800: vqvae model total loss: 0.0648 reconstruction loss: 0.0249 commit_loss: 0.0599 codebook usage: 385.08551025390625
119000: vqvae model total loss: 0.0614 reconstruction loss: 0.0235 commit_loss: 0.0574 codebook usage: 386.3376770019531
119200: vqvae model total loss: 0.0773 reconstruction loss: 0.0309 commit_loss: 0.0618 codebook usage: 393.8188781738281
119400: vqvae model total loss: 0.0653 reconstruction loss: 0.0252 commit_loss: 0.0591 codebook usage: 386.1166687011719
119600: vqvae model total loss: 0.064 reconstruction loss: 0.0244 commit_loss: 0.0612 codebook usage: 387.7377014160156
119800: vqvae model total loss: 0.0675 reconstruction loss: 0.0263 commit_loss: 0.0595 codebook usage: 387.0630798339844
120000: vqvae model total loss: 0.0666 reconstruction loss: 0.0255 commit_loss: 0.0625 codebook usage: 397.3856201171875
0.0665971040725708 tensor(0.1543)
120000: saving model to /srv/hays-lab/scratch/sanisetty3/music_motion/ATCMG/checkpoints/vqvae/vqvae_body_gprvc/checkpoints
validation start
val/rec_loss tensor(0.0435)
val/total_loss  tensor(0.0870)
val/usage  tensor(318.6251, device='cuda:0')
120200: vqvae model total loss: 0.0624 reconstruction loss: 0.0242 commit_loss: 0.056 codebook usage: 392.5494384765625
120400: vqvae model total loss: 0.069 reconstruction loss: 0.027 commit_loss: 0.0601 codebook usage: 381.92120361328125
120600: vqvae model total loss: 0.0613 reconstruction loss: 0.0238 commit_loss: 0.0547 codebook usage: 395.994384765625
120800: vqvae model total loss: 0.069 reconstruction loss: 0.0269 commit_loss: 0.0608 codebook usage: 386.83685302734375
121000: vqvae model total loss: 0.0651 reconstruction loss: 0.0251 commit_loss: 0.0594 codebook usage: 384.8182678222656
121200: vqvae model total loss: 0.0658 reconstruction loss: 0.0258 commit_loss: 0.0572 codebook usage: 380.5040588378906
121400: vqvae model total loss: 0.0716 reconstruction loss: 0.0277 commit_loss: 0.065 codebook usage: 394.8884582519531
121600: vqvae model total loss: 0.0679 reconstruction loss: 0.026 commit_loss: 0.0634 codebook usage: 394.3879089355469
121800: vqvae model total loss: 0.0653 reconstruction loss: 0.0253 commit_loss: 0.0586 codebook usage: 385.48016357421875
122000: vqvae model total loss: 0.0659 reconstruction loss: 0.0254 commit_loss: 0.06 codebook usage: 377.1938781738281
122200: vqvae model total loss: 0.0669 reconstruction loss: 0.0256 commit_loss: 0.0628 codebook usage: 395.359130859375
122400: vqvae model total loss: 0.0631 reconstruction loss: 0.0245 commit_loss: 0.0565 codebook usage: 384.07177734375
122600: vqvae model total loss: 0.0581 reconstruction loss: 0.0224 commit_loss: 0.0536 codebook usage: 385.50457763671875
122800: vqvae model total loss: 0.0711 reconstruction loss: 0.0276 commit_loss: 0.0636 codebook usage: 400.27783203125
123000: vqvae model total loss: 0.0668 reconstruction loss: 0.0257 commit_loss: 0.0615 codebook usage: 393.61614990234375
123200: vqvae model total loss: 0.0663 reconstruction loss: 0.0252 commit_loss: 0.0633 codebook usage: 393.3838195800781
123400: vqvae model total loss: 0.0644 reconstruction loss: 0.0248 commit_loss: 0.0591 codebook usage: 388.7190246582031
123600: vqvae model total loss: 0.0656 reconstruction loss: 0.0255 commit_loss: 0.0582 codebook usage: 384.0317077636719
123800: vqvae model total loss: 0.0598 reconstruction loss: 0.0229 commit_loss: 0.0564 codebook usage: 385.69232177734375
124000: vqvae model total loss: 0.0642 reconstruction loss: 0.0248 commit_loss: 0.0589 codebook usage: 382.3508605957031
124200: vqvae model total loss: 0.0599 reconstruction loss: 0.0226 commit_loss: 0.0585 codebook usage: 395.2313232421875
124400: vqvae model total loss: 0.0611 reconstruction loss: 0.0237 commit_loss: 0.0548 codebook usage: 382.7488708496094
124600: vqvae model total loss: 0.0646 reconstruction loss: 0.0249 commit_loss: 0.0588 codebook usage: 387.234375
124800: vqvae model total loss: 0.0645 reconstruction loss: 0.0245 commit_loss: 0.0625 codebook usage: 392.73382568359375
125000: vqvae model total loss: 0.0674 reconstruction loss: 0.0261 commit_loss: 0.061 codebook usage: 388.6226501464844
125200: vqvae model total loss: 0.0636 reconstruction loss: 0.0243 commit_loss: 0.0598 codebook usage: 387.48907470703125
125400: vqvae model total loss: 0.0678 reconstruction loss: 0.0261 commit_loss: 0.0622 codebook usage: 388.8489685058594
125600: vqvae model total loss: 0.0671 reconstruction loss: 0.0259 commit_loss: 0.061 codebook usage: 377.6009216308594
125800: vqvae model total loss: 0.0623 reconstruction loss: 0.0239 commit_loss: 0.0577 codebook usage: 388.3116455078125
126000: vqvae model total loss: 0.0652 reconstruction loss: 0.0249 commit_loss: 0.0615 codebook usage: 396.5786437988281
126200: vqvae model total loss: 0.0646 reconstruction loss: 0.0253 commit_loss: 0.0564 codebook usage: 385.67138671875
126400: vqvae model total loss: 0.0642 reconstruction loss: 0.0241 commit_loss: 0.0638 codebook usage: 389.8667907714844
126600: vqvae model total loss: 0.063 reconstruction loss: 0.0239 commit_loss: 0.0609 codebook usage: 382.4390869140625
126800: vqvae model total loss: 0.0647 reconstruction loss: 0.025 commit_loss: 0.059 codebook usage: 394.1607971191406
127000: vqvae model total loss: 0.0606 reconstruction loss: 0.0235 commit_loss: 0.054 codebook usage: 380.0681457519531
127200: vqvae model total loss: 0.0653 reconstruction loss: 0.025 commit_loss: 0.0609 codebook usage: 395.4390563964844
127400: vqvae model total loss: 0.068 reconstruction loss: 0.0258 commit_loss: 0.0652 codebook usage: 389.3365783691406
127600: vqvae model total loss: 0.0612 reconstruction loss: 0.0234 commit_loss: 0.0578 codebook usage: 390.55224609375
127800: vqvae model total loss: 0.0651 reconstruction loss: 0.025 commit_loss: 0.0602 codebook usage: 383.5337219238281
128000: vqvae model total loss: 0.0651 reconstruction loss: 0.0252 commit_loss: 0.0586 codebook usage: 388.63433837890625
128200: vqvae model total loss: 0.063 reconstruction loss: 0.024 commit_loss: 0.0601 codebook usage: 392.0234375
128400: vqvae model total loss: 0.0609 reconstruction loss: 0.0233 commit_loss: 0.0576 codebook usage: 383.1506042480469
128600: vqvae model total loss: 0.0631 reconstruction loss: 0.0243 commit_loss: 0.058 codebook usage: 385.9263610839844
128800: vqvae model total loss: 0.0608 reconstruction loss: 0.023 commit_loss: 0.0591 codebook usage: 389.42401123046875
129000: vqvae model total loss: 0.0656 reconstruction loss: 0.0254 commit_loss: 0.0594 codebook usage: 377.9810485839844
129200: vqvae model total loss: 0.0633 reconstruction loss: 0.024 commit_loss: 0.0611 codebook usage: 384.0864562988281
129400: vqvae model total loss: 0.0597 reconstruction loss: 0.0225 commit_loss: 0.0584 codebook usage: 380.96844482421875
129600: vqvae model total loss: 0.0629 reconstruction loss: 0.0238 commit_loss: 0.0612 codebook usage: 386.3850402832031
129800: vqvae model total loss: 0.0667 reconstruction loss: 0.0257 commit_loss: 0.0609 codebook usage: 387.3501892089844
130000: vqvae model total loss: 0.0658 reconstruction loss: 0.0251 commit_loss: 0.0625 codebook usage: 389.9761047363281
0.06581973284482956 tensor(0.0666)
130000: saving model to /srv/hays-lab/scratch/sanisetty3/music_motion/ATCMG/checkpoints/vqvae/vqvae_body_gprvc/checkpoints
validation start
val/rec_loss tensor(0.0431)
val/total_loss  tensor(0.0863)
val/usage  tensor(325.2909, device='cuda:0')
130200: vqvae model total loss: 0.0597 reconstruction loss: 0.0224 commit_loss: 0.0595 codebook usage: 386.9578857421875
130400: vqvae model total loss: 0.0587 reconstruction loss: 0.0224 commit_loss: 0.0555 codebook usage: 385.7460632324219
130600: vqvae model total loss: 0.0592 reconstruction loss: 0.0227 commit_loss: 0.0549 codebook usage: 385.2067565917969
130800: vqvae model total loss: 0.0659 reconstruction loss: 0.0248 commit_loss: 0.0654 codebook usage: 394.0728454589844
131000: vqvae model total loss: 0.0613 reconstruction loss: 0.023 commit_loss: 0.0612 codebook usage: 394.55230712890625
131200: vqvae model total loss: 0.0575 reconstruction loss: 0.022 commit_loss: 0.0539 codebook usage: 385.82568359375
131400: vqvae model total loss: 0.0644 reconstruction loss: 0.0248 commit_loss: 0.0593 codebook usage: 390.97857666015625
131600: vqvae model total loss: 0.0682 reconstruction loss: 0.0262 commit_loss: 0.0631 codebook usage: 383.7847595214844
131800: vqvae model total loss: 0.0696 reconstruction loss: 0.0272 commit_loss: 0.061 codebook usage: 380.9731750488281
132000: vqvae model total loss: 0.0671 reconstruction loss: 0.026 commit_loss: 0.0606 codebook usage: 388.890869140625
132200: vqvae model total loss: 0.0608 reconstruction loss: 0.0237 commit_loss: 0.0541 codebook usage: 387.4423522949219
132400: vqvae model total loss: 0.0631 reconstruction loss: 0.024 commit_loss: 0.0604 codebook usage: 384.17987060546875
132600: vqvae model total loss: 0.0627 reconstruction loss: 0.0239 commit_loss: 0.0591 codebook usage: 384.2319030761719
132800: vqvae model total loss: 0.0622 reconstruction loss: 0.024 commit_loss: 0.0572 codebook usage: 383.9512939453125
133000: vqvae model total loss: 0.0598 reconstruction loss: 0.0232 commit_loss: 0.054 codebook usage: 377.0110168457031
133200: vqvae model total loss: 0.0568 reconstruction loss: 0.0218 commit_loss: 0.0528 codebook usage: 387.02801513671875
133400: vqvae model total loss: 0.0646 reconstruction loss: 0.0245 commit_loss: 0.0623 codebook usage: 385.4902648925781
133600: vqvae model total loss: 0.0596 reconstruction loss: 0.0229 commit_loss: 0.0554 codebook usage: 386.32183837890625
133800: vqvae model total loss: 0.0614 reconstruction loss: 0.0235 commit_loss: 0.0577 codebook usage: 388.99346923828125
134000: vqvae model total loss: 0.0598 reconstruction loss: 0.0228 commit_loss: 0.0572 codebook usage: 390.49249267578125
134200: vqvae model total loss: 0.0657 reconstruction loss: 0.0256 commit_loss: 0.0581 codebook usage: 383.29241943359375
134400: vqvae model total loss: 0.0607 reconstruction loss: 0.0231 commit_loss: 0.0578 codebook usage: 376.5052795410156
134600: vqvae model total loss: 0.0583 reconstruction loss: 0.0224 commit_loss: 0.0536 codebook usage: 382.7969055175781
134800: vqvae model total loss: 0.0658 reconstruction loss: 0.025 commit_loss: 0.0637 codebook usage: 394.9328918457031
135000: vqvae model total loss: 0.0594 reconstruction loss: 0.0228 commit_loss: 0.0548 codebook usage: 384.5425720214844
135200: vqvae model total loss: 0.0642 reconstruction loss: 0.0242 commit_loss: 0.0627 codebook usage: 397.178955078125
135400: vqvae model total loss: 0.0667 reconstruction loss: 0.0256 commit_loss: 0.0621 codebook usage: 391.8116760253906
135600: vqvae model total loss: 0.0645 reconstruction loss: 0.0248 commit_loss: 0.0599 codebook usage: 391.2096252441406
135800: vqvae model total loss: 0.0602 reconstruction loss: 0.023 commit_loss: 0.0566 codebook usage: 379.4271240234375
136000: vqvae model total loss: 0.0616 reconstruction loss: 0.0234 commit_loss: 0.0591 codebook usage: 380.7614440917969
136200: vqvae model total loss: 0.0635 reconstruction loss: 0.0245 commit_loss: 0.0577 codebook usage: 379.5474548339844
136400: vqvae model total loss: 0.0616 reconstruction loss: 0.0235 commit_loss: 0.0586 codebook usage: 389.5360107421875
136600: vqvae model total loss: 0.0621 reconstruction loss: 0.0241 commit_loss: 0.0557 codebook usage: 380.56610107421875
136800: vqvae model total loss: 0.0571 reconstruction loss: 0.0219 commit_loss: 0.0533 codebook usage: 383.5692138671875
137000: vqvae model total loss: 0.0609 reconstruction loss: 0.0229 commit_loss: 0.0601 codebook usage: 384.6584777832031
137200: vqvae model total loss: 0.0586 reconstruction loss: 0.022 commit_loss: 0.0583 codebook usage: 379.05242919921875
137400: vqvae model total loss: 0.0626 reconstruction loss: 0.0238 commit_loss: 0.0597 codebook usage: 380.2337951660156
137600: vqvae model total loss: 0.0575 reconstruction loss: 0.0213 commit_loss: 0.0591 codebook usage: 385.2218017578125
137800: vqvae model total loss: 0.0651 reconstruction loss: 0.0254 commit_loss: 0.0569 codebook usage: 392.6621398925781
138000: vqvae model total loss: 0.0658 reconstruction loss: 0.0251 commit_loss: 0.0624 codebook usage: 382.7187805175781
138200: vqvae model total loss: 0.0592 reconstruction loss: 0.0226 commit_loss: 0.0559 codebook usage: 380.7242126464844
138400: vqvae model total loss: 0.0657 reconstruction loss: 0.0255 commit_loss: 0.0585 codebook usage: 390.1767883300781
138600: vqvae model total loss: 0.0565 reconstruction loss: 0.0217 commit_loss: 0.0524 codebook usage: 380.66339111328125
138800: vqvae model total loss: 0.0615 reconstruction loss: 0.0234 commit_loss: 0.0591 codebook usage: 384.9494934082031
139000: vqvae model total loss: 0.0627 reconstruction loss: 0.0237 commit_loss: 0.0615 codebook usage: 386.8078918457031
139200: vqvae model total loss: 0.0584 reconstruction loss: 0.0224 commit_loss: 0.0544 codebook usage: 387.1571960449219
139400: vqvae model total loss: 0.062 reconstruction loss: 0.0238 commit_loss: 0.0577 codebook usage: 382.9106140136719
139600: vqvae model total loss: 0.0628 reconstruction loss: 0.0241 commit_loss: 0.0584 codebook usage: 383.1487731933594
139800: vqvae model total loss: 0.0623 reconstruction loss: 0.0237 commit_loss: 0.0598 codebook usage: 386.1682434082031
140000: vqvae model total loss: 0.0616 reconstruction loss: 0.0235 commit_loss: 0.0589 codebook usage: 385.8223571777344
0.06163462996482849 tensor(0.0658)
140000: saving model to /srv/hays-lab/scratch/sanisetty3/music_motion/ATCMG/checkpoints/vqvae/vqvae_body_gprvc/checkpoints
validation start
val/rec_loss tensor(0.0417)
val/total_loss  tensor(0.0834)
val/usage  tensor(322.3871, device='cuda:0')
training complete
