loading config from: /srv/hays-lab/scratch/sanisetty3/music_motion/ATCMG/checkpoints/vqvae/vqvae_body/vqvae_body.yaml
output_dir:  /srv/hays-lab/scratch/sanisetty3/music_motion/ATCMG/checkpoints/vqvae/vqvae_body
codebook_dim: 512
codebook_size: 1024
commit: 0.25
conv_kernel_size: 5
depth: 6
dim: 768
down_sampling_ratio: 4
dropout: 0.1
heads: 8
loss_motion: 2.0
loss_vel: 1.0
motion_dim: 192
nb_joints: 22
num_quantizers: 2
quantize_dropout_prob: 0.2
rearrange_output: False
recons_loss: l1_smooth
sample_codebook_temp: 0.4
shared_codebook: False
target: core.models.resnetVQ.vqvae.HumanVQVAE
use_geodesic_loss: False
Total training params: 69.94M
Total number of motions animation: 120
Total number of motions humanml: 16730
Total number of motions perform: 346
Total number of motions GRAB: 1268
Total number of motions idea400: 10946
Total number of motions humman: 314
Total number of motions beat: 1458
Total number of motions game_motion: 2780
Total number of motions music: 2865
Total number of motions aist: 1141
Total number of motions fitness: 10902
Total number of motions moyo: 161
Total number of motions choreomaster: 34
Total number of motions dance: 97
Total number of motions kungfu: 827
Total number of motions EgoBody: 916
Total number of motions animation: 2
Total number of motions humanml: 2944
Total number of motions perform: 16
Total number of motions GRAB: 67
Total number of motions idea400: 577
Total number of motions humman: 19
Total number of motions beat: 162
Total number of motions game_motion: 130
Total number of motions music: 148
Total number of motions aist: 61
Total number of motions fitness: 572
Total number of motions moyo: 9
Total number of motions choreomaster: 2
Total number of motions dance: 7
Total number of motions kungfu: 42
Total number of motions EgoBody: 49
Total number of motions animation: 1
Total number of motions humanml: 1
Total number of motions perform: 2
Total number of motions GRAB: 2
Total number of motions idea400: 2
Total number of motions humman: 1
Total number of motions beat: 1
Total number of motions game_motion: 2
Total number of motions music: 1
Total number of motions aist: 1
Total number of motions fitness: 2
Total number of motions moyo: 2
Total number of motions choreomaster: 2
Total number of motions dance: 1
Total number of motions kungfu: 2
Total number of motions EgoBody: 2
training with training 50905 and test dataset of  and  4807 samples and render of  25
/srv/hays-lab/scratch/sanisetty3/music_motion/ATCMG/checkpoints/vqvae/vqvae_body
0: vqvae model total loss: 0.683 reconstruction loss: 0.341 commit_loss: 0.00365 codebook usage: 1.0
0.6829214692115784 inf
0: saving model to /srv/hays-lab/scratch/sanisetty3/music_motion/ATCMG/checkpoints/vqvae/vqvae_body/checkpoints
validation start
val/rec_loss tensor(0.2287)
val/total_loss  tensor(0.4578)
render start
200: vqvae model total loss: 0.47 reconstruction loss: 0.234 commit_loss: 0.0128 codebook usage: 0.3583984375
400: vqvae model total loss: 0.383 reconstruction loss: 0.189 commit_loss: 0.0216 codebook usage: 0.5029296875
600: vqvae model total loss: 0.359 reconstruction loss: 0.175 commit_loss: 0.0323 codebook usage: 0.6455078125
800: vqvae model total loss: 0.346 reconstruction loss: 0.168 commit_loss: 0.0431 codebook usage: 0.7109375
1000: vqvae model total loss: 0.319 reconstruction loss: 0.151 commit_loss: 0.0649 codebook usage: 0.7275390625
1200: vqvae model total loss: 0.33 reconstruction loss: 0.154 commit_loss: 0.0886 codebook usage: 0.7783203125
1400: vqvae model total loss: 0.339 reconstruction loss: 0.154 commit_loss: 0.123 codebook usage: 0.77734375
1600: vqvae model total loss: 0.335 reconstruction loss: 0.149 commit_loss: 0.15 codebook usage: 0.7744140625
1800: vqvae model total loss: 0.314 reconstruction loss: 0.136 commit_loss: 0.166 codebook usage: 0.796875
2000: vqvae model total loss: 0.314 reconstruction loss: 0.132 commit_loss: 0.196 codebook usage: 0.75390625
validation start
val/rec_loss tensor(0.0494)
val/total_loss  tensor(0.1224)
render start
2200: vqvae model total loss: 0.291 reconstruction loss: 0.119 commit_loss: 0.208 codebook usage: 0.7880859375
2400: vqvae model total loss: 0.322 reconstruction loss: 0.129 commit_loss: 0.257 codebook usage: 0.7587890625
2600: vqvae model total loss: 0.292 reconstruction loss: 0.113 commit_loss: 0.269 codebook usage: 0.76171875
2800: vqvae model total loss: 0.304 reconstruction loss: 0.116 commit_loss: 0.29 codebook usage: 0.7607421875
3000: vqvae model total loss: 0.343 reconstruction loss: 0.128 commit_loss: 0.346 codebook usage: 0.775390625
3200: vqvae model total loss: 0.272 reconstruction loss: 0.1 commit_loss: 0.286 codebook usage: 0.697265625
3400: vqvae model total loss: 0.306 reconstruction loss: 0.111 commit_loss: 0.335 codebook usage: 0.7548828125
3600: vqvae model total loss: 0.301 reconstruction loss: 0.108 commit_loss: 0.342 codebook usage: 0.7333984375
3800: vqvae model total loss: 0.283 reconstruction loss: 0.101 commit_loss: 0.323 codebook usage: 0.75
4000: vqvae model total loss: 0.298 reconstruction loss: 0.104 commit_loss: 0.357 codebook usage: 0.7314453125
validation start
val/rec_loss tensor(0.0385)
val/total_loss  tensor(0.1213)
render start
4200: vqvae model total loss: 0.33 reconstruction loss: 0.117 commit_loss: 0.385 codebook usage: 0.775390625
4400: vqvae model total loss: 0.272 reconstruction loss: 0.092 commit_loss: 0.351 codebook usage: 0.7197265625
4600: vqvae model total loss: 0.298 reconstruction loss: 0.104 commit_loss: 0.362 codebook usage: 0.759765625
4800: vqvae model total loss: 0.256 reconstruction loss: 0.0859 commit_loss: 0.335 codebook usage: 0.7265625
5000: vqvae model total loss: 0.251 reconstruction loss: 0.0861 commit_loss: 0.317 codebook usage: 0.6865234375
5200: vqvae model total loss: 0.306 reconstruction loss: 0.105 commit_loss: 0.388 codebook usage: 0.7578125
5400: vqvae model total loss: 0.293 reconstruction loss: 0.0987 commit_loss: 0.384 codebook usage: 0.7470703125
5600: vqvae model total loss: 0.302 reconstruction loss: 0.102 commit_loss: 0.391 codebook usage: 0.75390625
5800: vqvae model total loss: 0.248 reconstruction loss: 0.0833 commit_loss: 0.327 codebook usage: 0.7568359375
6000: vqvae model total loss: 0.267 reconstruction loss: 0.0876 commit_loss: 0.369 codebook usage: 0.7587890625
validation start
val/rec_loss tensor(0.0475)
val/total_loss  tensor(0.1575)
render start
6200: vqvae model total loss: 0.281 reconstruction loss: 0.0948 commit_loss: 0.366 codebook usage: 0.791015625
6400: vqvae model total loss: 0.296 reconstruction loss: 0.101 commit_loss: 0.376 codebook usage: 0.7861328125
6600: vqvae model total loss: 0.263 reconstruction loss: 0.0892 commit_loss: 0.338 codebook usage: 0.76171875
6800: vqvae model total loss: 0.265 reconstruction loss: 0.0884 commit_loss: 0.354 codebook usage: 0.7734375
7000: vqvae model total loss: 0.267 reconstruction loss: 0.0896 commit_loss: 0.353 codebook usage: 0.7861328125
7200: vqvae model total loss: 0.291 reconstruction loss: 0.0943 commit_loss: 0.41 codebook usage: 0.8037109375
7400: vqvae model total loss: 0.267 reconstruction loss: 0.0884 commit_loss: 0.361 codebook usage: 0.7890625
7600: vqvae model total loss: 0.233 reconstruction loss: 0.075 commit_loss: 0.331 codebook usage: 0.7646484375
7800: vqvae model total loss: 0.249 reconstruction loss: 0.0824 commit_loss: 0.337 codebook usage: 0.806640625
8000: vqvae model total loss: 0.243 reconstruction loss: 0.0804 commit_loss: 0.33 codebook usage: 0.7978515625
validation start
val/rec_loss tensor(0.0389)
val/total_loss  tensor(0.1251)
render start
8200: vqvae model total loss: 0.239 reconstruction loss: 0.0784 commit_loss: 0.33 codebook usage: 0.755859375
8400: vqvae model total loss: 0.251 reconstruction loss: 0.0877 commit_loss: 0.304 codebook usage: 0.8095703125
8600: vqvae model total loss: 0.224 reconstruction loss: 0.0736 commit_loss: 0.306 codebook usage: 0.78515625
8800: vqvae model total loss: 0.24 reconstruction loss: 0.0801 commit_loss: 0.318 codebook usage: 0.806640625
9000: vqvae model total loss: 0.214 reconstruction loss: 0.0701 commit_loss: 0.297 codebook usage: 0.8134765625
9200: vqvae model total loss: 0.234 reconstruction loss: 0.0768 commit_loss: 0.322 codebook usage: 0.826171875
9400: vqvae model total loss: 0.221 reconstruction loss: 0.0723 commit_loss: 0.308 codebook usage: 0.814453125
9600: vqvae model total loss: 0.22 reconstruction loss: 0.0691 commit_loss: 0.329 codebook usage: 0.81640625
9800: vqvae model total loss: 0.223 reconstruction loss: 0.0727 commit_loss: 0.312 codebook usage: 0.78125
10000: vqvae model total loss: 0.204 reconstruction loss: 0.0659 commit_loss: 0.29 codebook usage: 0.8017578125
0.2041310966014862 tensor(0.6829)
10000: saving model to /srv/hays-lab/scratch/sanisetty3/music_motion/ATCMG/checkpoints/vqvae/vqvae_body/checkpoints
validation start
val/rec_loss tensor(0.0341)
val/total_loss  tensor(0.1127)
render start
10200: vqvae model total loss: 0.232 reconstruction loss: 0.0758 commit_loss: 0.32 codebook usage: 0.8125
10400: vqvae model total loss: 0.206 reconstruction loss: 0.0685 commit_loss: 0.274 codebook usage: 0.8037109375
10600: vqvae model total loss: 0.197 reconstruction loss: 0.0656 commit_loss: 0.265 codebook usage: 0.76171875
10800: vqvae model total loss: 0.201 reconstruction loss: 0.0654 commit_loss: 0.279 codebook usage: 0.80859375
11000: vqvae model total loss: 0.187 reconstruction loss: 0.0602 commit_loss: 0.268 codebook usage: 0.798828125
11200: vqvae model total loss: 0.211 reconstruction loss: 0.0697 commit_loss: 0.288 codebook usage: 0.8330078125
11400: vqvae model total loss: 0.204 reconstruction loss: 0.0668 commit_loss: 0.284 codebook usage: 0.814453125
11600: vqvae model total loss: 0.201 reconstruction loss: 0.0658 commit_loss: 0.276 codebook usage: 0.8359375
11800: vqvae model total loss: 0.179 reconstruction loss: 0.0565 commit_loss: 0.265 codebook usage: 0.8154296875
12000: vqvae model total loss: 0.196 reconstruction loss: 0.0642 commit_loss: 0.272 codebook usage: 0.81640625
validation start
val/rec_loss tensor(0.0336)
val/total_loss  tensor(0.1117)
render start
12200: vqvae model total loss: 0.203 reconstruction loss: 0.0669 commit_loss: 0.276 codebook usage: 0.826171875
12400: vqvae model total loss: 0.197 reconstruction loss: 0.0624 commit_loss: 0.291 codebook usage: 0.837890625
12600: vqvae model total loss: 0.188 reconstruction loss: 0.0595 commit_loss: 0.274 codebook usage: 0.8134765625
12800: vqvae model total loss: 0.185 reconstruction loss: 0.0598 commit_loss: 0.26 codebook usage: 0.8154296875
13000: vqvae model total loss: 0.169 reconstruction loss: 0.0547 commit_loss: 0.237 codebook usage: 0.7880859375
13200: vqvae model total loss: 0.203 reconstruction loss: 0.0667 commit_loss: 0.279 codebook usage: 0.8447265625
13400: vqvae model total loss: 0.179 reconstruction loss: 0.0592 commit_loss: 0.244 codebook usage: 0.81640625
13600: vqvae model total loss: 0.188 reconstruction loss: 0.0605 commit_loss: 0.267 codebook usage: 0.8193359375
13800: vqvae model total loss: 0.184 reconstruction loss: 0.0599 commit_loss: 0.258 codebook usage: 0.822265625
14000: vqvae model total loss: 0.186 reconstruction loss: 0.0591 commit_loss: 0.272 codebook usage: 0.837890625
validation start
val/rec_loss tensor(0.0420)
val/total_loss  tensor(0.1257)
render start
14200: vqvae model total loss: 0.162 reconstruction loss: 0.0533 commit_loss: 0.221 codebook usage: 0.798828125
14400: vqvae model total loss: 0.188 reconstruction loss: 0.0625 commit_loss: 0.252 codebook usage: 0.818359375
14600: vqvae model total loss: 0.177 reconstruction loss: 0.0579 commit_loss: 0.244 codebook usage: 0.818359375
14800: vqvae model total loss: 0.181 reconstruction loss: 0.0583 commit_loss: 0.259 codebook usage: 0.8486328125
15000: vqvae model total loss: 0.178 reconstruction loss: 0.0569 commit_loss: 0.257 codebook usage: 0.8291015625
15200: vqvae model total loss: 0.19 reconstruction loss: 0.062 commit_loss: 0.263 codebook usage: 0.828125
15400: vqvae model total loss: 0.147 reconstruction loss: 0.0477 commit_loss: 0.205 codebook usage: 0.7802734375
15600: vqvae model total loss: 0.176 reconstruction loss: 0.0596 commit_loss: 0.227 codebook usage: 0.8359375
15800: vqvae model total loss: 0.158 reconstruction loss: 0.0528 commit_loss: 0.21 codebook usage: 0.826171875
16000: vqvae model total loss: 0.195 reconstruction loss: 0.0655 commit_loss: 0.254 codebook usage: 0.8310546875
validation start
val/rec_loss tensor(0.0366)
val/total_loss  tensor(0.1215)
render start
16200: vqvae model total loss: 0.185 reconstruction loss: 0.0602 commit_loss: 0.257 codebook usage: 0.826171875
16400: vqvae model total loss: 0.164 reconstruction loss: 0.0528 commit_loss: 0.233 codebook usage: 0.8427734375
16600: vqvae model total loss: 0.163 reconstruction loss: 0.0528 commit_loss: 0.229 codebook usage: 0.8330078125
16800: vqvae model total loss: 0.171 reconstruction loss: 0.0561 commit_loss: 0.237 codebook usage: 0.82421875
17000: vqvae model total loss: 0.158 reconstruction loss: 0.052 commit_loss: 0.217 codebook usage: 0.8349609375
17200: vqvae model total loss: 0.164 reconstruction loss: 0.0565 commit_loss: 0.203 codebook usage: 0.8515625
17400: vqvae model total loss: 0.171 reconstruction loss: 0.0588 commit_loss: 0.214 codebook usage: 0.833984375
17600: vqvae model total loss: 0.165 reconstruction loss: 0.0522 commit_loss: 0.241 codebook usage: 0.8427734375
17800: vqvae model total loss: 0.163 reconstruction loss: 0.0541 commit_loss: 0.219 codebook usage: 0.8115234375
18000: vqvae model total loss: 0.166 reconstruction loss: 0.055 commit_loss: 0.226 codebook usage: 0.8662109375
validation start
val/rec_loss tensor(0.0305)
val/total_loss  tensor(0.1015)
render start
18200: vqvae model total loss: 0.152 reconstruction loss: 0.0486 commit_loss: 0.22 codebook usage: 0.814453125
18400: vqvae model total loss: 0.161 reconstruction loss: 0.0509 commit_loss: 0.237 codebook usage: 0.859375
18600: vqvae model total loss: 0.159 reconstruction loss: 0.0519 commit_loss: 0.221 codebook usage: 0.8564453125
18800: vqvae model total loss: 0.14 reconstruction loss: 0.0462 commit_loss: 0.192 codebook usage: 0.8291015625
19000: vqvae model total loss: 0.167 reconstruction loss: 0.0572 commit_loss: 0.21 codebook usage: 0.8564453125
19200: vqvae model total loss: 0.167 reconstruction loss: 0.0562 commit_loss: 0.22 codebook usage: 0.84375
19400: vqvae model total loss: 0.133 reconstruction loss: 0.0428 commit_loss: 0.19 codebook usage: 0.8193359375
19600: vqvae model total loss: 0.15 reconstruction loss: 0.0504 commit_loss: 0.195 codebook usage: 0.8369140625
19800: vqvae model total loss: 0.152 reconstruction loss: 0.0506 commit_loss: 0.203 codebook usage: 0.8564453125
20000: vqvae model total loss: 0.171 reconstruction loss: 0.0587 commit_loss: 0.216 codebook usage: 0.849609375
0.17132897675037384 tensor(0.2041)
20000: saving model to /srv/hays-lab/scratch/sanisetty3/music_motion/ATCMG/checkpoints/vqvae/vqvae_body/checkpoints
validation start
val/rec_loss tensor(0.0300)
val/total_loss  tensor(0.0950)
render start
20200: vqvae model total loss: 0.163 reconstruction loss: 0.0557 commit_loss: 0.205 codebook usage: 0.83984375
20400: vqvae model total loss: 0.144 reconstruction loss: 0.0486 commit_loss: 0.188 codebook usage: 0.83203125
20600: vqvae model total loss: 0.147 reconstruction loss: 0.0486 commit_loss: 0.199 codebook usage: 0.8486328125
20800: vqvae model total loss: 0.15 reconstruction loss: 0.0486 commit_loss: 0.213 codebook usage: 0.8369140625
21000: vqvae model total loss: 0.143 reconstruction loss: 0.0484 commit_loss: 0.185 codebook usage: 0.84765625
21200: vqvae model total loss: 0.162 reconstruction loss: 0.0556 commit_loss: 0.204 codebook usage: 0.8515625
21400: vqvae model total loss: 0.139 reconstruction loss: 0.0448 commit_loss: 0.196 codebook usage: 0.841796875
21600: vqvae model total loss: 0.142 reconstruction loss: 0.0482 commit_loss: 0.181 codebook usage: 0.8359375
21800: vqvae model total loss: 0.142 reconstruction loss: 0.048 commit_loss: 0.184 codebook usage: 0.8447265625
22000: vqvae model total loss: 0.141 reconstruction loss: 0.0458 commit_loss: 0.2 codebook usage: 0.82421875
validation start
val/rec_loss tensor(0.0360)
val/total_loss  tensor(0.1101)
render start
22200: vqvae model total loss: 0.147 reconstruction loss: 0.0481 commit_loss: 0.204 codebook usage: 0.8330078125
22400: vqvae model total loss: 0.156 reconstruction loss: 0.0514 commit_loss: 0.213 codebook usage: 0.841796875
22600: vqvae model total loss: 0.142 reconstruction loss: 0.0475 commit_loss: 0.189 codebook usage: 0.8408203125
22800: vqvae model total loss: 0.147 reconstruction loss: 0.0492 commit_loss: 0.194 codebook usage: 0.849609375
23000: vqvae model total loss: 0.148 reconstruction loss: 0.0494 commit_loss: 0.197 codebook usage: 0.8369140625
23200: vqvae model total loss: 0.139 reconstruction loss: 0.047 commit_loss: 0.179 codebook usage: 0.8359375
23400: vqvae model total loss: 0.135 reconstruction loss: 0.044 commit_loss: 0.187 codebook usage: 0.83984375
23600: vqvae model total loss: 0.134 reconstruction loss: 0.0461 commit_loss: 0.167 codebook usage: 0.8125
23800: vqvae model total loss: 0.138 reconstruction loss: 0.047 commit_loss: 0.176 codebook usage: 0.83203125
24000: vqvae model total loss: 0.13 reconstruction loss: 0.0425 commit_loss: 0.18 codebook usage: 0.8330078125
validation start
val/rec_loss tensor(0.0319)
val/total_loss  tensor(0.1023)
render start
24200: vqvae model total loss: 0.131 reconstruction loss: 0.0447 commit_loss: 0.166 codebook usage: 0.8359375
24400: vqvae model total loss: 0.135 reconstruction loss: 0.0449 commit_loss: 0.181 codebook usage: 0.8486328125
24600: vqvae model total loss: 0.117 reconstruction loss: 0.0389 commit_loss: 0.158 codebook usage: 0.8154296875
24800: vqvae model total loss: 0.122 reconstruction loss: 0.04 commit_loss: 0.168 codebook usage: 0.8349609375
25000: vqvae model total loss: 0.122 reconstruction loss: 0.0409 commit_loss: 0.16 codebook usage: 0.806640625
25200: vqvae model total loss: 0.135 reconstruction loss: 0.0452 commit_loss: 0.178 codebook usage: 0.87109375
25400: vqvae model total loss: 0.136 reconstruction loss: 0.045 commit_loss: 0.183 codebook usage: 0.8173828125
25600: vqvae model total loss: 0.148 reconstruction loss: 0.0496 commit_loss: 0.195 codebook usage: 0.8701171875
25800: vqvae model total loss: 0.137 reconstruction loss: 0.0466 commit_loss: 0.173 codebook usage: 0.8330078125
26000: vqvae model total loss: 0.138 reconstruction loss: 0.0464 commit_loss: 0.181 codebook usage: 0.84765625
validation start
val/rec_loss tensor(0.0300)
val/total_loss  tensor(0.0961)
render start
26200: vqvae model total loss: 0.125 reconstruction loss: 0.0414 commit_loss: 0.167 codebook usage: 0.80859375
26400: vqvae model total loss: 0.128 reconstruction loss: 0.0418 commit_loss: 0.176 codebook usage: 0.830078125
26600: vqvae model total loss: 0.112 reconstruction loss: 0.0371 commit_loss: 0.152 codebook usage: 0.8076171875
26800: vqvae model total loss: 0.123 reconstruction loss: 0.0411 commit_loss: 0.162 codebook usage: 0.8359375
27000: vqvae model total loss: 0.13 reconstruction loss: 0.0435 commit_loss: 0.172 codebook usage: 0.859375
27200: vqvae model total loss: 0.118 reconstruction loss: 0.0391 commit_loss: 0.157 codebook usage: 0.810546875
27400: vqvae model total loss: 0.126 reconstruction loss: 0.043 commit_loss: 0.161 codebook usage: 0.8349609375
27600: vqvae model total loss: 0.124 reconstruction loss: 0.0405 commit_loss: 0.174 codebook usage: 0.814453125
27800: vqvae model total loss: 0.119 reconstruction loss: 0.0389 commit_loss: 0.165 codebook usage: 0.8232421875
28000: vqvae model total loss: 0.132 reconstruction loss: 0.0441 commit_loss: 0.177 codebook usage: 0.8486328125
validation start
val/rec_loss tensor(0.0298)
val/total_loss  tensor(0.0963)
render start
28200: vqvae model total loss: 0.133 reconstruction loss: 0.0441 commit_loss: 0.178 codebook usage: 0.84375
28400: vqvae model total loss: 0.111 reconstruction loss: 0.0377 commit_loss: 0.143 codebook usage: 0.8349609375
28600: vqvae model total loss: 0.135 reconstruction loss: 0.0437 commit_loss: 0.191 codebook usage: 0.849609375
28800: vqvae model total loss: 0.122 reconstruction loss: 0.0408 commit_loss: 0.163 codebook usage: 0.83984375
29000: vqvae model total loss: 0.122 reconstruction loss: 0.0414 commit_loss: 0.157 codebook usage: 0.841796875
29200: vqvae model total loss: 0.124 reconstruction loss: 0.0424 commit_loss: 0.157 codebook usage: 0.8369140625
29400: vqvae model total loss: 0.117 reconstruction loss: 0.0386 commit_loss: 0.161 codebook usage: 0.8330078125
29600: vqvae model total loss: 0.115 reconstruction loss: 0.0384 commit_loss: 0.152 codebook usage: 0.833984375
29800: vqvae model total loss: 0.123 reconstruction loss: 0.0409 commit_loss: 0.164 codebook usage: 0.8291015625
30000: vqvae model total loss: 0.114 reconstruction loss: 0.0382 commit_loss: 0.151 codebook usage: 0.8349609375
0.11427806317806244 tensor(0.1713)
30000: saving model to /srv/hays-lab/scratch/sanisetty3/music_motion/ATCMG/checkpoints/vqvae/vqvae_body/checkpoints
validation start
val/rec_loss tensor(0.0301)
val/total_loss  tensor(0.0932)
render start
30200: vqvae model total loss: 0.128 reconstruction loss: 0.042 commit_loss: 0.174 codebook usage: 0.8359375
30400: vqvae model total loss: 0.116 reconstruction loss: 0.0399 commit_loss: 0.145 codebook usage: 0.8095703125
30600: vqvae model total loss: 0.115 reconstruction loss: 0.0389 commit_loss: 0.148 codebook usage: 0.845703125
30800: vqvae model total loss: 0.121 reconstruction loss: 0.0398 commit_loss: 0.164 codebook usage: 0.8427734375
31000: vqvae model total loss: 0.111 reconstruction loss: 0.0377 commit_loss: 0.141 codebook usage: 0.8046875
31200: vqvae model total loss: 0.124 reconstruction loss: 0.0421 commit_loss: 0.159 codebook usage: 0.8662109375
31400: vqvae model total loss: 0.132 reconstruction loss: 0.0454 commit_loss: 0.164 codebook usage: 0.865234375
31600: vqvae model total loss: 0.119 reconstruction loss: 0.039 commit_loss: 0.163 codebook usage: 0.8212890625
31800: vqvae model total loss: 0.124 reconstruction loss: 0.0425 commit_loss: 0.155 codebook usage: 0.853515625
32000: vqvae model total loss: 0.112 reconstruction loss: 0.0372 commit_loss: 0.152 codebook usage: 0.8330078125
validation start
val/rec_loss tensor(0.0309)
val/total_loss  tensor(0.1003)
render start
32200: vqvae model total loss: 0.12 reconstruction loss: 0.0412 commit_loss: 0.152 codebook usage: 0.8369140625
32400: vqvae model total loss: 0.124 reconstruction loss: 0.042 commit_loss: 0.159 codebook usage: 0.8505859375
32600: vqvae model total loss: 0.116 reconstruction loss: 0.0389 commit_loss: 0.153 codebook usage: 0.828125
32800: vqvae model total loss: 0.109 reconstruction loss: 0.0351 commit_loss: 0.156 codebook usage: 0.841796875
33000: vqvae model total loss: 0.119 reconstruction loss: 0.0394 commit_loss: 0.159 codebook usage: 0.841796875
33200: vqvae model total loss: 0.113 reconstruction loss: 0.0381 commit_loss: 0.149 codebook usage: 0.8154296875
33400: vqvae model total loss: 0.123 reconstruction loss: 0.0414 commit_loss: 0.162 codebook usage: 0.8564453125
33600: vqvae model total loss: 0.115 reconstruction loss: 0.0388 commit_loss: 0.151 codebook usage: 0.8544921875
33800: vqvae model total loss: 0.108 reconstruction loss: 0.0365 commit_loss: 0.138 codebook usage: 0.833984375
34000: vqvae model total loss: 0.117 reconstruction loss: 0.0388 commit_loss: 0.156 codebook usage: 0.8359375
validation start
val/rec_loss tensor(0.0254)
val/total_loss  tensor(0.0770)
render start
34200: vqvae model total loss: 0.124 reconstruction loss: 0.0417 commit_loss: 0.163 codebook usage: 0.84375
34400: vqvae model total loss: 0.118 reconstruction loss: 0.0392 commit_loss: 0.158 codebook usage: 0.859375
34600: vqvae model total loss: 0.119 reconstruction loss: 0.0406 commit_loss: 0.15 codebook usage: 0.82421875
34800: vqvae model total loss: 0.111 reconstruction loss: 0.038 commit_loss: 0.138 codebook usage: 0.8408203125
35000: vqvae model total loss: 0.113 reconstruction loss: 0.0386 commit_loss: 0.144 codebook usage: 0.8466796875
35200: vqvae model total loss: 0.111 reconstruction loss: 0.0377 commit_loss: 0.144 codebook usage: 0.8359375
35400: vqvae model total loss: 0.111 reconstruction loss: 0.037 commit_loss: 0.147 codebook usage: 0.8251953125
35600: vqvae model total loss: 0.12 reconstruction loss: 0.0397 commit_loss: 0.163 codebook usage: 0.8359375
35800: vqvae model total loss: 0.112 reconstruction loss: 0.0372 commit_loss: 0.149 codebook usage: 0.818359375
36000: vqvae model total loss: 0.112 reconstruction loss: 0.0379 commit_loss: 0.146 codebook usage: 0.841796875
validation start
val/rec_loss tensor(0.0285)
val/total_loss  tensor(0.0915)
render start
36200: vqvae model total loss: 0.101 reconstruction loss: 0.0351 commit_loss: 0.125 codebook usage: 0.8125
36400: vqvae model total loss: 0.118 reconstruction loss: 0.0395 commit_loss: 0.156 codebook usage: 0.833984375
36600: vqvae model total loss: 0.123 reconstruction loss: 0.043 commit_loss: 0.148 codebook usage: 0.83984375
36800: vqvae model total loss: 0.112 reconstruction loss: 0.0382 commit_loss: 0.144 codebook usage: 0.8310546875
37000: vqvae model total loss: 0.107 reconstruction loss: 0.0365 commit_loss: 0.136 codebook usage: 0.81640625
37200: vqvae model total loss: 0.109 reconstruction loss: 0.0359 commit_loss: 0.147 codebook usage: 0.84375
37400: vqvae model total loss: 0.121 reconstruction loss: 0.0416 commit_loss: 0.151 codebook usage: 0.865234375
37600: vqvae model total loss: 0.113 reconstruction loss: 0.0388 commit_loss: 0.143 codebook usage: 0.8515625
37800: vqvae model total loss: 0.1 reconstruction loss: 0.0344 commit_loss: 0.125 codebook usage: 0.8212890625
38000: vqvae model total loss: 0.107 reconstruction loss: 0.0353 commit_loss: 0.144 codebook usage: 0.85546875
validation start
val/rec_loss tensor(0.0240)
val/total_loss  tensor(0.0792)
render start
38200: vqvae model total loss: 0.0946 reconstruction loss: 0.0326 commit_loss: 0.118 codebook usage: 0.818359375
38400: vqvae model total loss: 0.107 reconstruction loss: 0.0368 commit_loss: 0.133 codebook usage: 0.841796875
38600: vqvae model total loss: 0.116 reconstruction loss: 0.0397 commit_loss: 0.146 codebook usage: 0.8603515625
38800: vqvae model total loss: 0.106 reconstruction loss: 0.0355 commit_loss: 0.141 codebook usage: 0.845703125
39000: vqvae model total loss: 0.102 reconstruction loss: 0.0349 commit_loss: 0.127 codebook usage: 0.826171875
39200: vqvae model total loss: 0.115 reconstruction loss: 0.0387 commit_loss: 0.149 codebook usage: 0.8486328125
39400: vqvae model total loss: 0.109 reconstruction loss: 0.0366 commit_loss: 0.142 codebook usage: 0.849609375
39600: vqvae model total loss: 0.106 reconstruction loss: 0.0356 commit_loss: 0.141 codebook usage: 0.806640625
39800: vqvae model total loss: 0.104 reconstruction loss: 0.0346 commit_loss: 0.137 codebook usage: 0.8251953125
40000: vqvae model total loss: 0.105 reconstruction loss: 0.0362 commit_loss: 0.131 codebook usage: 0.8505859375
0.1052609235048294 tensor(0.1143)
40000: saving model to /srv/hays-lab/scratch/sanisetty3/music_motion/ATCMG/checkpoints/vqvae/vqvae_body/checkpoints
validation start
val/rec_loss tensor(0.0250)
val/total_loss  tensor(0.0769)
render start
40200: vqvae model total loss: 0.122 reconstruction loss: 0.0426 commit_loss: 0.146 codebook usage: 0.876953125
40400: vqvae model total loss: 0.101 reconstruction loss: 0.036 commit_loss: 0.115 codebook usage: 0.8330078125
40600: vqvae model total loss: 0.0917 reconstruction loss: 0.0311 commit_loss: 0.118 codebook usage: 0.8427734375
40800: vqvae model total loss: 0.102 reconstruction loss: 0.0348 commit_loss: 0.129 codebook usage: 0.861328125
41000: vqvae model total loss: 0.107 reconstruction loss: 0.0367 commit_loss: 0.135 codebook usage: 0.8466796875
41200: vqvae model total loss: 0.102 reconstruction loss: 0.0342 commit_loss: 0.135 codebook usage: 0.8291015625
41400: vqvae model total loss: 0.105 reconstruction loss: 0.0341 commit_loss: 0.147 codebook usage: 0.830078125
41600: vqvae model total loss: 0.103 reconstruction loss: 0.0345 commit_loss: 0.138 codebook usage: 0.8359375
41800: vqvae model total loss: 0.116 reconstruction loss: 0.0396 commit_loss: 0.146 codebook usage: 0.857421875
42000: vqvae model total loss: 0.109 reconstruction loss: 0.0368 commit_loss: 0.141 codebook usage: 0.8349609375
validation start
val/rec_loss tensor(0.0282)
val/total_loss  tensor(0.0864)
render start
42200: vqvae model total loss: 0.11 reconstruction loss: 0.0365 commit_loss: 0.148 codebook usage: 0.8369140625
42400: vqvae model total loss: 0.106 reconstruction loss: 0.0363 commit_loss: 0.135 codebook usage: 0.8505859375
42600: vqvae model total loss: 0.109 reconstruction loss: 0.0371 commit_loss: 0.138 codebook usage: 0.8515625
42800: vqvae model total loss: 0.11 reconstruction loss: 0.0379 commit_loss: 0.137 codebook usage: 0.8486328125
43000: vqvae model total loss: 0.107 reconstruction loss: 0.0355 commit_loss: 0.143 codebook usage: 0.8525390625
43200: vqvae model total loss: 0.111 reconstruction loss: 0.0375 commit_loss: 0.143 codebook usage: 0.83203125
43400: vqvae model total loss: 0.102 reconstruction loss: 0.0354 commit_loss: 0.126 codebook usage: 0.8427734375
43600: vqvae model total loss: 0.0994 reconstruction loss: 0.0342 commit_loss: 0.124 codebook usage: 0.8466796875
43800: vqvae model total loss: 0.114 reconstruction loss: 0.0387 commit_loss: 0.145 codebook usage: 0.8564453125
44000: vqvae model total loss: 0.0949 reconstruction loss: 0.0325 commit_loss: 0.119 codebook usage: 0.822265625
validation start
val/rec_loss tensor(0.0301)
val/total_loss  tensor(0.0925)
render start
44200: vqvae model total loss: 0.111 reconstruction loss: 0.0379 commit_loss: 0.14 codebook usage: 0.8583984375
44400: vqvae model total loss: 0.103 reconstruction loss: 0.0349 commit_loss: 0.134 codebook usage: 0.818359375
44600: vqvae model total loss: 0.0991 reconstruction loss: 0.0343 commit_loss: 0.122 codebook usage: 0.84375
44800: vqvae model total loss: 0.105 reconstruction loss: 0.0358 commit_loss: 0.133 codebook usage: 0.8359375
45000: vqvae model total loss: 0.0995 reconstruction loss: 0.0339 commit_loss: 0.127 codebook usage: 0.8349609375
45200: vqvae model total loss: 0.0964 reconstruction loss: 0.0332 commit_loss: 0.12 codebook usage: 0.83203125
45400: vqvae model total loss: 0.0979 reconstruction loss: 0.033 commit_loss: 0.127 codebook usage: 0.833984375
45600: vqvae model total loss: 0.105 reconstruction loss: 0.0357 commit_loss: 0.134 codebook usage: 0.841796875
45800: vqvae model total loss: 0.105 reconstruction loss: 0.0361 commit_loss: 0.133 codebook usage: 0.845703125
46000: vqvae model total loss: 0.0983 reconstruction loss: 0.0332 commit_loss: 0.128 codebook usage: 0.8310546875
validation start
val/rec_loss tensor(0.0312)
val/total_loss  tensor(0.0937)
render start
46200: vqvae model total loss: 0.106 reconstruction loss: 0.0362 commit_loss: 0.136 codebook usage: 0.853515625
46400: vqvae model total loss: 0.113 reconstruction loss: 0.039 commit_loss: 0.139 codebook usage: 0.8798828125
46600: vqvae model total loss: 0.105 reconstruction loss: 0.0366 commit_loss: 0.125 codebook usage: 0.8583984375
46800: vqvae model total loss: 0.11 reconstruction loss: 0.0392 commit_loss: 0.126 codebook usage: 0.865234375
47000: vqvae model total loss: 0.0869 reconstruction loss: 0.03 commit_loss: 0.108 codebook usage: 0.7958984375
47200: vqvae model total loss: 0.109 reconstruction loss: 0.0378 commit_loss: 0.134 codebook usage: 0.8486328125
47400: vqvae model total loss: 0.0947 reconstruction loss: 0.0316 commit_loss: 0.126 codebook usage: 0.8369140625
47600: vqvae model total loss: 0.112 reconstruction loss: 0.0392 commit_loss: 0.134 codebook usage: 0.853515625
47800: vqvae model total loss: 0.107 reconstruction loss: 0.0379 commit_loss: 0.126 codebook usage: 0.853515625
48000: vqvae model total loss: 0.0919 reconstruction loss: 0.0308 commit_loss: 0.121 codebook usage: 0.8349609375
validation start
val/rec_loss tensor(0.0377)
val/total_loss  tensor(0.1056)
render start
48200: vqvae model total loss: 0.103 reconstruction loss: 0.0357 commit_loss: 0.126 codebook usage: 0.833984375
48400: vqvae model total loss: 0.0994 reconstruction loss: 0.0339 commit_loss: 0.126 codebook usage: 0.828125
48600: vqvae model total loss: 0.0947 reconstruction loss: 0.0323 commit_loss: 0.12 codebook usage: 0.85546875
48800: vqvae model total loss: 0.0942 reconstruction loss: 0.0321 commit_loss: 0.12 codebook usage: 0.8330078125
49000: vqvae model total loss: 0.109 reconstruction loss: 0.0377 commit_loss: 0.134 codebook usage: 0.8564453125
49200: vqvae model total loss: 0.109 reconstruction loss: 0.0373 commit_loss: 0.137 codebook usage: 0.833984375
49400: vqvae model total loss: 0.102 reconstruction loss: 0.0352 commit_loss: 0.126 codebook usage: 0.8466796875
49600: vqvae model total loss: 0.0993 reconstruction loss: 0.034 commit_loss: 0.125 codebook usage: 0.84765625
49800: vqvae model total loss: 0.0996 reconstruction loss: 0.0344 commit_loss: 0.123 codebook usage: 0.8330078125
50000: vqvae model total loss: 0.101 reconstruction loss: 0.0343 commit_loss: 0.128 codebook usage: 0.8623046875
0.10064981877803802 tensor(0.1053)
50000: saving model to /srv/hays-lab/scratch/sanisetty3/music_motion/ATCMG/checkpoints/vqvae/vqvae_body/checkpoints
validation start
val/rec_loss tensor(0.0332)
val/total_loss  tensor(0.0972)
render start
50200: vqvae model total loss: 0.0987 reconstruction loss: 0.0338 commit_loss: 0.125 codebook usage: 0.8466796875
50400: vqvae model total loss: 0.0984 reconstruction loss: 0.0332 commit_loss: 0.128 codebook usage: 0.8408203125
50600: vqvae model total loss: 0.102 reconstruction loss: 0.0348 commit_loss: 0.13 codebook usage: 0.83203125
50800: vqvae model total loss: 0.107 reconstruction loss: 0.0375 commit_loss: 0.127 codebook usage: 0.8427734375
51000: vqvae model total loss: 0.0932 reconstruction loss: 0.0323 commit_loss: 0.115 codebook usage: 0.8505859375
51200: vqvae model total loss: 0.0996 reconstruction loss: 0.0344 commit_loss: 0.123 codebook usage: 0.841796875
51400: vqvae model total loss: 0.107 reconstruction loss: 0.0381 commit_loss: 0.121 codebook usage: 0.85546875
51600: vqvae model total loss: 0.099 reconstruction loss: 0.0342 commit_loss: 0.123 codebook usage: 0.861328125
51800: vqvae model total loss: 0.094 reconstruction loss: 0.0316 commit_loss: 0.123 codebook usage: 0.845703125
52000: vqvae model total loss: 0.0979 reconstruction loss: 0.034 commit_loss: 0.119 codebook usage: 0.857421875
validation start
val/rec_loss tensor(0.0263)
val/total_loss  tensor(0.0782)
render start
52200: vqvae model total loss: 0.0977 reconstruction loss: 0.0333 commit_loss: 0.124 codebook usage: 0.83203125
52400: vqvae model total loss: 0.0983 reconstruction loss: 0.0341 commit_loss: 0.121 codebook usage: 0.8466796875
52600: vqvae model total loss: 0.106 reconstruction loss: 0.037 commit_loss: 0.129 codebook usage: 0.853515625
52800: vqvae model total loss: 0.087 reconstruction loss: 0.0303 commit_loss: 0.106 codebook usage: 0.814453125
53000: vqvae model total loss: 0.0901 reconstruction loss: 0.0315 commit_loss: 0.108 codebook usage: 0.8076171875
53200: vqvae model total loss: 0.0951 reconstruction loss: 0.0328 commit_loss: 0.118 codebook usage: 0.8349609375
53400: vqvae model total loss: 0.0965 reconstruction loss: 0.0337 commit_loss: 0.116 codebook usage: 0.8330078125
53600: vqvae model total loss: 0.0934 reconstruction loss: 0.0318 commit_loss: 0.12 codebook usage: 0.8134765625
53800: vqvae model total loss: 0.0964 reconstruction loss: 0.0329 commit_loss: 0.123 codebook usage: 0.853515625
54000: vqvae model total loss: 0.102 reconstruction loss: 0.0366 commit_loss: 0.117 codebook usage: 0.859375
validation start
val/rec_loss tensor(0.0262)
val/total_loss  tensor(0.0770)
render start
54200: vqvae model total loss: 0.107 reconstruction loss: 0.0358 commit_loss: 0.141 codebook usage: 0.8486328125
54400: vqvae model total loss: 0.104 reconstruction loss: 0.0347 commit_loss: 0.14 codebook usage: 0.8330078125
54600: vqvae model total loss: 0.0982 reconstruction loss: 0.0341 commit_loss: 0.12 codebook usage: 0.8505859375
54800: vqvae model total loss: 0.081 reconstruction loss: 0.0284 commit_loss: 0.0969 codebook usage: 0.8095703125
55000: vqvae model total loss: 0.0986 reconstruction loss: 0.0337 commit_loss: 0.124 codebook usage: 0.8603515625
55200: vqvae model total loss: 0.0926 reconstruction loss: 0.0318 commit_loss: 0.116 codebook usage: 0.8408203125
55400: vqvae model total loss: 0.0907 reconstruction loss: 0.0307 commit_loss: 0.117 codebook usage: 0.8447265625
55600: vqvae model total loss: 0.0966 reconstruction loss: 0.0339 commit_loss: 0.115 codebook usage: 0.85546875
55800: vqvae model total loss: 0.0903 reconstruction loss: 0.0321 commit_loss: 0.104 codebook usage: 0.849609375
56000: vqvae model total loss: 0.102 reconstruction loss: 0.0357 commit_loss: 0.121 codebook usage: 0.8369140625
validation start
val/rec_loss tensor(0.0272)
val/total_loss  tensor(0.0828)
render start
56200: vqvae model total loss: 0.0853 reconstruction loss: 0.0303 commit_loss: 0.099 codebook usage: 0.80859375
56400: vqvae model total loss: 0.107 reconstruction loss: 0.0377 commit_loss: 0.126 codebook usage: 0.83203125
56600: vqvae model total loss: 0.0925 reconstruction loss: 0.0327 commit_loss: 0.108 codebook usage: 0.8447265625
56800: vqvae model total loss: 0.0969 reconstruction loss: 0.0341 commit_loss: 0.115 codebook usage: 0.841796875
57000: vqvae model total loss: 0.0886 reconstruction loss: 0.0306 commit_loss: 0.109 codebook usage: 0.833984375
57200: vqvae model total loss: 0.107 reconstruction loss: 0.0371 commit_loss: 0.132 codebook usage: 0.8896484375
57400: vqvae model total loss: 0.0958 reconstruction loss: 0.0332 commit_loss: 0.118 codebook usage: 0.837890625
57600: vqvae model total loss: 0.101 reconstruction loss: 0.0351 commit_loss: 0.123 codebook usage: 0.830078125
57800: vqvae model total loss: 0.0891 reconstruction loss: 0.0302 commit_loss: 0.115 codebook usage: 0.83203125
58000: vqvae model total loss: 0.1 reconstruction loss: 0.035 commit_loss: 0.121 codebook usage: 0.8564453125
validation start
val/rec_loss tensor(0.0269)
val/total_loss  tensor(0.0821)
render start
58200: vqvae model total loss: 0.0979 reconstruction loss: 0.034 commit_loss: 0.119 codebook usage: 0.8544921875
58400: vqvae model total loss: 0.094 reconstruction loss: 0.0331 commit_loss: 0.112 codebook usage: 0.83984375
58600: vqvae model total loss: 0.0887 reconstruction loss: 0.0308 commit_loss: 0.108 codebook usage: 0.828125
58800: vqvae model total loss: 0.0969 reconstruction loss: 0.0342 commit_loss: 0.114 codebook usage: 0.8671875
59000: vqvae model total loss: 0.0931 reconstruction loss: 0.0322 commit_loss: 0.115 codebook usage: 0.8369140625
59200: vqvae model total loss: 0.095 reconstruction loss: 0.0317 commit_loss: 0.126 codebook usage: 0.8515625
59400: vqvae model total loss: 0.0957 reconstruction loss: 0.0328 commit_loss: 0.121 codebook usage: 0.83984375
59600: vqvae model total loss: 0.0871 reconstruction loss: 0.0308 commit_loss: 0.103 codebook usage: 0.8447265625
59800: vqvae model total loss: 0.0807 reconstruction loss: 0.028 commit_loss: 0.0989 codebook usage: 0.82421875
60000: vqvae model total loss: 0.0992 reconstruction loss: 0.0347 commit_loss: 0.119 codebook usage: 0.85546875
0.09918264299631119 tensor(0.1006)
60000: saving model to /srv/hays-lab/scratch/sanisetty3/music_motion/ATCMG/checkpoints/vqvae/vqvae_body/checkpoints
validation start
val/rec_loss tensor(0.0230)
val/total_loss  tensor(0.0702)
render start
60200: vqvae model total loss: 0.0873 reconstruction loss: 0.0295 commit_loss: 0.113 codebook usage: 0.83203125
60400: vqvae model total loss: 0.093 reconstruction loss: 0.032 commit_loss: 0.116 codebook usage: 0.8173828125
60600: vqvae model total loss: 0.0904 reconstruction loss: 0.0306 commit_loss: 0.116 codebook usage: 0.859375
60800: vqvae model total loss: 0.0914 reconstruction loss: 0.0315 commit_loss: 0.113 codebook usage: 0.83203125
61000: vqvae model total loss: 0.0929 reconstruction loss: 0.0326 commit_loss: 0.111 codebook usage: 0.8447265625
61200: vqvae model total loss: 0.104 reconstruction loss: 0.0367 commit_loss: 0.121 codebook usage: 0.87890625
61400: vqvae model total loss: 0.0871 reconstruction loss: 0.0304 commit_loss: 0.105 codebook usage: 0.8388671875
61600: vqvae model total loss: 0.0941 reconstruction loss: 0.0333 commit_loss: 0.11 codebook usage: 0.8515625
61800: vqvae model total loss: 0.102 reconstruction loss: 0.0362 commit_loss: 0.118 codebook usage: 0.853515625
62000: vqvae model total loss: 0.0799 reconstruction loss: 0.0281 commit_loss: 0.0953 codebook usage: 0.8193359375
validation start
val/rec_loss tensor(0.0263)
val/total_loss  tensor(0.0775)
render start
62200: vqvae model total loss: 0.0931 reconstruction loss: 0.0316 commit_loss: 0.119 codebook usage: 0.830078125
62400: vqvae model total loss: 0.0814 reconstruction loss: 0.0286 commit_loss: 0.0964 codebook usage: 0.8505859375
62600: vqvae model total loss: 0.0892 reconstruction loss: 0.0302 commit_loss: 0.115 codebook usage: 0.8056640625
62800: vqvae model total loss: 0.0877 reconstruction loss: 0.031 commit_loss: 0.103 codebook usage: 0.8369140625
63000: vqvae model total loss: 0.088 reconstruction loss: 0.0308 commit_loss: 0.105 codebook usage: 0.865234375
63200: vqvae model total loss: 0.0916 reconstruction loss: 0.0322 commit_loss: 0.109 codebook usage: 0.8388671875
63400: vqvae model total loss: 0.0829 reconstruction loss: 0.0297 commit_loss: 0.0939 codebook usage: 0.826171875
63600: vqvae model total loss: 0.0958 reconstruction loss: 0.0331 commit_loss: 0.119 codebook usage: 0.87109375
63800: vqvae model total loss: 0.084 reconstruction loss: 0.0295 commit_loss: 0.1 codebook usage: 0.82421875
64000: vqvae model total loss: 0.0929 reconstruction loss: 0.0324 commit_loss: 0.112 codebook usage: 0.8271484375
validation start
val/rec_loss tensor(0.0252)
val/total_loss  tensor(0.0748)
render start
64200: vqvae model total loss: 0.108 reconstruction loss: 0.0377 commit_loss: 0.13 codebook usage: 0.875
64400: vqvae model total loss: 0.0773 reconstruction loss: 0.0272 commit_loss: 0.0916 codebook usage: 0.8193359375
64600: vqvae model total loss: 0.0944 reconstruction loss: 0.0329 commit_loss: 0.114 codebook usage: 0.8583984375
64800: vqvae model total loss: 0.0971 reconstruction loss: 0.0342 commit_loss: 0.115 codebook usage: 0.8515625
65000: vqvae model total loss: 0.094 reconstruction loss: 0.0328 commit_loss: 0.113 codebook usage: 0.8583984375
65200: vqvae model total loss: 0.0852 reconstruction loss: 0.0292 commit_loss: 0.108 codebook usage: 0.8212890625
65400: vqvae model total loss: 0.0902 reconstruction loss: 0.0316 commit_loss: 0.107 codebook usage: 0.841796875
65600: vqvae model total loss: 0.0881 reconstruction loss: 0.0307 commit_loss: 0.107 codebook usage: 0.8388671875
65800: vqvae model total loss: 0.0819 reconstruction loss: 0.0296 commit_loss: 0.0911 codebook usage: 0.810546875
66000: vqvae model total loss: 0.0851 reconstruction loss: 0.0295 commit_loss: 0.105 codebook usage: 0.8203125
validation start
val/rec_loss tensor(0.0277)
val/total_loss  tensor(0.0852)
render start
66200: vqvae model total loss: 0.088 reconstruction loss: 0.0299 commit_loss: 0.113 codebook usage: 0.8603515625
66400: vqvae model total loss: 0.0859 reconstruction loss: 0.0293 commit_loss: 0.109 codebook usage: 0.8359375
66600: vqvae model total loss: 0.0858 reconstruction loss: 0.0293 commit_loss: 0.109 codebook usage: 0.8525390625
66800: vqvae model total loss: 0.0871 reconstruction loss: 0.0306 commit_loss: 0.103 codebook usage: 0.8466796875
67000: vqvae model total loss: 0.0936 reconstruction loss: 0.0328 commit_loss: 0.112 codebook usage: 0.8486328125
67200: vqvae model total loss: 0.086 reconstruction loss: 0.0297 commit_loss: 0.107 codebook usage: 0.8486328125
67400: vqvae model total loss: 0.0877 reconstruction loss: 0.0307 commit_loss: 0.106 codebook usage: 0.8623046875
67600: vqvae model total loss: 0.0981 reconstruction loss: 0.0348 commit_loss: 0.114 codebook usage: 0.8876953125
67800: vqvae model total loss: 0.0862 reconstruction loss: 0.0301 commit_loss: 0.104 codebook usage: 0.83203125
68000: vqvae model total loss: 0.0816 reconstruction loss: 0.0281 commit_loss: 0.102 codebook usage: 0.8447265625
validation start
val/rec_loss tensor(0.0285)
val/total_loss  tensor(0.0855)
render start
68200: vqvae model total loss: 0.0917 reconstruction loss: 0.032 commit_loss: 0.111 codebook usage: 0.837890625
68400: vqvae model total loss: 0.0851 reconstruction loss: 0.0297 commit_loss: 0.103 codebook usage: 0.849609375
68600: vqvae model total loss: 0.0867 reconstruction loss: 0.0314 commit_loss: 0.0957 codebook usage: 0.8349609375
68800: vqvae model total loss: 0.0845 reconstruction loss: 0.0293 commit_loss: 0.103 codebook usage: 0.826171875
69000: vqvae model total loss: 0.0886 reconstruction loss: 0.0313 commit_loss: 0.104 codebook usage: 0.8603515625
69200: vqvae model total loss: 0.0749 reconstruction loss: 0.0261 commit_loss: 0.091 codebook usage: 0.8134765625
69400: vqvae model total loss: 0.101 reconstruction loss: 0.0349 commit_loss: 0.125 codebook usage: 0.8486328125
69600: vqvae model total loss: 0.0837 reconstruction loss: 0.0288 commit_loss: 0.104 codebook usage: 0.8408203125
69800: vqvae model total loss: 0.094 reconstruction loss: 0.0327 commit_loss: 0.114 codebook usage: 0.841796875
70000: vqvae model total loss: 0.0791 reconstruction loss: 0.0275 commit_loss: 0.0967 codebook usage: 0.826171875
0.07910867035388947 tensor(0.0992)
70000: saving model to /srv/hays-lab/scratch/sanisetty3/music_motion/ATCMG/checkpoints/vqvae/vqvae_body/checkpoints
validation start
val/rec_loss tensor(0.0253)
val/total_loss  tensor(0.0713)
render start
70200: vqvae model total loss: 0.0967 reconstruction loss: 0.0343 commit_loss: 0.112 codebook usage: 0.8671875
70400: vqvae model total loss: 0.0957 reconstruction loss: 0.0338 commit_loss: 0.113 codebook usage: 0.8427734375
70600: vqvae model total loss: 0.0907 reconstruction loss: 0.0306 commit_loss: 0.118 codebook usage: 0.853515625
70800: vqvae model total loss: 0.0857 reconstruction loss: 0.0305 commit_loss: 0.099 codebook usage: 0.8310546875
71000: vqvae model total loss: 0.104 reconstruction loss: 0.036 commit_loss: 0.127 codebook usage: 0.859375
71200: vqvae model total loss: 0.0819 reconstruction loss: 0.0285 commit_loss: 0.1 codebook usage: 0.837890625
71400: vqvae model total loss: 0.0862 reconstruction loss: 0.0299 commit_loss: 0.106 codebook usage: 0.8251953125
71600: vqvae model total loss: 0.0923 reconstruction loss: 0.032 commit_loss: 0.113 codebook usage: 0.8349609375
71800: vqvae model total loss: 0.0885 reconstruction loss: 0.0304 commit_loss: 0.111 codebook usage: 0.8330078125
72000: vqvae model total loss: 0.0945 reconstruction loss: 0.0334 commit_loss: 0.11 codebook usage: 0.8330078125
validation start
val/rec_loss tensor(0.0316)
val/total_loss  tensor(0.0860)
render start
72200: vqvae model total loss: 0.0849 reconstruction loss: 0.0303 commit_loss: 0.0972 codebook usage: 0.8486328125
72400: vqvae model total loss: 0.0851 reconstruction loss: 0.0298 commit_loss: 0.102 codebook usage: 0.8525390625
72600: vqvae model total loss: 0.0919 reconstruction loss: 0.0335 commit_loss: 0.0992 codebook usage: 0.84765625
72800: vqvae model total loss: 0.0876 reconstruction loss: 0.0302 commit_loss: 0.109 codebook usage: 0.828125
73000: vqvae model total loss: 0.0929 reconstruction loss: 0.0327 commit_loss: 0.11 codebook usage: 0.8642578125
73200: vqvae model total loss: 0.0852 reconstruction loss: 0.0302 commit_loss: 0.0993 codebook usage: 0.859375
73400: vqvae model total loss: 0.0913 reconstruction loss: 0.031 commit_loss: 0.117 codebook usage: 0.8408203125
73600: vqvae model total loss: 0.0734 reconstruction loss: 0.0254 commit_loss: 0.0901 codebook usage: 0.8115234375
73800: vqvae model total loss: 0.0814 reconstruction loss: 0.0281 commit_loss: 0.101 codebook usage: 0.845703125
74000: vqvae model total loss: 0.0807 reconstruction loss: 0.0284 commit_loss: 0.0953 codebook usage: 0.828125
validation start
val/rec_loss tensor(0.0261)
val/total_loss  tensor(0.0759)
render start
74200: vqvae model total loss: 0.0863 reconstruction loss: 0.0299 commit_loss: 0.106 codebook usage: 0.876953125
74400: vqvae model total loss: 0.0869 reconstruction loss: 0.0308 commit_loss: 0.101 codebook usage: 0.8486328125
74600: vqvae model total loss: 0.082 reconstruction loss: 0.0283 commit_loss: 0.102 codebook usage: 0.830078125
74800: vqvae model total loss: 0.0814 reconstruction loss: 0.0283 commit_loss: 0.0992 codebook usage: 0.8505859375
75000: vqvae model total loss: 0.0854 reconstruction loss: 0.0298 commit_loss: 0.103 codebook usage: 0.8388671875
75200: vqvae model total loss: 0.0858 reconstruction loss: 0.0295 commit_loss: 0.107 codebook usage: 0.8427734375
75400: vqvae model total loss: 0.0842 reconstruction loss: 0.0287 commit_loss: 0.107 codebook usage: 0.8388671875
75600: vqvae model total loss: 0.0808 reconstruction loss: 0.0283 commit_loss: 0.0968 codebook usage: 0.830078125
75800: vqvae model total loss: 0.097 reconstruction loss: 0.0337 commit_loss: 0.118 codebook usage: 0.84765625
76000: vqvae model total loss: 0.0904 reconstruction loss: 0.0321 commit_loss: 0.105 codebook usage: 0.841796875
validation start
val/rec_loss tensor(0.0270)
val/total_loss  tensor(0.0778)
render start
76200: vqvae model total loss: 0.0859 reconstruction loss: 0.0302 commit_loss: 0.102 codebook usage: 0.837890625
76400: vqvae model total loss: 0.0815 reconstruction loss: 0.0282 commit_loss: 0.101 codebook usage: 0.8544921875
76600: vqvae model total loss: 0.0813 reconstruction loss: 0.0285 commit_loss: 0.0974 codebook usage: 0.8359375
76800: vqvae model total loss: 0.0916 reconstruction loss: 0.0328 commit_loss: 0.104 codebook usage: 0.8408203125
77000: vqvae model total loss: 0.0854 reconstruction loss: 0.0301 commit_loss: 0.101 codebook usage: 0.8427734375
77200: vqvae model total loss: 0.0895 reconstruction loss: 0.0309 commit_loss: 0.111 codebook usage: 0.880859375
77400: vqvae model total loss: 0.0845 reconstruction loss: 0.0307 commit_loss: 0.0928 codebook usage: 0.833984375
77600: vqvae model total loss: 0.0879 reconstruction loss: 0.0299 commit_loss: 0.112 codebook usage: 0.859375
77800: vqvae model total loss: 0.0873 reconstruction loss: 0.0312 commit_loss: 0.0992 codebook usage: 0.845703125
78000: vqvae model total loss: 0.087 reconstruction loss: 0.0306 commit_loss: 0.103 codebook usage: 0.8447265625
validation start
val/rec_loss tensor(0.0280)
val/total_loss  tensor(0.0779)
render start
78200: vqvae model total loss: 0.0751 reconstruction loss: 0.0267 commit_loss: 0.087 codebook usage: 0.8369140625
78400: vqvae model total loss: 0.0764 reconstruction loss: 0.027 commit_loss: 0.0894 codebook usage: 0.8505859375
78600: vqvae model total loss: 0.078 reconstruction loss: 0.0274 commit_loss: 0.0926 codebook usage: 0.84765625
78800: vqvae model total loss: 0.0885 reconstruction loss: 0.0308 commit_loss: 0.108 codebook usage: 0.8564453125
79000: vqvae model total loss: 0.0774 reconstruction loss: 0.0269 commit_loss: 0.0947 codebook usage: 0.8388671875
79200: vqvae model total loss: 0.0749 reconstruction loss: 0.0255 commit_loss: 0.0958 codebook usage: 0.8271484375
79400: vqvae model total loss: 0.0764 reconstruction loss: 0.026 commit_loss: 0.0978 codebook usage: 0.8359375
79600: vqvae model total loss: 0.0749 reconstruction loss: 0.0254 commit_loss: 0.0968 codebook usage: 0.8369140625
79800: vqvae model total loss: 0.0836 reconstruction loss: 0.0294 commit_loss: 0.0988 codebook usage: 0.861328125
80000: vqvae model total loss: 0.0832 reconstruction loss: 0.0283 commit_loss: 0.107 codebook usage: 0.8154296875
0.08315622061491013 tensor(0.0791)
80000: saving model to /srv/hays-lab/scratch/sanisetty3/music_motion/ATCMG/checkpoints/vqvae/vqvae_body/checkpoints
validation start
val/rec_loss tensor(0.0233)
val/total_loss  tensor(0.0703)
render start
80200: vqvae model total loss: 0.09 reconstruction loss: 0.032 commit_loss: 0.104 codebook usage: 0.84375
80400: vqvae model total loss: 0.077 reconstruction loss: 0.0263 commit_loss: 0.0976 codebook usage: 0.8232421875
80600: vqvae model total loss: 0.0892 reconstruction loss: 0.0308 commit_loss: 0.11 codebook usage: 0.8603515625
80800: vqvae model total loss: 0.0813 reconstruction loss: 0.0286 commit_loss: 0.0967 codebook usage: 0.8408203125
81000: vqvae model total loss: 0.0919 reconstruction loss: 0.0316 commit_loss: 0.115 codebook usage: 0.859375
81200: vqvae model total loss: 0.0825 reconstruction loss: 0.0292 commit_loss: 0.0962 codebook usage: 0.8564453125
81400: vqvae model total loss: 0.0857 reconstruction loss: 0.0288 commit_loss: 0.112 codebook usage: 0.8349609375
81600: vqvae model total loss: 0.0832 reconstruction loss: 0.0289 commit_loss: 0.101 codebook usage: 0.8544921875
81800: vqvae model total loss: 0.0801 reconstruction loss: 0.0277 commit_loss: 0.0988 codebook usage: 0.8359375
82000: vqvae model total loss: 0.084 reconstruction loss: 0.0293 commit_loss: 0.102 codebook usage: 0.8603515625
validation start
val/rec_loss tensor(0.0240)
val/total_loss  tensor(0.0703)
render start
82200: vqvae model total loss: 0.0806 reconstruction loss: 0.028 commit_loss: 0.0986 codebook usage: 0.8544921875
82400: vqvae model total loss: 0.082 reconstruction loss: 0.0288 commit_loss: 0.0981 codebook usage: 0.826171875
82600: vqvae model total loss: 0.0729 reconstruction loss: 0.026 commit_loss: 0.0831 codebook usage: 0.7939453125
82800: vqvae model total loss: 0.0739 reconstruction loss: 0.0264 commit_loss: 0.0845 codebook usage: 0.8583984375
83000: vqvae model total loss: 0.0789 reconstruction loss: 0.0272 commit_loss: 0.0985 codebook usage: 0.849609375
83200: vqvae model total loss: 0.0821 reconstruction loss: 0.0283 commit_loss: 0.102 codebook usage: 0.8291015625
83400: vqvae model total loss: 0.0779 reconstruction loss: 0.0271 commit_loss: 0.0946 codebook usage: 0.8427734375
83600: vqvae model total loss: 0.0719 reconstruction loss: 0.0254 commit_loss: 0.0846 codebook usage: 0.845703125
83800: vqvae model total loss: 0.0814 reconstruction loss: 0.028 commit_loss: 0.101 codebook usage: 0.84375
84000: vqvae model total loss: 0.0913 reconstruction loss: 0.0319 commit_loss: 0.11 codebook usage: 0.8583984375
validation start
val/rec_loss tensor(0.0324)
val/total_loss  tensor(0.0920)
render start
84200: vqvae model total loss: 0.0801 reconstruction loss: 0.0277 commit_loss: 0.0992 codebook usage: 0.853515625
84400: vqvae model total loss: 0.0924 reconstruction loss: 0.0331 commit_loss: 0.105 codebook usage: 0.849609375
84600: vqvae model total loss: 0.0854 reconstruction loss: 0.0301 commit_loss: 0.101 codebook usage: 0.83203125
84800: vqvae model total loss: 0.0827 reconstruction loss: 0.0287 commit_loss: 0.101 codebook usage: 0.8349609375
85000: vqvae model total loss: 0.0762 reconstruction loss: 0.0264 commit_loss: 0.0938 codebook usage: 0.853515625
85200: vqvae model total loss: 0.0755 reconstruction loss: 0.0262 commit_loss: 0.0925 codebook usage: 0.82421875
85400: vqvae model total loss: 0.087 reconstruction loss: 0.0304 commit_loss: 0.105 codebook usage: 0.845703125
85600: vqvae model total loss: 0.0823 reconstruction loss: 0.029 commit_loss: 0.0973 codebook usage: 0.8515625
85800: vqvae model total loss: 0.0822 reconstruction loss: 0.0278 commit_loss: 0.107 codebook usage: 0.8525390625
86000: vqvae model total loss: 0.0778 reconstruction loss: 0.0265 commit_loss: 0.0991 codebook usage: 0.837890625
validation start
val/rec_loss tensor(0.0300)
val/total_loss  tensor(0.0817)
render start
86200: vqvae model total loss: 0.0825 reconstruction loss: 0.028 commit_loss: 0.106 codebook usage: 0.8505859375
86400: vqvae model total loss: 0.0878 reconstruction loss: 0.0307 commit_loss: 0.106 codebook usage: 0.8203125
86600: vqvae model total loss: 0.078 reconstruction loss: 0.0274 commit_loss: 0.0927 codebook usage: 0.8447265625
86800: vqvae model total loss: 0.0786 reconstruction loss: 0.0277 commit_loss: 0.0927 codebook usage: 0.861328125
87000: vqvae model total loss: 0.0849 reconstruction loss: 0.0289 commit_loss: 0.108 codebook usage: 0.833984375
87200: vqvae model total loss: 0.0715 reconstruction loss: 0.0245 commit_loss: 0.0897 codebook usage: 0.8388671875
87400: vqvae model total loss: 0.0733 reconstruction loss: 0.026 commit_loss: 0.0853 codebook usage: 0.8310546875
87600: vqvae model total loss: 0.0772 reconstruction loss: 0.0263 commit_loss: 0.0985 codebook usage: 0.8359375
87800: vqvae model total loss: 0.0805 reconstruction loss: 0.0277 commit_loss: 0.1 codebook usage: 0.8447265625
88000: vqvae model total loss: 0.0806 reconstruction loss: 0.028 commit_loss: 0.0982 codebook usage: 0.84765625
validation start
val/rec_loss tensor(0.0244)
val/total_loss  tensor(0.0698)
render start
88200: vqvae model total loss: 0.0801 reconstruction loss: 0.0284 commit_loss: 0.0934 codebook usage: 0.8525390625
88400: vqvae model total loss: 0.0817 reconstruction loss: 0.0291 commit_loss: 0.0943 codebook usage: 0.8623046875
88600: vqvae model total loss: 0.0808 reconstruction loss: 0.0276 commit_loss: 0.102 codebook usage: 0.8310546875
88800: vqvae model total loss: 0.0805 reconstruction loss: 0.0284 commit_loss: 0.0947 codebook usage: 0.8359375
89000: vqvae model total loss: 0.0689 reconstruction loss: 0.0239 commit_loss: 0.0845 codebook usage: 0.8291015625
89200: vqvae model total loss: 0.0854 reconstruction loss: 0.0288 commit_loss: 0.111 codebook usage: 0.8359375
89400: vqvae model total loss: 0.0863 reconstruction loss: 0.0301 commit_loss: 0.104 codebook usage: 0.86328125
89600: vqvae model total loss: 0.0898 reconstruction loss: 0.0323 commit_loss: 0.101 codebook usage: 0.841796875
89800: vqvae model total loss: 0.0755 reconstruction loss: 0.0266 commit_loss: 0.0894 codebook usage: 0.8232421875
90000: vqvae model total loss: 0.0748 reconstruction loss: 0.026 commit_loss: 0.0915 codebook usage: 0.83203125
0.07482205331325531 tensor(0.0791)
90000: saving model to /srv/hays-lab/scratch/sanisetty3/music_motion/ATCMG/checkpoints/vqvae/vqvae_body/checkpoints
validation start
val/rec_loss tensor(0.0236)
val/total_loss  tensor(0.0704)
render start
90200: vqvae model total loss: 0.0734 reconstruction loss: 0.0257 commit_loss: 0.088 codebook usage: 0.8369140625
90400: vqvae model total loss: 0.0754 reconstruction loss: 0.0256 commit_loss: 0.0965 codebook usage: 0.8369140625
90600: vqvae model total loss: 0.0829 reconstruction loss: 0.0295 commit_loss: 0.0957 codebook usage: 0.8466796875
90800: vqvae model total loss: 0.0763 reconstruction loss: 0.0262 commit_loss: 0.096 codebook usage: 0.8544921875
91000: vqvae model total loss: 0.0827 reconstruction loss: 0.0291 commit_loss: 0.0984 codebook usage: 0.861328125
91200: vqvae model total loss: 0.0685 reconstruction loss: 0.0237 commit_loss: 0.0845 codebook usage: 0.8203125
91400: vqvae model total loss: 0.0788 reconstruction loss: 0.0277 commit_loss: 0.0937 codebook usage: 0.857421875
91600: vqvae model total loss: 0.0736 reconstruction loss: 0.0253 commit_loss: 0.0924 codebook usage: 0.8251953125
91800: vqvae model total loss: 0.0762 reconstruction loss: 0.0265 commit_loss: 0.0927 codebook usage: 0.8388671875
92000: vqvae model total loss: 0.0771 reconstruction loss: 0.0267 commit_loss: 0.0951 codebook usage: 0.8603515625
validation start
val/rec_loss tensor(0.0223)
val/total_loss  tensor(0.0675)
render start
