loading config from: /srv/hays-lab/scratch/sanisetty3/music_motion/ATCMG/checkpoints/vqvae/vqvae_body_gpvc_5121/vqvae_body_gpvc_5121.yaml
output_dir:  /srv/hays-lab/scratch/sanisetty3/music_motion/ATCMG/checkpoints/vqvae/vqvae_body_gpvc_5121
codebook_dim: 512
codebook_size: 512
commit: 0.25
conv_kernel_size: 5
depth: 8
dim: 768
down_sampling_ratio: 4
dropout: 0.1
heads: 8
kmeans_iters: None
loss_motion: 2.0
loss_vel: 1.0
motion_dim: 137
nb_joints: 22
num_quantizers: 2
quantize_dropout_prob: 0.0
rearrange_output: False
recons_loss: l1_smooth
sample_codebook_temp: 0.2
shared_codebook: False
target: core.models.resnetVQ.vqvae.HumanVQVAE2
use_geodesic_loss: False
use_simple_loss: True
Sync is turned on False
Total training params: 88.57M
Total number of motions animation: 120
Total number of motions humanml: 16730
Total number of motions perform: 346
Total number of motions GRAB: 1268
Total number of motions idea400: 10946
Total number of motions beat: 1456
Total number of motions game_motion: 2780
Total number of motions music: 2865
Total number of motions aist: 1141
Total number of motions fitness: 10902
Total number of motions moyo: 161
Total number of motions choreomaster: 34
Total number of motions dance: 97
Total number of motions kungfu: 827
Total number of motions animation: 2
Total number of motions humanml: 2944
Total number of motions perform: 16
Total number of motions GRAB: 67
Total number of motions idea400: 577
Total number of motions beat: 162
Total number of motions game_motion: 130
Total number of motions music: 148
Total number of motions aist: 61
Total number of motions fitness: 572
Total number of motions moyo: 9
Total number of motions choreomaster: 2
Total number of motions dance: 7
Total number of motions kungfu: 42
Total number of motions animation: 1
Total number of motions humanml: 1
Total number of motions perform: 2
Total number of motions GRAB: 2
Total number of motions idea400: 2
Total number of motions beat: 1
Total number of motions game_motion: 2
Total number of motions music: 1
Total number of motions aist: 1
Total number of motions fitness: 2
Total number of motions moyo: 2
Total number of motions choreomaster: 2
Total number of motions dance: 1
Total number of motions kungfu: 2
training with training 49673 and test dataset of  and  4739 samples and render of  22
/srv/hays-lab/scratch/sanisetty3/music_motion/ATCMG/checkpoints/vqvae/vqvae_body_gpvc_5121
resuming from  /srv/hays-lab/scratch/sanisetty3/music_motion/ATCMG/checkpoints/vqvae/vqvae_body_gpvc_5121/vqvae_motion.pt
loaded model with  0.043962929397821426 tensor([60000.], device='cuda:0') steps
60000: vqvae model total loss: 0.0401 reconstruction loss: 0.0142 commit_loss: 0.0471 codebook usage: 393.7340393066406
0.04012922942638397 0.043962929397821426
60000: saving model to /srv/hays-lab/scratch/sanisetty3/music_motion/ATCMG/checkpoints/vqvae/vqvae_body_gpvc_5121/checkpoints
validation start
val/rec_loss tensor(0.0249)
val/total_loss  tensor(0.0498)
val/usage  tensor(305.2654, device='cuda:0')
60200: vqvae model total loss: 0.0414 reconstruction loss: 0.0149 commit_loss: 0.0464 codebook usage: 392.2030944824219
60400: vqvae model total loss: 0.0439 reconstruction loss: 0.0158 commit_loss: 0.0492 codebook usage: 381.57879638671875
60600: vqvae model total loss: 0.0494 reconstruction loss: 0.0178 commit_loss: 0.0555 codebook usage: 387.5033264160156
60800: vqvae model total loss: 0.0474 reconstruction loss: 0.0173 commit_loss: 0.0516 codebook usage: 360.50250244140625
61000: vqvae model total loss: 0.0556 reconstruction loss: 0.0204 commit_loss: 0.0589 codebook usage: 352.5244445800781
61200: vqvae model total loss: 0.0625 reconstruction loss: 0.0223 commit_loss: 0.0714 codebook usage: 330.4669494628906
61400: vqvae model total loss: 0.0589 reconstruction loss: 0.0215 commit_loss: 0.0636 codebook usage: 327.07415771484375
61600: vqvae model total loss: 0.0608 reconstruction loss: 0.0218 commit_loss: 0.0686 codebook usage: 338.0948791503906
61800: vqvae model total loss: 0.0527 reconstruction loss: 0.0187 commit_loss: 0.0609 codebook usage: 345.326416015625
62000: vqvae model total loss: 0.0678 reconstruction loss: 0.0249 commit_loss: 0.0722 codebook usage: 366.84930419921875
62200: vqvae model total loss: 0.0615 reconstruction loss: 0.0227 commit_loss: 0.0645 codebook usage: 386.34613037109375
62400: vqvae model total loss: 0.0602 reconstruction loss: 0.0226 commit_loss: 0.0603 codebook usage: 371.5155334472656
62600: vqvae model total loss: 0.0539 reconstruction loss: 0.0198 commit_loss: 0.0575 codebook usage: 374.2567443847656
62800: vqvae model total loss: 0.0618 reconstruction loss: 0.0232 commit_loss: 0.0618 codebook usage: 388.9070129394531
63000: vqvae model total loss: 0.0579 reconstruction loss: 0.0211 commit_loss: 0.0633 codebook usage: 380.44671630859375
63200: vqvae model total loss: 0.0684 reconstruction loss: 0.0248 commit_loss: 0.0753 codebook usage: 404.70758056640625
63400: vqvae model total loss: 0.0583 reconstruction loss: 0.0214 commit_loss: 0.062 codebook usage: 384.7021179199219
63600: vqvae model total loss: 0.0581 reconstruction loss: 0.021 commit_loss: 0.0643 codebook usage: 392.5288391113281
63800: vqvae model total loss: 0.0589 reconstruction loss: 0.0217 commit_loss: 0.0616 codebook usage: 392.83441162109375
64000: vqvae model total loss: 0.0669 reconstruction loss: 0.0255 commit_loss: 0.0638 codebook usage: 391.8799133300781
64200: vqvae model total loss: 0.0677 reconstruction loss: 0.0244 commit_loss: 0.0754 codebook usage: 384.93206787109375
64400: vqvae model total loss: 0.059 reconstruction loss: 0.0215 commit_loss: 0.0639 codebook usage: 383.32623291015625
64600: vqvae model total loss: 0.0671 reconstruction loss: 0.0245 commit_loss: 0.072 codebook usage: 393.985107421875
64800: vqvae model total loss: 0.0578 reconstruction loss: 0.0212 commit_loss: 0.0615 codebook usage: 384.294921875
65000: vqvae model total loss: 0.0572 reconstruction loss: 0.0209 commit_loss: 0.0619 codebook usage: 375.9982604980469
65200: vqvae model total loss: 0.0584 reconstruction loss: 0.0215 commit_loss: 0.0614 codebook usage: 383.84881591796875
65400: vqvae model total loss: 0.0617 reconstruction loss: 0.0228 commit_loss: 0.0644 codebook usage: 392.848876953125
65600: vqvae model total loss: 0.0598 reconstruction loss: 0.0217 commit_loss: 0.0653 codebook usage: 399.8787536621094
65800: vqvae model total loss: 0.0606 reconstruction loss: 0.0221 commit_loss: 0.0653 codebook usage: 390.38336181640625
66000: vqvae model total loss: 0.0576 reconstruction loss: 0.0212 commit_loss: 0.0613 codebook usage: 387.64080810546875
66200: vqvae model total loss: 0.0572 reconstruction loss: 0.021 commit_loss: 0.0603 codebook usage: 390.0743103027344
66400: vqvae model total loss: 0.0636 reconstruction loss: 0.0234 commit_loss: 0.0676 codebook usage: 390.0045471191406
66600: vqvae model total loss: 0.0561 reconstruction loss: 0.0208 commit_loss: 0.058 codebook usage: 393.3086242675781
66800: vqvae model total loss: 0.0657 reconstruction loss: 0.0236 commit_loss: 0.074 codebook usage: 395.5059814453125
67000: vqvae model total loss: 0.0598 reconstruction loss: 0.0218 commit_loss: 0.0649 codebook usage: 390.85552978515625
67200: vqvae model total loss: 0.0632 reconstruction loss: 0.0233 commit_loss: 0.0662 codebook usage: 397.44683837890625
67400: vqvae model total loss: 0.0652 reconstruction loss: 0.024 commit_loss: 0.0688 codebook usage: 401.0963439941406
67600: vqvae model total loss: 0.0611 reconstruction loss: 0.0223 commit_loss: 0.0662 codebook usage: 389.9396667480469
67800: vqvae model total loss: 0.0603 reconstruction loss: 0.022 commit_loss: 0.0651 codebook usage: 409.89404296875
68000: vqvae model total loss: 0.0597 reconstruction loss: 0.0224 commit_loss: 0.0594 codebook usage: 387.98126220703125
68200: vqvae model total loss: 0.0594 reconstruction loss: 0.0222 commit_loss: 0.0599 codebook usage: 392.92041015625
68400: vqvae model total loss: 0.0566 reconstruction loss: 0.021 commit_loss: 0.0587 codebook usage: 395.1205139160156
68600: vqvae model total loss: 0.0601 reconstruction loss: 0.0217 commit_loss: 0.0669 codebook usage: 388.909423828125
68800: vqvae model total loss: 0.0641 reconstruction loss: 0.0242 commit_loss: 0.0627 codebook usage: 389.9351806640625
69000: vqvae model total loss: 0.0569 reconstruction loss: 0.0211 commit_loss: 0.0585 codebook usage: 391.0397033691406
69200: vqvae model total loss: 0.0609 reconstruction loss: 0.0225 commit_loss: 0.0641 codebook usage: 392.3564758300781
69400: vqvae model total loss: 0.0623 reconstruction loss: 0.0228 commit_loss: 0.0669 codebook usage: 397.5093688964844
69600: vqvae model total loss: 0.0577 reconstruction loss: 0.0208 commit_loss: 0.0644 codebook usage: 382.4511413574219
69800: vqvae model total loss: 0.0528 reconstruction loss: 0.0191 commit_loss: 0.0582 codebook usage: 381.3697814941406
70000: vqvae model total loss: 0.0608 reconstruction loss: 0.0221 commit_loss: 0.0666 codebook usage: 391.95855712890625
0.060806047171354294 tensor(0.0401)
70000: saving model to /srv/hays-lab/scratch/sanisetty3/music_motion/ATCMG/checkpoints/vqvae/vqvae_body_gpvc_5121/checkpoints
validation start
val/rec_loss tensor(0.0274)
val/total_loss  tensor(0.0549)
val/usage  tensor(304.9477, device='cuda:0')
70200: vqvae model total loss: 0.0583 reconstruction loss: 0.0207 commit_loss: 0.0674 codebook usage: 393.01861572265625
70400: vqvae model total loss: 0.0559 reconstruction loss: 0.0205 commit_loss: 0.0598 codebook usage: 398.2817687988281
70600: vqvae model total loss: 0.056 reconstruction loss: 0.0205 commit_loss: 0.06 codebook usage: 380.4975280761719
70800: vqvae model total loss: 0.0596 reconstruction loss: 0.0218 commit_loss: 0.0643 codebook usage: 393.7974853515625
71000: vqvae model total loss: 0.0694 reconstruction loss: 0.0265 commit_loss: 0.0656 codebook usage: 371.19427490234375
71200: vqvae model total loss: 0.0596 reconstruction loss: 0.0215 commit_loss: 0.0663 codebook usage: 393.6251525878906
71400: vqvae model total loss: 0.056 reconstruction loss: 0.0203 commit_loss: 0.0612 codebook usage: 396.75360107421875
71600: vqvae model total loss: 0.0545 reconstruction loss: 0.0197 commit_loss: 0.0603 codebook usage: 384.83221435546875
71800: vqvae model total loss: 0.0547 reconstruction loss: 0.0201 commit_loss: 0.0582 codebook usage: 390.0160827636719
72000: vqvae model total loss: 0.0602 reconstruction loss: 0.022 commit_loss: 0.065 codebook usage: 389.2893981933594
72200: vqvae model total loss: 0.0501 reconstruction loss: 0.0181 commit_loss: 0.0552 codebook usage: 383.1396789550781
72400: vqvae model total loss: 0.0547 reconstruction loss: 0.0195 commit_loss: 0.063 codebook usage: 397.7646179199219
72600: vqvae model total loss: 0.0534 reconstruction loss: 0.0192 commit_loss: 0.0602 codebook usage: 384.67919921875
72800: vqvae model total loss: 0.0597 reconstruction loss: 0.022 commit_loss: 0.063 codebook usage: 397.1893615722656
73000: vqvae model total loss: 0.0595 reconstruction loss: 0.0218 commit_loss: 0.0635 codebook usage: 390.0045471191406
73200: vqvae model total loss: 0.0575 reconstruction loss: 0.0206 commit_loss: 0.0656 codebook usage: 392.55487060546875
73400: vqvae model total loss: 0.0588 reconstruction loss: 0.0214 commit_loss: 0.0642 codebook usage: 394.1034851074219
73600: vqvae model total loss: 0.0618 reconstruction loss: 0.0225 commit_loss: 0.0669 codebook usage: 393.26251220703125
73800: vqvae model total loss: 0.0568 reconstruction loss: 0.0209 commit_loss: 0.0602 codebook usage: 388.4394226074219
74000: vqvae model total loss: 0.0607 reconstruction loss: 0.022 commit_loss: 0.0665 codebook usage: 391.8811950683594
74200: vqvae model total loss: 0.0553 reconstruction loss: 0.0205 commit_loss: 0.0571 codebook usage: 384.93939208984375
74400: vqvae model total loss: 0.0598 reconstruction loss: 0.0226 commit_loss: 0.0587 codebook usage: 390.900634765625
74600: vqvae model total loss: 0.0521 reconstruction loss: 0.019 commit_loss: 0.0564 codebook usage: 409.23394775390625
74800: vqvae model total loss: 0.056 reconstruction loss: 0.0211 commit_loss: 0.0552 codebook usage: 395.7657775878906
75000: vqvae model total loss: 0.0577 reconstruction loss: 0.0212 commit_loss: 0.0611 codebook usage: 395.01446533203125
75200: vqvae model total loss: 0.0496 reconstruction loss: 0.0182 commit_loss: 0.0523 codebook usage: 390.6488952636719
75400: vqvae model total loss: 0.0524 reconstruction loss: 0.0196 commit_loss: 0.0529 codebook usage: 386.5333557128906
75600: vqvae model total loss: 0.0622 reconstruction loss: 0.023 commit_loss: 0.0648 codebook usage: 393.3905944824219
75800: vqvae model total loss: 0.0542 reconstruction loss: 0.0199 commit_loss: 0.0574 codebook usage: 391.61444091796875
76000: vqvae model total loss: 0.057 reconstruction loss: 0.0209 commit_loss: 0.061 codebook usage: 397.03070068359375
76200: vqvae model total loss: 0.056 reconstruction loss: 0.0203 commit_loss: 0.0614 codebook usage: 414.7542419433594
76400: vqvae model total loss: 0.0585 reconstruction loss: 0.0209 commit_loss: 0.0672 codebook usage: 405.06689453125
76600: vqvae model total loss: 0.0596 reconstruction loss: 0.022 commit_loss: 0.0621 codebook usage: 401.65252685546875
76800: vqvae model total loss: 0.0541 reconstruction loss: 0.0198 commit_loss: 0.0578 codebook usage: 397.99169921875
77000: vqvae model total loss: 0.0524 reconstruction loss: 0.019 commit_loss: 0.0576 codebook usage: 388.23907470703125
77200: vqvae model total loss: 0.0524 reconstruction loss: 0.0193 commit_loss: 0.0551 codebook usage: 399.6965026855469
77400: vqvae model total loss: 0.0532 reconstruction loss: 0.0194 commit_loss: 0.0576 codebook usage: 406.4498596191406
77600: vqvae model total loss: 0.0551 reconstruction loss: 0.0205 commit_loss: 0.0561 codebook usage: 397.77294921875
77800: vqvae model total loss: 0.0504 reconstruction loss: 0.0182 commit_loss: 0.0562 codebook usage: 393.1603088378906
78000: vqvae model total loss: 0.0623 reconstruction loss: 0.0232 commit_loss: 0.0636 codebook usage: 387.2421569824219
78200: vqvae model total loss: 0.0551 reconstruction loss: 0.0201 commit_loss: 0.0594 codebook usage: 407.9134521484375
78400: vqvae model total loss: 0.0529 reconstruction loss: 0.0189 commit_loss: 0.06 codebook usage: 402.3118896484375
78600: vqvae model total loss: 0.0502 reconstruction loss: 0.0188 commit_loss: 0.0501 codebook usage: 391.7311706542969
78800: vqvae model total loss: 0.0479 reconstruction loss: 0.0172 commit_loss: 0.054 codebook usage: 401.64947509765625
79000: vqvae model total loss: 0.0569 reconstruction loss: 0.0206 commit_loss: 0.0625 codebook usage: 404.3952941894531
79200: vqvae model total loss: 0.0525 reconstruction loss: 0.0193 commit_loss: 0.0557 codebook usage: 391.7608947753906
79400: vqvae model total loss: 0.0531 reconstruction loss: 0.0193 commit_loss: 0.0578 codebook usage: 392.5009765625
79600: vqvae model total loss: 0.0481 reconstruction loss: 0.0178 commit_loss: 0.05 codebook usage: 387.01324462890625
79800: vqvae model total loss: 0.0632 reconstruction loss: 0.0239 commit_loss: 0.062 codebook usage: 409.74359130859375
80000: vqvae model total loss: 0.0591 reconstruction loss: 0.0214 commit_loss: 0.0649 codebook usage: 398.53826904296875
0.05908891558647156 tensor(0.0401)
80000: saving model to /srv/hays-lab/scratch/sanisetty3/music_motion/ATCMG/checkpoints/vqvae/vqvae_body_gpvc_5121/checkpoints
validation start
val/rec_loss tensor(0.0274)
val/total_loss  tensor(0.0548)
val/usage  tensor(313.3349, device='cuda:0')
80200: vqvae model total loss: 0.0543 reconstruction loss: 0.0198 commit_loss: 0.0588 codebook usage: 405.2509765625
80400: vqvae model total loss: 0.0539 reconstruction loss: 0.0194 commit_loss: 0.0605 codebook usage: 401.92840576171875
80600: vqvae model total loss: 0.0596 reconstruction loss: 0.0218 commit_loss: 0.0637 codebook usage: 410.456787109375
80800: vqvae model total loss: 0.0531 reconstruction loss: 0.0192 commit_loss: 0.0592 codebook usage: 393.1786804199219
81000: vqvae model total loss: 0.061 reconstruction loss: 0.0224 commit_loss: 0.0645 codebook usage: 399.2861633300781
81200: vqvae model total loss: 0.05 reconstruction loss: 0.0184 commit_loss: 0.0533 codebook usage: 387.528076171875
81400: vqvae model total loss: 0.0513 reconstruction loss: 0.0185 commit_loss: 0.0572 codebook usage: 393.63189697265625
81600: vqvae model total loss: 0.0497 reconstruction loss: 0.0184 commit_loss: 0.0514 codebook usage: 388.9298095703125
81800: vqvae model total loss: 0.0587 reconstruction loss: 0.0214 commit_loss: 0.0639 codebook usage: 393.8846130371094
82000: vqvae model total loss: 0.052 reconstruction loss: 0.019 commit_loss: 0.0564 codebook usage: 390.8609313964844
82200: vqvae model total loss: 0.0484 reconstruction loss: 0.0177 commit_loss: 0.0519 codebook usage: 393.5076599121094
82400: vqvae model total loss: 0.0603 reconstruction loss: 0.0219 commit_loss: 0.0659 codebook usage: 408.7600402832031
82600: vqvae model total loss: 0.0528 reconstruction loss: 0.0195 commit_loss: 0.055 codebook usage: 404.2718811035156
82800: vqvae model total loss: 0.0554 reconstruction loss: 0.0206 commit_loss: 0.0569 codebook usage: 399.56500244140625
83000: vqvae model total loss: 0.05 reconstruction loss: 0.0181 commit_loss: 0.0555 codebook usage: 398.73956298828125
83200: vqvae model total loss: 0.0499 reconstruction loss: 0.0187 commit_loss: 0.0501 codebook usage: 402.4389343261719
83400: vqvae model total loss: 0.0558 reconstruction loss: 0.0204 commit_loss: 0.0597 codebook usage: 410.027587890625
83600: vqvae model total loss: 0.0509 reconstruction loss: 0.0189 commit_loss: 0.0528 codebook usage: 390.9752197265625
83800: vqvae model total loss: 0.0563 reconstruction loss: 0.0208 commit_loss: 0.059 codebook usage: 406.09381103515625
84000: vqvae model total loss: 0.0539 reconstruction loss: 0.02 commit_loss: 0.0557 codebook usage: 392.1507568359375
84200: vqvae model total loss: 0.0507 reconstruction loss: 0.0185 commit_loss: 0.0546 codebook usage: 398.0860595703125
84400: vqvae model total loss: 0.0534 reconstruction loss: 0.0193 commit_loss: 0.059 codebook usage: 391.0911865234375
84600: vqvae model total loss: 0.0578 reconstruction loss: 0.0213 commit_loss: 0.0608 codebook usage: 402.8920593261719
84800: vqvae model total loss: 0.0498 reconstruction loss: 0.0185 commit_loss: 0.0509 codebook usage: 390.4309997558594
85000: vqvae model total loss: 0.047 reconstruction loss: 0.0173 commit_loss: 0.0496 codebook usage: 393.4793395996094
85200: vqvae model total loss: 0.0538 reconstruction loss: 0.0196 commit_loss: 0.0588 codebook usage: 407.98834228515625
85400: vqvae model total loss: 0.05 reconstruction loss: 0.0179 commit_loss: 0.0566 codebook usage: 399.6572265625
85600: vqvae model total loss: 0.049 reconstruction loss: 0.0176 commit_loss: 0.055 codebook usage: 403.8125915527344
85800: vqvae model total loss: 0.0495 reconstruction loss: 0.0182 commit_loss: 0.0522 codebook usage: 410.8330993652344
86000: vqvae model total loss: 0.0497 reconstruction loss: 0.0182 commit_loss: 0.0534 codebook usage: 394.3459777832031
86200: vqvae model total loss: 0.056 reconstruction loss: 0.0212 commit_loss: 0.0541 codebook usage: 405.72332763671875
86400: vqvae model total loss: 0.0534 reconstruction loss: 0.0193 commit_loss: 0.0594 codebook usage: 397.1954345703125
86600: vqvae model total loss: 0.0576 reconstruction loss: 0.0217 commit_loss: 0.057 codebook usage: 405.83441162109375
86800: vqvae model total loss: 0.0557 reconstruction loss: 0.0208 commit_loss: 0.0562 codebook usage: 402.8572692871094
87000: vqvae model total loss: 0.0486 reconstruction loss: 0.018 commit_loss: 0.0506 codebook usage: 394.48516845703125
87200: vqvae model total loss: 0.0528 reconstruction loss: 0.0191 commit_loss: 0.0585 codebook usage: 401.6521301269531
87400: vqvae model total loss: 0.051 reconstruction loss: 0.0184 commit_loss: 0.0564 codebook usage: 395.9307556152344
87600: vqvae model total loss: 0.0551 reconstruction loss: 0.0204 commit_loss: 0.0569 codebook usage: 399.6839294433594
87800: vqvae model total loss: 0.0523 reconstruction loss: 0.0193 commit_loss: 0.0548 codebook usage: 402.85845947265625
88000: vqvae model total loss: 0.0511 reconstruction loss: 0.0189 commit_loss: 0.0531 codebook usage: 396.1328125
88200: vqvae model total loss: 0.0509 reconstruction loss: 0.0186 commit_loss: 0.0549 codebook usage: 411.1860656738281
88400: vqvae model total loss: 0.0548 reconstruction loss: 0.02 commit_loss: 0.0597 codebook usage: 392.7359313964844
88600: vqvae model total loss: 0.0551 reconstruction loss: 0.02 commit_loss: 0.0603 codebook usage: 399.19976806640625
88800: vqvae model total loss: 0.0479 reconstruction loss: 0.0175 commit_loss: 0.0518 codebook usage: 397.5184631347656
89000: vqvae model total loss: 0.0481 reconstruction loss: 0.0177 commit_loss: 0.0511 codebook usage: 402.2466735839844
89200: vqvae model total loss: 0.0514 reconstruction loss: 0.0187 commit_loss: 0.0565 codebook usage: 404.0182800292969
89400: vqvae model total loss: 0.0502 reconstruction loss: 0.0185 commit_loss: 0.0533 codebook usage: 399.7967529296875
89600: vqvae model total loss: 0.0538 reconstruction loss: 0.0195 commit_loss: 0.0595 codebook usage: 398.8376770019531
89800: vqvae model total loss: 0.0527 reconstruction loss: 0.0191 commit_loss: 0.0578 codebook usage: 399.5229187011719
90000: vqvae model total loss: 0.0518 reconstruction loss: 0.0193 commit_loss: 0.0526 codebook usage: 398.3013610839844
0.05184324458241463 tensor(0.0401)
90000: saving model to /srv/hays-lab/scratch/sanisetty3/music_motion/ATCMG/checkpoints/vqvae/vqvae_body_gpvc_5121/checkpoints
validation start
val/rec_loss tensor(0.0265)
val/total_loss  tensor(0.0530)
val/usage  tensor(315.7419, device='cuda:0')
90200: vqvae model total loss: 0.0497 reconstruction loss: 0.018 commit_loss: 0.0545 codebook usage: 405.3791198730469
90400: vqvae model total loss: 0.0512 reconstruction loss: 0.0184 commit_loss: 0.0579 codebook usage: 405.937744140625
90600: vqvae model total loss: 0.051 reconstruction loss: 0.0186 commit_loss: 0.0552 codebook usage: 418.5924072265625
90800: vqvae model total loss: 0.0479 reconstruction loss: 0.0174 commit_loss: 0.0523 codebook usage: 404.0962829589844
91000: vqvae model total loss: 0.0535 reconstruction loss: 0.0201 commit_loss: 0.0534 codebook usage: 401.752685546875
91200: vqvae model total loss: 0.0475 reconstruction loss: 0.0174 commit_loss: 0.0508 codebook usage: 410.4757385253906
91400: vqvae model total loss: 0.0519 reconstruction loss: 0.0189 commit_loss: 0.0564 codebook usage: 406.2454528808594
91600: vqvae model total loss: 0.0487 reconstruction loss: 0.0181 commit_loss: 0.0504 codebook usage: 406.7984924316406
91800: vqvae model total loss: 0.0473 reconstruction loss: 0.017 commit_loss: 0.0531 codebook usage: 400.2308654785156
92000: vqvae model total loss: 0.0514 reconstruction loss: 0.0188 commit_loss: 0.0549 codebook usage: 402.1538391113281
92200: vqvae model total loss: 0.0493 reconstruction loss: 0.0183 commit_loss: 0.0507 codebook usage: 406.7364501953125
92400: vqvae model total loss: 0.0549 reconstruction loss: 0.0206 commit_loss: 0.0551 codebook usage: 409.03533935546875
92600: vqvae model total loss: 0.0524 reconstruction loss: 0.0192 commit_loss: 0.056 codebook usage: 411.32293701171875
92800: vqvae model total loss: 0.0564 reconstruction loss: 0.0208 commit_loss: 0.0594 codebook usage: 416.18438720703125
93000: vqvae model total loss: 0.0542 reconstruction loss: 0.0198 commit_loss: 0.0587 codebook usage: 409.0064697265625
93200: vqvae model total loss: 0.0489 reconstruction loss: 0.0177 commit_loss: 0.0541 codebook usage: 402.24188232421875
93400: vqvae model total loss: 0.0499 reconstruction loss: 0.0186 commit_loss: 0.0504 codebook usage: 399.1228332519531
93600: vqvae model total loss: 0.0471 reconstruction loss: 0.0171 commit_loss: 0.0511 codebook usage: 417.1853942871094
93800: vqvae model total loss: 0.0509 reconstruction loss: 0.0181 commit_loss: 0.0586 codebook usage: 399.14495849609375
94000: vqvae model total loss: 0.0523 reconstruction loss: 0.0193 commit_loss: 0.0546 codebook usage: 396.635009765625
94200: vqvae model total loss: 0.0467 reconstruction loss: 0.0172 commit_loss: 0.0496 codebook usage: 405.1837463378906
94400: vqvae model total loss: 0.0495 reconstruction loss: 0.0179 commit_loss: 0.0548 codebook usage: 400.8132019042969
94600: vqvae model total loss: 0.048 reconstruction loss: 0.0174 commit_loss: 0.0529 codebook usage: 402.05474853515625
94800: vqvae model total loss: 0.0446 reconstruction loss: 0.0162 commit_loss: 0.0488 codebook usage: 392.875244140625
95000: vqvae model total loss: 0.0526 reconstruction loss: 0.0194 commit_loss: 0.0548 codebook usage: 409.2817687988281
95200: vqvae model total loss: 0.0491 reconstruction loss: 0.0182 commit_loss: 0.0512 codebook usage: 402.0163879394531
95400: vqvae model total loss: 0.0492 reconstruction loss: 0.018 commit_loss: 0.0531 codebook usage: 405.89093017578125
95600: vqvae model total loss: 0.0459 reconstruction loss: 0.0168 commit_loss: 0.0488 codebook usage: 394.3247375488281
95800: vqvae model total loss: 0.0445 reconstruction loss: 0.0162 commit_loss: 0.0487 codebook usage: 387.4405212402344
96000: vqvae model total loss: 0.0519 reconstruction loss: 0.0193 commit_loss: 0.0533 codebook usage: 398.4523620605469
96200: vqvae model total loss: 0.0514 reconstruction loss: 0.0191 commit_loss: 0.0532 codebook usage: 397.9696960449219
96400: vqvae model total loss: 0.0455 reconstruction loss: 0.0166 commit_loss: 0.0489 codebook usage: 401.19140625
96600: vqvae model total loss: 0.0503 reconstruction loss: 0.0185 commit_loss: 0.0529 codebook usage: 409.43597412109375
96800: vqvae model total loss: 0.0477 reconstruction loss: 0.0172 commit_loss: 0.0528 codebook usage: 396.8367004394531
97000: vqvae model total loss: 0.0525 reconstruction loss: 0.0197 commit_loss: 0.0526 codebook usage: 383.32769775390625
97200: vqvae model total loss: 0.0476 reconstruction loss: 0.0175 commit_loss: 0.0509 codebook usage: 393.9871826171875
97400: vqvae model total loss: 0.045 reconstruction loss: 0.0164 commit_loss: 0.0484 codebook usage: 391.73358154296875
97600: vqvae model total loss: 0.0484 reconstruction loss: 0.0177 commit_loss: 0.0519 codebook usage: 401.9876403808594
97800: vqvae model total loss: 0.0462 reconstruction loss: 0.0165 commit_loss: 0.0529 codebook usage: 400.5577392578125
98000: vqvae model total loss: 0.0477 reconstruction loss: 0.0173 commit_loss: 0.0526 codebook usage: 408.46759033203125
98200: vqvae model total loss: 0.0439 reconstruction loss: 0.0159 commit_loss: 0.0483 codebook usage: 395.116943359375
98400: vqvae model total loss: 0.0492 reconstruction loss: 0.018 commit_loss: 0.0528 codebook usage: 408.63140869140625
98600: vqvae model total loss: 0.0461 reconstruction loss: 0.0166 commit_loss: 0.0519 codebook usage: 403.4649963378906
98800: vqvae model total loss: 0.0495 reconstruction loss: 0.0182 commit_loss: 0.0527 codebook usage: 399.18719482421875
99000: vqvae model total loss: 0.0539 reconstruction loss: 0.02 commit_loss: 0.0554 codebook usage: 401.0129699707031
99200: vqvae model total loss: 0.0495 reconstruction loss: 0.0184 commit_loss: 0.0509 codebook usage: 401.3167419433594
99400: vqvae model total loss: 0.0475 reconstruction loss: 0.0175 commit_loss: 0.0497 codebook usage: 396.9106750488281
99600: vqvae model total loss: 0.0456 reconstruction loss: 0.0169 commit_loss: 0.0475 codebook usage: 400.224365234375
99800: vqvae model total loss: 0.048 reconstruction loss: 0.0174 commit_loss: 0.0523 codebook usage: 403.023681640625
100000: vqvae model total loss: 0.0472 reconstruction loss: 0.0173 commit_loss: 0.0504 codebook usage: 399.83563232421875
0.0472104512155056 tensor(0.0401)
100000: saving model to /srv/hays-lab/scratch/sanisetty3/music_motion/ATCMG/checkpoints/vqvae/vqvae_body_gpvc_5121/checkpoints
validation start
val/rec_loss tensor(0.0265)
val/total_loss  tensor(0.0530)
val/usage  tensor(317.2965, device='cuda:0')
100200: vqvae model total loss: 0.049 reconstruction loss: 0.0178 commit_loss: 0.0537 codebook usage: 408.2738342285156
100400: vqvae model total loss: 0.0476 reconstruction loss: 0.0174 commit_loss: 0.0507 codebook usage: 404.8957824707031
100600: vqvae model total loss: 0.0448 reconstruction loss: 0.0163 commit_loss: 0.0491 codebook usage: 404.122314453125
100800: vqvae model total loss: 0.0439 reconstruction loss: 0.0159 commit_loss: 0.0486 codebook usage: 405.5318603515625
101000: vqvae model total loss: 0.0481 reconstruction loss: 0.0177 commit_loss: 0.0505 codebook usage: 401.178955078125
101200: vqvae model total loss: 0.0483 reconstruction loss: 0.0178 commit_loss: 0.0509 codebook usage: 403.0542297363281
101400: vqvae model total loss: 0.0473 reconstruction loss: 0.0178 commit_loss: 0.0468 codebook usage: 410.9721984863281
101600: vqvae model total loss: 0.0463 reconstruction loss: 0.0171 commit_loss: 0.0487 codebook usage: 391.37847900390625
101800: vqvae model total loss: 0.0453 reconstruction loss: 0.0162 commit_loss: 0.052 codebook usage: 388.9439392089844
102000: vqvae model total loss: 0.0464 reconstruction loss: 0.0169 commit_loss: 0.0502 codebook usage: 393.0365905761719
102200: vqvae model total loss: 0.0482 reconstruction loss: 0.0177 commit_loss: 0.0514 codebook usage: 402.73321533203125
102400: vqvae model total loss: 0.0571 reconstruction loss: 0.0204 commit_loss: 0.0651 codebook usage: 409.6654357910156
102600: vqvae model total loss: 0.0455 reconstruction loss: 0.0166 commit_loss: 0.0491 codebook usage: 408.8785705566406
102800: vqvae model total loss: 0.0451 reconstruction loss: 0.0165 commit_loss: 0.049 codebook usage: 398.3930969238281
103000: vqvae model total loss: 0.0486 reconstruction loss: 0.0177 commit_loss: 0.0524 codebook usage: 413.5420837402344
103200: vqvae model total loss: 0.0426 reconstruction loss: 0.0152 commit_loss: 0.0485 codebook usage: 397.8861999511719
103400: vqvae model total loss: 0.0429 reconstruction loss: 0.0158 commit_loss: 0.0455 codebook usage: 396.5850830078125
103600: vqvae model total loss: 0.0476 reconstruction loss: 0.0176 commit_loss: 0.0501 codebook usage: 403.07537841796875
103800: vqvae model total loss: 0.0479 reconstruction loss: 0.018 commit_loss: 0.0476 codebook usage: 388.2725524902344
104000: vqvae model total loss: 0.0448 reconstruction loss: 0.016 commit_loss: 0.0516 codebook usage: 401.2558898925781
104200: vqvae model total loss: 0.0443 reconstruction loss: 0.0163 commit_loss: 0.0465 codebook usage: 401.594482421875
104400: vqvae model total loss: 0.0479 reconstruction loss: 0.0175 commit_loss: 0.0514 codebook usage: 397.9755859375
104600: vqvae model total loss: 0.0467 reconstruction loss: 0.017 commit_loss: 0.0506 codebook usage: 402.73992919921875
104800: vqvae model total loss: 0.0442 reconstruction loss: 0.0162 commit_loss: 0.0473 codebook usage: 394.9131164550781
105000: vqvae model total loss: 0.041 reconstruction loss: 0.0148 commit_loss: 0.0455 codebook usage: 399.3714904785156
105200: vqvae model total loss: 0.0454 reconstruction loss: 0.0166 commit_loss: 0.0489 codebook usage: 397.6855163574219
105400: vqvae model total loss: 0.0487 reconstruction loss: 0.0178 commit_loss: 0.052 codebook usage: 400.9502258300781
105600: vqvae model total loss: 0.0472 reconstruction loss: 0.0176 commit_loss: 0.0479 codebook usage: 406.552978515625
105800: vqvae model total loss: 0.0458 reconstruction loss: 0.0165 commit_loss: 0.0513 codebook usage: 401.62762451171875
106000: vqvae model total loss: 0.0416 reconstruction loss: 0.0154 commit_loss: 0.0433 codebook usage: 389.2597351074219
106200: vqvae model total loss: 0.042 reconstruction loss: 0.0154 commit_loss: 0.0449 codebook usage: 400.91180419921875
106400: vqvae model total loss: 0.0469 reconstruction loss: 0.017 commit_loss: 0.0515 codebook usage: 394.529541015625
106600: vqvae model total loss: 0.0437 reconstruction loss: 0.0159 commit_loss: 0.0478 codebook usage: 388.9826965332031
106800: vqvae model total loss: 0.041 reconstruction loss: 0.0147 commit_loss: 0.0464 codebook usage: 400.1640930175781
107000: vqvae model total loss: 0.0497 reconstruction loss: 0.0183 commit_loss: 0.0519 codebook usage: 416.691162109375
107200: vqvae model total loss: 0.0458 reconstruction loss: 0.017 commit_loss: 0.0474 codebook usage: 406.9989013671875
107400: vqvae model total loss: 0.0461 reconstruction loss: 0.0165 commit_loss: 0.052 codebook usage: 407.9387512207031
107600: vqvae model total loss: 0.0453 reconstruction loss: 0.0162 commit_loss: 0.0514 codebook usage: 400.0931091308594
107800: vqvae model total loss: 0.0406 reconstruction loss: 0.0151 commit_loss: 0.0418 codebook usage: 405.9394836425781
108000: vqvae model total loss: 0.045 reconstruction loss: 0.0163 commit_loss: 0.0493 codebook usage: 400.2129211425781
108200: vqvae model total loss: 0.0474 reconstruction loss: 0.0176 commit_loss: 0.0487 codebook usage: 406.28363037109375
108400: vqvae model total loss: 0.043 reconstruction loss: 0.0156 commit_loss: 0.0471 codebook usage: 409.8960266113281
108600: vqvae model total loss: 0.0466 reconstruction loss: 0.0172 commit_loss: 0.0487 codebook usage: 417.1825866699219
108800: vqvae model total loss: 0.0436 reconstruction loss: 0.016 commit_loss: 0.0461 codebook usage: 400.2140808105469
109000: vqvae model total loss: 0.0435 reconstruction loss: 0.0162 commit_loss: 0.0443 codebook usage: 384.82928466796875
109200: vqvae model total loss: 0.0467 reconstruction loss: 0.017 commit_loss: 0.0504 codebook usage: 409.6509704589844
109400: vqvae model total loss: 0.0423 reconstruction loss: 0.0153 commit_loss: 0.0465 codebook usage: 402.3763427734375
109600: vqvae model total loss: 0.0441 reconstruction loss: 0.0161 commit_loss: 0.0477 codebook usage: 405.61907958984375
109800: vqvae model total loss: 0.0439 reconstruction loss: 0.0158 commit_loss: 0.0491 codebook usage: 406.2979431152344
110000: vqvae model total loss: 0.0461 reconstruction loss: 0.0172 commit_loss: 0.0467 codebook usage: 408.21405029296875
0.04609598591923714 tensor(0.0401)
110000: saving model to /srv/hays-lab/scratch/sanisetty3/music_motion/ATCMG/checkpoints/vqvae/vqvae_body_gpvc_5121/checkpoints
validation start
val/rec_loss tensor(0.0261)
val/total_loss  tensor(0.0522)
val/usage  tensor(316.8539, device='cuda:0')
110200: vqvae model total loss: 0.0378 reconstruction loss: 0.0137 commit_loss: 0.0417 codebook usage: 398.93865966796875
110400: vqvae model total loss: 0.0448 reconstruction loss: 0.0166 commit_loss: 0.0467 codebook usage: 405.2851867675781
110600: vqvae model total loss: 0.0454 reconstruction loss: 0.0171 commit_loss: 0.0445 codebook usage: 400.6282043457031
110800: vqvae model total loss: 0.0431 reconstruction loss: 0.0157 commit_loss: 0.0469 codebook usage: 404.7479248046875
111000: vqvae model total loss: 0.0448 reconstruction loss: 0.0164 commit_loss: 0.0476 codebook usage: 398.9337158203125
111200: vqvae model total loss: 0.0391 reconstruction loss: 0.0142 commit_loss: 0.0431 codebook usage: 389.55419921875
111400: vqvae model total loss: 0.0418 reconstruction loss: 0.0152 commit_loss: 0.0454 codebook usage: 404.9342041015625
111600: vqvae model total loss: 0.0438 reconstruction loss: 0.0156 commit_loss: 0.0499 codebook usage: 403.83184814453125
111800: vqvae model total loss: 0.0447 reconstruction loss: 0.0163 commit_loss: 0.0487 codebook usage: 401.01373291015625
112000: vqvae model total loss: 0.042 reconstruction loss: 0.0156 commit_loss: 0.0435 codebook usage: 405.2125244140625
112200: vqvae model total loss: 0.0411 reconstruction loss: 0.0147 commit_loss: 0.0466 codebook usage: 397.5929870605469
112400: vqvae model total loss: 0.04 reconstruction loss: 0.0143 commit_loss: 0.0456 codebook usage: 391.3439636230469
112600: vqvae model total loss: 0.0436 reconstruction loss: 0.0161 commit_loss: 0.0456 codebook usage: 403.14227294921875
112800: vqvae model total loss: 0.0459 reconstruction loss: 0.0169 commit_loss: 0.0483 codebook usage: 403.45111083984375
113000: vqvae model total loss: 0.0429 reconstruction loss: 0.0154 commit_loss: 0.0482 codebook usage: 399.6219482421875
113200: vqvae model total loss: 0.0417 reconstruction loss: 0.0153 commit_loss: 0.0444 codebook usage: 404.9490966796875
113400: vqvae model total loss: 0.0446 reconstruction loss: 0.0161 commit_loss: 0.0494 codebook usage: 409.3576965332031
113600: vqvae model total loss: 0.0435 reconstruction loss: 0.0161 commit_loss: 0.0448 codebook usage: 402.1536865234375
113800: vqvae model total loss: 0.0402 reconstruction loss: 0.0148 commit_loss: 0.0427 codebook usage: 406.6069030761719
114000: vqvae model total loss: 0.0413 reconstruction loss: 0.0149 commit_loss: 0.0454 codebook usage: 396.77386474609375
114200: vqvae model total loss: 0.0441 reconstruction loss: 0.0162 commit_loss: 0.0471 codebook usage: 410.68170166015625
114400: vqvae model total loss: 0.045 reconstruction loss: 0.0165 commit_loss: 0.0484 codebook usage: 402.9454650878906
114600: vqvae model total loss: 0.0415 reconstruction loss: 0.015 commit_loss: 0.0463 codebook usage: 398.1253356933594
114800: vqvae model total loss: 0.0454 reconstruction loss: 0.0165 commit_loss: 0.0494 codebook usage: 407.7374572753906
115000: vqvae model total loss: 0.0426 reconstruction loss: 0.0155 commit_loss: 0.0467 codebook usage: 403.98553466796875
115200: vqvae model total loss: 0.0446 reconstruction loss: 0.0167 commit_loss: 0.0452 codebook usage: 403.26513671875
115400: vqvae model total loss: 0.0455 reconstruction loss: 0.017 commit_loss: 0.0462 codebook usage: 395.88299560546875
115600: vqvae model total loss: 0.0404 reconstruction loss: 0.0147 commit_loss: 0.0443 codebook usage: 398.3328857421875
115800: vqvae model total loss: 0.0399 reconstruction loss: 0.0147 commit_loss: 0.0422 codebook usage: 404.13983154296875
116000: vqvae model total loss: 0.0382 reconstruction loss: 0.0136 commit_loss: 0.044 codebook usage: 393.782470703125
116200: vqvae model total loss: 0.0458 reconstruction loss: 0.017 commit_loss: 0.0471 codebook usage: 403.617919921875
116400: vqvae model total loss: 0.0404 reconstruction loss: 0.0149 commit_loss: 0.0426 codebook usage: 399.7010498046875
116600: vqvae model total loss: 0.0409 reconstruction loss: 0.0147 commit_loss: 0.0455 codebook usage: 400.1707763671875
116800: vqvae model total loss: 0.0437 reconstruction loss: 0.0161 commit_loss: 0.0457 codebook usage: 410.19049072265625
117000: vqvae model total loss: 0.0384 reconstruction loss: 0.0141 commit_loss: 0.0408 codebook usage: 392.20367431640625
117200: vqvae model total loss: 0.0376 reconstruction loss: 0.0135 commit_loss: 0.0426 codebook usage: 397.14886474609375
117400: vqvae model total loss: 0.0422 reconstruction loss: 0.0157 commit_loss: 0.043 codebook usage: 404.041015625
117600: vqvae model total loss: 0.0484 reconstruction loss: 0.0181 commit_loss: 0.0491 codebook usage: 405.9751281738281
117800: vqvae model total loss: 0.0393 reconstruction loss: 0.0144 commit_loss: 0.0423 codebook usage: 399.1182861328125
118000: vqvae model total loss: 0.0395 reconstruction loss: 0.0142 commit_loss: 0.0441 codebook usage: 395.8905334472656
118200: vqvae model total loss: 0.0371 reconstruction loss: 0.0133 commit_loss: 0.0422 codebook usage: 399.2919006347656
118400: vqvae model total loss: 0.0483 reconstruction loss: 0.018 commit_loss: 0.0492 codebook usage: 393.1125183105469
118600: vqvae model total loss: 0.039 reconstruction loss: 0.0144 commit_loss: 0.041 codebook usage: 400.2726745605469
118800: vqvae model total loss: 0.0414 reconstruction loss: 0.0153 commit_loss: 0.0432 codebook usage: 387.55670166015625
119000: vqvae model total loss: 0.0397 reconstruction loss: 0.0144 commit_loss: 0.0439 codebook usage: 396.77593994140625
119200: vqvae model total loss: 0.0389 reconstruction loss: 0.0138 commit_loss: 0.0455 codebook usage: 410.56011962890625
119400: vqvae model total loss: 0.0445 reconstruction loss: 0.0164 commit_loss: 0.0467 codebook usage: 402.9862060546875
119600: vqvae model total loss: 0.04 reconstruction loss: 0.0144 commit_loss: 0.0447 codebook usage: 410.4737854003906
119800: vqvae model total loss: 0.0407 reconstruction loss: 0.015 commit_loss: 0.0429 codebook usage: 397.3522644042969
120000: vqvae model total loss: 0.0422 reconstruction loss: 0.0154 commit_loss: 0.0457 codebook usage: 400.019287109375
0.042212653905153275 tensor(0.0401)
120000: saving model to /srv/hays-lab/scratch/sanisetty3/music_motion/ATCMG/checkpoints/vqvae/vqvae_body_gpvc_5121/checkpoints
validation start
val/rec_loss tensor(0.0246)
val/total_loss  tensor(0.0493)
val/usage  tensor(325.9498, device='cuda:0')
120200: vqvae model total loss: 0.0444 reconstruction loss: 0.0164 commit_loss: 0.0465 codebook usage: 413.6629943847656
120400: vqvae model total loss: 0.0412 reconstruction loss: 0.0155 commit_loss: 0.0408 codebook usage: 404.8614196777344
120600: vqvae model total loss: 0.0395 reconstruction loss: 0.0145 commit_loss: 0.0421 codebook usage: 415.03399658203125
120800: vqvae model total loss: 0.0432 reconstruction loss: 0.0157 commit_loss: 0.0472 codebook usage: 400.5926818847656
121000: vqvae model total loss: 0.0385 reconstruction loss: 0.0139 commit_loss: 0.043 codebook usage: 396.24920654296875
121200: vqvae model total loss: 0.0385 reconstruction loss: 0.0144 commit_loss: 0.0387 codebook usage: 396.9398498535156
121400: vqvae model total loss: 0.0399 reconstruction loss: 0.0146 commit_loss: 0.0427 codebook usage: 397.50750732421875
121600: vqvae model total loss: 0.0377 reconstruction loss: 0.0139 commit_loss: 0.0394 codebook usage: 402.44927978515625
121800: vqvae model total loss: 0.038 reconstruction loss: 0.0138 commit_loss: 0.0417 codebook usage: 398.67510986328125
122000: vqvae model total loss: 0.0373 reconstruction loss: 0.0136 commit_loss: 0.0406 codebook usage: 392.6097106933594
122200: vqvae model total loss: 0.0395 reconstruction loss: 0.0145 commit_loss: 0.0417 codebook usage: 398.97406005859375
122400: vqvae model total loss: 0.0396 reconstruction loss: 0.0147 commit_loss: 0.0408 codebook usage: 398.8450927734375
122600: vqvae model total loss: 0.0376 reconstruction loss: 0.0136 commit_loss: 0.0419 codebook usage: 407.7983093261719
122800: vqvae model total loss: 0.041 reconstruction loss: 0.0148 commit_loss: 0.0461 codebook usage: 398.071044921875
123000: vqvae model total loss: 0.0407 reconstruction loss: 0.015 commit_loss: 0.0428 codebook usage: 399.4312744140625
123200: vqvae model total loss: 0.0397 reconstruction loss: 0.0144 commit_loss: 0.044 codebook usage: 401.5240478515625
123400: vqvae model total loss: 0.0409 reconstruction loss: 0.015 commit_loss: 0.0433 codebook usage: 403.68011474609375
123600: vqvae model total loss: 0.0391 reconstruction loss: 0.0141 commit_loss: 0.0433 codebook usage: 399.40899658203125
123800: vqvae model total loss: 0.0375 reconstruction loss: 0.0135 commit_loss: 0.0415 codebook usage: 401.9063720703125
124000: vqvae model total loss: 0.0387 reconstruction loss: 0.0143 commit_loss: 0.0404 codebook usage: 398.14581298828125
124200: vqvae model total loss: 0.0366 reconstruction loss: 0.0136 commit_loss: 0.038 codebook usage: 403.345703125
124400: vqvae model total loss: 0.0463 reconstruction loss: 0.0172 commit_loss: 0.0476 codebook usage: 400.08624267578125
124600: vqvae model total loss: 0.0402 reconstruction loss: 0.0146 commit_loss: 0.0437 codebook usage: 399.27740478515625
124800: vqvae model total loss: 0.0395 reconstruction loss: 0.014 commit_loss: 0.0465 codebook usage: 403.41534423828125
125000: vqvae model total loss: 0.0386 reconstruction loss: 0.0141 commit_loss: 0.0412 codebook usage: 400.05303955078125
125200: vqvae model total loss: 0.0372 reconstruction loss: 0.0135 commit_loss: 0.0407 codebook usage: 414.6846008300781
125400: vqvae model total loss: 0.0395 reconstruction loss: 0.0146 commit_loss: 0.0412 codebook usage: 411.79925537109375
125600: vqvae model total loss: 0.0383 reconstruction loss: 0.014 commit_loss: 0.0415 codebook usage: 392.9061584472656
125800: vqvae model total loss: 0.0384 reconstruction loss: 0.0138 commit_loss: 0.0434 codebook usage: 402.234619140625
126000: vqvae model total loss: 0.0411 reconstruction loss: 0.0149 commit_loss: 0.0453 codebook usage: 390.9232177734375
126200: vqvae model total loss: 0.0377 reconstruction loss: 0.0138 commit_loss: 0.0408 codebook usage: 398.0494079589844
126400: vqvae model total loss: 0.0341 reconstruction loss: 0.0124 commit_loss: 0.0373 codebook usage: 383.11334228515625
126600: vqvae model total loss: 0.0392 reconstruction loss: 0.0146 commit_loss: 0.0401 codebook usage: 407.9501953125
126800: vqvae model total loss: 0.0383 reconstruction loss: 0.0138 commit_loss: 0.0429 codebook usage: 401.5253601074219
127000: vqvae model total loss: 0.0387 reconstruction loss: 0.0144 commit_loss: 0.0394 codebook usage: 398.7161560058594
127200: vqvae model total loss: 0.0353 reconstruction loss: 0.0127 commit_loss: 0.0393 codebook usage: 400.535400390625
127400: vqvae model total loss: 0.0383 reconstruction loss: 0.0136 commit_loss: 0.0444 codebook usage: 404.0513916015625
127600: vqvae model total loss: 0.0435 reconstruction loss: 0.0161 commit_loss: 0.0449 codebook usage: 406.4283752441406
127800: vqvae model total loss: 0.0378 reconstruction loss: 0.0137 commit_loss: 0.0412 codebook usage: 401.95697021484375
128000: vqvae model total loss: 0.0408 reconstruction loss: 0.0146 commit_loss: 0.0459 codebook usage: 401.9974060058594
128200: vqvae model total loss: 0.0391 reconstruction loss: 0.0142 commit_loss: 0.0428 codebook usage: 392.9466552734375
128400: vqvae model total loss: 0.0407 reconstruction loss: 0.0152 commit_loss: 0.0416 codebook usage: 407.8142395019531
128600: vqvae model total loss: 0.0425 reconstruction loss: 0.0155 commit_loss: 0.0461 codebook usage: 405.3694763183594
128800: vqvae model total loss: 0.0393 reconstruction loss: 0.0144 commit_loss: 0.0415 codebook usage: 400.08319091796875
129000: vqvae model total loss: 0.0343 reconstruction loss: 0.0124 commit_loss: 0.0383 codebook usage: 397.7259216308594
129200: vqvae model total loss: 0.0374 reconstruction loss: 0.0136 commit_loss: 0.0407 codebook usage: 405.6148376464844
129400: vqvae model total loss: 0.0369 reconstruction loss: 0.0135 commit_loss: 0.0398 codebook usage: 403.1340026855469
129600: vqvae model total loss: 0.039 reconstruction loss: 0.0141 commit_loss: 0.043 codebook usage: 403.708984375
129800: vqvae model total loss: 0.0391 reconstruction loss: 0.0144 commit_loss: 0.0407 codebook usage: 404.3154296875
130000: vqvae model total loss: 0.0384 reconstruction loss: 0.0141 commit_loss: 0.0406 codebook usage: 399.24237060546875
0.03844764456152916 tensor(0.0401)
130000: saving model to /srv/hays-lab/scratch/sanisetty3/music_motion/ATCMG/checkpoints/vqvae/vqvae_body_gpvc_5121/checkpoints
validation start
val/rec_loss tensor(0.0249)
val/total_loss  tensor(0.0498)
val/usage  tensor(321.8355, device='cuda:0')
130200: vqvae model total loss: 0.0354 reconstruction loss: 0.0126 commit_loss: 0.0409 codebook usage: 394.9106750488281
130400: vqvae model total loss: 0.035 reconstruction loss: 0.0128 commit_loss: 0.0381 codebook usage: 403.61737060546875
130600: vqvae model total loss: 0.0364 reconstruction loss: 0.0131 commit_loss: 0.0406 codebook usage: 404.8506164550781
130800: vqvae model total loss: 0.0407 reconstruction loss: 0.0151 commit_loss: 0.042 codebook usage: 399.8879089355469
131000: vqvae model total loss: 0.0388 reconstruction loss: 0.0144 commit_loss: 0.0405 codebook usage: 400.5160827636719
131200: vqvae model total loss: 0.0363 reconstruction loss: 0.0132 commit_loss: 0.0395 codebook usage: 394.4682312011719
131400: vqvae model total loss: 0.038 reconstruction loss: 0.0139 commit_loss: 0.0409 codebook usage: 405.1476135253906
131600: vqvae model total loss: 0.0351 reconstruction loss: 0.0128 commit_loss: 0.0379 codebook usage: 399.14605712890625
131800: vqvae model total loss: 0.0368 reconstruction loss: 0.0139 commit_loss: 0.0363 codebook usage: 402.71649169921875
132000: vqvae model total loss: 0.0368 reconstruction loss: 0.0135 commit_loss: 0.0391 codebook usage: 394.6136474609375
132200: vqvae model total loss: 0.0347 reconstruction loss: 0.0127 commit_loss: 0.037 codebook usage: 403.2187805175781
132400: vqvae model total loss: 0.0402 reconstruction loss: 0.015 commit_loss: 0.0408 codebook usage: 407.107421875
132600: vqvae model total loss: 0.0374 reconstruction loss: 0.0138 commit_loss: 0.0395 codebook usage: 408.32562255859375
132800: vqvae model total loss: 0.0346 reconstruction loss: 0.0125 commit_loss: 0.0385 codebook usage: 400.01031494140625
133000: vqvae model total loss: 0.0325 reconstruction loss: 0.0118 commit_loss: 0.0359 codebook usage: 386.5506896972656
133200: vqvae model total loss: 0.0358 reconstruction loss: 0.0132 commit_loss: 0.0375 codebook usage: 406.22027587890625
133400: vqvae model total loss: 0.0342 reconstruction loss: 0.0126 commit_loss: 0.0358 codebook usage: 396.3276062011719
133600: vqvae model total loss: 0.0344 reconstruction loss: 0.0125 commit_loss: 0.0376 codebook usage: 394.24896240234375
133800: vqvae model total loss: 0.0398 reconstruction loss: 0.0143 commit_loss: 0.0447 codebook usage: 398.9025573730469
134000: vqvae model total loss: 0.0402 reconstruction loss: 0.0151 commit_loss: 0.0404 codebook usage: 411.875244140625
134200: vqvae model total loss: 0.0347 reconstruction loss: 0.0126 commit_loss: 0.0383 codebook usage: 408.4638671875
134400: vqvae model total loss: 0.036 reconstruction loss: 0.0134 commit_loss: 0.0371 codebook usage: 398.4624328613281
134600: vqvae model total loss: 0.0351 reconstruction loss: 0.0129 commit_loss: 0.0376 codebook usage: 410.83251953125
134800: vqvae model total loss: 0.0406 reconstruction loss: 0.0148 commit_loss: 0.0436 codebook usage: 409.8868408203125
135000: vqvae model total loss: 0.0374 reconstruction loss: 0.0135 commit_loss: 0.0421 codebook usage: 402.3521728515625
135200: vqvae model total loss: 0.0358 reconstruction loss: 0.0131 commit_loss: 0.0384 codebook usage: 398.2432556152344
135400: vqvae model total loss: 0.0342 reconstruction loss: 0.0124 commit_loss: 0.0378 codebook usage: 399.4034729003906
135600: vqvae model total loss: 0.0345 reconstruction loss: 0.0123 commit_loss: 0.0394 codebook usage: 401.6975402832031
135800: vqvae model total loss: 0.0351 reconstruction loss: 0.0129 commit_loss: 0.037 codebook usage: 401.3004455566406
136000: vqvae model total loss: 0.0378 reconstruction loss: 0.0139 commit_loss: 0.0404 codebook usage: 394.9269104003906
136200: vqvae model total loss: 0.038 reconstruction loss: 0.014 commit_loss: 0.0405 codebook usage: 410.5673522949219
136400: vqvae model total loss: 0.0377 reconstruction loss: 0.0136 commit_loss: 0.0424 codebook usage: 404.1803283691406
136600: vqvae model total loss: 0.0365 reconstruction loss: 0.0133 commit_loss: 0.0394 codebook usage: 406.4078063964844
136800: vqvae model total loss: 0.0387 reconstruction loss: 0.0142 commit_loss: 0.0414 codebook usage: 415.32122802734375
137000: vqvae model total loss: 0.0365 reconstruction loss: 0.0131 commit_loss: 0.0414 codebook usage: 401.623779296875
137200: vqvae model total loss: 0.0358 reconstruction loss: 0.013 commit_loss: 0.0391 codebook usage: 393.1304931640625
137400: vqvae model total loss: 0.0357 reconstruction loss: 0.0131 commit_loss: 0.0379 codebook usage: 400.6498107910156
137600: vqvae model total loss: 0.0365 reconstruction loss: 0.0134 commit_loss: 0.0387 codebook usage: 396.4962158203125
137800: vqvae model total loss: 0.0411 reconstruction loss: 0.0152 commit_loss: 0.0426 codebook usage: 410.1184997558594
138000: vqvae model total loss: 0.036 reconstruction loss: 0.0132 commit_loss: 0.0384 codebook usage: 417.88360595703125
138200: vqvae model total loss: 0.0342 reconstruction loss: 0.0124 commit_loss: 0.0376 codebook usage: 410.2806396484375
138400: vqvae model total loss: 0.0329 reconstruction loss: 0.0118 commit_loss: 0.0369 codebook usage: 401.7065124511719
138600: vqvae model total loss: 0.0369 reconstruction loss: 0.0136 commit_loss: 0.0392 codebook usage: 408.60687255859375
138800: vqvae model total loss: 0.0327 reconstruction loss: 0.012 commit_loss: 0.0352 codebook usage: 399.0086975097656
139000: vqvae model total loss: 0.0363 reconstruction loss: 0.0132 commit_loss: 0.0397 codebook usage: 412.2578125
139200: vqvae model total loss: 0.0366 reconstruction loss: 0.0133 commit_loss: 0.0398 codebook usage: 409.30206298828125
139400: vqvae model total loss: 0.036 reconstruction loss: 0.0131 commit_loss: 0.0391 codebook usage: 397.3289794921875
139600: vqvae model total loss: 0.0364 reconstruction loss: 0.0134 commit_loss: 0.0384 codebook usage: 399.448974609375
139800: vqvae model total loss: 0.0348 reconstruction loss: 0.0126 commit_loss: 0.0383 codebook usage: 392.5357666015625
140000: vqvae model total loss: 0.037 reconstruction loss: 0.0134 commit_loss: 0.0411 codebook usage: 400.71417236328125
0.03698263689875603 tensor(0.0384)
140000: saving model to /srv/hays-lab/scratch/sanisetty3/music_motion/ATCMG/checkpoints/vqvae/vqvae_body_gpvc_5121/checkpoints
validation start
val/rec_loss tensor(0.0241)
val/total_loss  tensor(0.0481)
val/usage  tensor(325.6792, device='cuda:0')
training complete
